#
# A fatal error has been detected by the Java Runtime Environment:
#
#  EXCEPTION_ACCESS_VIOLATION (0xc0000005) at pc=0x00007ff841ace2e9, pid=11080, tid=3520
#
# JRE version: OpenJDK Runtime Environment (23.0.1+11) (build 23.0.1+11-39)
# Java VM: OpenJDK 64-Bit Server VM (23.0.1+11-39, mixed mode, emulated-client, sharing, tiered, compressed oops, compressed class ptrs, g1 gc, windows-amd64)
# Problematic frame:
# V  [jvm.dll+0x3de2e9]
#
# No core dump will be written. Minidumps are not enabled by default on client versions of Windows
#
# If you would like to submit a bug report, please visit:
#   https://bugreport.java.com/bugreport/crash.jsp
#

---------------  S U M M A R Y ------------

Command Line: -XX:TieredStopAtLevel=1 -Dspring.output.ansi.enabled=always -Dcom.sun.management.jmxremote -Dspring.jmx.enabled=true -Dspring.liveBeansView.mbeanDomain -Dspring.application.admin.enabled=true -Dmanagement.endpoints.jmx.exposure.include=* -javaagent:C:\Program Files\JetBrains\IntelliJ IDEA 2024.2.3\lib\idea_rt.jar=61899:C:\Program Files\JetBrains\IntelliJ IDEA 2024.2.3\bin -Dfile.encoding=UTF-8 -Dsun.stdout.encoding=UTF-8 -Dsun.stderr.encoding=UTF-8 com.example.skills_project.SkillsProjectApplication

Host: AMD Ryzen 5 3600X 6-Core Processor             , 12 cores, 15G,  Windows 11 , 64 bit Build 26100 (10.0.26100.1882)
Time: Mon Nov  4 09:31:14 2024 Hora oficial do Brasil elapsed time: 1.678611 seconds (0d 0h 0m 1s)

---------------  T H R E A D  ---------------

Current thread (0x0000021f461a3450):  JavaThread "restartedMain"        [_thread_in_vm, id=3520, stack(0x000000bcefc00000,0x000000bcefd00000) (1024K)]

Stack: [0x000000bcefc00000,0x000000bcefd00000],  sp=0x000000bcefcfcad0,  free space=1010k
Native frames: (J=compiled Java code, j=interpreted, Vv=VM code, C=native code)
V  [jvm.dll+0x3de2e9]  (no source info available)
C  0x0000021f46153e58  (no source info available)

Java frames: (J=compiled Java code, j=interpreted, Vv=VM code)
J 239  java.lang.String.intern()Ljava/lang/String; java.base@23.0.1 (0 bytes) @ 0x0000021f57d589e3 [0x0000021f57d589a0+0x0000000000000043]
J 427 c1 java.lang.Class.getPackageName()Ljava/lang/String; java.base@23.0.1 (81 bytes) @ 0x0000021f57d93b54 [0x0000021f57d93920+0x0000000000000234]
J 1654 c1 java.lang.ClassLoader.postDefineClass(Ljava/lang/Class;Ljava/security/ProtectionDomain;)V java.base@23.0.1 (39 bytes) @ 0x0000021f57f130bc [0x0000021f57f13060+0x000000000000005c]
J 1650 c1 java.lang.ClassLoader.defineClass(Ljava/lang/String;[BIILjava/security/ProtectionDomain;)Ljava/lang/Class; java.base@23.0.1 (43 bytes) @ 0x0000021f57f12aac [0x0000021f57f12960+0x000000000000014c]
J 1487 c1 jdk.internal.loader.BuiltinClassLoader.defineClass(Ljava/lang/String;Ljdk/internal/loader/Resource;)Ljava/lang/Class; java.base@23.0.1 (121 bytes) @ 0x0000021f57edfb04 [0x0000021f57edf540+0x00000000000005c4]
J 1484 c1 jdk.internal.loader.BuiltinClassLoader.findClassOnClassPathOrNull(Ljava/lang/String;)Ljava/lang/Class; java.base@23.0.1 (64 bytes) @ 0x0000021f57ede7b4 [0x0000021f57ede4e0+0x00000000000002d4]
J 1211 c1 jdk.internal.loader.BuiltinClassLoader.loadClassOrNull(Ljava/lang/String;Z)Ljava/lang/Class; java.base@23.0.1 (143 bytes) @ 0x0000021f57e7fb14 [0x0000021f57e7f6e0+0x0000000000000434]
J 1406 c1 jdk.internal.loader.ClassLoaders$AppClassLoader.loadClass(Ljava/lang/String;Z)Ljava/lang/Class; java.base@23.0.1 (40 bytes) @ 0x0000021f57ebec0c [0x0000021f57ebebc0+0x000000000000004c]
J 1405 c1 java.lang.ClassLoader.loadClass(Ljava/lang/String;)Ljava/lang/Class; java.base@23.0.1 (7 bytes) @ 0x0000021f57ebe5f4 [0x0000021f57ebe5a0+0x0000000000000054]
v  ~StubRoutines::call_stub 0x0000021f57ae0fcd
j  org.springframework.cglib.proxy.Enhancer$4.beginMethod(Lorg/springframework/cglib/core/ClassEmitter;Lorg/springframework/cglib/core/MethodInfo;)Lorg/springframework/cglib/core/CodeEmitter;+2
j  org.springframework.cglib.proxy.MethodInterceptorGenerator.generate(Lorg/springframework/cglib/core/ClassEmitter;Lorg/springframework/cglib/proxy/CallbackGenerator$Context;Ljava/util/List;)V+160
j  org.springframework.cglib.proxy.Enhancer.emitMethods(Lorg/springframework/cglib/core/ClassEmitter;Ljava/util/List;Ljava/util/List;)V+487
j  org.springframework.cglib.proxy.Enhancer.generateClass(Lorg/springframework/asm/ClassVisitor;)V+389
j  org.springframework.cglib.transform.TransformingClassGenerator.generateClass(Lorg/springframework/asm/ClassVisitor;)V+16
j  org.springframework.cglib.core.DefaultGeneratorStrategy.generate(Lorg/springframework/cglib/core/ClassGenerator;)[B+11
j  org.springframework.cglib.core.ClassLoaderAwareGeneratorStrategy.generate(Lorg/springframework/cglib/core/ClassGenerator;)[B+66
j  org.springframework.cglib.core.AbstractClassGenerator.generate(Lorg/springframework/cglib/core/AbstractClassGenerator$ClassLoaderData;)Ljava/lang/Class;+164
j  org.springframework.cglib.proxy.Enhancer.generate(Lorg/springframework/cglib/core/AbstractClassGenerator$ClassLoaderData;)Ljava/lang/Class;+53
j  org.springframework.cglib.core.AbstractClassGenerator$ClassLoaderData.lambda$new$1(Lorg/springframework/cglib/core/AbstractClassGenerator;)Ljava/lang/Object;+2
j  org.springframework.cglib.core.AbstractClassGenerator$ClassLoaderData$$Lambda+0x0000021f013cc1c8.apply(Ljava/lang/Object;)Ljava/lang/Object;+8
j  org.springframework.cglib.core.internal.LoadingCache.lambda$createEntry$1(Ljava/lang/Object;)Ljava/lang/Object;+5
j  org.springframework.cglib.core.internal.LoadingCache$$Lambda+0x0000021f013cc830.call()Ljava/lang/Object;+8
j  java.util.concurrent.FutureTask.run()V+39 java.base@23.0.1
j  org.springframework.cglib.core.internal.LoadingCache.createEntry(Ljava/lang/Object;Ljava/lang/Object;Ljava/lang/Object;)Ljava/lang/Object;+56
j  org.springframework.cglib.core.internal.LoadingCache.get(Ljava/lang/Object;)Ljava/lang/Object;+39
j  org.springframework.cglib.core.AbstractClassGenerator$ClassLoaderData.get(Lorg/springframework/cglib/core/AbstractClassGenerator;Z)Ljava/lang/Object;+15
j  org.springframework.cglib.core.AbstractClassGenerator.create(Ljava/lang/Object;)Ljava/lang/Object;+115
j  org.springframework.cglib.proxy.Enhancer.createHelper()Ljava/lang/Object;+102
j  org.springframework.cglib.proxy.Enhancer.createClass()Ljava/lang/Class;+6
j  org.springframework.context.annotation.ConfigurationClassEnhancer.createClass(Lorg/springframework/cglib/proxy/Enhancer;)Ljava/lang/Class;+1
j  org.springframework.context.annotation.ConfigurationClassEnhancer.enhance(Ljava/lang/Class;Ljava/lang/ClassLoader;)Ljava/lang/Class;+53
j  org.springframework.context.annotation.ConfigurationClassPostProcessor.enhanceConfigurationClasses(Lorg/springframework/beans/factory/config/ConfigurableListableBeanFactory;)V+415
j  org.springframework.context.annotation.ConfigurationClassPostProcessor.postProcessBeanFactory(Lorg/springframework/beans/factory/config/ConfigurableListableBeanFactory;)V+75
j  org.springframework.context.support.PostProcessorRegistrationDelegate.invokeBeanFactoryPostProcessors(Ljava/util/Collection;Lorg/springframework/beans/factory/config/ConfigurableListableBeanFactory;)V+61
j  org.springframework.context.support.PostProcessorRegistrationDelegate.invokeBeanFactoryPostProcessors(Lorg/springframework/beans/factory/config/ConfigurableListableBeanFactory;Ljava/util/List;)V+521
j  org.springframework.context.support.AbstractApplicationContext.invokeBeanFactoryPostProcessors(Lorg/springframework/beans/factory/config/ConfigurableListableBeanFactory;)V+5
j  org.springframework.context.support.AbstractApplicationContext.refresh()V+62
j  org.springframework.boot.web.servlet.context.ServletWebServerApplicationContext.refresh()V+1
j  org.springframework.boot.SpringApplication.refresh(Lorg/springframework/context/ConfigurableApplicationContext;)V+1
j  org.springframework.boot.SpringApplication.refreshContext(Lorg/springframework/context/ConfigurableApplicationContext;)V+16
j  org.springframework.boot.SpringApplication.run([Ljava/lang/String;)Lorg/springframework/context/ConfigurableApplicationContext;+110
j  org.springframework.boot.SpringApplication.run([Ljava/lang/Class;[Ljava/lang/String;)Lorg/springframework/context/ConfigurableApplicationContext;+9
j  org.springframework.boot.SpringApplication.run(Ljava/lang/Class;[Ljava/lang/String;)Lorg/springframework/context/ConfigurableApplicationContext;+9
j  com.example.skills_project.SkillsProjectApplication.main([Ljava/lang/String;)V+3
j  java.lang.invoke.LambdaForm$DMH+0x0000021f01003400.invokeStatic(Ljava/lang/Object;Ljava/lang/Object;)V+10 java.base@23.0.1
j  java.lang.invoke.LambdaForm$MH+0x0000021f01110800.invoke(Ljava/lang/Object;Ljava/lang/Object;Ljava/lang/Object;)Ljava/lang/Object;+33 java.base@23.0.1
j  java.lang.invoke.Invokers$Holder.invokeExact_MT(Ljava/lang/Object;Ljava/lang/Object;Ljava/lang/Object;Ljava/lang/Object;)Ljava/lang/Object;+20 java.base@23.0.1
j  jdk.internal.reflect.DirectMethodHandleAccessor.invokeImpl(Ljava/lang/Object;[Ljava/lang/Object;)Ljava/lang/Object;+55 java.base@23.0.1
j  jdk.internal.reflect.DirectMethodHandleAccessor.invoke(Ljava/lang/Object;[Ljava/lang/Object;)Ljava/lang/Object;+23 java.base@23.0.1
j  java.lang.reflect.Method.invoke(Ljava/lang/Object;[Ljava/lang/Object;)Ljava/lang/Object;+102 java.base@23.0.1
j  org.springframework.boot.devtools.restart.RestartLauncher.run()V+47
v  ~StubRoutines::call_stub 0x0000021f57ae0fcd

siginfo: EXCEPTION_ACCESS_VIOLATION (0xc0000005), writing address 0x0000000000000028


Registers:
RAX=0x000000070d252c87, RBX=0x0000000000000028, RCX=0x000000000000006f, RDX=0x0000000000000028
RSP=0x000000bcefcfcad0, RBP=0x0000000000000000, RSI=0x000000070d252be0, RDI=0x000000bcefcfcb70
R8 =0x0000021f46153a80, R9 =0x00000000000000ff, R10=0x00007ff84233ad41, R11=0x000000000000001e
R12=0x0000021f46153e58, R13=0x00000000000003d8, R14=0x0000021f461a3450, R15=0x0000000000000010
RIP=0x00007ff841ace2e9, EFLAGS=0x0000000000010206


Register to memory mapping:

RAX=
[error occurred during error reporting (printing register info), id 0xc0000005, EXCEPTION_ACCESS_VIOLATION (0xc0000005) at pc=0x00007ff841a09ae6]
RBX=0x0000000000000028 is an unknown value
RCX=0x000000000000006f is an unknown value
RDX=0x0000000000000028 is an unknown value
RSP=0x000000bcefcfcad0 is pointing into the stack for thread: 0x0000021f461a3450
RBP=0x0 is null
RSI=0x000000070d252be0 is an oop: [B 
{0x000000070d252be0} - klass: {type array byte}
 - length: 30
 -   0: 6f o
 -   1: 72 r
 -   2: 67 g
 -   3: 2e .
 -   4: 73 s
 -   5: 70 p
 -   6: 72 r
 -   7: 69 i
 -   8: 6e n
 -   9: 67 g
 -  10: 66 f
 -  11: 72 r
 -  12: 61 a
 -  13: 6d m
 -  14: 65 e
 -  15: 77 w
 -  16: 6f o
 -  17: 72 r
 -  18: 6b k
 -  19: 2e .
 -  20: 63 c
 -  21: 67 g
 -  22: 6c l
 -  23: 69 i
 -  24: 62 b
 -  25: 2e .
 -  26: 63 c
 -  27: 6f o
 -  28: 72 r
 -  29: 65 e
RDI=0x000000bcefcfcb70 is pointing into the stack for thread: 0x0000021f461a3450
R8 =0x0000021f46153a80 points into unknown readable memory: 0x002e00670072006f | 6f 00 72 00 67 00 2e 00
R9 =0x00000000000000ff is an unknown value
R10=0x00007ff84233ad41 jvm.dll
R11=0x000000000000001e is an unknown value
R12=0x0000021f46153e58 points into unknown readable memory: 0x88000800993c7f13 | 13 7f 3c 99 00 08 00 88
R13=0x00000000000003d8 is an unknown value
R14=0x0000021f461a3450 is a thread
R15=0x0000000000000010 is an unknown value

Top of Stack: (sp=0x000000bcefcfcad0)
0x000000bcefcfcad0:   0000000000000000 000000070d252be0
0x000000bcefcfcae0:   0000000000000000 0000021f46153a80
0x000000bcefcfcaf0:   00000000000003d8 0000021f46153e58
0x000000bcefcfcb00:   0000021f46153a80 0000021f461a0fd8
0x000000bcefcfcb10:   0000021f461a3450 00007ff841e67204
0x000000bcefcfcb20:   0000021f4615c420 0000021f46153a70
0x000000bcefcfcb30:   000000070d252bc8 0000000000000000
0x000000bcefcfcb40:   0000021f461a3450 000000bcefcfcd38
0x000000bcefcfcb50:   000000070d252b90 000000bcefcfcbf0
0x000000bcefcfcb60:   000000070d252bc8 00007ff841b782f5
0x000000bcefcfcb70:   0000021f0000001e 0000021f461a3450
0x000000bcefcfcb80:   000000bcefcfcc30 0000000000000000
0x000000bcefcfcb90:   00007ff842127200 0000000000000000
0x000000bcefcfcba0:   0000021f461a3400 0000000000000000
0x000000bcefcfcbb0:   000000070d252900 0000000000000000
0x000000bcefcfcbc0:   0000000000000000 0000021f57d58a76
0x000000bcefcfcbd0:   0000000000000000 000000070d252bc8
0x000000bcefcfcbe0:   000000070d252aa0 0000021f57bf78cc
0x000000bcefcfcbf0:   000000070d252bc8 0000021f57fcb984
0x000000bcefcfcc00:   000000070d24e548 000000070d252bc8
0x000000bcefcfcc10:   0000000700fac2a0 000000070d252918
0x000000bcefcfcc20:   000000070104f7c0 0000021f57eae40c
0x000000bcefcfcc30:   000000bcefcfd300 0000021f57d93b54
0x000000bcefcfcc40:   000000070d24e548 000000070d252960
0x000000bcefcfcc50:   000000070d252998 000000070d252a10
0x000000bcefcfcc60:   0000000700000000 000000070d2527f0
0x000000bcefcfcc70:   0000597e768abd77 0000021f57ec1084
0x000000bcefcfcc80:   0000021f461a3450 000000bcefcfcd38
0x000000bcefcfcc90:   000000070d252998 0000000000000000
0x000000bcefcfcca0:   0000000000000000 0000000000007e6e
0x000000bcefcfccb0:   000000bcefcfcd50 000000070d252aa0
0x000000bcefcfccc0:   000000070d24fa58 000000070d252b78 

Instructions: (pc=0x00007ff841ace2e9)
0x00007ff841ace1e9:   41 8b d0 eb 1e 45 84 d2 48 8b c7 b9 0c 00 00 00
0x00007ff841ace1f9:   48 0f 45 c1 42 8b 14 08 d1 fa 45 38 04 1b 42 0f
0x00007ff841ace209:   44 14 08 89 54 24 30 45 38 04 1b 74 2c 85 d2 74
0x00007ff841ace219:   10 45 84 d2 41 b8 14 00 00 00 4c 0f 45 c7 4d 03
0x00007ff841ace229:   c1 48 8d 54 24 30 49 8b c8 e8 19 f4 46 00 48 8b
0x00007ff841ace239:   5c 24 38 48 83 c4 20 5f c3 85 d2 74 10 45 84 d2
0x00007ff841ace249:   41 b8 14 00 00 00 4c 0f 45 c7 4d 03 c1 48 8d 54
0x00007ff841ace259:   24 30 49 8b c8 e8 ed f2 46 00 48 8b 5c 24 38 48
0x00007ff841ace269:   83 c4 20 5f c3 cc cc 48 89 5c 24 08 57 48 83 ec
0x00007ff841ace279:   20 48 8b da 48 8b f9 48 63 15 51 da 86 00 ff 15
0x00007ff841ace289:   0b 51 80 00 45 33 c9 41 ba 10 00 00 00 48 8b d0
0x00007ff841ace299:   48 85 c0 75 05 45 8b c1 eb 2b 44 38 0d 80 69 80
0x00007ff841ace2a9:   00 b9 0c 00 00 00 49 8b c2 48 0f 45 c1 8b 0c 10
0x00007ff841ace2b9:   44 8b c1 48 63 05 21 da 86 00 41 d1 f8 44 38 0c
0x00007ff841ace2c9:   38 44 0f 44 c1 44 89 03 48 63 05 0c da 86 00 44
0x00007ff841ace2d9:   38 0c 38 74 2e 45 85 c0 74 14 80 3d 40 69 80 00
0x00007ff841ace2e9:   00 41 b9 14 00 00 00 4d 0f 45 ca 4c 03 ca 48 8b
0x00007ff841ace2f9:   d3 49 8b c9 48 8b 5c 24 30 48 83 c4 20 5f e9 44
0x00007ff841ace309:   f3 46 00 45 85 c0 74 14 80 3d 12 69 80 00 00 41
0x00007ff841ace319:   b9 14 00 00 00 4d 0f 45 ca 4c 03 ca 48 8b d3 49
0x00007ff841ace329:   8b c9 48 8b 5c 24 30 48 83 c4 20 5f e9 16 f2 46
0x00007ff841ace339:   00 cc cc cc cc cc cc 48 89 5c 24 08 44 89 44 24
0x00007ff841ace349:   18 57 48 83 ec 20 48 63 fa 48 8b d9 48 63 15 7c
0x00007ff841ace359:   d9 86 00 ff 15 36 50 80 00 4c 63 05 7b d9 86 00
0x00007ff841ace369:   48 8d 54 24 40 b9 10 00 00 00 41 80 3c 18 00 44
0x00007ff841ace379:   8d 41 04 74 22 80 3d a5 68 80 00 00 44 0f 45 c1
0x00007ff841ace389:   49 8d 0c 78 48 03 c8 e8 bb f2 46 00 48 8b 5c 24
0x00007ff841ace399:   30 48 83 c4 20 5f c3 80 3d 83 68 80 00 00 4c 0f
0x00007ff841ace3a9:   45 c1 49 8d 0c 38 48 03 c8 e8 99 f1 46 00 48 8b
0x00007ff841ace3b9:   5c 24 30 48 83 c4 20 5f c3 cc cc cc cc cc cc cc
0x00007ff841ace3c9:   cc cc cc cc cc cc cc 48 89 5c 24 08 48 89 6c 24
0x00007ff841ace3d9:   10 56 48 83 ec 20 48 8b ea 41 8b f0 48 63 15 ec 


Stack slot to memory mapping:

stack at sp + 0 slots: 0x0 is null
stack at sp + 1 slots: 0x000000070d252be0 is an oop: [B 
{0x000000070d252be0} - klass: {type array byte}
 - length: 30
 -   0: 6f o
 -   1: 72 r
 -   2: 67 g
 -   3: 2e .
 -   4: 73 s
 -   5: 70 p
 -   6: 72 r
 -   7: 69 i
 -   8: 6e n
 -   9: 67 g
 -  10: 66 f
 -  11: 72 r
 -  12: 61 a
 -  13: 6d m
 -  14: 65 e
 -  15: 77 w
 -  16: 6f o
 -  17: 72 r
 -  18: 6b k
 -  19: 2e .
 -  20: 63 c
 -  21: 67 g
 -  22: 6c l
 -  23: 69 i
 -  24: 62 b
 -  25: 2e .
 -  26: 63 c
 -  27: 6f o
 -  28: 72 r
 -  29: 65 e
stack at sp + 2 slots: 0x0 is null
stack at sp + 3 slots: 0x0000021f46153a80 points into unknown readable memory: 0x002e00670072006f | 6f 00 72 00 67 00 2e 00
stack at sp + 4 slots: 0x00000000000003d8 is an unknown value
stack at sp + 5 slots: 0x0000021f46153e58 points into unknown readable memory: 0x88000800993c7f13 | 13 7f 3c 99 00 08 00 88
stack at sp + 6 slots: 0x0000021f46153a80 points into unknown readable memory: 0x002e00670072006f | 6f 00 72 00 67 00 2e 00
stack at sp + 7 slots: 0x0000021f461a0fd8 points into unknown readable memory: 0x000000070d252bc8 | c8 2b 25 0d 07 00 00 00

Lock stack of current Java thread (top to bottom):
LockStack[0]: java.lang.Object 
{0x000000070d24e598} - klass: 'java/lang/Object'
 - ---- fields (total size 2 words):


Compiled method (n/a) 1756  239     n 0       java.lang.String::intern (native)
 total in heap  [0x0000021f57d58888,0x0000021f57d58dc0] = 1336
 relocation     [0x0000021f57d58960,0x0000021f57d58998] = 56
 main code      [0x0000021f57d589a0,0x0000021f57d58db9] = 1049
 stub code      [0x0000021f57d58db9,0x0000021f57d58dc0] = 7

[Constant Pool (empty)]

[MachCode]
[Entry Point]
  # {method} {0x0000021f00488550} 'intern' '()Ljava/lang/String;' in 'java/lang/String'
  #           [sp+0x70]  (sp of caller)
  0x0000021f57d589a0: 6690 448b | 5208 443b 

  0x0000021f57d589a8: ;   {runtime_call ic_miss_stub}
  0x0000021f57d589a8: 5008 0f85 | 305b ddff 
[Verified Entry Point]
  0x0000021f57d589b0: 8984 2400 | 80ff ff55 | 488b ec48 | 83ec 6090 | 4181 7f20 | 0300 0000 

  0x0000021f57d589c8: ;   {runtime_call StubRoutines (final stubs)}
  0x0000021f57d589c8: 7405 e871 | eddb ff48 | 8954 2420 | 4883 fa00 | 488d 5424 | 2048 0f44 | 5424 20c5 

  0x0000021f57d589e4: ;   {internal_word}
  0x0000021f57d589e4: f877 49ba | e389 d557 | 1f02 0000 | 4d89 97a8 | 0300 0049 | 89a7 a003 

  0x0000021f57d589fc: ;   {external_word}
  0x0000021f57d589fc: 0000 49ba | 41ad 3342 | f87f 0000 | 4180 3a00 | 0f84 4600 

  0x0000021f57d58a10: ;   {metadata({method} {0x0000021f00488550} 'intern' '()Ljava/lang/String;' in 'java/lang/String')}
  0x0000021f57d58a10: 0000 5248 | ba48 8548 | 001f 0200 | 0049 8bcf | 4883 ec20 | 40f6 c40f | 0f84 1900 | 0000 4883 
  0x0000021f57d58a30: ;   {runtime_call}
  0x0000021f57d58a30: ec08 48b8 | 10ee e341 | f87f 0000 | ffd0 4883 | c408 e90c 

  0x0000021f57d58a44: ;   {runtime_call}
  0x0000021f57d58a44: 0000 0048 | b810 eee3 | 41f8 7f00 | 00ff d048 | 83c4 205a | 498d 8fc0 | 0300 0041 | c787 4404 
  0x0000021f57d58a64: 0000 0400 

  0x0000021f57d58a68: ;   {runtime_call}
  0x0000021f57d58a68: 0000 48b8 | 6462 60b8 | f87f 0000 | ffd0 c5f8 | 7741 c787 | 4404 0000 | 0500 0000 | f083 4424 
  0x0000021f57d58a88: c000 493b | af48 0400 | 000f 870e | 0000 0041 | 83bf 4004 | 0000 000f | 842b 0000 | 00c5 f877 
  0x0000021f57d58aa8: 4889 45f8 | 498b cf4c | 8be4 4883 | ec20 4883 

  0x0000021f57d58ab8: ;   {runtime_call}
  0x0000021f57d58ab8: e4f0 48b8 | 90a9 ad41 | f87f 0000 | ffd0 498b | e44d 33e4 | 488b 45f8 | 41c7 8744 | 0400 0008 
  0x0000021f57d58ad8: 0000 0041 | 83bf c804 | 0000 020f | 84a3 0200 

  0x0000021f57d58ae8: ;   {external_word}
  0x0000021f57d58ae8: 0049 ba41 | ad33 42f8 | 7f00 0041 | 803a 000f | 844c 0000 | 0048 8945 

  0x0000021f57d58b00: ;   {metadata({method} {0x0000021f00488550} 'intern' '()Ljava/lang/String;' in 'java/lang/String')}
  0x0000021f57d58b00: f848 ba48 | 8548 001f | 0200 0049 | 8bcf 4883 | ec20 40f6 | c40f 0f84 | 1900 0000 | 4883 ec08 
  0x0000021f57d58b20: ;   {runtime_call}
  0x0000021f57d58b20: 48b8 10ee | e341 f87f | 0000 ffd0 | 4883 c408 | e90c 0000 

  0x0000021f57d58b34: ;   {runtime_call}
  0x0000021f57d58b34: 0048 b810 | eee3 41f8 | 7f00 00ff | d048 83c4 | 2048 8b45 | f849 c787 | a003 0000 | 0000 0000 
  0x0000021f57d58b54: 49c7 87a8 | 0300 0000 | 0000 00c5 | f877 4885 | c00f 84fe | 0100 00a8 | 030f 8508 | 0000 0048 
  0x0000021f57d58b74: 8b00 e9ee | 0100 00a8 | 010f 8509 | 0000 0048 | 8b40 fee9 | dd01 0000 | 488b 40ff | 4180 7f38 
  0x0000021f57d58b94: 000f 84ce | 0100 0048 | 83f8 000f | 84c4 0100 | 0049 8b4f | 2848 83f9 | 000f 8414 | 0000 0048 
  0x0000021f57d58bb4: 83e9 0849 | 894f 2849 | 034f 3048 | 8901 e9a2 | 0100 0048 | 81ec d000 | 0000 4889 | 0424 4889 
  0x0000021f57d58bd4: 4c24 0848 | 8954 2410 | 4889 7424 | 1848 897c | 2420 4c89 | 4424 284c | 894c 2430 | 4c89 5424 
  0x0000021f57d58bf4: 384c 895c | 2440 c5fb | 1144 2450 | c5fb 114c | 2458 c5fb | 1154 2460 | c5fb 115c | 2468 c5fb 
  0x0000021f57d58c14: 1164 2470 | c5fb 116c | 2478 c5fb | 11b4 2480 | 0000 00c5 | fb11 bc24 | 8800 0000 | c57b 1184 
  0x0000021f57d58c34: ;   {no_reloc}
  0x0000021f57d58c34: 2490 0000 | 00c5 7b11 | 8c24 9800 | 0000 c57b | 1194 24a0 | 0000 00c5 | 7b11 9c24 | a800 0000 
  0x0000021f57d58c54: c57b 11a4 | 24b0 0000 | 00c5 7b11 | ac24 b800 | 0000 c57b | 11b4 24c0 | 0000 00c5 | 7b11 bc24 
  0x0000021f57d58c74: c800 0000 | 498b d748 | 8bc8 4883 | ec20 40f6 | c40f 0f84 | 1900 0000 | 4883 ec08 

  0x0000021f57d58c90: ;   {runtime_call}
  0x0000021f57d58c90: 48b8 e007 | a141 f87f | 0000 ffd0 | 4883 c408 | e90c 0000 

  0x0000021f57d58ca4: ;   {runtime_call}
  0x0000021f57d58ca4: 0048 b8e0 | 07a1 41f8 | 7f00 00ff | d048 83c4 | 20c5 7b10 | bc24 c800 | 0000 c57b | 10b4 24c0 
  0x0000021f57d58cc4: 0000 00c5 | 7b10 ac24 | b800 0000 | c57b 10a4 | 24b0 0000 | 00c5 7b10 | 9c24 a800 | 0000 c57b 
  0x0000021f57d58ce4: 1094 24a0 | 0000 00c5 | 7b10 8c24 | 9800 0000 | c57b 1084 | 2490 0000 | 00c5 fb10 | bc24 8800 
  0x0000021f57d58d04: 0000 c5fb | 10b4 2480 | 0000 00c5 | fb10 6c24 | 78c5 fb10 | 6424 70c5 | fb10 5c24 | 68c5 fb10 
  0x0000021f57d58d24: 5424 60c5 | fb10 4c24 | 58c5 fb10 | 4424 504c | 8b5c 2440 | 4c8b 5424 | 384c 8b4c | 2430 4c8b 
  0x0000021f57d58d44: 4424 2848 | 8b7c 2420 | 488b 7424 | 1848 8b54 | 2410 488b | 4c24 0848 | 8b04 2448 | 81c4 d000 
  0x0000021f57d58d64: 0000 c5f8 | 7749 8b8f | 3004 0000 | c781 0001 | 0000 0000 | 0000 c949 | 837f 0800 | 0f85 0100 
  0x0000021f57d58d84: ;   {runtime_call StubRoutines (initial stubs)}
  0x0000021f57d58d84: 0000 c3e9 | 3481 d8ff | c5f8 7748 | 8945 f84c | 8be4 4883 | ec20 4883 

  0x0000021f57d58d9c: ;   {runtime_call}
  0x0000021f57d58d9c: e4f0 48b8 | c022 e441 | f87f 0000 | ffd0 498b | e44d 33e4 | 488b 45f8 | e930 fdff | fff4 f4f4 
  0x0000021f57d58dbc: f4f4 f4f4 
[/MachCode]


Compiled method (c1) 1763  427       1       java.lang.Class::getPackageName (81 bytes)
 total in heap  [0x0000021f57d93788,0x0000021f57d93d20] = 1432
 relocation     [0x0000021f57d93860,0x0000021f57d93910] = 176
 main code      [0x0000021f57d93920,0x0000021f57d93c40] = 800
 stub code      [0x0000021f57d93c40,0x0000021f57d93cd0] = 144
 metadata       [0x0000021f57d93cd0,0x0000021f57d93d20] = 80
 immutable data [0x0000021f415d07f0,0x0000021f415d0a30] = 576
 dependencies   [0x0000021f415d07f0,0x0000021f415d0808] = 24
 nul chk table  [0x0000021f415d0808,0x0000021f415d0838] = 48
 scopes pcs     [0x0000021f415d0838,0x0000021f415d0948] = 272
 scopes data    [0x0000021f415d0948,0x0000021f415d0a30] = 232

[Constant Pool (empty)]

[MachCode]
[Instructions begin]
  0x0000021f57d93920: 660f 1f84 | 0000 0000 | 0066 0f1f | 8400 0000 | 0000 448b | 5208 443b 

  0x0000021f57d93938: ;   {runtime_call ic_miss_stub}
  0x0000021f57d93938: 5008 0f85 | a0ab d9ff 
[Verified Entry Point]
  0x0000021f57d93940: 8984 2400 | 80ff ff55 | 4881 eca0 | 0000 0090 | 4181 7f20 | 0300 0000 

  0x0000021f57d93958: ;   {runtime_call StubRoutines (final stubs)}
  0x0000021f57d93958: 7405 e8e1 | 3dd8 ff8b | 723c 48c1 | e603 4885 | f60f 8530 | 0200 0048 | 8bf2 488b | d648 8974 
  0x0000021f57d93978: 2478 0f1f 

  0x0000021f57d9397c: ;   {optimized virtual_call}
  0x0000021f57d9397c: 4400 00e8 

  0x0000021f57d93980: ; ImmutableOopMap {[120]=Oop }
                      ;*invokevirtual isArray {reexecute=0 rethrow=0 return_oop=0}
                      ; - java.lang.Class::getPackageName@10 (line 1252)
  0x0000021f57d93980: 2cd1 e7ff 

  0x0000021f57d93984: ;   {other}
  0x0000021f57d93984: 0f1f 8400 | fc01 0000 | 85c0 0f84 | b400 0000 | 488b 5424 | 7866 0f1f 

  0x0000021f57d9399c: ;   {optimized virtual_call}
  0x0000021f57d9399c: 4400 00e8 

  0x0000021f57d939a0: ; ImmutableOopMap {[120]=Oop }
                      ;*invokevirtual isArray {reexecute=0 rethrow=0 return_oop=0}
                      ; - java.lang.Class::elementType@1 (line 1416)
                      ; - java.lang.Class::getPackageName@17 (line 1252)
  0x0000021f57d939a0: 3cae d9ff 

  0x0000021f57d939a4: ;   {other}
  0x0000021f57d939a4: 0f1f 8400 | 1c02 0001 | 85c0 0f85 | 0f00 0000 

  0x0000021f57d939b4: ;   {oop(nullptr)}
  0x0000021f57d939b4: 48be 0000 | 0000 0000 | 0000 e98a | 0000 0048 | 8b54 2478 | e947 0000 | 0066 6690 | 0f1f 8000 
  0x0000021f57d939d4: ;   {optimized virtual_call}
  0x0000021f57d939d4: 0000 00e8 

  0x0000021f57d939d8: ; ImmutableOopMap {[120]=Oop [128]=Oop }
                      ;*invokevirtual isArray {reexecute=0 rethrow=0 return_oop=0}
                      ; - java.lang.Class::getComponentType@1 (line 1401)
                      ; - java.lang.Class::elementType@19 (line 1420)
                      ; - java.lang.Class::getPackageName@17 (line 1252)
  0x0000021f57d939d8: 04ae d9ff 

  0x0000021f57d939dc: ;   {other}
  0x0000021f57d939dc: 0f1f 8400 | 5402 0002 | 85c0 0f84 | 1400 0000 | 488b 9424 | 8000 0000 | 8b52 4048 | c1e2 03e9 
  0x0000021f57d939fc: 0a00 0000 

  0x0000021f57d93a00: ;   {oop(nullptr)}
  0x0000021f57d93a00: 48ba 0000 | 0000 0000 | 0000 4d8b | 9750 0400 

  0x0000021f57d93a10: ; ImmutableOopMap {rdx=Oop [120]=Oop }
                      ;*goto {reexecute=1 rethrow=0 return_oop=0}
                      ; - (reexecute) java.lang.Class::elementType@23 (line 1420)
                      ; - java.lang.Class::getPackageName@17 (line 1252)
                      ;   {poll}
  0x0000021f57d93a10: 0041 8502 

  0x0000021f57d93a14: ; implicit exception: dispatches to 0x0000021f57d93bb8
  0x0000021f57d93a14: 483b 0248 | 8bf2 488b | d648 89b4 | 2480 0000 

  0x0000021f57d93a24: ;   {optimized virtual_call}
  0x0000021f57d93a24: 0066 90e8 

  0x0000021f57d93a28: ; ImmutableOopMap {[120]=Oop [128]=Oop }
                      ;*invokevirtual isArray {reexecute=0 rethrow=0 return_oop=0}
                      ; - java.lang.Class::elementType@12 (line 1419)
                      ; - java.lang.Class::getPackageName@17 (line 1252)
  0x0000021f57d93a28: b4ad d9ff 

  0x0000021f57d93a2c: ;   {other}
  0x0000021f57d93a2c: 0f1f 8400 | a402 0004 | 85c0 488b | 9424 8000 | 0000 7590 | 488b f2e9 | 0500 0000 | 488b 7424 
  0x0000021f57d93a4c: 7848 8b56 | 1048 85d2 | ba00 0000 | 0075 05ba | 0100 0000 | 85d2 0f84 | 0f00 0000 

  0x0000021f57d93a68: ;   {oop("java.lang"{0x0000000700fddde0})}
  0x0000021f57d93a68: 48be e0dd | fd00 0700 | 0000 e9f7 | 0000 008b | 562c 48c1 | e203 4885 | d20f 8518 | 0000 0048 
  0x0000021f57d93a88: 8bd6 0f1f 

  0x0000021f57d93a8c: ;   {optimized virtual_call}
  0x0000021f57d93a8c: 4400 00e8 

  0x0000021f57d93a90: ; ImmutableOopMap {[120]=Oop }
                      ;*invokevirtual initClassName {reexecute=0 rethrow=0 return_oop=0}
                      ; - java.lang.Class::getName@14 (line 1037)
                      ; - java.lang.Class::getPackageName@40 (line 1256)
  0x0000021f57d93a90: 1cb3 0000 

  0x0000021f57d93a94: ;   {other}
  0x0000021f57d93a94: 0f1f 8400 | 0c03 0005 | 488b d08b | 7214 48c1 | e603 448b | 460c 440f | be4a 1049 | 8bc9 c1e1 
  0x0000021f57d93ab4: 18c1 f918 | 41d3 f849 | 8bf8 ffcf | 4585 c941 | b800 0000 | 0075 0641 | b801 0000 | 0041 83e0 
  0x0000021f57d93ad4: 0145 85c0 | 4889 9424 | 8800 0000 | 488b d641 | b82e 0000 | 004c 8bcf | 0f84 1700 | 0000 0f1f 
  0x0000021f57d93af4: ;   {static_call}
  0x0000021f57d93af4: 4400 00e8 

  0x0000021f57d93af8: ; ImmutableOopMap {[120]=Oop [136]=Oop }
                      ;*invokestatic lastIndexOf {reexecute=0 rethrow=0 return_oop=0}
                      ; - java.lang.String::lastIndexOf@13 (line 2664)
                      ; - java.lang.String::lastIndexOf@8 (line 2626)
                      ; - java.lang.Class::getPackageName@47 (line 1257)
  0x0000021f57d93af8: a434 fbff 

  0x0000021f57d93afc: ;   {other}
  0x0000021f57d93afc: 0f1f 8400 | 7403 0006 | e913 0000 | 0066 0f1f 

  0x0000021f57d93b0c: ;   {static_call}
  0x0000021f57d93b0c: 4400 00e8 

  0x0000021f57d93b10: ; ImmutableOopMap {[120]=Oop [136]=Oop }
                      ;*invokestatic lastIndexOf {reexecute=0 rethrow=0 return_oop=0}
                      ; - java.lang.String::lastIndexOf@25 (line 2665)
                      ; - java.lang.String::lastIndexOf@8 (line 2626)
                      ; - java.lang.Class::getPackageName@47 (line 1257)
  0x0000021f57d93b10: ccb2 d9ff 

  0x0000021f57d93b14: ;   {other}
  0x0000021f57d93b14: 0f1f 8400 | 8c03 0007 | 83f8 ff0f | 843c 0000 | 0048 8b94 | 2488 0000 | 0041 b800 | 0000 004c 
  0x0000021f57d93b34: ;   {optimized virtual_call}
  0x0000021f57d93b34: 8bc8 90e8 

  0x0000021f57d93b38: ; ImmutableOopMap {[120]=Oop }
                      ;*invokevirtual substring {reexecute=0 rethrow=0 return_oop=0}
                      ; - java.lang.Class::getPackageName@62 (line 1258)
  0x0000021f57d93b38: 44c9 faff 

  0x0000021f57d93b3c: ;   {other}
  0x0000021f57d93b3c: 0f1f 8400 | b403 0008 

  0x0000021f57d93b44: ; implicit exception: dispatches to 0x0000021f57d93bcc
  0x0000021f57d93b44: 483b 0048 | 8bd0 0f1f 

  0x0000021f57d93b4c: ;   {optimized virtual_call}
  0x0000021f57d93b4c: 4400 00e8 

  0x0000021f57d93b50: ; ImmutableOopMap {[120]=Oop }
                      ;*invokevirtual intern {reexecute=0 rethrow=0 return_oop=0}
                      ; - java.lang.Class::getPackageName@65 (line 1258)
  0x0000021f57d93b50: 5c4e fcff 

  0x0000021f57d93b54: ;   {other}
  0x0000021f57d93b54: 0f1f 8400 | cc03 0009 | e90a 0000 

  0x0000021f57d93b60: ;   {oop(""{0x0000000700fac3e0})}
  0x0000021f57d93b60: 0048 b8e0 | c3fa 0007 | 0000 0048 | 8bf0 488b | 5424 7841 | 0fbe 4738 | 85c0 0f85 | 5100 0000 
  0x0000021f57d93b80: 4c8b d649 | c1ea 0344 | 8952 3c48 | 8bc2 4833 | c648 c1e8 | 1548 83f8 | 000f 854a | 0000 0048 
  0x0000021f57d93ba0: 8bc6 4881 | c4a0 0000 

  0x0000021f57d93ba8: ;   {poll_return}
  0x0000021f57d93ba8: 005d 493b | a748 0400 | 000f 8743 | 0000 00c3 

  0x0000021f57d93bb8: ;   {runtime_call throw_null_pointer_exception Runtime1 stub}
  0x0000021f57d93bb8: e8a3 a6e4 

  0x0000021f57d93bbc: ; ImmutableOopMap {rdx=Oop [120]=Oop }
                      ;*invokevirtual isArray {reexecute=0 rethrow=0 return_oop=0}
                      ; - java.lang.Class::elementType@12 (line 1419)
                      ; - java.lang.Class::getPackageName@17 (line 1252)
                      ;   {runtime_call throw_null_pointer_exception Runtime1 stub}
  0x0000021f57d93bbc: ffe8 9ea6 

  0x0000021f57d93bc0: ; ImmutableOopMap {rsi=Oop [120]=Oop }
                      ;*invokevirtual isPrimitive {reexecute=0 rethrow=0 return_oop=0}
                      ; - java.lang.Class::getPackageName@26 (line 1253)
                      ;   {runtime_call throw_null_pointer_exception Runtime1 stub}
  0x0000021f57d93bc0: e4ff e899 

  0x0000021f57d93bc4: ; ImmutableOopMap {rdx=Oop [120]=Oop }
                      ;*invokevirtual lastIndexOf {reexecute=0 rethrow=0 return_oop=0}
                      ; - java.lang.Class::getPackageName@47 (line 1257)
                      ;   {runtime_call throw_null_pointer_exception Runtime1 stub}
  0x0000021f57d93bc4: a6e4 ffe8 

  0x0000021f57d93bc8: ; ImmutableOopMap {rdx=Oop rsi=Oop [120]=Oop }
                      ;*arraylength {reexecute=0 rethrow=0 return_oop=0}
                      ; - java.lang.String::length@4 (line 1593)
                      ; - java.lang.String::lastIndexOf@3 (line 2626)
                      ; - java.lang.Class::getPackageName@47 (line 1257)
  0x0000021f57d93bc8: 94a6 e4ff 

  0x0000021f57d93bcc: ;   {runtime_call throw_null_pointer_exception Runtime1 stub}
  0x0000021f57d93bcc: e88f a6e4 

  0x0000021f57d93bd0: ; ImmutableOopMap {rax=Oop [120]=Oop }
                      ;*invokevirtual intern {reexecute=0 rethrow=0 return_oop=0}
                      ; - java.lang.Class::getPackageName@65 (line 1258)
  0x0000021f57d93bd0: ff8b 423c | 48c1 e003 | 4883 f800 | 74a2 4889 

  0x0000021f57d93be0: ;   {runtime_call g1_pre_barrier_slow}
  0x0000021f57d93be0: 0424 e879 | 21e5 ffeb | 9748 83fe | 0074 b048 

  0x0000021f57d93bf0: ;   {runtime_call g1_post_barrier_slow}
  0x0000021f57d93bf0: 8914 24e8 | 6824 e5ff 

  0x0000021f57d93bf8: ;   {internal_word}
  0x0000021f57d93bf8: eba5 49ba | aa3b d957 | 1f02 0000 | 4d89 9760 

  0x0000021f57d93c08: ;   {runtime_call SafepointBlob}
  0x0000021f57d93c08: 0400 00e9 | d017 daff | 498b 8700 | 0500 0049 | c787 0005 | 0000 0000 | 0000 49c7 | 8708 0500 
  0x0000021f57d93c28: 0000 0000 | 0048 81c4 | a000 0000 

  0x0000021f57d93c34: ;   {runtime_call unwind_exception Runtime1 stub}
  0x0000021f57d93c34: 5de9 a692 | e4ff f4f4 | f4f4 f4f4 
[Stub Code]
  0x0000021f57d93c40: ;   {no_reloc}
  0x0000021f57d93c40: 48bb 0000 | 0000 0000 

  0x0000021f57d93c48: ;   {runtime_call nmethod}
  0x0000021f57d93c48: 0000 e9fb 

  0x0000021f57d93c4c: ;   {static_stub}
  0x0000021f57d93c4c: ffff ff48 | bb00 0000 | 0000 0000 

  0x0000021f57d93c58: ;   {runtime_call nmethod}
  0x0000021f57d93c58: 00e9 fbff 

  0x0000021f57d93c5c: ;   {static_stub}
  0x0000021f57d93c5c: ffff 48bb | 0000 0000 | 0000 0000 

  0x0000021f57d93c68: ;   {runtime_call nmethod}
  0x0000021f57d93c68: e9fb ffff 

  0x0000021f57d93c6c: ;   {static_stub}
  0x0000021f57d93c6c: ff48 bb00 | 0000 0000 

  0x0000021f57d93c74: ;   {runtime_call nmethod}
  0x0000021f57d93c74: 0000 00e9 | fbff ffff 

  0x0000021f57d93c7c: ;   {static_stub}
  0x0000021f57d93c7c: 48bb 0000 | 0000 0000 

  0x0000021f57d93c84: ;   {runtime_call nmethod}
  0x0000021f57d93c84: 0000 e9fb 

  0x0000021f57d93c88: ;   {static_stub}
  0x0000021f57d93c88: ffff ff48 | bb70 5949 | 001f 0200 

  0x0000021f57d93c94: ;   {runtime_call I2C/C2I adapters}
  0x0000021f57d93c94: 00e9 18f5 

  0x0000021f57d93c98: ;   {runtime_call handle_exception_from_callee Runtime1 stub}
  0x0000021f57d93c98: d9ff e841 

  0x0000021f57d93c9c: ;   {external_word}
  0x0000021f57d93c9c: e3e4 ff48 | b930 d50b | 42f8 7f00 | 0048 83e4 

  0x0000021f57d93cac: ;   {runtime_call}
  0x0000021f57d93cac: f048 b870 | 4ad2 41f8 | 7f00 00ff 

  0x0000021f57d93cb8: ;   {section_word}
  0x0000021f57d93cb8: d0f4 49ba | ba3c d957 | 1f02 0000 

  0x0000021f57d93cc4: ;   {runtime_call DeoptimizationBlob}
  0x0000021f57d93cc4: 4152 e9b5 | 09da fff4 | f4f4 f4f4 
[/MachCode]


Compiled method (c1) 1771 1654       1       java.lang.ClassLoader::postDefineClass (39 bytes)
 total in heap  [0x0000021f57f12f08,0x0000021f57f13228] = 800
 relocation     [0x0000021f57f12fe0,0x0000021f57f13048] = 104
 main code      [0x0000021f57f13060,0x0000021f57f13198] = 312
 stub code      [0x0000021f57f13198,0x0000021f57f13208] = 112
 metadata       [0x0000021f57f13208,0x0000021f57f13228] = 32
 immutable data [0x0000021f460ef890,0x0000021f460ef9b0] = 288
 dependencies   [0x0000021f460ef890,0x0000021f460ef8a0] = 16
 nul chk table  [0x0000021f460ef8a0,0x0000021f460ef8c0] = 32
 scopes pcs     [0x0000021f460ef8c0,0x0000021f460ef950] = 144
 scopes data    [0x0000021f460ef950,0x0000021f460ef9b0] = 96

[Constant Pool (empty)]

[MachCode]
[Instructions begin]
  0x0000021f57f13060: 660f 1f84 | 0000 0000 | 0066 0f1f | 8400 0000 | 0000 448b | 5208 443b 

  0x0000021f57f13078: ;   {runtime_call ic_miss_stub}
  0x0000021f57f13078: 5008 0f85 | 60b4 c1ff 
[Verified Entry Point]
  0x0000021f57f13080: 8984 2400 | 80ff ff55 | 4883 ec60 | 4181 7f20 | 0300 0000 

  0x0000021f57f13094: ;   {runtime_call StubRoutines (final stubs)}
  0x0000021f57f13094: 7405 e8a5 | 46c0 ff48 | 8954 2440 | 4c89 4424 | 384c 894c | 2448 493b | 0049 8bd0 | 0f1f 8000 
  0x0000021f57f130b4: ;   {optimized virtual_call}
  0x0000021f57f130b4: 0000 00e8 

  0x0000021f57f130b8: ; ImmutableOopMap {[56]=Oop [64]=Oop [72]=Oop }
                      ;*invokevirtual getPackageName {reexecute=0 rethrow=0 return_oop=0}
                      ; - java.lang.ClassLoader::postDefineClass@2 (line 935)
  0x0000021f57f130b8: 8408 e8ff 

  0x0000021f57f130bc: ;   {other}
  0x0000021f57f130bc: 0f1f 8400 | b401 0000 | 4c8b 4424 | 3845 8b48 | 3049 c1e1 | 034c 8bc0 | 488b 5424 | 4066 0f1f 
  0x0000021f57f130dc: ;   {optimized virtual_call}
  0x0000021f57f130dc: 4400 00e8 

  0x0000021f57f130e0: ; ImmutableOopMap {[56]=Oop [64]=Oop [72]=Oop }
                      ;*invokevirtual getNamedPackage {reexecute=0 rethrow=0 return_oop=0}
                      ; - java.lang.ClassLoader::postDefineClass@9 (line 935)
  0x0000021f57f130e0: 7c15 0000 

  0x0000021f57f130e4: ;   {other}
  0x0000021f57f130e4: 0f1f 8400 | dc01 0001 | 4c8b 4c24 | 4841 8b51 | 1048 c1e2 | 0348 85d2 | 0f84 3200 | 0000 483b 
  0x0000021f57f13104: ;   {optimized virtual_call}
  0x0000021f57f13104: 0266 90e8 

  0x0000021f57f13108: ; ImmutableOopMap {[56]=Oop [64]=Oop }
                      ;*invokevirtual getCertificates {reexecute=0 rethrow=0 return_oop=0}
                      ; - java.lang.ClassLoader::postDefineClass@24 (line 938)
  0x0000021f57f13108: 34e7 f8ff 

  0x0000021f57f1310c: ;   {other}
  0x0000021f57f1310c: 0f1f 8400 | 0402 0002 | 4885 c00f | 8417 0000 | 0048 8b54 | 2438 4c8b 

  0x0000021f57f13124: ;   {optimized virtual_call}
  0x0000021f57f13124: c066 90e8 

  0x0000021f57f13128: ; ImmutableOopMap {}
                      ;*invokevirtual setSigners {reexecute=0 rethrow=0 return_oop=0}
                      ; - java.lang.ClassLoader::setSigners@2 (line 1316)
                      ; - java.lang.ClassLoader::postDefineClass@35 (line 940)
  0x0000021f57f13128: b4b6 c1ff 

  0x0000021f57f1312c: ;   {other}
  0x0000021f57f1312c: 0f1f 8400 | 2402 0003 | 4883 c460 

  0x0000021f57f13138: ;   {poll_return}
  0x0000021f57f13138: 5d49 3ba7 | 4804 0000 | 0f87 1000 

  0x0000021f57f13144: ;   {runtime_call throw_null_pointer_exception Runtime1 stub}
  0x0000021f57f13144: 0000 c3e8 

  0x0000021f57f13148: ; ImmutableOopMap {r8=Oop [56]=Oop [64]=Oop [72]=Oop }
                      ;*invokevirtual getPackageName {reexecute=0 rethrow=0 return_oop=0}
                      ; - java.lang.ClassLoader::postDefineClass@2 (line 935)
  0x0000021f57f13148: 14b1 ccff 

  0x0000021f57f1314c: ;   {runtime_call throw_null_pointer_exception Runtime1 stub}
  0x0000021f57f1314c: e80f b1cc 

  0x0000021f57f13150: ; ImmutableOopMap {[56]=Oop [64]=Oop }
                      ;*invokevirtual getCodeSource {reexecute=0 rethrow=0 return_oop=0}
                      ; - java.lang.ClassLoader::postDefineClass@14 (line 937)
                      ;   {runtime_call throw_null_pointer_exception Runtime1 stub}
  0x0000021f57f13150: ffe8 0ab1 

  0x0000021f57f13154: ; ImmutableOopMap {rdx=Oop [56]=Oop [64]=Oop }
                      ;*invokevirtual getCertificates {reexecute=0 rethrow=0 return_oop=0}
                      ; - java.lang.ClassLoader::postDefineClass@24 (line 938)
                      ;   {internal_word}
  0x0000021f57f13154: ccff 49ba | 3931 f157 | 1f02 0000 | 4d89 9760 

  0x0000021f57f13164: ;   {runtime_call SafepointBlob}
  0x0000021f57f13164: 0400 00e9 | 7422 c2ff | 498b 8700 | 0500 0049 | c787 0005 | 0000 0000 | 0000 49c7 | 8708 0500 
  0x0000021f57f13184: 0000 0000 | 0048 83c4 

  0x0000021f57f1318c: ;   {runtime_call unwind_exception Runtime1 stub}
  0x0000021f57f1318c: 605d e94d | 9dcc fff4 | f4f4 f4f4 
[Stub Code]
  0x0000021f57f13198: ;   {no_reloc}
  0x0000021f57f13198: 48bb 0000 | 0000 0000 

  0x0000021f57f131a0: ;   {runtime_call nmethod}
  0x0000021f57f131a0: 0000 e9fb 

  0x0000021f57f131a4: ;   {static_stub}
  0x0000021f57f131a4: ffff ff48 | bb00 0000 | 0000 0000 

  0x0000021f57f131b0: ;   {runtime_call nmethod}
  0x0000021f57f131b0: 00e9 fbff 

  0x0000021f57f131b4: ;   {static_stub}
  0x0000021f57f131b4: ffff 48bb | 0000 0000 | 0000 0000 

  0x0000021f57f131c0: ;   {runtime_call nmethod}
  0x0000021f57f131c0: e9fb ffff 

  0x0000021f57f131c4: ;   {static_stub}
  0x0000021f57f131c4: ff48 bb00 | 0000 0000 

  0x0000021f57f131cc: ;   {runtime_call nmethod}
  0x0000021f57f131cc: 0000 00e9 | fbff ffff 
[Exception Handler]
  0x0000021f57f131d4: ;   {runtime_call handle_exception_from_callee Runtime1 stub}
  0x0000021f57f131d4: e807 eecc 

  0x0000021f57f131d8: ;   {external_word}
  0x0000021f57f131d8: ff48 b930 | d50b 42f8 | 7f00 0048 

  0x0000021f57f131e4: ;   {runtime_call}
  0x0000021f57f131e4: 83e4 f048 | b870 4ad2 | 41f8 7f00 | 00ff d0f4 
[Deopt Handler Code]
  0x0000021f57f131f4: ;   {section_word}
  0x0000021f57f131f4: 49ba f431 | f157 1f02 | 0000 4152 

  0x0000021f57f13200: ;   {runtime_call DeoptimizationBlob}
  0x0000021f57f13200: e97b 14c2 | fff4 f4f4 
[/MachCode]


---------------  P R O C E S S  ---------------

Threads class SMR info:
_java_thread_list=0x0000021f46daefe0, length=19, elements={
0x0000021f4f3b8550, 0x0000021f4101c9f0, 0x0000021f4101f710, 0x0000021f41020b90,
0x0000021f410215f0, 0x0000021f410223b0, 0x0000021f410263a0, 0x0000021f41027cf0,
0x0000021f411462e0, 0x0000021f41156120, 0x0000021f41155a50, 0x0000021f415ab490,
0x0000021f415abb00, 0x0000021f4191c3c0, 0x0000021f46188350, 0x0000021f461a3450,
0x0000021f41153f10, 0x0000021f469afd10, 0x0000021f46a02f50
}

Java Threads: ( => current thread )
  0x0000021f4f3b8550 JavaThread "main"                              [_thread_blocked, id=21684, stack(0x000000bcedf00000,0x000000bcee000000) (1024K)]
  0x0000021f4101c9f0 JavaThread "Reference Handler"          daemon [_thread_blocked, id=13148, stack(0x000000bcee700000,0x000000bcee800000) (1024K)]
  0x0000021f4101f710 JavaThread "Finalizer"                  daemon [_thread_blocked, id=3288, stack(0x000000bcee800000,0x000000bcee900000) (1024K)]
  0x0000021f41020b90 JavaThread "Signal Dispatcher"          daemon [_thread_blocked, id=26176, stack(0x000000bcee900000,0x000000bceea00000) (1024K)]
  0x0000021f410215f0 JavaThread "Attach Listener"            daemon [_thread_blocked, id=7804, stack(0x000000bceea00000,0x000000bceeb00000) (1024K)]
  0x0000021f410223b0 JavaThread "Service Thread"             daemon [_thread_blocked, id=21260, stack(0x000000bceeb00000,0x000000bceec00000) (1024K)]
  0x0000021f410263a0 JavaThread "Monitor Deflation Thread"   daemon [_thread_blocked, id=2652, stack(0x000000bceec00000,0x000000bceed00000) (1024K)]
  0x0000021f41027cf0 JavaThread "C1 CompilerThread0"         daemon [_thread_blocked, id=16324, stack(0x000000bceed00000,0x000000bceee00000) (1024K)]
  0x0000021f411462e0 JavaThread "Common-Cleaner"             daemon [_thread_blocked, id=16244, stack(0x000000bceee00000,0x000000bceef00000) (1024K)]
  0x0000021f41156120 JavaThread "C1 CompilerThread1"         daemon [_thread_blocked, id=8612, stack(0x000000bceef00000,0x000000bcef000000) (1024K)]
  0x0000021f41155a50 JavaThread "C1 CompilerThread2"         daemon [_thread_blocked, id=21524, stack(0x000000bcef000000,0x000000bcef100000) (1024K)]
  0x0000021f415ab490 JavaThread "Monitor Ctrl-Break"         daemon [_thread_in_native, id=3628, stack(0x000000bcef100000,0x000000bcef200000) (1024K)]
  0x0000021f415abb00 JavaThread "Notification Thread"        daemon [_thread_blocked, id=22492, stack(0x000000bcef200000,0x000000bcef300000) (1024K)]
  0x0000021f4191c3c0 JavaThread "RMI TCP Accept-0"           daemon [_thread_in_native, id=7300, stack(0x000000bcef300000,0x000000bcef400000) (1024K)]
  0x0000021f46188350 JavaThread "Thread-0"                          [_thread_blocked, id=19332, stack(0x000000bcefb00000,0x000000bcefc00000) (1024K)]
=>0x0000021f461a3450 JavaThread "restartedMain"                     [_thread_in_vm, id=3520, stack(0x000000bcefc00000,0x000000bcefd00000) (1024K)]
  0x0000021f41153f10 JavaThread "C1 CompilerThread3"         daemon [_thread_blocked, id=14088, stack(0x000000bcf0000000,0x000000bcf0100000) (1024K)]
  0x0000021f469afd10 JavaThread "RMI TCP Connection(1)-192.168.0.120" daemon [_thread_in_native, id=27876, stack(0x000000bceff00000,0x000000bcf0000000) (1024K)]
  0x0000021f46a02f50 JavaThread "RMI Scheduler(0)"           daemon [_thread_blocked, id=14872, stack(0x000000bcf0300000,0x000000bcf0400000) (1024K)]
Total: 19

Other Threads:
  0x0000021f41002260 VMThread "VM Thread"                           [id=11368, stack(0x000000bcee600000,0x000000bcee700000) (1024K)]
  0x0000021f6016c760 WatcherThread "VM Periodic Task Thread"        [id=15672, stack(0x000000bcee500000,0x000000bcee600000) (1024K)]
  0x0000021f4f420260 WorkerThread "GC Thread#0"                     [id=25804, stack(0x000000bcee000000,0x000000bcee100000) (1024K)]
  0x0000021f460e4310 WorkerThread "GC Thread#1"                     [id=11664, stack(0x000000bcef400000,0x000000bcef500000) (1024K)]
  0x0000021f460eae90 WorkerThread "GC Thread#2"                     [id=24832, stack(0x000000bcef500000,0x000000bcef600000) (1024K)]
  0x0000021f460eb240 WorkerThread "GC Thread#3"                     [id=19928, stack(0x000000bcef600000,0x000000bcef700000) (1024K)]
  0x0000021f46100340 WorkerThread "GC Thread#4"                     [id=8888, stack(0x000000bcef700000,0x000000bcef800000) (1024K)]
  0x0000021f461006f0 WorkerThread "GC Thread#5"                     [id=10504, stack(0x000000bcef800000,0x000000bcef900000) (1024K)]
  0x0000021f46148f20 WorkerThread "GC Thread#6"                     [id=3100, stack(0x000000bcef900000,0x000000bcefa00000) (1024K)]
  0x0000021f461492d0 WorkerThread "GC Thread#7"                     [id=1800, stack(0x000000bcefa00000,0x000000bcefb00000) (1024K)]
  0x0000021f46375840 WorkerThread "GC Thread#8"                     [id=28092, stack(0x000000bcefd00000,0x000000bcefe00000) (1024K)]
  0x0000021f463924f0 WorkerThread "GC Thread#9"                     [id=23740, stack(0x000000bcefe00000,0x000000bceff00000) (1024K)]
  0x0000021f4f42e030 ConcurrentGCThread "G1 Main Marker"            [id=18172, stack(0x000000bcee100000,0x000000bcee200000) (1024K)]
  0x0000021f4f42e8f0 WorkerThread "G1 Conc#0"                       [id=11412, stack(0x000000bcee200000,0x000000bcee300000) (1024K)]
  0x0000021f463d0230 WorkerThread "G1 Conc#1"                       [id=8820, stack(0x000000bcf0100000,0x000000bcf0200000) (1024K)]
  0x0000021f463d10f0 WorkerThread "G1 Conc#2"                       [id=12120, stack(0x000000bcf0200000,0x000000bcf0300000) (1024K)]
  0x0000021f6002dd30 ConcurrentGCThread "G1 Refine#0"               [id=27472, stack(0x000000bcee300000,0x000000bcee400000) (1024K)]
  0x0000021f6002e560 ConcurrentGCThread "G1 Service"                [id=12804, stack(0x000000bcee400000,0x000000bcee500000) (1024K)]
Total: 18

Threads with active compile tasks:
Total: 0

VM state: not at safepoint (normal execution)

VM Mutex/Monitor currently owned by a thread: None

Heap address: 0x0000000700c00000, size: 4084 MB, Compressed Oops mode: Zero based, Oop shift amount: 3

CDS archive(s) mapped at: [0x0000021f00000000-0x0000021f00d70000-0x0000021f00d70000), size 14090240, SharedBaseAddress: 0x0000021f00000000, ArchiveRelocationMode: 1.
Compressed class space mapped at: 0x0000021f01000000-0x0000021f41000000, reserved size: 1073741824
Narrow klass base: 0x0000021f00000000, Narrow klass shift: 0, Narrow klass range: 0x41000000

GC Precious Log:
 CardTable entry size: 512
 Card Set container configuration: InlinePtr #cards 4 size 8 Array Of Cards #cards 16 size 48 Howl #buckets 8 coarsen threshold 3686 Howl Bitmap #cards 512 size 80 coarsen threshold 460 Card regions per heap region 1 cards per card region 4096
 CPUs: 12 total, 12 available
 Memory: 16332M
 Large Page Support: Disabled
 NUMA Support: Disabled
 Compressed Oops: Enabled (Zero based)
 Heap Region Size: 2M
 Heap Min Capacity: 8M
 Heap Initial Capacity: 256M
 Heap Max Capacity: 4084M
 Pre-touch: Disabled
 Parallel Workers: 10
 Concurrent Workers: 3
 Concurrent Refinement Workers: 10
 Periodic GC: Disabled

Heap:
 garbage-first heap   total reserved 4182016K, committed 55296K, used 23262K [0x0000000700c00000, 0x0000000800000000)
  region size 2048K, 6 young (12288K), 2 survivors (4096K)
 Metaspace       used 27001K, committed 27520K, reserved 1114112K
  class space    used 3704K, committed 3904K, reserved 1048576K

Heap Regions: E=young(eden), S=young(survivor), O=old, HS=humongous(starts), HC=humongous(continues), CS=collection set, F=free, TAMS=top-at-mark-start, PB=parsable bottom
|   0|0x0000000700c00000, 0x0000000700e00000, 0x0000000700e00000|100%| O|  |TAMS 0x0000000700c00000| PB 0x0000000700c00000| Untracked |  0
|   1|0x0000000700e00000, 0x0000000701000000, 0x0000000701000000|100%| O|  |TAMS 0x0000000700e00000| PB 0x0000000700e00000| Untracked |  0
|   2|0x0000000701000000, 0x0000000701200000, 0x0000000701200000|100%| O|  |TAMS 0x0000000701000000| PB 0x0000000701000000| Untracked |  0
|   3|0x0000000701200000, 0x0000000701367aa0, 0x0000000701400000| 70%| O|  |TAMS 0x0000000701200000| PB 0x0000000701200000| Untracked |  0
|   4|0x0000000701400000, 0x0000000701600000, 0x0000000701600000|100%| O|  |TAMS 0x0000000701400000| PB 0x0000000701400000| Untracked |  0
|   5|0x0000000701600000, 0x0000000701800000, 0x0000000701800000|100%| O|  |TAMS 0x0000000701600000| PB 0x0000000701600000| Untracked |  0
|   6|0x0000000701800000, 0x00000007019b1e60, 0x0000000701a00000| 84%| O|  |TAMS 0x0000000701800000| PB 0x0000000701800000| Untracked |  0
|   7|0x0000000701a00000, 0x0000000701a00000, 0x0000000701c00000|  0%| F|  |TAMS 0x0000000701a00000| PB 0x0000000701a00000| Untracked |  0
|   8|0x0000000701c00000, 0x0000000701c00000, 0x0000000701e00000|  0%| F|  |TAMS 0x0000000701c00000| PB 0x0000000701c00000| Untracked |  0
|   9|0x0000000701e00000, 0x0000000701e00000, 0x0000000702000000|  0%| F|  |TAMS 0x0000000701e00000| PB 0x0000000701e00000| Untracked |  0
|  10|0x0000000702000000, 0x0000000702000000, 0x0000000702200000|  0%| F|  |TAMS 0x0000000702000000| PB 0x0000000702000000| Untracked |  0
|  11|0x0000000702200000, 0x0000000702200000, 0x0000000702400000|  0%| F|  |TAMS 0x0000000702200000| PB 0x0000000702200000| Untracked |  0
|  12|0x0000000702400000, 0x0000000702400000, 0x0000000702600000|  0%| F|  |TAMS 0x0000000702400000| PB 0x0000000702400000| Untracked |  0
|  13|0x0000000702600000, 0x000000070279df20, 0x0000000702800000| 80%| S|CS|TAMS 0x0000000702600000| PB 0x0000000702600000| Complete |  0
|  14|0x0000000702800000, 0x0000000702a00000, 0x0000000702a00000|100%| S|CS|TAMS 0x0000000702800000| PB 0x0000000702800000| Complete |  0
|  15|0x0000000702a00000, 0x0000000702a00000, 0x0000000702c00000|  0%| F|  |TAMS 0x0000000702a00000| PB 0x0000000702a00000| Untracked |  0
|  16|0x0000000702c00000, 0x0000000702c00000, 0x0000000702e00000|  0%| F|  |TAMS 0x0000000702c00000| PB 0x0000000702c00000| Untracked |  0
|  17|0x0000000702e00000, 0x0000000702e00000, 0x0000000703000000|  0%| F|  |TAMS 0x0000000702e00000| PB 0x0000000702e00000| Untracked |  0
|  18|0x0000000703000000, 0x0000000703000000, 0x0000000703200000|  0%| F|  |TAMS 0x0000000703000000| PB 0x0000000703000000| Untracked |  0
|  19|0x0000000703200000, 0x0000000703200000, 0x0000000703400000|  0%| F|  |TAMS 0x0000000703200000| PB 0x0000000703200000| Untracked |  0
|  20|0x0000000703400000, 0x0000000703400000, 0x0000000703600000|  0%| F|  |TAMS 0x0000000703400000| PB 0x0000000703400000| Untracked |  0
|  21|0x0000000703600000, 0x0000000703600000, 0x0000000703800000|  0%| F|  |TAMS 0x0000000703600000| PB 0x0000000703600000| Untracked |  0
|  98|0x000000070d000000, 0x000000070d000000, 0x000000070d200000|  0%| F|  |TAMS 0x000000070d000000| PB 0x000000070d000000| Untracked |  0
|  99|0x000000070d200000, 0x000000070d270740, 0x000000070d400000| 21%| E|  |TAMS 0x000000070d200000| PB 0x000000070d200000| Complete |  0
| 100|0x000000070d400000, 0x000000070d600000, 0x000000070d600000|100%| E|CS|TAMS 0x000000070d400000| PB 0x000000070d400000| Complete |  0
| 101|0x000000070d600000, 0x000000070d800000, 0x000000070d800000|100%| E|CS|TAMS 0x000000070d600000| PB 0x000000070d600000| Complete |  0
| 127|0x0000000710a00000, 0x0000000710c00000, 0x0000000710c00000|100%| E|CS|TAMS 0x0000000710a00000| PB 0x0000000710a00000| Complete |  0

Card table byte_map: [0x0000021f5b720000,0x0000021f5bf20000] _byte_map_base: 0x0000021f57f1a000

Marking Bits: (CMBitMap*) 0x0000021f4f420880
 Bits: [0x0000021f5bf20000, 0x0000021f5fef0000)

Polling page: 0x0000021f4d150000

Metaspace:

Usage:
  Non-class:     22.75 MB used.
      Class:      3.62 MB used.
       Both:     26.37 MB used.

Virtual space:
  Non-class space:       64.00 MB reserved,      23.06 MB ( 36%) committed,  1 nodes.
      Class space:        1.00 GB reserved,       3.81 MB ( <1%) committed,  1 nodes.
             Both:        1.06 GB reserved,      26.88 MB (  2%) committed. 

Chunk freelists:
   Non-Class:  8.80 MB
       Class:  12.13 MB
        Both:  20.93 MB

MaxMetaspaceSize: unlimited
CompressedClassSpaceSize: 1.00 GB
Initial GC threshold: 21.00 MB
Current GC threshold: 35.25 MB
CDS: on
 - commit_granule_bytes: 65536.
 - commit_granule_words: 8192.
 - virtual_space_node_default_size: 8388608.
 - enlarge_chunks_in_place: 1.
 - use_allocation_guard: 0.


Internal statistics:

num_allocs_failed_limit: 3.
num_arena_births: 512.
num_arena_deaths: 0.
num_vsnodes_births: 2.
num_vsnodes_deaths: 0.
num_space_committed: 430.
num_space_uncommitted: 0.
num_chunks_returned_to_freelist: 3.
num_chunks_taken_from_freelist: 1311.
num_chunk_merges: 3.
num_chunk_splits: 925.
num_chunks_enlarged: 683.
num_inconsistent_stats: 0.

CodeCache: size=49152Kb used=7993Kb max_used=7993Kb free=41158Kb
 bounds [0x0000021f57ae0000, 0x0000021f582b0000, 0x0000021f5aae0000]
 total_blobs=4685, nmethods=4129, adapters=478, full_count=0
Compilation: enabled, stopped_count=0, restarted_count=0

Compilation events (20 events):
Event: 1.641 Thread 0x0000021f41153f10 nmethod 4100 0x0000021f582a4488 code [0x0000021f582a45c0, 0x0000021f582a4738]
Event: 1.641 Thread 0x0000021f41153f10 4103       1       jdk.internal.util.ByteArray::setInt (10 bytes)
Event: 1.641 Thread 0x0000021f41155a50 nmethod 4101 0x0000021f582a4788 code [0x0000021f582a48a0, 0x0000021f582a49c8]
Event: 1.641 Thread 0x0000021f41153f10 nmethod 4103 0x0000021f582a4a88 code [0x0000021f582a4ba0, 0x0000021f582a4ce0]
Event: 1.641 Thread 0x0000021f41156120 nmethod 4102 0x0000021f582a4d88 code [0x0000021f582a4ec0, 0x0000021f582a5168]
Event: 1.642 Thread 0x0000021f41027cf0 nmethod 4099 0x0000021f582a5288 code [0x0000021f582a56a0, 0x0000021f582a6dd0]
Event: 1.646 Thread 0x0000021f41027cf0 4112       1       jdk.internal.org.objectweb.asm.MethodWriter::visitLdcInsn (215 bytes)
Event: 1.646 Thread 0x0000021f41153f10 4113       1       jdk.internal.org.objectweb.asm.SymbolTable::addConstant (330 bytes)
Event: 1.647 Thread 0x0000021f41027cf0 nmethod 4112 0x0000021f582a9888 code [0x0000021f582a9a00, 0x0000021f582a9e60]
Event: 1.647 Thread 0x0000021f41153f10 nmethod 4113 0x0000021f582aa508 code [0x0000021f582aa820, 0x0000021f582ab808]
Event: 1.655 Thread 0x0000021f41153f10 4122       1       java.lang.invoke.LambdaForm$Name::withConstraint (20 bytes)
Event: 1.655 Thread 0x0000021f41153f10 nmethod 4122 0x0000021f582ac288 code [0x0000021f582ac3a0, 0x0000021f582ac538]
Event: 1.655 Thread 0x0000021f41153f10 4126       1       java.lang.invoke.InvokerBytecodeGenerator::<init> (80 bytes)
Event: 1.656 Thread 0x0000021f41153f10 nmethod 4126 0x0000021f582ace88 code [0x0000021f582acfc0, 0x0000021f582ad180]
Event: 1.656 Thread 0x0000021f41153f10 4127       1       java.lang.invoke.InvokerBytecodeGenerator::classData (173 bytes)
Event: 1.656 Thread 0x0000021f41156120 4128       1       java.lang.invoke.InvokerBytecodeGenerator$ClassData::<init> (20 bytes)
Event: 1.656 Thread 0x0000021f41156120 nmethod 4128 0x0000021f582ad208 code [0x0000021f582ad320, 0x0000021f582ad510]
Event: 1.657 Thread 0x0000021f41153f10 nmethod 4127 0x0000021f582ad588 code [0x0000021f582ad7c0, 0x0000021f582ae138]
Event: 1.657 Thread 0x0000021f41153f10 4129       1       jdk.internal.org.objectweb.asm.Type::getType (10 bytes)
Event: 1.657 Thread 0x0000021f41153f10 nmethod 4129 0x0000021f582ae208 code [0x0000021f582ae320, 0x0000021f582ae408]

GC Heap History (10 events):
Event: 0.488 GC heap before
{Heap before GC invocations=0 (full 0):
 garbage-first heap   total reserved 4182016K, committed 262144K, used 22528K [0x0000000700c00000, 0x0000000800000000)
  region size 2048K, 12 young (24576K), 0 survivors (0K)
 Metaspace       used 7282K, committed 7552K, reserved 1114112K
  class space    used 937K, committed 1088K, reserved 1048576K
}
Event: 0.493 GC heap after
{Heap after GC invocations=1 (full 0):
 garbage-first heap   total reserved 4182016K, committed 262144K, used 7853K [0x0000000700c00000, 0x0000000800000000)
  region size 2048K, 2 young (4096K), 2 survivors (4096K)
 Metaspace       used 7282K, committed 7552K, reserved 1114112K
  class space    used 937K, committed 1088K, reserved 1048576K
}
Event: 0.757 GC heap before
{Heap before GC invocations=1 (full 0):
 garbage-first heap   total reserved 4182016K, committed 262144K, used 26285K [0x0000000700c00000, 0x0000000800000000)
  region size 2048K, 12 young (24576K), 2 survivors (4096K)
 Metaspace       used 11006K, committed 11328K, reserved 1114112K
  class space    used 1533K, committed 1664K, reserved 1048576K
}
Event: 0.761 GC heap after
{Heap after GC invocations=2 (full 0):
 garbage-first heap   total reserved 4182016K, committed 262144K, used 9235K [0x0000000700c00000, 0x0000000800000000)
  region size 2048K, 1 young (2048K), 1 survivors (2048K)
 Metaspace       used 11006K, committed 11328K, reserved 1114112K
  class space    used 1533K, committed 1664K, reserved 1048576K
}
Event: 1.106 GC heap before
{Heap before GC invocations=2 (full 0):
 garbage-first heap   total reserved 4182016K, committed 262144K, used 56339K [0x0000000700c00000, 0x0000000800000000)
  region size 2048K, 26 young (53248K), 1 survivors (2048K)
 Metaspace       used 21155K, committed 21504K, reserved 1114112K
  class space    used 2840K, committed 3008K, reserved 1048576K
}
Event: 1.111 GC heap after
{Heap after GC invocations=3 (full 0):
 garbage-first heap   total reserved 4182016K, committed 262144K, used 13828K [0x0000000700c00000, 0x0000000800000000)
  region size 2048K, 4 young (8192K), 4 survivors (8192K)
 Metaspace       used 21155K, committed 21504K, reserved 1114112K
  class space    used 2840K, committed 3008K, reserved 1048576K
}
Event: 1.321 GC heap before
{Heap before GC invocations=4 (full 0):
 garbage-first heap   total reserved 4182016K, committed 55296K, used 38404K [0x0000000700c00000, 0x0000000800000000)
  region size 2048K, 16 young (32768K), 4 survivors (8192K)
 Metaspace       used 22959K, committed 23360K, reserved 1114112K
  class space    used 3126K, committed 3264K, reserved 1048576K
}
Event: 1.325 GC heap after
{Heap after GC invocations=5 (full 0):
 garbage-first heap   total reserved 4182016K, committed 55296K, used 15455K [0x0000000700c00000, 0x0000000800000000)
  region size 2048K, 1 young (2048K), 1 survivors (2048K)
 Metaspace       used 22959K, committed 23360K, reserved 1114112K
  class space    used 3126K, committed 3264K, reserved 1048576K
}
Event: 1.588 GC heap before
{Heap before GC invocations=5 (full 0):
 garbage-first heap   total reserved 4182016K, committed 55296K, used 37983K [0x0000000700c00000, 0x0000000800000000)
  region size 2048K, 13 young (26624K), 1 survivors (2048K)
 Metaspace       used 26030K, committed 26496K, reserved 1114112K
  class space    used 3554K, committed 3776K, reserved 1048576K
}
Event: 1.591 GC heap after
{Heap after GC invocations=6 (full 0):
 garbage-first heap   total reserved 4182016K, committed 55296K, used 17118K [0x0000000700c00000, 0x0000000800000000)
  region size 2048K, 2 young (4096K), 2 survivors (4096K)
 Metaspace       used 26030K, committed 26496K, reserved 1114112K
  class space    used 3554K, committed 3776K, reserved 1048576K
}

Dll operation events (12 events):
Event: 0.006 Loaded shared library C:\Users\Elisa\.jdks\openjdk-23.0.1\bin\java.dll
Event: 0.091 Loaded shared library C:\Users\Elisa\.jdks\openjdk-23.0.1\bin\zip.dll
Event: 0.093 Loaded shared library C:\Users\Elisa\.jdks\openjdk-23.0.1\bin\instrument.dll
Event: 0.096 Loaded shared library C:\Users\Elisa\.jdks\openjdk-23.0.1\bin\net.dll
Event: 0.098 Loaded shared library C:\Users\Elisa\.jdks\openjdk-23.0.1\bin\nio.dll
Event: 0.100 Loaded shared library C:\Users\Elisa\.jdks\openjdk-23.0.1\bin\zip.dll
Event: 0.155 Loaded shared library C:\Program Files\JetBrains\IntelliJ IDEA 2024.2.3\bin\breakgen64.dll
Event: 0.158 Loaded shared library C:\Users\Elisa\.jdks\openjdk-23.0.1\bin\jimage.dll
Event: 0.161 Loaded shared library C:\Users\Elisa\.jdks\openjdk-23.0.1\bin\extnet.dll
Event: 0.171 Loaded shared library C:\Users\Elisa\.jdks\openjdk-23.0.1\bin\management.dll
Event: 0.177 Loaded shared library C:\Users\Elisa\.jdks\openjdk-23.0.1\bin\management_ext.dll
Event: 1.021 Loaded shared library C:\Users\Elisa\.jdks\openjdk-23.0.1\bin\sunmscapi.dll

Deoptimization events (0 events):
No events

Classes loaded (20 events):
Event: 1.619 Loading class java/net/SocketException
Event: 1.619 Loading class java/net/SocketException done
Event: 1.641 Loading class java/lang/reflect/InaccessibleObjectException
Event: 1.641 Loading class java/lang/reflect/InaccessibleObjectException done
Event: 1.644 Loading class java/lang/runtime/ObjectMethods
Event: 1.644 Loading class java/lang/runtime/ObjectMethods done
Event: 1.645 Loading class java/lang/runtime/ObjectMethods$1
Event: 1.645 Loading class java/lang/runtime/ObjectMethods$1 done
Event: 1.655 Loading class java/lang/invoke/MethodHandleImpl$Makers
Event: 1.655 Loading class java/lang/invoke/MethodHandleImpl$Makers done
Event: 1.655 Loading class java/lang/invoke/MethodHandleImpl$Makers$1
Event: 1.656 Loading class java/lang/invoke/MethodHandleImpl$Makers$1 done
Event: 1.656 Loading class java/lang/invoke/MethodHandleImpl$Makers$2
Event: 1.656 Loading class java/lang/invoke/MethodHandleImpl$Makers$2 done
Event: 1.656 Loading class java/lang/invoke/MethodHandleImpl$Makers$3
Event: 1.656 Loading class java/lang/invoke/MethodHandleImpl$Makers$3 done
Event: 1.656 Loading class java/lang/invoke/MethodHandleImpl$CountingWrapper
Event: 1.656 Loading class java/lang/invoke/MethodHandleImpl$CountingWrapper done
Event: 1.656 Loading class jdk/internal/org/objectweb/asm/Edge
Event: 1.656 Loading class jdk/internal/org/objectweb/asm/Edge done

Classes unloaded (0 events):
No events

Classes redefined (0 events):
No events

Internal exceptions (20 events):
Event: 1.126 Thread 0x0000021f46a069a0 Exception <a 'java/lang/NoSuchMethodError'{0x0000000703631920}: 'java.lang.Object java.lang.invoke.Invokers$Holder.linkToTargetMethod(java.lang.Object, long, java.lang.Object)'> (0x0000000703631920) 
thrown [s\open\src\hotspot\share\interpreter\linkResolver.cpp, line 796]
Event: 1.130 Thread 0x0000021f469afd10 Exception <a 'java/lang/NoSuchMethodError'{0x00000007036f00e8}: 'java.lang.Object java.lang.invoke.DirectMethodHandle$Holder.invokeInterface(java.lang.Object, java.lang.Object, java.lang.Object, java.lang.Object, java.lang.Object)'> (0x00000007036f00e8) 
thrown [s\open\src\hotspot\share\interpreter\linkResolver.cpp, line 796]
Event: 1.133 Thread 0x0000021f469afd10 Exception <a 'java/lang/NoSuchMethodError'{0x0000000703722928}: static [Ljava/lang/StackTraceElement;.<clinit>()V> (0x0000000703722928) 
thrown [s\open\src\hotspot\share\prims\jni.cpp, line 1111]
Event: 1.135 Thread 0x0000021f469afd10 Exception <a 'java/lang/NoSuchMethodError'{0x0000000703748780}: 'void java.lang.invoke.DirectMethodHandle$Holder.invokeInterface(java.lang.Object, java.lang.Object)'> (0x0000000703748780) 
thrown [s\open\src\hotspot\share\interpreter\linkResolver.cpp, line 796]
Event: 1.177 Thread 0x0000021f461a3450 Exception <a 'java/lang/NoSuchMethodError'{0x000000070334f860}: 'java.lang.reflect.Field[] java.lang.Class.getDeclaredFields(java.lang.Class)'> (0x000000070334f860) 
thrown [s\open\src\hotspot\share\interpreter\linkResolver.cpp, line 796]
Event: 1.177 Thread 0x0000021f461a3450 Exception <a 'java/lang/NoSuchMethodError'{0x0000000703354180}: 'java.lang.Object java.lang.invoke.DirectMethodHandle$Holder.invokeStatic(java.lang.Object, java.lang.Object, int)'> (0x0000000703354180) 
thrown [s\open\src\hotspot\share\interpreter\linkResolver.cpp, line 796]
Event: 1.177 Thread 0x0000021f461a3450 Exception <a 'java/lang/NoSuchMethodError'{0x000000070335f5e8}: 'void java.lang.invoke.DelegatingMethodHandle$Holder.delegate(java.lang.Object, java.lang.Object, int, java.lang.Object)'> (0x000000070335f5e8) 
thrown [s\open\src\hotspot\share\interpreter\linkResolver.cpp, line 796]
Event: 1.644 Thread 0x0000021f461a3450 Exception <a 'java/lang/NoSuchMethodError'{0x000000070d4f1200}: 'java.lang.Object java.lang.invoke.DirectMethodHandle$Holder.invokeStaticInit(java.lang.Object, java.lang.Object, java.lang.Object, java.lang.Object, java.lang.Object, java.lang.Object, java.lang.Object)'> (0x000000070d4f1200) 
thrown [s\open\src\hotspot\share\interpreter\linkResolver.cpp, line 796]
Event: 1.645 Thread 0x0000021f461a3450 Exception <a 'java/lang/NoSuchMethodError'{0x000000070d4fef10}: 'int java.lang.invoke.DirectMethodHandle$Holder.invokeVirtual(java.lang.Object, java.lang.Object, java.lang.Object)'> (0x000000070d4fef10) 
thrown [s\open\src\hotspot\share\interpreter\linkResolver.cpp, line 796]
Event: 1.645 Thread 0x0000021f461a3450 Exception <a 'java/lang/NoSuchMethodError'{0x000000070d5025d8}: 'int java.lang.invoke.DirectMethodHandle$Holder.invokeVirtual(java.lang.Object, java.lang.Object)'> (0x000000070d5025d8) 
thrown [s\open\src\hotspot\share\interpreter\linkResolver.cpp, line 796]
Event: 1.645 Thread 0x0000021f461a3450 Exception <a 'java/lang/NoSuchMethodError'{0x000000070d5065c8}: 'int java.lang.invoke.DirectMethodHandle$Holder.invokeStaticInit(java.lang.Object, int, int)'> (0x000000070d5065c8) 
thrown [s\open\src\hotspot\share\interpreter\linkResolver.cpp, line 796]
Event: 1.645 Thread 0x0000021f461a3450 Exception <a 'java/lang/NoSuchMethodError'{0x000000070d50dad0}: 'int java.lang.invoke.DirectMethodHandle$Holder.invokeStaticInit(java.lang.Object, long, long)'> (0x000000070d50dad0) 
thrown [s\open\src\hotspot\share\interpreter\linkResolver.cpp, line 796]
Event: 1.646 Thread 0x0000021f461a3450 Exception <a 'java/lang/NoSuchMethodError'{0x000000070d514578}: 'int java.lang.invoke.DirectMethodHandle$Holder.invokeStaticInit(java.lang.Object, float, float)'> (0x000000070d514578) 
thrown [s\open\src\hotspot\share\interpreter\linkResolver.cpp, line 796]
Event: 1.646 Thread 0x0000021f461a3450 Exception <a 'java/lang/NoSuchMethodError'{0x000000070d51b018}: 'int java.lang.invoke.DirectMethodHandle$Holder.invokeStaticInit(java.lang.Object, double, double)'> (0x000000070d51b018) 
thrown [s\open\src\hotspot\share\interpreter\linkResolver.cpp, line 796]
Event: 1.646 Thread 0x0000021f461a3450 Exception <a 'java/lang/NoSuchMethodError'{0x000000070d51f4a8}: 'int java.lang.invoke.DirectMethodHandle$Holder.invokeStatic(java.lang.Object, long)'> (0x000000070d51f4a8) 
thrown [s\open\src\hotspot\share\interpreter\linkResolver.cpp, line 796]
Event: 1.647 Thread 0x0000021f461a3450 Exception <a 'java/lang/NoSuchMethodError'{0x000000070d541f98}: 'int java.lang.invoke.DirectMethodHandle$Holder.invokeSpecial(java.lang.Object, java.lang.Object, int)'> (0x000000070d541f98) 
thrown [s\open\src\hotspot\share\interpreter\linkResolver.cpp, line 796]
Event: 1.648 Thread 0x0000021f461a3450 Exception <a 'java/lang/NoSuchMethodError'{0x000000070d549388}: 'int java.lang.invoke.Invokers$Holder.linkToTargetMethod(java.lang.Object, java.lang.Object)'> (0x000000070d549388) 
thrown [s\open\src\hotspot\share\interpreter\linkResolver.cpp, line 796]
Event: 1.655 Thread 0x0000021f461a3450 Exception <a 'java/lang/NoSuchMethodError'{0x000000070d5fcc38}: 'java.lang.Object java.lang.invoke.DirectMethodHandle$Holder.invokeSpecial(java.lang.Object, java.lang.Object, int, java.lang.Object, java.lang.Object)'> (0x000000070d5fcc38) 
thrown [s\open\src\hotspot\share\interpreter\linkResolver.cpp, line 796]
Event: 1.655 Thread 0x0000021f461a3450 Exception <a 'java/lang/NoSuchMethodError'{0x000000070d2007d8}: 'java.lang.Object java.lang.invoke.DelegatingMethodHandle$Holder.delegate(java.lang.Object, int, java.lang.Object, java.lang.Object)'> (0x000000070d2007d8) 
thrown [s\open\src\hotspot\share\interpreter\linkResolver.cpp, line 796]
Event: 1.657 Thread 0x0000021f461a3450 Exception <a 'java/lang/NoSuchMethodError'{0x000000070d210068}: 'int java.lang.invoke.Invokers$Holder.linkToTargetMethod(java.lang.Object, java.lang.Object, java.lang.Object)'> (0x000000070d210068) 
thrown [s\open\src\hotspot\share\interpreter\linkResolver.cpp, line 796]

VM Operations (20 events):
Event: 1.125 Executing VM operation: HandshakeAllThreads (Deoptimize)
Event: 1.125 Executing VM operation: HandshakeAllThreads (Deoptimize) done
Event: 1.300 Executing VM operation: HandshakeAllThreads (Deoptimize)
Event: 1.300 Executing VM operation: HandshakeAllThreads (Deoptimize) done
Event: 1.321 Executing VM operation: G1CollectForAllocation (G1 Evacuation Pause)
Event: 1.325 Executing VM operation: G1CollectForAllocation (G1 Evacuation Pause) done
Event: 1.496 Executing VM operation: HandshakeAllThreads (Deoptimize)
Event: 1.496 Executing VM operation: HandshakeAllThreads (Deoptimize) done
Event: 1.496 Executing VM operation: HandshakeAllThreads (Deoptimize)
Event: 1.496 Executing VM operation: HandshakeAllThreads (Deoptimize) done
Event: 1.501 Executing VM operation: HandshakeAllThreads (Deoptimize)
Event: 1.501 Executing VM operation: HandshakeAllThreads (Deoptimize) done
Event: 1.535 Executing VM operation: HandshakeAllThreads (Deoptimize)
Event: 1.535 Executing VM operation: HandshakeAllThreads (Deoptimize) done
Event: 1.588 Executing VM operation: G1CollectForAllocation (G1 Evacuation Pause)
Event: 1.591 Executing VM operation: G1CollectForAllocation (G1 Evacuation Pause) done
Event: 1.649 Executing VM operation: HandshakeAllThreads (Deoptimize)
Event: 1.649 Executing VM operation: HandshakeAllThreads (Deoptimize) done
Event: 1.650 Executing VM operation: HandshakeAllThreads (Deoptimize)
Event: 1.650 Executing VM operation: HandshakeAllThreads (Deoptimize) done

Memory protections (0 events):
No events

Nmethod flushes (0 events):
No events

Events (20 events):
Event: 0.025 Thread 0x0000021f4f3b8550 Thread added: 0x0000021f41027cf0
Event: 0.076 Thread 0x0000021f4f3b8550 Thread added: 0x0000021f411462e0
Event: 0.082 Thread 0x0000021f41027cf0 Thread added: 0x0000021f41156120
Event: 0.083 Thread 0x0000021f41156120 Thread added: 0x0000021f41155a50
Event: 0.155 Thread 0x0000021f4f3b8550 Thread added: 0x0000021f415ab490
Event: 0.155 Thread 0x0000021f4f3b8550 Thread added: 0x0000021f415abb00
Event: 0.354 Thread 0x0000021f4f3b8550 Thread added: 0x0000021f4191c3c0
Event: 0.537 Thread 0x0000021f4f3b8550 Thread added: 0x0000021f46188350
Event: 0.539 Thread 0x0000021f46188350 Thread added: 0x0000021f461a3450
Event: 0.768 Thread 0x0000021f461a3450 Thread added: 0x0000021f46134220
Event: 0.863 Thread 0x0000021f41027cf0 Thread added: 0x0000021f41153f10
Event: 1.015 Thread 0x0000021f461a3450 Thread added: 0x0000021f468b5300
Event: 1.027 Thread 0x0000021f46134220 Thread exited: 0x0000021f46134220
Event: 1.051 Thread 0x0000021f468b5300 Thread exited: 0x0000021f468b5300
Event: 1.102 Thread 0x0000021f4191c3c0 Thread added: 0x0000021f469afd10
Event: 1.120 Thread 0x0000021f469afd10 Thread added: 0x0000021f46a02f50
Event: 1.124 Thread 0x0000021f469afd10 Thread added: 0x0000021f46a069a0
Event: 1.136 Thread 0x0000021f46a069a0 Thread exited: 0x0000021f46a069a0
Event: 1.638 Thread 0x0000021f469afd10 Thread added: 0x0000021f46b1a210
Event: 1.641 Thread 0x0000021f46b1a210 Thread exited: 0x0000021f46b1a210


Dynamic libraries:
0x00007ff676580000 - 0x00007ff67658e000 	C:\Users\Elisa\.jdks\openjdk-23.0.1\bin\java.exe
0x00007ff8d4de0000 - 0x00007ff8d5043000 	C:\WINDOWS\SYSTEM32\ntdll.dll
0x00007ff8d2e90000 - 0x00007ff8d2f57000 	C:\WINDOWS\System32\KERNEL32.DLL
0x00007ff8d21e0000 - 0x00007ff8d2590000 	C:\WINDOWS\System32\KERNELBASE.dll
0x00007ff8d2700000 - 0x00007ff8d284b000 	C:\WINDOWS\System32\ucrtbase.dll
0x00007ff8c0640000 - 0x00007ff8c0657000 	C:\Users\Elisa\.jdks\openjdk-23.0.1\bin\jli.dll
0x00007ff8ba060000 - 0x00007ff8ba07b000 	C:\Users\Elisa\.jdks\openjdk-23.0.1\bin\VCRUNTIME140.dll
0x00007ff8d4410000 - 0x00007ff8d45d3000 	C:\WINDOWS\System32\USER32.dll
0x00007ff8b81a0000 - 0x00007ff8b8430000 	C:\WINDOWS\WinSxS\amd64_microsoft.windows.common-controls_6595b64144ccf1df_6.0.26100.1882_none_3e0e949ae32eca40\COMCTL32.dll
0x00007ff8d26d0000 - 0x00007ff8d26f7000 	C:\WINDOWS\System32\win32u.dll
0x00007ff8d4cf0000 - 0x00007ff8d4d1a000 	C:\WINDOWS\System32\GDI32.dll
0x00007ff8d33a0000 - 0x00007ff8d3449000 	C:\WINDOWS\System32\msvcrt.dll
0x00007ff8d25a0000 - 0x00007ff8d26c3000 	C:\WINDOWS\System32\gdi32full.dll
0x00007ff8d2910000 - 0x00007ff8d29b3000 	C:\WINDOWS\System32\msvcp_win.dll
0x00007ff8d3200000 - 0x00007ff8d322f000 	C:\WINDOWS\System32\IMM32.DLL
0x00007ff8b8c10000 - 0x00007ff8b8c1c000 	C:\Users\Elisa\.jdks\openjdk-23.0.1\bin\vcruntime140_1.dll
0x00007ff880b30000 - 0x00007ff880bbe000 	C:\Users\Elisa\.jdks\openjdk-23.0.1\bin\msvcp140.dll
0x00007ff8416f0000 - 0x00007ff84243f000 	C:\Users\Elisa\.jdks\openjdk-23.0.1\bin\server\jvm.dll
0x00007ff8d3ad0000 - 0x00007ff8d3b84000 	C:\WINDOWS\System32\ADVAPI32.dll
0x00007ff8d41a0000 - 0x00007ff8d4246000 	C:\WINDOWS\System32\sechost.dll
0x00007ff8d30e0000 - 0x00007ff8d31f6000 	C:\WINDOWS\System32\RPCRT4.dll
0x00007ff8d4d20000 - 0x00007ff8d4d94000 	C:\WINDOWS\System32\WS2_32.dll
0x00007ff8d1950000 - 0x00007ff8d199e000 	C:\WINDOWS\SYSTEM32\POWRPROF.dll
0x00007ff8c88a0000 - 0x00007ff8c88d6000 	C:\WINDOWS\SYSTEM32\WINMM.dll
0x00007ff8ce380000 - 0x00007ff8ce38b000 	C:\WINDOWS\SYSTEM32\VERSION.dll
0x00007ff8d18e0000 - 0x00007ff8d18f4000 	C:\WINDOWS\SYSTEM32\UMPDC.dll
0x00007ff8d1040000 - 0x00007ff8d105a000 	C:\WINDOWS\SYSTEM32\kernel.appcore.dll
0x00007ff8b8c00000 - 0x00007ff8b8c0a000 	C:\Users\Elisa\.jdks\openjdk-23.0.1\bin\jimage.dll
0x00007ff8c76e0000 - 0x00007ff8c7921000 	C:\WINDOWS\SYSTEM32\DBGHELP.DLL
0x00007ff8d3e20000 - 0x00007ff8d419c000 	C:\WINDOWS\System32\combase.dll
0x00007ff8d42d0000 - 0x00007ff8d43a6000 	C:\WINDOWS\System32\OLEAUT32.dll
0x00007ff87dd00000 - 0x00007ff87dd39000 	C:\WINDOWS\SYSTEM32\dbgcore.DLL
0x00007ff8d2b40000 - 0x00007ff8d2bd9000 	C:\WINDOWS\System32\bcryptPrimitives.dll
0x00007ff8b7730000 - 0x00007ff8b773f000 	C:\Users\Elisa\.jdks\openjdk-23.0.1\bin\instrument.dll
0x00007ff8b8600000 - 0x00007ff8b861e000 	C:\Users\Elisa\.jdks\openjdk-23.0.1\bin\java.dll
0x00007ff8d3b90000 - 0x00007ff8d3d29000 	C:\WINDOWS\System32\ole32.dll
0x00007ff8d45f0000 - 0x00007ff8d4ce8000 	C:\WINDOWS\System32\SHELL32.dll
0x00007ff8cffc0000 - 0x00007ff8d07ea000 	C:\WINDOWS\SYSTEM32\windows.storage.dll
0x00007ff8d2f70000 - 0x00007ff8d3043000 	C:\WINDOWS\System32\SHCORE.dll
0x00007ff8d43b0000 - 0x00007ff8d440d000 	C:\WINDOWS\System32\shlwapi.dll
0x00007ff8d2100000 - 0x00007ff8d2129000 	C:\WINDOWS\SYSTEM32\profapi.dll
0x00007ff8af890000 - 0x00007ff8af8a7000 	C:\Users\Elisa\.jdks\openjdk-23.0.1\bin\zip.dll
0x00007ff8b7780000 - 0x00007ff8b7790000 	C:\Users\Elisa\.jdks\openjdk-23.0.1\bin\net.dll
0x00007ff8d1540000 - 0x00007ff8d15a8000 	C:\WINDOWS\system32\mswsock.dll
0x00007ff8b17d0000 - 0x00007ff8b17e6000 	C:\Users\Elisa\.jdks\openjdk-23.0.1\bin\nio.dll
0x00007ff8a7680000 - 0x00007ff8a769a000 	C:\Program Files\JetBrains\IntelliJ IDEA 2024.2.3\bin\breakgen64.dll
0x00007ff8b1720000 - 0x00007ff8b1729000 	C:\Users\Elisa\.jdks\openjdk-23.0.1\bin\extnet.dll
0x00007ff8d0b70000 - 0x00007ff8d0c8f000 	C:\WINDOWS\SYSTEM32\DNSAPI.dll
0x00007ff8d0a80000 - 0x00007ff8d0ab1000 	C:\WINDOWS\SYSTEM32\IPHLPAPI.DLL
0x00007ff8d2f60000 - 0x00007ff8d2f6a000 	C:\WINDOWS\System32\NSI.dll
0x00007ff8c9b40000 - 0x00007ff8c9b4b000 	C:\Windows\System32\rasadhlp.dll
0x00007ff8cd9c0000 - 0x00007ff8cda46000 	C:\WINDOWS\System32\fwpuclnt.dll
0x00007ff8b3940000 - 0x00007ff8b394a000 	C:\Users\Elisa\.jdks\openjdk-23.0.1\bin\management.dll
0x00007ff8b3050000 - 0x00007ff8b305b000 	C:\Users\Elisa\.jdks\openjdk-23.0.1\bin\management_ext.dll
0x00007ff8d2e80000 - 0x00007ff8d2e88000 	C:\WINDOWS\System32\PSAPI.DLL
0x00007ff8d1870000 - 0x00007ff8d188c000 	C:\WINDOWS\SYSTEM32\CRYPTSP.dll
0x00007ff8d0fa0000 - 0x00007ff8d0fd8000 	C:\WINDOWS\system32\rsaenh.dll
0x00007ff8d1650000 - 0x00007ff8d167b000 	C:\WINDOWS\SYSTEM32\USERENV.dll
0x00007ff8d1b30000 - 0x00007ff8d1b56000 	C:\WINDOWS\SYSTEM32\bcrypt.dll
0x00007ff8d1890000 - 0x00007ff8d189c000 	C:\WINDOWS\SYSTEM32\CRYPTBASE.dll
0x00007ff8a8be0000 - 0x00007ff8a8bf8000 	C:\WINDOWS\system32\napinsp.dll
0x00007ff892d30000 - 0x00007ff892d42000 	C:\WINDOWS\System32\winrnr.dll
0x00007ff8ce910000 - 0x00007ff8ce932000 	C:\WINDOWS\system32\nlansp_c.dll
0x00007ff8b1430000 - 0x00007ff8b1446000 	C:\WINDOWS\system32\wshbth.dll
0x00007ff8b17c0000 - 0x00007ff8b17ce000 	C:\Users\Elisa\.jdks\openjdk-23.0.1\bin\sunmscapi.dll
0x00007ff8d29c0000 - 0x00007ff8d2b36000 	C:\WINDOWS\System32\CRYPT32.dll
0x00007ff8d1af0000 - 0x00007ff8d1b20000 	C:\WINDOWS\SYSTEM32\ncrypt.dll
0x00007ff8d1aa0000 - 0x00007ff8d1adf000 	C:\WINDOWS\SYSTEM32\NTASN1.dll

dbghelp: loaded successfully - version: 4.0.5 - missing functions: none
symbol engine: initialized successfully - sym options: 0x614 - pdb path: .;C:\Users\Elisa\.jdks\openjdk-23.0.1\bin;C:\WINDOWS\SYSTEM32;C:\WINDOWS\WinSxS\amd64_microsoft.windows.common-controls_6595b64144ccf1df_6.0.26100.1882_none_3e0e949ae32eca40;C:\Users\Elisa\.jdks\openjdk-23.0.1\bin\server;C:\Program Files\JetBrains\IntelliJ IDEA 2024.2.3\bin

VM Arguments:
jvm_args: -XX:TieredStopAtLevel=1 -Dspring.output.ansi.enabled=always -Dcom.sun.management.jmxremote -Dspring.jmx.enabled=true -Dspring.liveBeansView.mbeanDomain -Dspring.application.admin.enabled=true -Dmanagement.endpoints.jmx.exposure.include=* -javaagent:C:\Program Files\JetBrains\IntelliJ IDEA 2024.2.3\lib\idea_rt.jar=61899:C:\Program Files\JetBrains\IntelliJ IDEA 2024.2.3\bin -Dfile.encoding=UTF-8 -Dsun.stdout.encoding=UTF-8 -Dsun.stderr.encoding=UTF-8 
java_command: com.example.skills_project.SkillsProjectApplication
java_class_path (initial): C:\Users\Elisa\Desktop\skills-back-neki-main\target\classes;C:\Users\Elisa\.m2\repository\org\springframework\boot\spring-boot-starter-web\3.3.2\spring-boot-starter-web-3.3.2.jar;C:\Users\Elisa\.m2\repository\org\springframework\boot\spring-boot-starter\3.3.2\spring-boot-starter-3.3.2.jar;C:\Users\Elisa\.m2\repository\org\springframework\boot\spring-boot-starter-logging\3.3.2\spring-boot-starter-logging-3.3.2.jar;C:\Users\Elisa\.m2\repository\ch\qos\logback\logback-classic\1.5.6\logback-classic-1.5.6.jar;C:\Users\Elisa\.m2\repository\ch\qos\logback\logback-core\1.5.6\logback-core-1.5.6.jar;C:\Users\Elisa\.m2\repository\org\apache\logging\log4j\log4j-to-slf4j\2.23.1\log4j-to-slf4j-2.23.1.jar;C:\Users\Elisa\.m2\repository\org\apache\logging\log4j\log4j-api\2.23.1\log4j-api-2.23.1.jar;C:\Users\Elisa\.m2\repository\org\slf4j\jul-to-slf4j\2.0.13\jul-to-slf4j-2.0.13.jar;C:\Users\Elisa\.m2\repository\jakarta\annotation\jakarta.annotation-api\2.1.1\jakarta.annotation-api-2.1.1.jar;C:\Users\Elisa\.m2\repository\org\yaml\snakeyaml\2.2\snakeyaml-2.2.jar;C:\Users\Elisa\.m2\repository\org\springframework\boot\spring-boot-starter-json\3.3.2\spring-boot-starter-json-3.3.2.jar;C:\Users\Elisa\.m2\repository\com\fasterxml\jackson\datatype\jackson-datatype-jdk8\2.17.2\jackson-datatype-jdk8-2.17.2.jar;C:\Users\Elisa\.m2\repository\com\fasterxml\jackson\datatype\jackson-datatype-jsr310\2.17.2\jackson-datatype-jsr310-2.17.2.jar;C:\Users\Elisa\.m2\repository\com\fasterxml\jackson\module\jackson-module-parameter-names\2.17.2\jackson-module-parameter-names-2.17.2.jar;C:\Users\Elisa\.m2\repository\org\springframework\boot\spring-boot-starter-tomcat\3.3.2\spring-boot-starter-tomcat-3.3.2.jar;C:\Users\Elisa\.m2\repository\org\apache\tomcat\embed\tomcat-embed-core\10.1.26\tomcat-embed-core-10.1.26.jar;C:\Users\Elisa\.m2\repository\org\apache\tomcat\embed\tomcat-embed-el\10.1.26\tomcat-embed-el-10.1.26.jar;C:\Users\Elisa\.m2\repository\org\apache\tomcat\embed\tomcat-embed-websocket\10.1.26\tomcat-embed-websocket-10.1.26.jar;C:\Users\Elisa\.m2\repository\org\springframework\spring-web\6.1.11\spring-web-6.1.11.jar;C:\Users\Elisa\.m2\repository\org\springframework\spring-beans\6.1.11\spring-beans-6.1.11.jar;C:\Users\Elisa\.m2\repository\io\micrometer\micrometer-observation\1.13.2\micrometer-observation-1.13.2.jar;C:\Users\Elisa\.m2\repository\io\micrometer\micrometer-commons\1.13.2\micrometer-commons-1.13.2.jar;C:\Users\Elisa\.m2\repository\org\springframework\spring-webmvc\6.1.11\spring-webmvc-6.1.11.jar;C:\Users\Elisa\.m2\repository\org\springframework\spring-context\6.1.11\spring-context-6.1.11.jar;C:\Users\Elisa\.m2\repository\org\springframework\spring-expression\6.1.11\spring-expression-6.1.11.jar;C:\Users\Elisa\.m2\repository\org\springframework\boot\spring-boot-devtools\3.3.2\spring-boot-devtools-3.3.2.jar;C:\Users\Elisa\.m2\repository\org\springframework\boot\spring-boot\3.3.2\spring-boot-3.3.2.jar;C:\Users\Elisa\.m2\repository\org\springframework\boot\spring-boot-autoconfigure\3.3.2\spring-boot-autoconfigure-3.3.2.jar;C:\Users\Elisa\.m2\repository\org\projectlombok\lombok\1.18.34\lombok-1.18.34.jar;C:\Users\Elisa\.m2\repository\org\slf4j\slf4j-api\2.0.13\slf4j-api-2.0.13.jar;C:\Users\Elisa\.m2\repository\jakarta\xml\bind\jakarta.xml.bind-api\4.0.2\jakarta.xml.bind-api-4.0.2.jar;C:\Users\Elisa\.m2\repository\jakarta\activation\jakarta.activation-api\2.1.3\jakarta.activation-api-2.1.3.jar;C:\Users\Elisa\.m2\repository\net\bytebuddy\byte-buddy\1.14.18\byte-buddy-1.14.18.jar;C:\Users\Elisa\.m2\repository\org\springframework\spring-core\6.1.11\spring-core-6.1.11.jar;C:\Users\Elisa\.m2\repository\org\springframework\spring-jcl\6.1.11\spring-jcl-6.1.11.jar;C:\Users\Elisa\.m2\repository\org\springframework\boot\spring-boot-starter-data-jpa\3.3.2\spring-boot-starter-data-jpa-3.3.2.jar;C:\Users\Elisa\.m2\repository\org\springframework\boot\spring-boot-starter-aop\3.3.2\spring-boot-starter-aop-3.3.2.jar;C:\Users\Elisa\.m2\repository\org\aspectj\aspectjweaver\1.9.22.1\aspectjweaver-1.9.22.1.jar;C:\Users\Elisa\.m2\repository\org\springframework\boot\spring-boot-starter-jdbc\3.3.2\spring-boot-starter-jdbc-3.3.2.jar;C:\Users\Elisa\.m2\repository\com\zaxxer\HikariCP\5.1.0\HikariCP-5.1.0.jar;C:\Users\Elisa\.m2\repository\org\springframework\spring-jdbc\6.1.11\spring-jdbc-6.1.11.jar;C:\Users\Elisa\.m2\repository\org\hibernate\orm\hibernate-core\6.5.2.Final\hibernate-core-6.5.2.Final.jar;C:\Users\Elisa\.m2\repository\jakarta\persistence\jakarta.persistence-api\3.1.0\jakarta.persistence-api-3.1.0.jar;C:\Users\Elisa\.m2\repository\jakarta\transaction\jakarta.transaction-api\2.0.1\jakarta.transaction-api-2.0.1.jar;C:\Users\Elisa\.m2\repository\org\jboss\logging\jboss-logging\3.5.3.Final\jboss-logging-3.5.3.Final.jar;C:\Users\Elisa\.m2\repository\org\hibernate\common\hibernate-commons-annotations\6.0.6.Final\hibernate-commons-annotations-6.0.6.Final.jar;C:\Users\Elisa\.m2\repository\io\smallrye\jandex\3.1.2\jandex-3.1.2.jar;C:\Users\Elisa\.m2\repository\com\fasterxml\classmate\1.7.0\classmate-1.7.0.jar;C:\Users\Elisa\.m2\repository\org\glassfish\jaxb\jaxb-runtime\4.0.5\jaxb-runtime-4.0.5.jar;C:\Users\Elisa\.m2\repository\org\glassfish\jaxb\jaxb-core\4.0.5\jaxb-core-4.0.5.jar;C:\Users\Elisa\.m2\repository\org\eclipse\angus\angus-activation\2.0.2\angus-activation-2.0.2.jar;C:\Users\Elisa\.m2\repository\org\glassfish\jaxb\txw2\4.0.5\txw2-4.0.5.jar;C:\Users\Elisa\.m2\repository\com\sun\istack\istack-commons-runtime\4.1.2\istack-commons-runtime-4.1.2.jar;C:\Users\Elisa\.m2\repository\jakarta\inject\jakarta.inject-api\2.0.1\jakarta.inject-api-2.0.1.jar;C:\Users\Elisa\.m2\repository\org\antlr\antlr4-runtime\4.13.0\antlr4-runtime-4.13.0.jar;C:\Users\Elisa\.m2\repository\org\springframework\data\spring-data-jpa\3.3.2\spring-data-jpa-3.3.2.jar;C:\Users\Elisa\.m2\repository\org\springframework\data\spring-data-commons\3.3.2\spring-data-commons-3.3.2.jar;C:\Users\Elisa\.m2\repository\org\springframework\spring-orm\6.1.11\spring-orm-6.1.11.jar;C:\Users\Elisa\.m2\repository\org\springframework\spring-tx\6.1.11\spring-tx-6.1.11.jar;C:\Users\Elisa\.m2\repository\org\springframework\spring-aspects\6.1.11\spring-aspects-6.1.11.jar;C:\Users\Elisa\.m2\repository\org\postgresql\postgresql\42.7.3\postgresql-42.7.3.jar;C:\Users\Elisa\.m2\repository\org\checkerframework\checker-qual\3.42.0\checker-qual-3.42.0.jar;C:\Users\Elisa\.m2\repository\org\springframework\boot\spring-boot-starter-security\3.3.2\spring-boot-starter-security-3.3.2.jar;C:\Users\Elisa\.m2\repository\org\springframework\spring-aop\6.1.11\spring-aop-6.1.11.jar;C:\Users\Elisa\.m2\repository\org\springframework\security\spring-security-config\6.3.1\spring-security-config-6.3.1.jar;C:\Users\Elisa\.m2\repository\org\springframework\security\spring-security-web\6.3.1\spring-security-web-6.3.1.jar;C:\Users\Elisa\.m2\repository\org\springframework\security\spring-security-core\6.3.1\spring-security-core-6.3.1.jar;C:\Users\Elisa\.m2\repository\org\springframework\security\spring-security-crypto\6.3.1\spring-security-crypto-6.3.1.jar;C:\Users\Elisa\.m2\repository\org\flywaydb\flyway-core\10.10.0\flyway-core-10.10.0.jar;C:\Users\Elisa\.m2\repository\com\fasterxml\jackson\dataformat\jackson-dataformat-toml\2.17.2\jackson-dataformat-toml-2.17.2.jar;C:\Users\Elisa\.m2\repository\com\fasterxml\jackson\core\jackson-core\2.17.2\jackson-core-2.17.2.jar;C:\Users\Elisa\.m2\repository\com\google\code\gson\gson\2.10.1\gson-2.10.1.jar;C:\Users\Elisa\.m2\repository\org\flywaydb\flyway-database-postgresql\10.10.0\flyway-database-postgresql-10.10.0.jar;C:\Users\Elisa\.m2\repository\jakarta\validation\jakarta.validation-api\3.0.2\jakarta.validation-api-3.0.2.jar;C:\Users\Elisa\.m2\repository\com\auth0\java-jwt\4.4.0\java-jwt-4.4.0.jar;C:\Users\Elisa\.m2\repository\com\fasterxml\jackson\core\jackson-databind\2.17.2\jackson-databind-2.17.2.jar;C:\Users\Elisa\.m2\repository\com\fasterxml\jackson\core\jackson-annotations\2.17.2\jackson-annotations-2.17.2.jar;C:\Users\Elisa\.m2\repository\org\springdoc\springdoc-openapi-starter-webmvc-ui\2.6.0\springdoc-openapi-starter-webmvc-ui-2.6.0.jar;C:\Users\Elisa\.m2\repository\org\springdoc\springdoc-openapi-starter-webmvc-api\2.6.0\springdoc-openapi-starter-webmvc-api-2.6.0.jar;C:\Users\Elisa\.m2\repository\org\springdoc\springdoc-openapi-starter-common\2.6.0\springdoc-openapi-starter-common-2.6.0.jar;C:\Users\Elisa\.m2\repository\io\swagger\core\v3\swagger-core-jakarta\2.2.22\swagger-core-jakarta-2.2.22.jar;C:\Users\Elisa\.m2\repository\org\apache\commons\commons-lang3\3.14.0\commons-lang3-3.14.0.jar;C:\Users\Elisa\.m2\repository\io\swagger\core\v3\swagger-annotations-jakarta\2.2.22\swagger-annotations-jakarta-2.2.22.jar;C:\Users\Elisa\.m2\repository\io\swagger\core\v3\swagger-models-jakarta\2.2.22\swagger-models-jakarta-2.2.22.jar;C:\Users\Elisa\.m2\repository\com\fasterxml\jackson\dataformat\jackson-dataformat-yaml\2.17.2\jackson-dataformat-yaml-2.17.2.jar;C:\Users\Elisa\.m2\repository\org\webjars\swagger-ui\5.17.14\swagger-ui-5.17.14.jar
Launcher Type: SUN_STANDARD

[Global flags]
     intx CICompilerCount                          = 4                                         {product} {ergonomic}
     uint ConcGCThreads                            = 3                                         {product} {ergonomic}
     uint G1ConcRefinementThreads                  = 10                                        {product} {ergonomic}
   size_t G1HeapRegionSize                         = 2097152                                   {product} {ergonomic}
   size_t InitialHeapSize                          = 268435456                                 {product} {ergonomic}
     bool ManagementServer                         = true                                      {product} {command line}
   size_t MarkStackSize                            = 4194304                                   {product} {ergonomic}
   size_t MarkStackSizeMax                         = 536870912                                 {product} {ergonomic}
   size_t MaxHeapSize                              = 4282384384                                {product} {ergonomic}
   size_t MaxNewSize                               = 2569011200                                {product} {ergonomic}
   size_t MinHeapDeltaBytes                        = 2097152                                   {product} {ergonomic}
   size_t MinHeapSize                              = 8388608                                   {product} {ergonomic}
    uintx NonNMethodCodeHeapSize                   = 4096                                   {pd product} {ergonomic}
    uintx NonProfiledCodeHeapSize                  = 0                                      {pd product} {ergonomic}
     bool ProfileInterpreter                       = false                                  {pd product} {command line}
    uintx ProfiledCodeHeapSize                     = 0                                      {pd product} {ergonomic}
   size_t SoftMaxHeapSize                          = 4282384384                             {manageable} {ergonomic}
     intx TieredStopAtLevel                        = 1                                         {product} {command line}
     bool UseCompressedOops                        = true                           {product lp64_product} {ergonomic}
     bool UseG1GC                                  = true                                      {product} {ergonomic}
     bool UseLargePagesIndividualAllocation        = false                                  {pd product} {ergonomic}

Logging:
Log output configuration:
 #0: stdout all=warning uptime,level,tags foldmultilines=false
 #1: stderr all=off uptime,level,tags foldmultilines=false

Environment Variables:
PATH=C:\WINDOWS\system32;C:\WINDOWS;C:\WINDOWS\System32\Wbem;C:\WINDOWS\System32\WindowsPowerShell\v1.0\;C:\WINDOWS\System32\OpenSSH\;C:\Program Files\Microsoft VS Code\bin;C:\ProgramData\chocolatey\bin;C:\Program Files\nodejs\;C:\Program Files\Git\cmd;C:\Users\Elisa\AppData\Local\Microsoft\WindowsApps;C:\Users\Elisa\AppData\Roaming\npm
USERNAME=Elisa
OS=Windows_NT
PROCESSOR_IDENTIFIER=AMD64 Family 23 Model 113 Stepping 0, AuthenticAMD
TMP=C:\Users\Elisa\AppData\Local\Temp
TEMP=C:\Users\Elisa\AppData\Local\Temp




Periodic native trim disabled

---------------  S Y S T E M  ---------------

OS:
 Windows 11 , 64 bit Build 26100 (10.0.26100.1882)
OS uptime: 4 days 0:28 hours

CPU: total 12 (initial active 12) (12 cores per cpu, 2 threads per core) family 23 model 113 stepping 0 microcode 0x8701013, cx8, cmov, fxsr, ht, mmx, 3dnowpref, sse, sse2, sse3, ssse3, sse4a, sse4.1, sse4.2, popcnt, lzcnt, tsc, tscinvbit, avx, avx2, aes, clmul, bmi1, bmi2, adx, sha, fma, vzeroupper, clflush, clflushopt, rdtscp, rdpid, f16c
Processor Information for the first 12 processors :
  Max Mhz: 3793, Current Mhz: 3793, Mhz Limit: 3793

Memory: 4k page, system-wide physical 16332M (4044M free)
TotalPageFile size 17932M (AvailPageFile size 1021M)
current process WorkingSet (physical memory assigned to process): 144M, peak: 149M
current process commit charge ("private bytes"): 192M, peak: 386M

vm_info: OpenJDK 64-Bit Server VM (23.0.1+11-39) for windows-amd64 JRE (23.0.1+11-39), built on 2024-09-30T07:20:43Z with MS VC++ 17.6 (VS2022)

END.
