#
# A fatal error has been detected by the Java Runtime Environment:
#
#  EXCEPTION_ACCESS_VIOLATION (0xc0000005) at pc=0x00007ffbdab0e029, pid=19120, tid=9620
#
# JRE version: OpenJDK Runtime Environment (22.0.2+9) (build 22.0.2+9-70)
# Java VM: OpenJDK 64-Bit Server VM (22.0.2+9-70, mixed mode, sharing, tiered, compressed oops, compressed class ptrs, g1 gc, windows-amd64)
# Problematic frame:
# V  [jvm.dll+0x5ee029]
#
# No core dump will be written. Minidumps are not enabled by default on client versions of Windows
#
# If you would like to submit a bug report, please visit:
#   https://bugreport.java.com/bugreport/crash.jsp
#

---------------  S U M M A R Y ------------

Command Line: -Dmaven.multiModuleProjectDirectory=C:\Users\Usuário\Desktop\skills-project -Djansi.passthrough=true -Dmaven.home=C:\Users\Usuário\.m2\wrapper\dists\apache-maven-3.9.7-bin\3k9n615lchs6mp84v355m633uo\apache-maven-3.9.7 -Dclassworlds.conf=C:\Users\Usuário\.m2\wrapper\dists\apache-maven-3.9.7-bin\3k9n615lchs6mp84v355m633uo\apache-maven-3.9.7\bin\m2.conf -Dmaven.ext.class.path=C:\Program Files\JetBrains\IntelliJ IDEA 2024.1.4\plugins\maven\lib\maven-event-listener.jar -javaagent:C:\Program Files\JetBrains\IntelliJ IDEA 2024.1.4\lib\idea_rt.jar=55242:C:\Program Files\JetBrains\IntelliJ IDEA 2024.1.4\bin -Dfile.encoding=UTF-8 -Dsun.stdout.encoding=UTF-8 -Dsun.stderr.encoding=UTF-8 org.codehaus.classworlds.Launcher -Didea.version=2024.1.4 package

Host: AMD Ryzen 5 3600X 6-Core Processor             , 12 cores, 15G,  Windows 10 , 64 bit Build 19041 (10.0.19041.4597)
Time: Mon Aug 19 14:51:35 2024 Hora oficial do Brasil elapsed time: 8.219238 seconds (0d 0h 0m 8s)

---------------  T H R E A D  ---------------

Current thread (0x0000023ae77c72c0):  JavaThread "C2 CompilerThread2" daemon [_thread_in_native, id=9620, stack(0x000000937a300000,0x000000937a400000) (1024K)]


Current CompileTask:
C2:8219 5760       4       java.util.Collections$UnmodifiableMap$UnmodifiableEntrySet$1::hasNext (10 bytes)

Stack: [0x000000937a300000,0x000000937a400000],  sp=0x000000937a3fc8b0,  free space=1010k
Native frames: (J=compiled Java code, j=interpreted, Vv=VM code, C=native code)
V  [jvm.dll+0x5ee029]  (no source info available)
V  [jvm.dll+0x1df362]  (no source info available)
V  [jvm.dll+0x24793c]  (no source info available)
V  [jvm.dll+0x246e9f]  (no source info available)
V  [jvm.dll+0x1c4e80]  (no source info available)
V  [jvm.dll+0x2568f3]  (no source info available)
V  [jvm.dll+0x254baa]  (no source info available)
V  [jvm.dll+0x3f57a6]  (no source info available)
V  [jvm.dll+0x81dc0b]  (no source info available)
V  [jvm.dll+0x6e0d85]  (no source info available)
C  [ucrtbase.dll+0x21bb2]  (no source info available)
C  [KERNEL32.DLL+0x17374]  (no source info available)
C  [ntdll.dll+0x4cc91]  (no source info available)


siginfo: EXCEPTION_ACCESS_VIOLATION (0xc0000005), writing address 0x000000000000000c


Registers:
RAX=0x000000000000000c, RBX=0x0000023af0a48a38, RCX=0x0000023aefd17f20, RDX=0x0000023af1170e80
RSP=0x000000937a3fc8b0, RBP=0x000000937a3fc949, RSI=0x0000000000000000, RDI=0x000000937a3fcaf0
R8 =0x0000000000000001, R9 =0x0000000000000000, R10=0x0000023aefd17f20, R11=0x00007ffbdb164a10
R12=0x0000023aefd17f20, R13=0x0000000000000001, R14=0x0000000000000000, R15=0x0000000000000001
RIP=0x00007ffbdab0e029, EFLAGS=0x0000000000010246


Register to memory mapping:

RAX=0x000000000000000c is an unknown value
RBX=0x0000023af0a48a38 points into unknown readable memory: 0x0000000100000002 | 02 00 00 00 01 00 00 00
RCX=0x0000023aefd17f20 points into unknown readable memory: 0x00007ffbdaed5580 | 80 55 ed da fb 7f 00 00
RDX=0x0000023af1170e80 points into unknown readable memory: 0x000000000000000c | 0c 00 00 00 00 00 00 00
RSP=0x000000937a3fc8b0 is pointing into the stack for thread: 0x0000023ae77c72c0
RBP=0x000000937a3fc949 is pointing into the stack for thread: 0x0000023ae77c72c0
RSI=0x0 is null
RDI=0x000000937a3fcaf0 is pointing into the stack for thread: 0x0000023ae77c72c0
R8 =0x0000000000000001 is an unknown value
R9 =0x0 is null
R10=0x0000023aefd17f20 points into unknown readable memory: 0x00007ffbdaed5580 | 80 55 ed da fb 7f 00 00
R11=0x00007ffbdb164a10 jvm.dll
R12=0x0000023aefd17f20 points into unknown readable memory: 0x00007ffbdaed5580 | 80 55 ed da fb 7f 00 00
R13=0x0000000000000001 is an unknown value
R14=0x0 is null
R15=0x0000000000000001 is an unknown value

Top of Stack: (sp=0x000000937a3fc8b0)
0x000000937a3fc8b0:   0000000000000016 000000937a3fc8f0
0x000000937a3fc8c0:   0000023aefd175a0 000000937a3fc949
0x000000937a3fc8d0:   000000937a3fc940 00007ffbdac51dae
0x000000937a3fc8e0:   0000023aefd17f20 0000023af04fe3b0
0x000000937a3fc8f0:   0000023a00000008 0000023aefbd69f0
0x000000937a3fc900:   0000023af0a489f0 00007ffb00000000
0x000000937a3fc910:   0000023af0a48718 0000023aefbd69f0
0x000000937a3fc920:   0000023af0a48050 0000000000010388
0x000000937a3fc930:   0000023af0a482b8 0000023af0a50038
0x000000937a3fc940:   0000023a00000002 0000023af0a48a30
0x000000937a3fc950:   0000000000000002 0000023aefbd69f0
0x000000937a3fc960:   0000000000001290 0000023af05cf370
0x000000937a3fc970:   000000937a3fcf00 0000000000000001
0x000000937a3fc980:   0000023af05cf380 00000000000003d8
0x000000937a3fc990:   0000023af05cf758 000000937a3fce20
0x000000937a3fc9a0:   000000937a3fcab0 00007ffbda6ff362
0x000000937a3fc9b0:   0000009300000008 0000009300000001
0x000000937a3fc9c0:   0000023af0a48a38 0000023af04fe360
0x000000937a3fc9d0:   0000023af0a48700 0000009300000002
0x000000937a3fc9e0:   0000000100000007 0000023af05cf370
0x000000937a3fc9f0:   0000023af116dda0 0000023af1170fb0
0x000000937a3fca00:   0000023af1175d88 00000000000083b0
0x000000937a3fca10:   0000023af05cf380 0000000000000000
0x000000937a3fca20:   0000000000000000 0000000000000000
0x000000937a3fca30:   0000000000000000 0000000000000000
0x000000937a3fca40:   0000000000007fd8 00007ffbdaee9e88
0x000000937a3fca50:   0000000000000000 000000937a3fe300
0x000000937a3fca60:   0000000000000000 00007ffbdaee9e88
0x000000937a3fca70:   0000023a00000000 0000000000000204
0x000000937a3fca80:   000000000000000c 000000937a3fe300
0x000000937a3fca90:   0000023af116ddb0 0000023aefbd6900
0x000000937a3fcaa0:   0000023af116ef30 0000023a0000001c 

Instructions: (pc=0x00007ffbdab0e029)
0x00007ffbdab0df29:   89 65 6f 45 8b fc 41 83 fc 01 0f 87 5b fe ff ff
0x00007ffbdab0df39:   eb 04 44 8b 7d 6f 4c 8b 65 97 45 8b f7 45 85 ff
0x00007ffbdab0df49:   0f 84 d5 00 00 00 90 41 8d 46 ff 44 8b f0 41 3b
0x00007ffbdab0df59:   44 24 18 73 0d 8b c8 49 8b 44 24 20 48 8b 14 c8
0x00007ffbdab0df69:   eb 02 33 d2 48 8b 47 40 48 63 52 28 48 8b 48 08
0x00007ffbdab0df79:   8b 34 91 85 f6 74 59 49 8b 45 08 8b ce 48 c1 e9
0x00007ffbdab0df89:   08 8b de 4c 8b 04 c8 4d 3b c3 75 14 8b d6 49 8b
0x00007ffbdab0df99:   cd e8 b1 25 dd ff 4c 8b c0 4c 8d 1d 67 6a 65 00
0x00007ffbdab0dfa9:   0f b6 cb ba 01 00 00 00 48 c1 eb 06 80 e1 3f 83
0x00007ffbdab0dfb9:   e3 03 48 d3 e2 49 8b 0c d8 48 8b c1 48 0b c2 49
0x00007ffbdab0dfc9:   89 04 d8 48 8b 5d 77 48 85 ca 75 04 41 ff 45 00
0x00007ffbdab0dfd9:   48 8b 43 08 48 8b ce 48 c1 e9 08 4c 8b ce 49 c1
0x00007ffbdab0dfe9:   e9 06 41 b8 01 00 00 00 41 83 e1 03 48 8b 14 c8
0x00007ffbdab0dff9:   40 0f b6 ce 80 e1 3f 49 d3 e0 49 8b c0 4a 8b 0c
0x00007ffbdab0e009:   ca 48 f7 d0 48 23 c1 4a 89 04 ca 49 85 c8 74 02
0x00007ffbdab0e019:   ff 0b 45 85 f6 0f 85 2c ff ff ff 49 8b cc 41 bd
0x00007ffbdab0e029:   01 00 00 00 e8 fe 49 b5 ff 41 3b c5 0f 86 f6 01
0x00007ffbdab0e039:   00 00 0f 1f 44 00 00 41 83 7c 24 18 00 76 0a 49
0x00007ffbdab0e049:   8b 44 24 20 48 8b 08 eb 02 33 c9 41 8b c5 4c 8b
0x00007ffbdab0e059:   cb 4c 8d 34 c5 00 00 00 00 48 8b 41 08 4c 89 75
0x00007ffbdab0e069:   97 4a 8b 0c 30 48 8b 47 38 8b 51 28 48 8b 48 78
0x00007ffbdab0e079:   48 8d 45 f7 48 89 44 24 20 48 8b 34 d1 48 8d 55
0x00007ffbdab0e089:   a7 4c 8b c6 48 8b cf e8 0b f7 ff ff 83 7d 6f 00
0x00007ffbdab0e099:   0f 86 7a 01 00 00 90 41 8d 47 ff 44 8b f8 41 3b
0x00007ffbdab0e0a9:   44 24 18 73 0d 8b c8 49 8b 44 24 20 48 8b 04 c8
0x00007ffbdab0e0b9:   eb 02 33 c0 44 3b 68 18 0f 83 45 01 00 00 48 8b
0x00007ffbdab0e0c9:   40 08 4a 8b 0c 30 48 8b 47 40 48 63 51 28 48 8b
0x00007ffbdab0e0d9:   48 08 8b 46 4c ff c8 44 8b 34 91 41 8b d6 48 8d
0x00007ffbdab0e0e9:   0c 80 48 c1 e1 05 48 03 4f 10 e8 38 d4 dc ff 84
0x00007ffbdab0e0f9:   c0 0f 84 08 01 00 00 44 8b 5e 4c 45 8b c6 49 c1
0x00007ffbdab0e109:   e8 08 45 8b ce 49 c1 e9 06 41 83 e1 03 41 8d 43
0x00007ffbdab0e119:   ff 48 8d 0c 80 8b d8 48 8b 47 20 48 c1 e1 05 48 


Stack slot to memory mapping:

stack at sp + 0 slots: 0x0000000000000016 is an unknown value
stack at sp + 1 slots: 0x000000937a3fc8f0 is pointing into the stack for thread: 0x0000023ae77c72c0
stack at sp + 2 slots: 0x0000023aefd175a0 points into unknown readable memory: 0x00007ffbdaed5580 | 80 55 ed da fb 7f 00 00
stack at sp + 3 slots: 0x000000937a3fc949 is pointing into the stack for thread: 0x0000023ae77c72c0
stack at sp + 4 slots: 0x000000937a3fc940 is pointing into the stack for thread: 0x0000023ae77c72c0
stack at sp + 5 slots: 0x00007ffbdac51dae jvm.dll
stack at sp + 6 slots: 0x0000023aefd17f20 points into unknown readable memory: 0x00007ffbdaed5580 | 80 55 ed da fb 7f 00 00
stack at sp + 7 slots: 0x0000023af04fe3b0 points into unknown readable memory: 0x8000001600000001 | 01 00 00 00 16 00 00 80


---------------  P R O C E S S  ---------------

Threads class SMR info:
_java_thread_list=0x0000023aefa6ff30, length=15, elements={
0x0000023ac82b7b80, 0x0000023ae77a1740, 0x0000023ae77a3570, 0x0000023ae77a9350,
0x0000023ae77b05b0, 0x0000023ae77b0c20, 0x0000023ae77b1290, 0x0000023ae77c49a0,
0x0000023ae77c5780, 0x0000023ac52046a0, 0x0000023ac53ab110, 0x0000023ac53b1110,
0x0000023af0b6fb20, 0x0000023ae77c8730, 0x0000023ae77c72c0
}

Java Threads: ( => current thread )
  0x0000023ac82b7b80 JavaThread "main"                              [_thread_in_Java, id=6340, stack(0x0000009378f00000,0x0000009379000000) (1024K)]
  0x0000023ae77a1740 JavaThread "Reference Handler"          daemon [_thread_blocked, id=22776, stack(0x0000009379700000,0x0000009379800000) (1024K)]
  0x0000023ae77a3570 JavaThread "Finalizer"                  daemon [_thread_blocked, id=3452, stack(0x0000009379800000,0x0000009379900000) (1024K)]
  0x0000023ae77a9350 JavaThread "Signal Dispatcher"          daemon [_thread_blocked, id=17604, stack(0x0000009379900000,0x0000009379a00000) (1024K)]
  0x0000023ae77b05b0 JavaThread "Attach Listener"            daemon [_thread_blocked, id=15184, stack(0x0000009379a00000,0x0000009379b00000) (1024K)]
  0x0000023ae77b0c20 JavaThread "Service Thread"             daemon [_thread_blocked, id=8328, stack(0x0000009379b00000,0x0000009379c00000) (1024K)]
  0x0000023ae77b1290 JavaThread "Monitor Deflation Thread"   daemon [_thread_blocked, id=19848, stack(0x0000009379c00000,0x0000009379d00000) (1024K)]
  0x0000023ae77c49a0 JavaThread "C2 CompilerThread0"         daemon [_thread_blocked, id=21524, stack(0x0000009379d00000,0x0000009379e00000) (1024K)]
  0x0000023ae77c5780 JavaThread "C1 CompilerThread0"         daemon [_thread_blocked, id=20900, stack(0x0000009379e00000,0x0000009379f00000) (1024K)]
  0x0000023ac52046a0 JavaThread "Common-Cleaner"             daemon [_thread_blocked, id=12904, stack(0x0000009379f00000,0x000000937a000000) (1024K)]
  0x0000023ac53ab110 JavaThread "Monitor Ctrl-Break"         daemon [_thread_in_native, id=11540, stack(0x000000937a000000,0x000000937a100000) (1024K)]
  0x0000023ac53b1110 JavaThread "Notification Thread"        daemon [_thread_blocked, id=10208, stack(0x000000937a100000,0x000000937a200000) (1024K)]
  0x0000023af0b6fb20 JavaThread "Thread-1"                   daemon [_thread_blocked, id=960, stack(0x000000937ad00000,0x000000937ae00000) (1024K)]
  0x0000023ae77c8730 JavaThread "C2 CompilerThread1"         daemon [_thread_blocked, id=2328, stack(0x000000937a200000,0x000000937a300000) (1024K)]
=>0x0000023ae77c72c0 JavaThread "C2 CompilerThread2"         daemon [_thread_in_native, id=9620, stack(0x000000937a300000,0x000000937a400000) (1024K)]
Total: 15

Other Threads:
  0x0000023ae7786590 VMThread "VM Thread"                           [id=16588, stack(0x0000009379600000,0x0000009379700000) (1024K)]
  0x0000023ae7771ba0 WatcherThread "VM Periodic Task Thread"        [id=15708, stack(0x0000009379500000,0x0000009379600000) (1024K)]
  0x0000023ac831b8d0 WorkerThread "GC Thread#0"                     [id=6016, stack(0x0000009379000000,0x0000009379100000) (1024K)]
  0x0000023aefa900d0 WorkerThread "GC Thread#1"                     [id=8796, stack(0x000000937a400000,0x000000937a500000) (1024K)]
  0x0000023ac5d21810 WorkerThread "GC Thread#2"                     [id=5448, stack(0x000000937a500000,0x000000937a600000) (1024K)]
  0x0000023ac5d21fd0 WorkerThread "GC Thread#3"                     [id=19804, stack(0x000000937a600000,0x000000937a700000) (1024K)]
  0x0000023ac5d22800 WorkerThread "GC Thread#4"                     [id=1564, stack(0x000000937a700000,0x000000937a800000) (1024K)]
  0x0000023ac5cca650 WorkerThread "GC Thread#5"                     [id=13212, stack(0x000000937a800000,0x000000937a900000) (1024K)]
  0x0000023ac57309f0 WorkerThread "GC Thread#6"                     [id=608, stack(0x000000937a900000,0x000000937aa00000) (1024K)]
  0x0000023aefb61fe0 WorkerThread "GC Thread#7"                     [id=3024, stack(0x000000937aa00000,0x000000937ab00000) (1024K)]
  0x0000023aefb4ac10 WorkerThread "GC Thread#8"                     [id=17920, stack(0x000000937ab00000,0x000000937ac00000) (1024K)]
  0x0000023aefb4a4b0 WorkerThread "GC Thread#9"                     [id=1892, stack(0x000000937ac00000,0x000000937ad00000) (1024K)]
  0x0000023ac607ea70 ConcurrentGCThread "G1 Main Marker"            [id=23368, stack(0x0000009379100000,0x0000009379200000) (1024K)]
  0x0000023ac832cb40 WorkerThread "G1 Conc#0"                       [id=22340, stack(0x0000009379200000,0x0000009379300000) (1024K)]
  0x0000023aefb4a100 WorkerThread "G1 Conc#1"                       [id=11080, stack(0x000000937ae00000,0x000000937af00000) (1024K)]
  0x0000023af02a97b0 WorkerThread "G1 Conc#2"                       [id=22544, stack(0x000000937af00000,0x000000937b000000) (1024K)]
  0x0000023ac837eb90 ConcurrentGCThread "G1 Refine#0"               [id=9800, stack(0x0000009379300000,0x0000009379400000) (1024K)]
  0x0000023ae7634be0 ConcurrentGCThread "G1 Service"                [id=10468, stack(0x0000009379400000,0x0000009379500000) (1024K)]
Total: 18

Threads with active compile tasks:
C2 CompilerThread2  8283 5760       4       java.util.Collections$UnmodifiableMap$UnmodifiableEntrySet$1::hasNext (10 bytes)
Total: 1

VM state: not at safepoint (normal execution)

VM Mutex/Monitor currently owned by a thread: None

Heap address: 0x0000000700c00000, size: 4084 MB, Compressed Oops mode: Zero based, Oop shift amount: 3

CDS archive(s) mapped at: [0x0000023a80000000-0x0000023a80c60000-0x0000023a80c60000), size 12976128, SharedBaseAddress: 0x0000023a80000000, ArchiveRelocationMode: 1.
Compressed class space mapped at: 0x0000023a81000000-0x0000023ac1000000, reserved size: 1073741824
Narrow klass base: 0x0000023a80000000, Narrow klass shift: 0, Narrow klass range: 0x41000000

GC Precious Log:
 CardTable entry size: 512
 Card Set container configuration: InlinePtr #cards 4 size 8 Array Of Cards #cards 16 size 48 Howl #buckets 8 coarsen threshold 3686 Howl Bitmap #cards 512 size 80 coarsen threshold 460 Card regions per heap region 1 cards per card region 4096
 CPUs: 12 total, 12 available
 Memory: 16332M
 Large Page Support: Disabled
 NUMA Support: Disabled
 Compressed Oops: Enabled (Zero based)
 Heap Region Size: 2M
 Heap Min Capacity: 8M
 Heap Initial Capacity: 256M
 Heap Max Capacity: 4084M
 Pre-touch: Disabled
 Parallel Workers: 10
 Concurrent Workers: 3
 Concurrent Refinement Workers: 10
 Periodic GC: Disabled

Heap:
 garbage-first heap   total reserved 4182016K, committed 90112K, used 79331K [0x0000000700c00000, 0x0000000800000000)
  region size 2048K, 36 young (73728K), 8 survivors (16384K)
 Metaspace       used 28870K, committed 29312K, reserved 1114112K
  class space    used 3401K, committed 3584K, reserved 1048576K

Heap Regions: E=young(eden), S=young(survivor), O=old, HS=humongous(starts), HC=humongous(continues), CS=collection set, F=free, TAMS=top-at-mark-start, PB=parsable bottom
|   0|0x0000000700c00000, 0x0000000700e00000, 0x0000000700e00000|100%| O|  |TAMS 0x0000000700c00000| PB 0x0000000700c00000| Untracked |  0
|   1|0x0000000700e00000, 0x0000000701000000, 0x0000000701000000|100%| O|  |TAMS 0x0000000700e00000| PB 0x0000000700e00000| Untracked |  0
|   2|0x0000000701000000, 0x0000000701063a00, 0x0000000701200000| 19%| O|Cm|TAMS 0x0000000701000000| PB 0x0000000701000000| Complete |  0
|   3|0x0000000701200000, 0x0000000701400000, 0x0000000701400000|100%|HS|  |TAMS 0x0000000701200000| PB 0x0000000701200000| Complete |  0
|   4|0x0000000701400000, 0x0000000701600000, 0x0000000701600000|100%|HS|  |TAMS 0x0000000701400000| PB 0x0000000701400000| Complete |  0
|   5|0x0000000701600000, 0x0000000701600000, 0x0000000701800000|  0%| F|  |TAMS 0x0000000701600000| PB 0x0000000701600000| Untracked |  0
|   6|0x0000000701800000, 0x0000000701800000, 0x0000000701a00000|  0%| F|  |TAMS 0x0000000701800000| PB 0x0000000701800000| Untracked |  0
|   7|0x0000000701a00000, 0x0000000701a00000, 0x0000000701c00000|  0%| F|  |TAMS 0x0000000701a00000| PB 0x0000000701a00000| Untracked |  0
|   8|0x0000000701c00000, 0x0000000701d20020, 0x0000000701e00000| 56%| E|  |TAMS 0x0000000701c00000| PB 0x0000000701c00000| Complete |  0
|   9|0x0000000701e00000, 0x0000000702000000, 0x0000000702000000|100%| E|CS|TAMS 0x0000000701e00000| PB 0x0000000701e00000| Complete |  0
|  10|0x0000000702000000, 0x0000000702200000, 0x0000000702200000|100%| E|CS|TAMS 0x0000000702000000| PB 0x0000000702000000| Complete |  0
|  11|0x0000000702200000, 0x0000000702400000, 0x0000000702400000|100%| E|CS|TAMS 0x0000000702200000| PB 0x0000000702200000| Complete |  0
|  12|0x0000000702400000, 0x0000000702600000, 0x0000000702600000|100%| E|CS|TAMS 0x0000000702400000| PB 0x0000000702400000| Complete |  0
|  13|0x0000000702600000, 0x0000000702800000, 0x0000000702800000|100%| E|CS|TAMS 0x0000000702600000| PB 0x0000000702600000| Complete |  0
|  14|0x0000000702800000, 0x0000000702a00000, 0x0000000702a00000|100%| E|CS|TAMS 0x0000000702800000| PB 0x0000000702800000| Complete |  0
|  15|0x0000000702a00000, 0x0000000702c00000, 0x0000000702c00000|100%| E|CS|TAMS 0x0000000702a00000| PB 0x0000000702a00000| Complete |  0
|  16|0x0000000702c00000, 0x0000000702e00000, 0x0000000702e00000|100%| E|CS|TAMS 0x0000000702c00000| PB 0x0000000702c00000| Complete |  0
|  17|0x0000000702e00000, 0x0000000703000000, 0x0000000703000000|100%| E|CS|TAMS 0x0000000702e00000| PB 0x0000000702e00000| Complete |  0
|  18|0x0000000703000000, 0x0000000703200000, 0x0000000703200000|100%| E|CS|TAMS 0x0000000703000000| PB 0x0000000703000000| Complete |  0
|  19|0x0000000703200000, 0x0000000703400000, 0x0000000703400000|100%| E|CS|TAMS 0x0000000703200000| PB 0x0000000703200000| Complete |  0
|  20|0x0000000703400000, 0x0000000703600000, 0x0000000703600000|100%| E|CS|TAMS 0x0000000703400000| PB 0x0000000703400000| Complete |  0
|  21|0x0000000703600000, 0x0000000703800000, 0x0000000703800000|100%| E|CS|TAMS 0x0000000703600000| PB 0x0000000703600000| Complete |  0
|  22|0x0000000703800000, 0x0000000703a00000, 0x0000000703a00000|100%| E|CS|TAMS 0x0000000703800000| PB 0x0000000703800000| Complete |  0
|  23|0x0000000703a00000, 0x0000000703c00000, 0x0000000703c00000|100%| E|CS|TAMS 0x0000000703a00000| PB 0x0000000703a00000| Complete |  0
|  24|0x0000000703c00000, 0x0000000703e00000, 0x0000000703e00000|100%| E|CS|TAMS 0x0000000703c00000| PB 0x0000000703c00000| Complete |  0
|  25|0x0000000703e00000, 0x0000000704000000, 0x0000000704000000|100%| E|CS|TAMS 0x0000000703e00000| PB 0x0000000703e00000| Complete |  0
|  26|0x0000000704000000, 0x0000000704200000, 0x0000000704200000|100%| E|CS|TAMS 0x0000000704000000| PB 0x0000000704000000| Complete |  0
|  27|0x0000000704200000, 0x0000000704400000, 0x0000000704400000|100%| E|CS|TAMS 0x0000000704200000| PB 0x0000000704200000| Complete |  0
|  28|0x0000000704400000, 0x0000000704600000, 0x0000000704600000|100%| E|CS|TAMS 0x0000000704400000| PB 0x0000000704400000| Complete |  0
|  29|0x0000000704600000, 0x0000000704800000, 0x0000000704800000|100%| E|CS|TAMS 0x0000000704600000| PB 0x0000000704600000| Complete |  0
|  30|0x0000000704800000, 0x0000000704a00000, 0x0000000704a00000|100%| E|CS|TAMS 0x0000000704800000| PB 0x0000000704800000| Complete |  0
|  31|0x0000000704a00000, 0x0000000704c00000, 0x0000000704c00000|100%| E|CS|TAMS 0x0000000704a00000| PB 0x0000000704a00000| Complete |  0
|  32|0x0000000704c00000, 0x0000000704e00000, 0x0000000704e00000|100%| E|CS|TAMS 0x0000000704c00000| PB 0x0000000704c00000| Complete |  0
|  33|0x0000000704e00000, 0x0000000705000000, 0x0000000705000000|100%| E|CS|TAMS 0x0000000704e00000| PB 0x0000000704e00000| Complete |  0
|  34|0x0000000705000000, 0x0000000705200000, 0x0000000705200000|100%| E|CS|TAMS 0x0000000705000000| PB 0x0000000705000000| Complete |  0
|  57|0x0000000707e00000, 0x0000000707f15280, 0x0000000708000000| 54%| S|CS|TAMS 0x0000000707e00000| PB 0x0000000707e00000| Complete |  0
|  58|0x0000000708000000, 0x0000000708200000, 0x0000000708200000|100%| S|CS|TAMS 0x0000000708000000| PB 0x0000000708000000| Complete |  0
|  59|0x0000000708200000, 0x0000000708400000, 0x0000000708400000|100%| S|CS|TAMS 0x0000000708200000| PB 0x0000000708200000| Complete |  0
|  60|0x0000000708400000, 0x0000000708600000, 0x0000000708600000|100%| S|CS|TAMS 0x0000000708400000| PB 0x0000000708400000| Complete |  0
|  61|0x0000000708600000, 0x0000000708800000, 0x0000000708800000|100%| S|CS|TAMS 0x0000000708600000| PB 0x0000000708600000| Complete |  0
|  62|0x0000000708800000, 0x0000000708a00000, 0x0000000708a00000|100%| S|CS|TAMS 0x0000000708800000| PB 0x0000000708800000| Complete |  0
|  63|0x0000000708a00000, 0x0000000708c00000, 0x0000000708c00000|100%| S|CS|TAMS 0x0000000708a00000| PB 0x0000000708a00000| Complete |  0
|  64|0x0000000708c00000, 0x0000000708e00000, 0x0000000708e00000|100%| S|CS|TAMS 0x0000000708c00000| PB 0x0000000708c00000| Complete |  0
| 127|0x0000000710a00000, 0x0000000710c00000, 0x0000000710c00000|100%| E|CS|TAMS 0x0000000710a00000| PB 0x0000000710a00000| Complete |  0

Card table byte_map: [0x0000023ae0370000,0x0000023ae0b70000] _byte_map_base: 0x0000023adcb6a000

Marking Bits: (CMBitMap*) 0x0000023ac607e010
 Bits: [0x0000023ae0b70000, 0x0000023ae4b40000)

Polling page: 0x0000023ac5f60000

Metaspace:

Usage:
  Non-class:     24.87 MB used.
      Class:      3.32 MB used.
       Both:     28.20 MB used.

Virtual space:
  Non-class space:       64.00 MB reserved,      25.12 MB ( 39%) committed,  1 nodes.
      Class space:        1.00 GB reserved,       3.50 MB ( <1%) committed,  1 nodes.
             Both:        1.06 GB reserved,      28.62 MB (  3%) committed. 

Chunk freelists:
   Non-Class:  6.73 MB
       Class:  12.53 MB
        Both:  19.27 MB

MaxMetaspaceSize: unlimited
CompressedClassSpaceSize: 1.00 GB
Initial GC threshold: 21.00 MB
Current GC threshold: 35.56 MB
CDS: on
 - commit_granule_bytes: 65536.
 - commit_granule_words: 8192.
 - virtual_space_node_default_size: 8388608.
 - enlarge_chunks_in_place: 1.
 - use_allocation_guard: 0.


Internal statistics:

num_allocs_failed_limit: 3.
num_arena_births: 276.
num_arena_deaths: 0.
num_vsnodes_births: 2.
num_vsnodes_deaths: 0.
num_space_committed: 458.
num_space_uncommitted: 0.
num_chunks_returned_to_freelist: 3.
num_chunks_taken_from_freelist: 1279.
num_chunk_merges: 3.
num_chunk_splits: 911.
num_chunks_enlarged: 725.
num_inconsistent_stats: 0.

CodeHeap 'non-profiled nmethods': size=120000Kb used=3295Kb max_used=3295Kb free=116704Kb
 bounds [0x0000023ad80d0000, 0x0000023ad8410000, 0x0000023adf600000]
CodeHeap 'profiled nmethods': size=120000Kb used=11915Kb max_used=11915Kb free=108084Kb
 bounds [0x0000023ad0600000, 0x0000023ad11b0000, 0x0000023ad7b30000]
CodeHeap 'non-nmethods': size=5760Kb used=1491Kb max_used=1522Kb free=4268Kb
 bounds [0x0000023ad7b30000, 0x0000023ad7da0000, 0x0000023ad80d0000]
 total_blobs=6455 nmethods=5888 adapters=470
 compilation: enabled
              stopped_count=0, restarted_count=0
 full_count=0

Compilation events (20 events):
Event: 8.190 Thread 0x0000023ae77c5780 nmethod 5751 0x0000023ad1163310 code [0x0000023ad11634a0, 0x0000023ad1163678]
Event: 8.193 Thread 0x0000023ae77c49a0 5753 %     4       sun.net.www.ParseUtil::firstEncodeIndex @ 7 (86 bytes)
Event: 8.193 Thread 0x0000023ae77c72c0 5754   !   4       java.util.jar.JarFile::isMultiRelease (33 bytes)
Event: 8.195 Thread 0x0000023ae77c49a0 nmethod 5753% 0x0000023ad83f4410 code [0x0000023ad83f45c0, 0x0000023ad83f48c0]
Event: 8.199 Thread 0x0000023ae77c72c0 nmethod 5754 0x0000023ad83f4b10 code [0x0000023ad83f4d60, 0x0000023ad83f5870]
Event: 8.202 Thread 0x0000023ae77c5780 5755       3       java.net.URI$Parser::scan (76 bytes)
Event: 8.202 Thread 0x0000023ae77c8730 nmethod 5746 0x0000023ad83f5d10 code [0x0000023ad83f6080, 0x0000023ad83f88d0]
Event: 8.202 Thread 0x0000023ae77c5780 nmethod 5755 0x0000023ad1163710 code [0x0000023ad1163940, 0x0000023ad11641c0]
Event: 8.202 Thread 0x0000023ae77c5780 5756       3       java.util.Arrays::copyOf (33 bytes)
Event: 8.203 Thread 0x0000023ae77c5780 nmethod 5756 0x0000023ad1164590 code [0x0000023ad1164760, 0x0000023ad1164c28]
Event: 8.204 Thread 0x0000023ae77c5780 5757       3       java.net.URI$Parser::scanEscape (115 bytes)
Event: 8.204 Thread 0x0000023ae77c5780 nmethod 5757 0x0000023ad1164d90 code [0x0000023ad1165080, 0x0000023ad11661a8]
Event: 8.204 Thread 0x0000023ae77c5780 5758       3       java.net.URI$Parser::scan (41 bytes)
Event: 8.205 Thread 0x0000023ae77c5780 nmethod 5758 0x0000023ad1166810 code [0x0000023ad1166a20, 0x0000023ad1167170]
Event: 8.206 Thread 0x0000023ae77c5780 5759       3       java.lang.System::getProperty (25 bytes)
Event: 8.206 Thread 0x0000023ae77c5780 nmethod 5759 0x0000023ad1167510 code [0x0000023ad1167720, 0x0000023ad1167d10]
Event: 8.214 Thread 0x0000023ae77c72c0 5760       4       java.util.Collections$UnmodifiableMap$UnmodifiableEntrySet$1::hasNext (10 bytes)
Event: 8.214 Thread 0x0000023ae77c49a0 5761       4       java.util.Collections$UnmodifiableMap$UnmodifiableEntrySet$1::next (5 bytes)
Event: 8.214 Thread 0x0000023ae77c8730 5762       4       java.util.Collections$UnmodifiableMap$UnmodifiableEntrySet$UnmodifiableEntry::getKey (10 bytes)
Event: 8.215 Thread 0x0000023ae77c8730 nmethod 5762 0x0000023ad83f9f90 code [0x0000023ad83fa120, 0x0000023ad83fa228]

GC Heap History (6 events):
Event: 2.192 GC heap before
{Heap before GC invocations=0 (full 0):
 garbage-first heap   total reserved 4182016K, committed 262144K, used 24576K [0x0000000700c00000, 0x0000000800000000)
  region size 2048K, 12 young (24576K), 0 survivors (0K)
 Metaspace       used 6484K, committed 6720K, reserved 1114112K
  class space    used 738K, committed 832K, reserved 1048576K
}
Event: 2.196 GC heap after
{Heap after GC invocations=1 (full 0):
 garbage-first heap   total reserved 4182016K, committed 262144K, used 4522K [0x0000000700c00000, 0x0000000800000000)
  region size 2048K, 2 young (4096K), 2 survivors (4096K)
 Metaspace       used 6484K, committed 6720K, reserved 1114112K
  class space    used 738K, committed 832K, reserved 1048576K
}
Event: 2.593 GC heap before
{Heap before GC invocations=1 (full 0):
 garbage-first heap   total reserved 4182016K, committed 262144K, used 39338K [0x0000000700c00000, 0x0000000800000000)
  region size 2048K, 19 young (38912K), 2 survivors (4096K)
 Metaspace       used 10623K, committed 10816K, reserved 1114112K
  class space    used 1259K, committed 1344K, reserved 1048576K
}
Event: 2.597 GC heap after
{Heap after GC invocations=2 (full 0):
 garbage-first heap   total reserved 4182016K, committed 262144K, used 6401K [0x0000000700c00000, 0x0000000800000000)
  region size 2048K, 1 young (2048K), 1 survivors (2048K)
 Metaspace       used 10623K, committed 10816K, reserved 1114112K
  class space    used 1259K, committed 1344K, reserved 1048576K
}
Event: 7.512 GC heap before
{Heap before GC invocations=2 (full 0):
 garbage-first heap   total reserved 4182016K, committed 262144K, used 133377K [0x0000000700c00000, 0x0000000800000000)
  region size 2048K, 63 young (129024K), 1 survivors (2048K)
 Metaspace       used 21154K, committed 21504K, reserved 1114112K
  class space    used 2456K, committed 2560K, reserved 1048576K
}
Event: 7.520 GC heap after
{Heap after GC invocations=3 (full 0):
 garbage-first heap   total reserved 4182016K, committed 262144K, used 24035K [0x0000000700c00000, 0x0000000800000000)
  region size 2048K, 8 young (16384K), 8 survivors (16384K)
 Metaspace       used 21154K, committed 21504K, reserved 1114112K
  class space    used 2456K, committed 2560K, reserved 1048576K
}

Dll operation events (12 events):
Event: 0.022 Loaded shared library C:\Users\Usuário\.jdks\openjdk-22.0.2\bin\java.dll
Event: 0.048 Loaded shared library C:\Users\Usuário\.jdks\openjdk-22.0.2\bin\jsvml.dll
Event: 0.079 Loaded shared library C:\Users\Usuário\.jdks\openjdk-22.0.2\bin\zip.dll
Event: 0.081 Loaded shared library C:\Users\Usuário\.jdks\openjdk-22.0.2\bin\instrument.dll
Event: 0.083 Loaded shared library C:\Users\Usuário\.jdks\openjdk-22.0.2\bin\net.dll
Event: 0.085 Loaded shared library C:\Users\Usuário\.jdks\openjdk-22.0.2\bin\nio.dll
Event: 0.095 Loaded shared library C:\Users\Usuário\.jdks\openjdk-22.0.2\bin\zip.dll
Event: 0.143 Loaded shared library C:\Program Files\JetBrains\IntelliJ IDEA 2024.1.4\bin\breakgen64.dll
Event: 0.149 Loaded shared library C:\Users\Usuário\.jdks\openjdk-22.0.2\bin\extnet.dll
Event: 1.225 Loaded shared library C:\Users\Usuário\.jdks\openjdk-22.0.2\bin\jimage.dll
Event: 1.756 Loaded shared library C:\Users\Usuário\AppData\Local\Temp\jansi-2.4.1-4b6a656f26b70835-jansi.dll
Event: 1.763 Loaded shared library C:\Users\Usuário\.jdks\openjdk-22.0.2\bin\verify.dll

Deoptimization events (20 events):
Event: 8.214 Thread 0x0000023ac82b7b80 Uncommon trap: trap_request=0xffffffde fr.pc=0x0000023ad82b019c relative=0x000000000000007c
Event: 8.214 Thread 0x0000023ac82b7b80 Uncommon trap: reason=class_check action=maybe_recompile pc=0x0000023ad82b019c method=java.util.Collections$UnmodifiableMap$UnmodifiableEntrySet$UnmodifiableEntry.getValue()Ljava/lang/Object; @ 4 c2
Event: 8.214 Thread 0x0000023ac82b7b80 DEOPT PACKING pc=0x0000023ad82b019c sp=0x0000009378ffc8c0
Event: 8.214 Thread 0x0000023ac82b7b80 DEOPT UNPACKING pc=0x0000023ad7b846a2 sp=0x0000009378ffc848 mode 2
Event: 8.214 Thread 0x0000023ac82b7b80 Uncommon trap: trap_request=0xffffffde fr.pc=0x0000023ad82a401c relative=0x000000000000007c
Event: 8.214 Thread 0x0000023ac82b7b80 Uncommon trap: reason=class_check action=maybe_recompile pc=0x0000023ad82a401c method=java.util.Collections$UnmodifiableMap$UnmodifiableEntrySet$1.hasNext()Z @ 4 c2
Event: 8.214 Thread 0x0000023ac82b7b80 DEOPT PACKING pc=0x0000023ad82a401c sp=0x0000009378ffc8c0
Event: 8.214 Thread 0x0000023ac82b7b80 DEOPT UNPACKING pc=0x0000023ad7b846a2 sp=0x0000009378ffc848 mode 2
Event: 8.214 Thread 0x0000023ac82b7b80 Uncommon trap: trap_request=0xffffffde fr.pc=0x0000023ad82a6024 relative=0x00000000000004e4
Event: 8.214 Thread 0x0000023ac82b7b80 Uncommon trap: reason=class_check action=maybe_recompile pc=0x0000023ad82a6024 method=java.util.Collections$UnmodifiableMap$UnmodifiableEntrySet$1.next()Ljava/util/Map$Entry; @ 8 c2
Event: 8.214 Thread 0x0000023ac82b7b80 DEOPT PACKING pc=0x0000023ad82a6024 sp=0x0000009378ffc870
Event: 8.214 Thread 0x0000023ac82b7b80 DEOPT UNPACKING pc=0x0000023ad7b846a2 sp=0x0000009378ffc7d8 mode 2
Event: 8.214 Thread 0x0000023ac82b7b80 Uncommon trap: trap_request=0xffffffde fr.pc=0x0000023ad82a521c relative=0x000000000000007c
Event: 8.214 Thread 0x0000023ac82b7b80 Uncommon trap: reason=class_check action=maybe_recompile pc=0x0000023ad82a521c method=java.util.Collections$UnmodifiableMap$UnmodifiableEntrySet$UnmodifiableEntry.getKey()Ljava/lang/Object; @ 4 c2
Event: 8.214 Thread 0x0000023ac82b7b80 DEOPT PACKING pc=0x0000023ad82a521c sp=0x0000009378ffc8c0
Event: 8.214 Thread 0x0000023ac82b7b80 DEOPT UNPACKING pc=0x0000023ad7b846a2 sp=0x0000009378ffc848 mode 2
Event: 8.214 Thread 0x0000023ac82b7b80 Uncommon trap: trap_request=0xffffffde fr.pc=0x0000023ad82b019c relative=0x000000000000007c
Event: 8.214 Thread 0x0000023ac82b7b80 Uncommon trap: reason=class_check action=maybe_recompile pc=0x0000023ad82b019c method=java.util.Collections$UnmodifiableMap$UnmodifiableEntrySet$UnmodifiableEntry.getValue()Ljava/lang/Object; @ 4 c2
Event: 8.214 Thread 0x0000023ac82b7b80 DEOPT PACKING pc=0x0000023ad82b019c sp=0x0000009378ffc8c0
Event: 8.214 Thread 0x0000023ac82b7b80 DEOPT UNPACKING pc=0x0000023ad7b846a2 sp=0x0000009378ffc848 mode 2

Classes loaded (20 events):
Event: 8.034 Loading class java/util/regex/Pattern$LookBehindEndNode
Event: 8.034 Loading class java/util/regex/Pattern$LookBehindEndNode done
Event: 8.034 Loading class java/util/regex/Pattern$NotBehind
Event: 8.034 Loading class java/util/regex/Pattern$NotBehind done
Event: 8.056 Loading class java/util/Vector$1
Event: 8.056 Loading class java/util/Vector$1 done
Event: 8.061 Loading class java/io/PushbackInputStream
Event: 8.061 Loading class java/io/PushbackInputStream done
Event: 8.187 Loading class java/util/Collections$UnmodifiableSortedSet
Event: 8.187 Loading class java/util/Collections$UnmodifiableSortedSet done
Event: 8.193 Loading class java/util/IdentityHashMap$EntrySet
Event: 8.193 Loading class java/util/IdentityHashMap$EntrySet done
Event: 8.193 Loading class java/util/IdentityHashMap$EntryIterator
Event: 8.193 Loading class java/util/IdentityHashMap$EntryIterator done
Event: 8.193 Loading class java/util/IdentityHashMap$EntryIterator$Entry
Event: 8.193 Loading class java/util/IdentityHashMap$EntryIterator$Entry done
Event: 8.199 Loading class java/util/function/UnaryOperator
Event: 8.199 Loading class java/util/function/UnaryOperator done
Event: 8.207 Loading class java/util/regex/Pattern$Caret
Event: 8.207 Loading class java/util/regex/Pattern$Caret done

Classes unloaded (0 events):
No events

Classes redefined (0 events):
No events

Internal exceptions (20 events):
Event: 7.809 Thread 0x0000023ac82b7b80 Exception <a 'sun/nio/fs/WindowsException'{0x0000000703ee9e88}> (0x0000000703ee9e88) 
thrown [s\open\src\hotspot\share\prims\jni.cpp, line 520]
Event: 7.809 Thread 0x0000023ac82b7b80 Exception <a 'sun/nio/fs/WindowsException'{0x0000000703eeac78}> (0x0000000703eeac78) 
thrown [s\open\src\hotspot\share\prims\jni.cpp, line 520]
Event: 7.809 Thread 0x0000023ac82b7b80 Exception <a 'sun/nio/fs/WindowsException'{0x0000000703eeb8e0}> (0x0000000703eeb8e0) 
thrown [s\open\src\hotspot\share\prims\jni.cpp, line 520]
Event: 7.810 Thread 0x0000023ac82b7b80 Exception <a 'sun/nio/fs/WindowsException'{0x0000000703eed6a0}> (0x0000000703eed6a0) 
thrown [s\open\src\hotspot\share\prims\jni.cpp, line 520]
Event: 7.810 Thread 0x0000023ac82b7b80 Exception <a 'sun/nio/fs/WindowsException'{0x0000000703f030e8}> (0x0000000703f030e8) 
thrown [s\open\src\hotspot\share\prims\jni.cpp, line 520]
Event: 7.812 Thread 0x0000023ac82b7b80 Exception <a 'sun/nio/fs/WindowsException'{0x0000000703f375f8}> (0x0000000703f375f8) 
thrown [s\open\src\hotspot\share\prims\jni.cpp, line 520]
Event: 7.812 Thread 0x0000023ac82b7b80 Exception <a 'sun/nio/fs/WindowsException'{0x0000000703f38288}> (0x0000000703f38288) 
thrown [s\open\src\hotspot\share\prims\jni.cpp, line 520]
Event: 7.815 Thread 0x0000023ac82b7b80 Exception <a 'java/lang/NoSuchMethodError'{0x0000000703f69db0}: 'java.lang.Object java.lang.invoke.DirectMethodHandle$Holder.invokeVirtual(java.lang.Object, java.lang.Object, java.lang.Object, int, int)'> (0x0000000703f69db0) 
thrown [s\open\src\hotspot\share\interpreter\linkResolver.cpp, line 774]
Event: 7.822 Thread 0x0000023ac82b7b80 Exception <a 'sun/nio/fs/WindowsException'{0x0000000703fbf9e8}> (0x0000000703fbf9e8) 
thrown [s\open\src\hotspot\share\prims\jni.cpp, line 520]
Event: 7.822 Thread 0x0000023ac82b7b80 Exception <a 'sun/nio/fs/WindowsException'{0x0000000703fd1a28}> (0x0000000703fd1a28) 
thrown [s\open\src\hotspot\share\prims\jni.cpp, line 520]
Event: 7.823 Thread 0x0000023ac82b7b80 Exception <a 'sun/nio/fs/WindowsException'{0x0000000703ff3a08}> (0x0000000703ff3a08) 
thrown [s\open\src\hotspot\share\prims\jni.cpp, line 520]
Event: 7.823 Thread 0x0000023ac82b7b80 Exception <a 'sun/nio/fs/WindowsException'{0x0000000703ff46e0}> (0x0000000703ff46e0) 
thrown [s\open\src\hotspot\share\prims\jni.cpp, line 520]
Event: 7.825 Thread 0x0000023ac82b7b80 Exception <a 'sun/nio/fs/WindowsException'{0x0000000703c00b28}> (0x0000000703c00b28) 
thrown [s\open\src\hotspot\share\prims\jni.cpp, line 520]
Event: 7.826 Thread 0x0000023ac82b7b80 Exception <a 'sun/nio/fs/WindowsException'{0x0000000703c1d960}> (0x0000000703c1d960) 
thrown [s\open\src\hotspot\share\prims\jni.cpp, line 520]
Event: 7.827 Thread 0x0000023ac82b7b80 Exception <a 'sun/nio/fs/WindowsException'{0x0000000703c77308}> (0x0000000703c77308) 
thrown [s\open\src\hotspot\share\prims\jni.cpp, line 520]
Event: 7.828 Thread 0x0000023ac82b7b80 Exception <a 'sun/nio/fs/WindowsException'{0x0000000703c77fe0}> (0x0000000703c77fe0) 
thrown [s\open\src\hotspot\share\prims\jni.cpp, line 520]
Event: 7.840 Thread 0x0000023ac82b7b80 Exception <a 'sun/nio/fs/WindowsException'{0x0000000703d2ec50}> (0x0000000703d2ec50) 
thrown [s\open\src\hotspot\share\prims\jni.cpp, line 520]
Event: 7.840 Thread 0x0000023ac82b7b80 Exception <a 'sun/nio/fs/WindowsException'{0x0000000703d3d818}> (0x0000000703d3d818) 
thrown [s\open\src\hotspot\share\prims\jni.cpp, line 520]
Event: 7.841 Thread 0x0000023ac82b7b80 Exception <a 'sun/nio/fs/WindowsException'{0x0000000703d69140}> (0x0000000703d69140) 
thrown [s\open\src\hotspot\share\prims\jni.cpp, line 520]
Event: 7.841 Thread 0x0000023ac82b7b80 Exception <a 'sun/nio/fs/WindowsException'{0x0000000703d69b58}> (0x0000000703d69b58) 
thrown [s\open\src\hotspot\share\prims\jni.cpp, line 520]

ZGC Phase Switch (0 events):
No events

VM Operations (20 events):
Event: 7.427 Executing VM operation: Cleanup
Event: 7.427 Executing VM operation: Cleanup done
Event: 7.429 Executing VM operation: HandshakeAllThreads (Deoptimize)
Event: 7.429 Executing VM operation: HandshakeAllThreads (Deoptimize) done
Event: 7.439 Executing VM operation: HandshakeAllThreads (Deoptimize)
Event: 7.439 Executing VM operation: HandshakeAllThreads (Deoptimize) done
Event: 7.439 Executing VM operation: HandshakeAllThreads (Deoptimize)
Event: 7.439 Executing VM operation: HandshakeAllThreads (Deoptimize) done
Event: 7.512 Executing VM operation: CollectForMetadataAllocation (Metadata GC Threshold)
Event: 7.520 Executing VM operation: CollectForMetadataAllocation (Metadata GC Threshold) done
Event: 7.526 Executing VM operation: G1PauseRemark
Event: 7.528 Executing VM operation: G1PauseRemark done
Event: 7.529 Executing VM operation: G1PauseCleanup
Event: 7.533 Executing VM operation: G1PauseCleanup done
Event: 7.794 Executing VM operation: HandshakeAllThreads (Deoptimize)
Event: 7.794 Executing VM operation: HandshakeAllThreads (Deoptimize) done
Event: 7.794 Executing VM operation: HandshakeAllThreads (Deoptimize)
Event: 7.794 Executing VM operation: HandshakeAllThreads (Deoptimize) done
Event: 8.035 Executing VM operation: ICBufferFull
Event: 8.035 Executing VM operation: ICBufferFull done

Memory protections (0 events):
No events

Nmethod flushes (0 events):
No events

Events (20 events):
Event: 0.046 Thread 0x0000023ac82b7b80 Thread added: 0x0000023ae77b0c20
Event: 0.046 Thread 0x0000023ac82b7b80 Thread added: 0x0000023ae77b1290
Event: 0.047 Thread 0x0000023ac82b7b80 Thread added: 0x0000023ae77c49a0
Event: 0.047 Thread 0x0000023ac82b7b80 Thread added: 0x0000023ae77c5780
Event: 0.063 Thread 0x0000023ac82b7b80 Thread added: 0x0000023ac52046a0
Event: 0.143 Thread 0x0000023ac82b7b80 Thread added: 0x0000023ac53ab110
Event: 0.144 Thread 0x0000023ac82b7b80 Thread added: 0x0000023ac53b1110
Event: 1.729 Thread 0x0000023ac82b7b80 Thread added: 0x0000023ac5637060
Event: 1.740 Thread 0x0000023ac5637060 Thread exited: 0x0000023ac5637060
Event: 1.996 Thread 0x0000023ae77c5780 Thread added: 0x0000023ae77c8060
Event: 2.190 Thread 0x0000023ae77c5780 Thread added: 0x0000023ae77c6bf0
Event: 3.017 Thread 0x0000023ac82b7b80 Thread added: 0x0000023af0b6fb20
Event: 3.819 Thread 0x0000023ae77c6bf0 Thread exited: 0x0000023ae77c6bf0
Event: 4.339 Thread 0x0000023ae77c5780 Thread added: 0x0000023ae77c8730
Event: 4.687 Thread 0x0000023ae77c8730 Thread exited: 0x0000023ae77c8730
Event: 5.291 Thread 0x0000023ae77c8060 Thread exited: 0x0000023ae77c8060
Event: 5.457 Thread 0x0000023ae77c5780 Thread added: 0x0000023ae77c6bf0
Event: 6.200 Thread 0x0000023ae77c6bf0 Thread exited: 0x0000023ae77c6bf0
Event: 7.455 Thread 0x0000023ae77c49a0 Thread added: 0x0000023ae77c8730
Event: 7.455 Thread 0x0000023ae77c49a0 Thread added: 0x0000023ae77c72c0


Dynamic libraries:
0x00007ff6301c0000 - 0x00007ff6301ce000 	C:\Users\Usuário\.jdks\openjdk-22.0.2\bin\java.exe
0x00007ffc25ed0000 - 0x00007ffc260c8000 	C:\WINDOWS\SYSTEM32\ntdll.dll
0x00007ffc25220000 - 0x00007ffc252e1000 	C:\WINDOWS\System32\KERNEL32.DLL
0x00007ffc23c00000 - 0x00007ffc23ef6000 	C:\WINDOWS\System32\KERNELBASE.dll
0x00007ffc236a0000 - 0x00007ffc237a0000 	C:\WINDOWS\System32\ucrtbase.dll
0x00007ffc0cfb0000 - 0x00007ffc0cfcb000 	C:\Users\Usuário\.jdks\openjdk-22.0.2\bin\VCRUNTIME140.dll
0x00007ffc0d080000 - 0x00007ffc0d097000 	C:\Users\Usuário\.jdks\openjdk-22.0.2\bin\jli.dll
0x00007ffc24e60000 - 0x00007ffc24fff000 	C:\WINDOWS\System32\USER32.dll
0x00007ffc18e00000 - 0x00007ffc1909a000 	C:\WINDOWS\WinSxS\amd64_microsoft.windows.common-controls_6595b64144ccf1df_6.0.19041.4355_none_60b8b9eb71f62e16\COMCTL32.dll
0x00007ffc237a0000 - 0x00007ffc237c2000 	C:\WINDOWS\System32\win32u.dll
0x00007ffc24650000 - 0x00007ffc246ee000 	C:\WINDOWS\System32\msvcrt.dll
0x00007ffc251f0000 - 0x00007ffc2521b000 	C:\WINDOWS\System32\GDI32.dll
0x00007ffc23580000 - 0x00007ffc23697000 	C:\WINDOWS\System32\gdi32full.dll
0x00007ffc23b10000 - 0x00007ffc23bad000 	C:\WINDOWS\System32\msvcp_win.dll
0x00007ffc24e30000 - 0x00007ffc24e5f000 	C:\WINDOWS\System32\IMM32.DLL
0x00007ffc1abe0000 - 0x00007ffc1abec000 	C:\Users\Usuário\.jdks\openjdk-22.0.2\bin\vcruntime140_1.dll
0x00007ffc03ea0000 - 0x00007ffc03f2e000 	C:\Users\Usuário\.jdks\openjdk-22.0.2\bin\msvcp140.dll
0x00007ffbda520000 - 0x00007ffbdb269000 	C:\Users\Usuário\.jdks\openjdk-22.0.2\bin\server\jvm.dll
0x00007ffc24130000 - 0x00007ffc241e0000 	C:\WINDOWS\System32\ADVAPI32.dll
0x00007ffc250c0000 - 0x00007ffc25160000 	C:\WINDOWS\System32\sechost.dll
0x00007ffc241e0000 - 0x00007ffc24303000 	C:\WINDOWS\System32\RPCRT4.dll
0x00007ffc23980000 - 0x00007ffc239a7000 	C:\WINDOWS\System32\bcrypt.dll
0x00007ffc252f0000 - 0x00007ffc2535b000 	C:\WINDOWS\System32\WS2_32.dll
0x00007ffc22b00000 - 0x00007ffc22b4b000 	C:\WINDOWS\SYSTEM32\POWRPROF.dll
0x00007ffc1c640000 - 0x00007ffc1c667000 	C:\WINDOWS\SYSTEM32\WINMM.dll
0x00007ffc1e150000 - 0x00007ffc1e15a000 	C:\WINDOWS\SYSTEM32\VERSION.dll
0x00007ffc22970000 - 0x00007ffc22982000 	C:\WINDOWS\SYSTEM32\UMPDC.dll
0x00007ffc21420000 - 0x00007ffc21432000 	C:\WINDOWS\SYSTEM32\kernel.appcore.dll
0x00007ffc12f70000 - 0x00007ffc12f7a000 	C:\Users\Usuário\.jdks\openjdk-22.0.2\bin\jimage.dll
0x00007ffc1cfb0000 - 0x00007ffc1d194000 	C:\WINDOWS\SYSTEM32\DBGHELP.DLL
0x00007ffc1cd20000 - 0x00007ffc1cd54000 	C:\WINDOWS\SYSTEM32\dbgcore.DLL
0x00007ffc238f0000 - 0x00007ffc23972000 	C:\WINDOWS\System32\bcryptPrimitives.dll
0x00007ffc1ebd0000 - 0x00007ffc1ebdf000 	C:\Users\Usuário\.jdks\openjdk-22.0.2\bin\instrument.dll
0x00007ffc09340000 - 0x00007ffc0935e000 	C:\Users\Usuário\.jdks\openjdk-22.0.2\bin\java.dll
0x00007ffc256c0000 - 0x00007ffc25e2c000 	C:\WINDOWS\System32\SHELL32.dll
0x00007ffc24000000 - 0x00007ffc2412b000 	C:\WINDOWS\System32\ole32.dll
0x00007ffc25360000 - 0x00007ffc256b3000 	C:\WINDOWS\System32\combase.dll
0x00007ffc21620000 - 0x00007ffc21dbd000 	C:\WINDOWS\SYSTEM32\windows.storage.dll
0x00007ffc22fa0000 - 0x00007ffc22fce000 	C:\WINDOWS\SYSTEM32\Wldp.dll
0x00007ffc23f00000 - 0x00007ffc23fcd000 	C:\WINDOWS\System32\OLEAUT32.dll
0x00007ffc25010000 - 0x00007ffc250bd000 	C:\WINDOWS\System32\SHCORE.dll
0x00007ffc246f0000 - 0x00007ffc24745000 	C:\WINDOWS\System32\shlwapi.dll
0x00007ffc234b0000 - 0x00007ffc234d4000 	C:\WINDOWS\SYSTEM32\profapi.dll
0x00007ffc00bc0000 - 0x00007ffc00c97000 	C:\Users\Usuário\.jdks\openjdk-22.0.2\bin\jsvml.dll
0x00007ffc08180000 - 0x00007ffc08197000 	C:\Users\Usuário\.jdks\openjdk-22.0.2\bin\zip.dll
0x00007ffc0cfa0000 - 0x00007ffc0cfb0000 	C:\Users\Usuário\.jdks\openjdk-22.0.2\bin\net.dll
0x00007ffc22d00000 - 0x00007ffc22d6a000 	C:\WINDOWS\system32\mswsock.dll
0x00007ffc09160000 - 0x00007ffc09176000 	C:\Users\Usuário\.jdks\openjdk-22.0.2\bin\nio.dll
0x00007ffc1dbe0000 - 0x00007ffc1dbfa000 	C:\Program Files\JetBrains\IntelliJ IDEA 2024.1.4\bin\breakgen64.dll
0x00007ffc091b0000 - 0x00007ffc091b9000 	C:\Users\Usuário\.jdks\openjdk-22.0.2\bin\extnet.dll
0x00007ffc04160000 - 0x00007ffc04184000 	C:\Users\Usuário\AppData\Local\Temp\jansi-2.4.1-4b6a656f26b70835-jansi.dll
0x00007ffc072d0000 - 0x00007ffc072e0000 	C:\Users\Usuário\.jdks\openjdk-22.0.2\bin\verify.dll

dbghelp: loaded successfully - version: 4.0.5 - missing functions: none
symbol engine: initialized successfully - sym options: 0x614 - pdb path: .;C:\Users\Usuário\.jdks\openjdk-22.0.2\bin;C:\WINDOWS\SYSTEM32;C:\WINDOWS\WinSxS\amd64_microsoft.windows.common-controls_6595b64144ccf1df_6.0.19041.4355_none_60b8b9eb71f62e16;C:\Users\Usuário\.jdks\openjdk-22.0.2\bin\server;C:\Program Files\JetBrains\IntelliJ IDEA 2024.1.4\bin;C:\Users\Usuário\AppData\Local\Temp

VM Arguments:
jvm_args: -Dmaven.multiModuleProjectDirectory=C:\Users\Usuário\Desktop\skills-project -Djansi.passthrough=true -Dmaven.home=C:\Users\Usuário\.m2\wrapper\dists\apache-maven-3.9.7-bin\3k9n615lchs6mp84v355m633uo\apache-maven-3.9.7 -Dclassworlds.conf=C:\Users\Usuário\.m2\wrapper\dists\apache-maven-3.9.7-bin\3k9n615lchs6mp84v355m633uo\apache-maven-3.9.7\bin\m2.conf -Dmaven.ext.class.path=C:\Program Files\JetBrains\IntelliJ IDEA 2024.1.4\plugins\maven\lib\maven-event-listener.jar -javaagent:C:\Program Files\JetBrains\IntelliJ IDEA 2024.1.4\lib\idea_rt.jar=55242:C:\Program Files\JetBrains\IntelliJ IDEA 2024.1.4\bin -Dfile.encoding=UTF-8 -Dsun.stdout.encoding=UTF-8 -Dsun.stderr.encoding=UTF-8 
java_command: org.codehaus.classworlds.Launcher -Didea.version=2024.1.4 package
java_class_path (initial): C:\Users\Usuário\.m2\wrapper\dists\apache-maven-3.9.7-bin\3k9n615lchs6mp84v355m633uo\apache-maven-3.9.7\boot\plexus-classworlds-2.8.0.jar;C:\Users\Usuário\.m2\wrapper\dists\apache-maven-3.9.7-bin\3k9n615lchs6mp84v355m633uo\apache-maven-3.9.7\boot\plexus-classworlds.license
Launcher Type: SUN_STANDARD

[Global flags]
     intx CICompilerCount                          = 4                                         {product} {ergonomic}
     uint ConcGCThreads                            = 3                                         {product} {ergonomic}
     uint G1ConcRefinementThreads                  = 10                                        {product} {ergonomic}
   size_t G1HeapRegionSize                         = 2097152                                   {product} {ergonomic}
   size_t InitialHeapSize                          = 268435456                                 {product} {ergonomic}
   size_t MarkStackSize                            = 4194304                                   {product} {ergonomic}
   size_t MaxHeapSize                              = 4282384384                                {product} {ergonomic}
   size_t MaxNewSize                               = 2569011200                                {product} {ergonomic}
   size_t MinHeapDeltaBytes                        = 2097152                                   {product} {ergonomic}
   size_t MinHeapSize                              = 8388608                                   {product} {ergonomic}
    uintx NonNMethodCodeHeapSize                   = 5839372                                {pd product} {ergonomic}
    uintx NonProfiledCodeHeapSize                  = 122909434                              {pd product} {ergonomic}
    uintx ProfiledCodeHeapSize                     = 122909434                              {pd product} {ergonomic}
    uintx ReservedCodeCacheSize                    = 251658240                              {pd product} {ergonomic}
     bool SegmentedCodeCache                       = true                                      {product} {ergonomic}
   size_t SoftMaxHeapSize                          = 4282384384                             {manageable} {ergonomic}
     bool UseCompressedOops                        = true                           {product lp64_product} {ergonomic}
     bool UseG1GC                                  = true                                      {product} {ergonomic}
     bool UseLargePagesIndividualAllocation        = false                                  {pd product} {ergonomic}

Logging:
Log output configuration:
 #0: stdout all=warning uptime,level,tags foldmultilines=false
 #1: stderr all=off uptime,level,tags foldmultilines=false

Environment Variables:
PATH=C:\Program Files (x86)\Common Files\Intel\Shared Libraries\redist\intel64\compiler;c:\program files (x86)\common files\oracle\java\javapath;c:\windows\system32;c:\windows;c:\windows\system32\wbem;c:\windows\system32\windowspowershell\v1.0\;c:\windows\system32\openssh\;c:\program files\nvidia corporation\nvidia nvdlisr;C:\Program Files (x86)\NVIDIA Corporation\PhysX\Common;C:\Program Files (x86)\Tailscale IPN;C:\Program Files\dotnet\;C:\WINDOWS\system32;C:\WINDOWS;C:\WINDOWS\System32\Wbem;C:\WINDOWS\System32\WindowsPowerShell\v1.0\;C:\WINDOWS\System32\OpenSSH\;C:\Program Files\nodejs\;C:\Program Files\Git\cmd;C:\flutter\bin;C:\Program Files\MySQL\MySQL Shell 8.0\bin\;C:\Users\Usuário\AppData\Local\Microsoft\WindowsApps;C:\Users\Usuário\AppData\Local\Programs\Microsoft VS Code\bin;C:\Users\Usuário\AppData\Roaming\npm;C:\flutter\bin;
USERNAME=Elisa
OS=Windows_NT
PROCESSOR_IDENTIFIER=AMD64 Family 23 Model 113 Stepping 0, AuthenticAMD
TMP=C:\Users\USURIO~2\AppData\Local\Temp
TEMP=C:\Users\USURIO~2\AppData\Local\Temp




Periodic native trim disabled

---------------  S Y S T E M  ---------------

OS:
 Windows 10 , 64 bit Build 19041 (10.0.19041.4597)
OS uptime: 23 days 16:21 hours

CPU: total 12 (initial active 12) (12 cores per cpu, 2 threads per core) family 23 model 113 stepping 0 microcode 0x0, cx8, cmov, fxsr, ht, mmx, 3dnowpref, sse, sse2, sse3, ssse3, sse4a, sse4.1, sse4.2, popcnt, lzcnt, tsc, tscinvbit, avx, avx2, aes, clmul, bmi1, bmi2, adx, sha, fma, vzeroupper, clflush, clflushopt, rdtscp, rdpid, f16c
Processor Information for all 12 processors :
  Max Mhz: 3793, Current Mhz: 3793, Mhz Limit: 3793

Memory: 4k page, system-wide physical 16332M (5738M free)
TotalPageFile size 25036M (AvailPageFile size 5653M)
current process WorkingSet (physical memory assigned to process): 206M, peak: 251M
current process commit charge ("private bytes"): 252M, peak: 405M

vm_info: OpenJDK 64-Bit Server VM (22.0.2+9-70) for windows-amd64 JRE (22.0.2+9-70), built on 2024-06-04T16:52:23Z by "mach5one" with MS VC++ 17.6 (VS2022)

END.
