#
# A fatal error has been detected by the Java Runtime Environment:
#
#  EXCEPTION_ACCESS_VIOLATION (0xc0000005) at pc=0x00007ffd53a47421, pid=17384, tid=18384
#
# JRE version: OpenJDK Runtime Environment (23.0.1+11) (build 23.0.1+11-39)
# Java VM: OpenJDK 64-Bit Server VM (23.0.1+11-39, mixed mode, emulated-client, sharing, tiered, compressed oops, compressed class ptrs, g1 gc, windows-amd64)
# Problematic frame:
# V  [jvm.dll+0x1f7421]
#
# No core dump will be written. Minidumps are not enabled by default on client versions of Windows
#
# If you would like to submit a bug report, please visit:
#   https://bugreport.java.com/bugreport/crash.jsp
#

---------------  S U M M A R Y ------------

Command Line: -XX:TieredStopAtLevel=1 -Dspring.output.ansi.enabled=always -Dcom.sun.management.jmxremote -Dspring.jmx.enabled=true -Dspring.liveBeansView.mbeanDomain -Dspring.application.admin.enabled=true -Dmanagement.endpoints.jmx.exposure.include=* -javaagent:C:\Program Files\JetBrains\IntelliJ IDEA 2024.2.3\lib\idea_rt.jar=53983:C:\Program Files\JetBrains\IntelliJ IDEA 2024.2.3\bin -Dfile.encoding=UTF-8 -Dsun.stdout.encoding=UTF-8 -Dsun.stderr.encoding=UTF-8 com.example.skills_project.SkillsProjectApplication

Host: AMD Ryzen 5 3600X 6-Core Processor             , 12 cores, 15G,  Windows 11 , 64 bit Build 26100 (10.0.26100.1882)
Time: Tue Oct 29 19:28:59 2024 Hora oficial do Brasil elapsed time: 0.963727 seconds (0d 0h 0m 0s)

---------------  T H R E A D  ---------------

Current thread (0x0000020eb285e8c0):  JavaThread "C1 CompilerThread0" daemon [_thread_in_vm, id=18384, stack(0x0000005347300000,0x0000005347400000) (1024K)]


Current CompileTask:
C1:963 2949       1       java.lang.StringConcatHelper::newArrayWithSuffix (40 bytes)

Stack: [0x0000005347300000,0x0000005347400000],  sp=0x00000053473fe9d0,  free space=1018k
Native frames: (J=compiled Java code, j=interpreted, Vv=VM code, C=native code)
V  [jvm.dll+0x1f7421]  (no source info available)
V  [jvm.dll+0x1e2124]  (no source info available)
V  [jvm.dll+0x253bc6]  (no source info available)
V  [jvm.dll+0x251faa]  (no source info available)
V  [jvm.dll+0x3ee036]  (no source info available)
V  [jvm.dll+0x824f8b]  (no source info available)
V  [jvm.dll+0x6df065]  (no source info available)
C  [ucrtbase.dll+0x14ea0]  (no source info available)
C  [KERNEL32.DLL+0x2dbe7]  (no source info available)
C  [ntdll.dll+0x85a4c]  (no source info available)


siginfo: EXCEPTION_ACCESS_VIOLATION (0xc0000005), reading address 0x0000000000000004


Registers:
RAX=0x000000000000a376, RBX=0x00000053473fee90, RCX=0x0000000000000004, RDX=0x00000000000002ae
RSP=0x00000053473fe9d0, RBP=0x00000053473fee98, RSI=0x0000000700fa80d8, RDI=0x0000000000000004
R8 =0x0000000000000070, R9 =0x0000000000000083, R10=0x0000000000000087, R11=0x0000000000000087
R12=0x0000020eb64679c8, R13=0x0000000000000000, R14=0x0000020efb64fac0, R15=0x0000000000000000
RIP=0x00007ffd53a47421, EFLAGS=0x0000000000010202


Register to memory mapping:

RAX=0x000000000000a376 is an unknown value
RBX=0x00000053473fee90 is pointing into the stack for thread: 0x0000020eb285e8c0
RCX=0x0000000000000004 is an unknown value
RDX=0x00000000000002ae is an unknown value
RSP=0x00000053473fe9d0 is pointing into the stack for thread: 0x0000020eb285e8c0
RBP=0x00000053473fee98 is pointing into the stack for thread: 0x0000020eb285e8c0
RSI=0x0000000700fa80d8 is an oop: java.lang.ArithmeticException 
{0x0000000700fa80d8} - klass: 'java/lang/ArithmeticException'
 - ---- fields (total size 5 words):
 - private transient 'depth' 'I' @12  0 (0x00000000)
 - private transient 'backtrace' 'Ljava/lang/Object;' @16  null (0x00000000)
 - private 'detailMessage' 'Ljava/lang/String;' @20  "/ by zero"{0x0000000700f8a878} (0xe01f150f)
 - private 'cause' 'Ljava/lang/Throwable;' @24  null (0x00000000)
 - private 'stackTrace' '[Ljava/lang/StackTraceElement;' @28  null (0x00000000)
 - private 'suppressedExceptions' 'Ljava/util/List;' @32  null (0x00000000)
RDI=0x0000000000000004 is an unknown value
R8 =0x0000000000000070 is an unknown value
R9 =0x0000000000000083 is an unknown value
R10=0x0000000000000087 is an unknown value
R11=0x0000000000000087 is an unknown value
R12={method} {0x0000020eb64679d0} 'newArrayWithSuffix' '(Ljava/lang/String;J)[B' in 'java/lang/StringConcatHelper'
R13=0x0 is null
R14=0x0000020efb64fac0 points into unknown readable memory: 0x00000053473fee98 | 98 ee 3f 47 53 00 00 00
R15=0x0 is null

Top of Stack: (sp=0x00000053473fe9d0)
0x00000053473fe9d0:   00000053473fee90 0000000700fa80d8
0x00000053473fe9e0:   0000020eb64679c8 0000020eb54980a0
0x00000053473fe9f0:   0000000000000000 00007ffd53a32124
0x00000053473fea00:   00000053473fee90 0000020eb54980a0
0x00000053473fea10:   0000020eb285e8c0 0000020eb285e8c0
0x00000053473fea20:   0000000000000000 00007ffd53aa3bc6
0x00000053473fea30:   0000020eb2862f00 00000053473feb30
0x00000053473fea40:   0000020eb285e8c0 0000020eb54980a0
0x00000053473fea50:   0000020eb2862fd0 0000020eb2821420
0x00000053473fea60:   00007ffd86c70000 00000053473feb70
0x00000053473fea70:   0000000000000000 0000000000000000
0x00000053473fea80:   ffffffffffffff00 00007ffdb2839100
0x00000053473fea90:   0000020eb2821420 0000000000000001
0x00000053473feaa0:   0000000000000000 0000020e9f96f150
0x00000053473feab0:   0000000000000026 0000020eb28391d0
0x00000053473feac0:   0000020eb2863378 0000000000000100
0x00000053473fead0:   0000005300000b85 00000000000003d8
0x00000053473feae0:   0000020eb2862fd0 0000020eb646e868
0x00000053473feaf0:   0000020eb285e8c0 0000020eb2862f90
0x00000053473feb00:   0000020eb64679c8 0000020eb285e8c0
0x00000053473feb10:   0000000000000000 0000000000000100
0x00000053473feb20:   0000000000000000 0000020eb2862fd0
0x00000053473feb30:   0000020eb2863378 0000020eb64679c8
0x00000053473feb40:   0000020eb2862f90 00000000000003d8
0x00000053473feb50:   0000020e9f6285e0 0000020e9f600101
0x00000053473feb60:   0000000000000000 0000000000000000
0x00000053473feb70:   0000000000000026 00000053473feb30
0x00000053473feb80:   00007ffd542c8310 00000053473ff118
0x00000053473feb90:   0000000700000020 0000001000000008
0x00000053473feba0:   0000000000000000 0000000000000000
0x00000053473febb0:   0000005347000000 000000000000000b
0x00000053473febc0:   0000000000000000 0000020e9f6055e8 

Instructions: (pc=0x00007ffd53a47421)
0x00007ffd53a47321:   59 18 48 8b 41 20 48 2b c3 48 83 f8 08 72 0a 48
0x00007ffd53a47331:   8d 43 08 48 89 41 18 eb 0f 45 33 c0 41 8d 50 08
0x00007ffd53a47341:   e8 8a 4e ec ff 48 8b d8 48 89 33 49 8b 16 b9 30
0x00007ffd53a47351:   00 00 00 e8 e7 f4 eb ff 48 8b f0 48 85 c0 0f 84
0x00007ffd53a47361:   7c fd ff ff 48 8b d3 48 8b c8 e8 10 ef ff ff 48
0x00007ffd53a47371:   8d 05 f1 03 7e 00 48 89 06 48 85 db 74 03 48 8b
0x00007ffd53a47381:   3b 80 3d a1 d8 9e 00 00 b8 10 00 00 00 b9 0c 00
0x00007ffd53a47391:   00 00 0f 45 c1 8b 04 07 89 46 28 48 8d 05 fd 04
0x00007ffd53a473a1:   7e 00 48 89 06 e9 39 fd ff ff ba 73 01 00 00 48
0x00007ffd53a473b1:   8d 0d 81 05 7e 00 e8 14 3a 08 00 cc cc cc cc 48
0x00007ffd53a473c1:   89 5c 24 08 48 89 74 24 10 48 89 7c 24 18 41 56
0x00007ffd53a473d1:   48 83 ec 20 80 3d 4e d8 9e 00 00 48 8b f2 4c 8b
0x00007ffd53a473e1:   f1 74 15 8b 52 08 8b 0d 63 97 a4 00 48 d3 e2 48
0x00007ffd53a473f1:   03 15 51 97 a4 00 eb 04 48 8b 52 08 49 8b ce e8
0x00007ffd53a47401:   8b 01 00 00 48 8b c8 e8 53 b1 e1 ff 6b c8 1f b8
0x00007ffd53a47411:   3f c5 25 43 f7 e1 c1 ea 04 6b c2 3d 2b c8 8b f9
0x00007ffd53a47421:   48 83 c7 14 49 8b 1c fe 49 8d 3c fe 48 85 db 74
0x00007ffd53a47431:   1a 48 8b 0b e8 76 f1 ff ff 48 3b c6 74 0d 48 8d
0x00007ffd53a47441:   7b 08 48 8b 5b 08 48 85 db 75 e6 48 8b 07 48 85
0x00007ffd53a47451:   c0 74 08 48 8b 00 e9 b8 00 00 00 65 48 8b 04 25
0x00007ffd53a47461:   58 00 00 00 8b 0d 09 bc aa 00 48 8b 1c c8 b8 70
0x00007ffd53a47471:   00 00 00 80 3c 18 00 75 05 e8 79 59 72 00 48 85
0x00007ffd53a47481:   f6 74 40 b8 20 00 00 00 48 8b 04 18 4c 8b 88 28
0x00007ffd53a47491:   03 00 00 49 8b 49 18 49 8b 41 20 48 2b c1 48 83
0x00007ffd53a474a1:   f8 08 72 0a 48 8d 41 08 49 89 41 18 eb 12 45 33
0x00007ffd53a474b1:   c0 49 8b c9 41 8d 50 08 e8 12 4d ec ff 48 8b c8
0x00007ffd53a474c1:   48 89 31 48 8b d6 49 8b ce e8 b1 fa ff ff 41 8b
0x00007ffd53a474d1:   96 98 00 00 00 48 8b d8 8d 4a 01 41 89 8e 98 00
0x00007ffd53a474e1:   00 00 48 8b c8 e8 45 ff e6 ff 49 8b 16 b9 10 00
0x00007ffd53a474f1:   00 00 e8 48 f3 eb ff 48 85 c0 74 0d 48 89 18 48
0x00007ffd53a47501:   8b 0f 48 89 48 08 48 89 07 41 ff 86 88 02 00 00
0x00007ffd53a47511:   48 8b c3 48 8b 5c 24 30 48 8b 74 24 38 48 8b 7c 


Stack slot to memory mapping:

stack at sp + 0 slots: 0x00000053473fee90 is pointing into the stack for thread: 0x0000020eb285e8c0
stack at sp + 1 slots: 0x0000000700fa80d8 is an oop: java.lang.ArithmeticException 
{0x0000000700fa80d8} - klass: 'java/lang/ArithmeticException'
 - ---- fields (total size 5 words):
 - private transient 'depth' 'I' @12  0 (0x00000000)
 - private transient 'backtrace' 'Ljava/lang/Object;' @16  null (0x00000000)
 - private 'detailMessage' 'Ljava/lang/String;' @20  "/ by zero"{0x0000000700f8a878} (0xe01f150f)
 - private 'cause' 'Ljava/lang/Throwable;' @24  null (0x00000000)
 - private 'stackTrace' '[Ljava/lang/StackTraceElement;' @28  null (0x00000000)
 - private 'suppressedExceptions' 'Ljava/util/List;' @32  null (0x00000000)
stack at sp + 2 slots: {method} {0x0000020eb64679d0} 'newArrayWithSuffix' '(Ljava/lang/String;J)[B' in 'java/lang/StringConcatHelper'
stack at sp + 3 slots: 0x0000020eb54980a0 points into unknown readable memory: 0x0000020eb593dd90 | 90 dd 93 b5 0e 02 00 00
stack at sp + 4 slots: 0x0 is null
stack at sp + 5 slots: 0x00007ffd53a32124 jvm.dll
stack at sp + 6 slots: 0x00000053473fee90 is pointing into the stack for thread: 0x0000020eb285e8c0
stack at sp + 7 slots: 0x0000020eb54980a0 points into unknown readable memory: 0x0000020eb593dd90 | 90 dd 93 b5 0e 02 00 00

Lock stack of current Java thread (top to bottom):


---------------  P R O C E S S  ---------------

Threads class SMR info:
_java_thread_list=0x0000020efbc6bee0, length=17, elements={
0x0000020e9f96c6e0, 0x0000020eb284d040, 0x0000020eb284daa0, 0x0000020eb2853920,
0x0000020eb28546d0, 0x0000020eb2857140, 0x0000020eb285a3e0, 0x0000020eb285e8c0,
0x0000020eb285cb40, 0x0000020eb5496cd0, 0x0000020eb549a5f0, 0x0000020eb285d1d0,
0x0000020eb285d860, 0x0000020eb285aa70, 0x0000020eb285c4b0, 0x0000020eb285b100,
0x0000020efb898ba0
}

Java Threads: ( => current thread )
  0x0000020e9f96c6e0 JavaThread "main"                              [_thread_blocked, id=22264, stack(0x0000005346500000,0x0000005346600000) (1024K)]
  0x0000020eb284d040 JavaThread "Reference Handler"          daemon [_thread_blocked, id=6404, stack(0x0000005346d00000,0x0000005346e00000) (1024K)]
  0x0000020eb284daa0 JavaThread "Finalizer"                  daemon [_thread_blocked, id=14972, stack(0x0000005346e00000,0x0000005346f00000) (1024K)]
  0x0000020eb2853920 JavaThread "Signal Dispatcher"          daemon [_thread_blocked, id=17056, stack(0x0000005346f00000,0x0000005347000000) (1024K)]
  0x0000020eb28546d0 JavaThread "Attach Listener"            daemon [_thread_blocked, id=11708, stack(0x0000005347000000,0x0000005347100000) (1024K)]
  0x0000020eb2857140 JavaThread "Service Thread"             daemon [_thread_blocked, id=5696, stack(0x0000005347100000,0x0000005347200000) (1024K)]
  0x0000020eb285a3e0 JavaThread "Monitor Deflation Thread"   daemon [_thread_blocked, id=2208, stack(0x0000005347200000,0x0000005347300000) (1024K)]
=>0x0000020eb285e8c0 JavaThread "C1 CompilerThread0"         daemon [_thread_in_vm, id=18384, stack(0x0000005347300000,0x0000005347400000) (1024K)]
  0x0000020eb285cb40 JavaThread "Common-Cleaner"             daemon [_thread_blocked, id=22292, stack(0x0000005347400000,0x0000005347500000) (1024K)]
  0x0000020eb5496cd0 JavaThread "C1 CompilerThread1"         daemon [_thread_blocked, id=10876, stack(0x0000005347500000,0x0000005347600000) (1024K)]
  0x0000020eb549a5f0 JavaThread "C1 CompilerThread2"         daemon [_thread_blocked, id=14756, stack(0x0000005347600000,0x0000005347700000) (1024K)]
  0x0000020eb285d1d0 JavaThread "Monitor Ctrl-Break"         daemon [_thread_in_native, id=12892, stack(0x0000005347700000,0x0000005347800000) (1024K)]
  0x0000020eb285d860 JavaThread "Notification Thread"        daemon [_thread_blocked, id=17216, stack(0x0000005347800000,0x0000005347900000) (1024K)]
  0x0000020eb285aa70 JavaThread "RMI TCP Accept-0"           daemon [_thread_in_native, id=22276, stack(0x0000005347900000,0x0000005347a00000) (1024K)]
  0x0000020eb285c4b0 JavaThread "Thread-0"                          [_thread_blocked, id=22364, stack(0x0000005348100000,0x0000005348200000) (1024K)]
  0x0000020eb285b100 JavaThread "restartedMain"                     [_thread_in_Java, id=15644, stack(0x0000005348200000,0x0000005348300000) (1024K)]
  0x0000020efb898ba0 JavaThread "C1 CompilerThread3"         daemon [_thread_blocked, id=19368, stack(0x0000005348600000,0x0000005348700000) (1024K)]
Total: 17

Other Threads:
  0x0000020eb282e390 VMThread "VM Thread"                           [id=21276, stack(0x0000005346c00000,0x0000005346d00000) (1024K)]
  0x0000020eb2821ae0 WatcherThread "VM Periodic Task Thread"        [id=17568, stack(0x0000005346b00000,0x0000005346c00000) (1024K)]
  0x0000020e9f9d52a0 WorkerThread "GC Thread#0"                     [id=12984, stack(0x0000005346600000,0x0000005346700000) (1024K)]
  0x0000020efb3dc6a0 WorkerThread "GC Thread#1"                     [id=11124, stack(0x0000005347a00000,0x0000005347b00000) (1024K)]
  0x0000020efb3e05c0 WorkerThread "GC Thread#2"                     [id=21844, stack(0x0000005347b00000,0x0000005347c00000) (1024K)]
  0x0000020efb3e4980 WorkerThread "GC Thread#3"                     [id=20620, stack(0x0000005347c00000,0x0000005347d00000) (1024K)]
  0x0000020efb3e5530 WorkerThread "GC Thread#4"                     [id=6292, stack(0x0000005347d00000,0x0000005347e00000) (1024K)]
  0x0000020efb3e67a0 WorkerThread "GC Thread#5"                     [id=11816, stack(0x0000005347e00000,0x0000005347f00000) (1024K)]
  0x0000020efb3e58e0 WorkerThread "GC Thread#6"                     [id=13476, stack(0x0000005347f00000,0x0000005348000000) (1024K)]
  0x0000020efb3e6b50 WorkerThread "GC Thread#7"                     [id=14100, stack(0x0000005348000000,0x0000005348100000) (1024K)]
  0x0000020efb3e63f0 WorkerThread "GC Thread#8"                     [id=4540, stack(0x0000005348300000,0x0000005348400000) (1024K)]
  0x0000020efb3e5180 WorkerThread "GC Thread#9"                     [id=6652, stack(0x0000005348400000,0x0000005348500000) (1024K)]
  0x0000020e9f9e3070 ConcurrentGCThread "G1 Main Marker"            [id=21312, stack(0x0000005346700000,0x0000005346800000) (1024K)]
  0x0000020e9f9e3a90 WorkerThread "G1 Conc#0"                       [id=14776, stack(0x0000005346800000,0x0000005346900000) (1024K)]
  0x0000020eb2764df0 ConcurrentGCThread "G1 Refine#0"               [id=3264, stack(0x0000005346900000,0x0000005346a00000) (1024K)]
  0x0000020eb2765880 ConcurrentGCThread "G1 Service"                [id=12968, stack(0x0000005346a00000,0x0000005346b00000) (1024K)]
Total: 16

Threads with active compile tasks:
C1 CompilerThread0  1026 2949       1       java.lang.StringConcatHelper::newArrayWithSuffix (40 bytes)
Total: 1

VM state: not at safepoint (normal execution)

VM Mutex/Monitor currently owned by a thread: None

Heap address: 0x0000000700c00000, size: 4084 MB, Compressed Oops mode: Zero based, Oop shift amount: 3

CDS archive(s) mapped at: [0x0000020eb6000000-0x0000020eb6d70000-0x0000020eb6d70000), size 14090240, SharedBaseAddress: 0x0000020eb6000000, ArchiveRelocationMode: 1.
Compressed class space mapped at: 0x0000020eb7000000-0x0000020ef7000000, reserved size: 1073741824
Narrow klass base: 0x0000020eb6000000, Narrow klass shift: 0, Narrow klass range: 0x41000000

GC Precious Log:
 CardTable entry size: 512
 Card Set container configuration: InlinePtr #cards 4 size 8 Array Of Cards #cards 16 size 48 Howl #buckets 8 coarsen threshold 3686 Howl Bitmap #cards 512 size 80 coarsen threshold 460 Card regions per heap region 1 cards per card region 4096
 CPUs: 12 total, 12 available
 Memory: 16332M
 Large Page Support: Disabled
 NUMA Support: Disabled
 Compressed Oops: Enabled (Zero based)
 Heap Region Size: 2M
 Heap Min Capacity: 8M
 Heap Initial Capacity: 256M
 Heap Max Capacity: 4084M
 Pre-touch: Disabled
 Parallel Workers: 10
 Concurrent Workers: 3
 Concurrent Refinement Workers: 10
 Periodic GC: Disabled

Heap:
 garbage-first heap   total reserved 4182016K, committed 262144K, used 54302K [0x0000000700c00000, 0x0000000800000000)
  region size 2048K, 25 young (51200K), 1 survivors (2048K)
 Metaspace       used 20871K, committed 21184K, reserved 1114112K
  class space    used 2793K, committed 2944K, reserved 1048576K

Heap Regions: E=young(eden), S=young(survivor), O=old, HS=humongous(starts), HC=humongous(continues), CS=collection set, F=free, TAMS=top-at-mark-start, PB=parsable bottom
|   0|0x0000000700c00000, 0x0000000700e00000, 0x0000000700e00000|100%| O|  |TAMS 0x0000000700c00000| PB 0x0000000700c00000| Untracked |  0
|   1|0x0000000700e00000, 0x0000000701000000, 0x0000000701000000|100%| O|  |TAMS 0x0000000700e00000| PB 0x0000000700e00000| Untracked |  0
|   2|0x0000000701000000, 0x0000000701200000, 0x0000000701200000|100%| O|  |TAMS 0x0000000701000000| PB 0x0000000701000000| Untracked |  0
|   3|0x0000000701200000, 0x000000070137bd80, 0x0000000701400000| 74%| O|  |TAMS 0x0000000701200000| PB 0x0000000701200000| Untracked |  0
|   4|0x0000000701400000, 0x0000000701400000, 0x0000000701600000|  0%| F|  |TAMS 0x0000000701400000| PB 0x0000000701400000| Untracked |  0
|   5|0x0000000701600000, 0x0000000701600000, 0x0000000701800000|  0%| F|  |TAMS 0x0000000701600000| PB 0x0000000701600000| Untracked |  0
|   6|0x0000000701800000, 0x0000000701800000, 0x0000000701a00000|  0%| F|  |TAMS 0x0000000701800000| PB 0x0000000701800000| Untracked |  0
|   7|0x0000000701a00000, 0x0000000701a00000, 0x0000000701c00000|  0%| F|  |TAMS 0x0000000701a00000| PB 0x0000000701a00000| Untracked |  0
|   8|0x0000000701c00000, 0x0000000701c00000, 0x0000000701e00000|  0%| F|  |TAMS 0x0000000701c00000| PB 0x0000000701c00000| Untracked |  0
|   9|0x0000000701e00000, 0x0000000701e00000, 0x0000000702000000|  0%| F|  |TAMS 0x0000000701e00000| PB 0x0000000701e00000| Untracked |  0
|  10|0x0000000702000000, 0x0000000702000000, 0x0000000702200000|  0%| F|  |TAMS 0x0000000702000000| PB 0x0000000702000000| Untracked |  0
|  11|0x0000000702200000, 0x0000000702200000, 0x0000000702400000|  0%| F|  |TAMS 0x0000000702200000| PB 0x0000000702200000| Untracked |  0
|  12|0x0000000702400000, 0x0000000702400000, 0x0000000702600000|  0%| F|  |TAMS 0x0000000702400000| PB 0x0000000702400000| Untracked |  0
|  13|0x0000000702600000, 0x0000000702600000, 0x0000000702800000|  0%| F|  |TAMS 0x0000000702600000| PB 0x0000000702600000| Untracked |  0
|  14|0x0000000702800000, 0x0000000702800000, 0x0000000702a00000|  0%| F|  |TAMS 0x0000000702800000| PB 0x0000000702800000| Untracked |  0
|  15|0x0000000702a00000, 0x0000000702a00000, 0x0000000702c00000|  0%| F|  |TAMS 0x0000000702a00000| PB 0x0000000702a00000| Untracked |  0
|  16|0x0000000702c00000, 0x0000000702c00000, 0x0000000702e00000|  0%| F|  |TAMS 0x0000000702c00000| PB 0x0000000702c00000| Untracked |  0
|  17|0x0000000702e00000, 0x0000000702e00000, 0x0000000703000000|  0%| F|  |TAMS 0x0000000702e00000| PB 0x0000000702e00000| Untracked |  0
|  18|0x0000000703000000, 0x0000000703000000, 0x0000000703200000|  0%| F|  |TAMS 0x0000000703000000| PB 0x0000000703000000| Untracked |  0
|  19|0x0000000703200000, 0x0000000703200000, 0x0000000703400000|  0%| F|  |TAMS 0x0000000703200000| PB 0x0000000703200000| Untracked |  0
|  20|0x0000000703400000, 0x0000000703400000, 0x0000000703600000|  0%| F|  |TAMS 0x0000000703400000| PB 0x0000000703400000| Untracked |  0
|  21|0x0000000703600000, 0x0000000703600000, 0x0000000703800000|  0%| F|  |TAMS 0x0000000703600000| PB 0x0000000703600000| Untracked |  0
|  22|0x0000000703800000, 0x0000000703800000, 0x0000000703a00000|  0%| F|  |TAMS 0x0000000703800000| PB 0x0000000703800000| Untracked |  0
|  23|0x0000000703a00000, 0x0000000703a00000, 0x0000000703c00000|  0%| F|  |TAMS 0x0000000703a00000| PB 0x0000000703a00000| Untracked |  0
|  24|0x0000000703c00000, 0x0000000703c00000, 0x0000000703e00000|  0%| F|  |TAMS 0x0000000703c00000| PB 0x0000000703c00000| Untracked |  0
|  25|0x0000000703e00000, 0x0000000703e00000, 0x0000000704000000|  0%| F|  |TAMS 0x0000000703e00000| PB 0x0000000703e00000| Untracked |  0
|  26|0x0000000704000000, 0x0000000704000000, 0x0000000704200000|  0%| F|  |TAMS 0x0000000704000000| PB 0x0000000704000000| Untracked |  0
|  27|0x0000000704200000, 0x0000000704200000, 0x0000000704400000|  0%| F|  |TAMS 0x0000000704200000| PB 0x0000000704200000| Untracked |  0
|  28|0x0000000704400000, 0x0000000704400000, 0x0000000704600000|  0%| F|  |TAMS 0x0000000704400000| PB 0x0000000704400000| Untracked |  0
|  29|0x0000000704600000, 0x0000000704600000, 0x0000000704800000|  0%| F|  |TAMS 0x0000000704600000| PB 0x0000000704600000| Untracked |  0
|  30|0x0000000704800000, 0x0000000704800000, 0x0000000704a00000|  0%| F|  |TAMS 0x0000000704800000| PB 0x0000000704800000| Untracked |  0
|  31|0x0000000704a00000, 0x0000000704a00000, 0x0000000704c00000|  0%| F|  |TAMS 0x0000000704a00000| PB 0x0000000704a00000| Untracked |  0
|  32|0x0000000704c00000, 0x0000000704c00000, 0x0000000704e00000|  0%| F|  |TAMS 0x0000000704c00000| PB 0x0000000704c00000| Untracked |  0
|  33|0x0000000704e00000, 0x0000000704e00000, 0x0000000705000000|  0%| F|  |TAMS 0x0000000704e00000| PB 0x0000000704e00000| Untracked |  0
|  34|0x0000000705000000, 0x0000000705000000, 0x0000000705200000|  0%| F|  |TAMS 0x0000000705000000| PB 0x0000000705000000| Untracked |  0
|  35|0x0000000705200000, 0x0000000705200000, 0x0000000705400000|  0%| F|  |TAMS 0x0000000705200000| PB 0x0000000705200000| Untracked |  0
|  36|0x0000000705400000, 0x0000000705400000, 0x0000000705600000|  0%| F|  |TAMS 0x0000000705400000| PB 0x0000000705400000| Untracked |  0
|  37|0x0000000705600000, 0x0000000705600000, 0x0000000705800000|  0%| F|  |TAMS 0x0000000705600000| PB 0x0000000705600000| Untracked |  0
|  38|0x0000000705800000, 0x0000000705800000, 0x0000000705a00000|  0%| F|  |TAMS 0x0000000705800000| PB 0x0000000705800000| Untracked |  0
|  39|0x0000000705a00000, 0x0000000705a00000, 0x0000000705c00000|  0%| F|  |TAMS 0x0000000705a00000| PB 0x0000000705a00000| Untracked |  0
|  40|0x0000000705c00000, 0x0000000705c00000, 0x0000000705e00000|  0%| F|  |TAMS 0x0000000705c00000| PB 0x0000000705c00000| Untracked |  0
|  41|0x0000000705e00000, 0x0000000705e00000, 0x0000000706000000|  0%| F|  |TAMS 0x0000000705e00000| PB 0x0000000705e00000| Untracked |  0
|  42|0x0000000706000000, 0x0000000706000000, 0x0000000706200000|  0%| F|  |TAMS 0x0000000706000000| PB 0x0000000706000000| Untracked |  0
|  43|0x0000000706200000, 0x0000000706200000, 0x0000000706400000|  0%| F|  |TAMS 0x0000000706200000| PB 0x0000000706200000| Untracked |  0
|  44|0x0000000706400000, 0x0000000706400000, 0x0000000706600000|  0%| F|  |TAMS 0x0000000706400000| PB 0x0000000706400000| Untracked |  0
|  45|0x0000000706600000, 0x0000000706600000, 0x0000000706800000|  0%| F|  |TAMS 0x0000000706600000| PB 0x0000000706600000| Untracked |  0
|  46|0x0000000706800000, 0x0000000706800000, 0x0000000706a00000|  0%| F|  |TAMS 0x0000000706800000| PB 0x0000000706800000| Untracked |  0
|  47|0x0000000706a00000, 0x0000000706a00000, 0x0000000706c00000|  0%| F|  |TAMS 0x0000000706a00000| PB 0x0000000706a00000| Untracked |  0
|  48|0x0000000706c00000, 0x0000000706c00000, 0x0000000706e00000|  0%| F|  |TAMS 0x0000000706c00000| PB 0x0000000706c00000| Untracked |  0
|  49|0x0000000706e00000, 0x0000000706e00000, 0x0000000707000000|  0%| F|  |TAMS 0x0000000706e00000| PB 0x0000000706e00000| Untracked |  0
|  50|0x0000000707000000, 0x0000000707000000, 0x0000000707200000|  0%| F|  |TAMS 0x0000000707000000| PB 0x0000000707000000| Untracked |  0
|  51|0x0000000707200000, 0x0000000707200000, 0x0000000707400000|  0%| F|  |TAMS 0x0000000707200000| PB 0x0000000707200000| Untracked |  0
|  52|0x0000000707400000, 0x0000000707400000, 0x0000000707600000|  0%| F|  |TAMS 0x0000000707400000| PB 0x0000000707400000| Untracked |  0
|  53|0x0000000707600000, 0x0000000707600000, 0x0000000707800000|  0%| F|  |TAMS 0x0000000707600000| PB 0x0000000707600000| Untracked |  0
|  54|0x0000000707800000, 0x0000000707800000, 0x0000000707a00000|  0%| F|  |TAMS 0x0000000707800000| PB 0x0000000707800000| Untracked |  0
|  55|0x0000000707a00000, 0x0000000707a00000, 0x0000000707c00000|  0%| F|  |TAMS 0x0000000707a00000| PB 0x0000000707a00000| Untracked |  0
|  56|0x0000000707c00000, 0x0000000707c00000, 0x0000000707e00000|  0%| F|  |TAMS 0x0000000707c00000| PB 0x0000000707c00000| Untracked |  0
|  57|0x0000000707e00000, 0x0000000707e00000, 0x0000000708000000|  0%| F|  |TAMS 0x0000000707e00000| PB 0x0000000707e00000| Untracked |  0
|  58|0x0000000708000000, 0x0000000708000000, 0x0000000708200000|  0%| F|  |TAMS 0x0000000708000000| PB 0x0000000708000000| Untracked |  0
|  59|0x0000000708200000, 0x0000000708200000, 0x0000000708400000|  0%| F|  |TAMS 0x0000000708200000| PB 0x0000000708200000| Untracked |  0
|  60|0x0000000708400000, 0x0000000708400000, 0x0000000708600000|  0%| F|  |TAMS 0x0000000708400000| PB 0x0000000708400000| Untracked |  0
|  61|0x0000000708600000, 0x0000000708600000, 0x0000000708800000|  0%| F|  |TAMS 0x0000000708600000| PB 0x0000000708600000| Untracked |  0
|  62|0x0000000708800000, 0x0000000708800000, 0x0000000708a00000|  0%| F|  |TAMS 0x0000000708800000| PB 0x0000000708800000| Untracked |  0
|  63|0x0000000708a00000, 0x0000000708a00000, 0x0000000708c00000|  0%| F|  |TAMS 0x0000000708a00000| PB 0x0000000708a00000| Untracked |  0
|  64|0x0000000708c00000, 0x0000000708c00000, 0x0000000708e00000|  0%| F|  |TAMS 0x0000000708c00000| PB 0x0000000708c00000| Untracked |  0
|  65|0x0000000708e00000, 0x0000000708e00000, 0x0000000709000000|  0%| F|  |TAMS 0x0000000708e00000| PB 0x0000000708e00000| Untracked |  0
|  66|0x0000000709000000, 0x0000000709000000, 0x0000000709200000|  0%| F|  |TAMS 0x0000000709000000| PB 0x0000000709000000| Untracked |  0
|  67|0x0000000709200000, 0x0000000709200000, 0x0000000709400000|  0%| F|  |TAMS 0x0000000709200000| PB 0x0000000709200000| Untracked |  0
|  68|0x0000000709400000, 0x0000000709400000, 0x0000000709600000|  0%| F|  |TAMS 0x0000000709400000| PB 0x0000000709400000| Untracked |  0
|  69|0x0000000709600000, 0x0000000709600000, 0x0000000709800000|  0%| F|  |TAMS 0x0000000709600000| PB 0x0000000709600000| Untracked |  0
|  70|0x0000000709800000, 0x0000000709800000, 0x0000000709a00000|  0%| F|  |TAMS 0x0000000709800000| PB 0x0000000709800000| Untracked |  0
|  71|0x0000000709a00000, 0x0000000709a00000, 0x0000000709c00000|  0%| F|  |TAMS 0x0000000709a00000| PB 0x0000000709a00000| Untracked |  0
|  72|0x0000000709c00000, 0x0000000709c00000, 0x0000000709e00000|  0%| F|  |TAMS 0x0000000709c00000| PB 0x0000000709c00000| Untracked |  0
|  73|0x0000000709e00000, 0x0000000709e00000, 0x000000070a000000|  0%| F|  |TAMS 0x0000000709e00000| PB 0x0000000709e00000| Untracked |  0
|  74|0x000000070a000000, 0x000000070a000000, 0x000000070a200000|  0%| F|  |TAMS 0x000000070a000000| PB 0x000000070a000000| Untracked |  0
|  75|0x000000070a200000, 0x000000070a200000, 0x000000070a400000|  0%| F|  |TAMS 0x000000070a200000| PB 0x000000070a200000| Untracked |  0
|  76|0x000000070a400000, 0x000000070a400000, 0x000000070a600000|  0%| F|  |TAMS 0x000000070a400000| PB 0x000000070a400000| Untracked |  0
|  77|0x000000070a600000, 0x000000070a600000, 0x000000070a800000|  0%| F|  |TAMS 0x000000070a600000| PB 0x000000070a600000| Untracked |  0
|  78|0x000000070a800000, 0x000000070a800000, 0x000000070aa00000|  0%| F|  |TAMS 0x000000070a800000| PB 0x000000070a800000| Untracked |  0
|  79|0x000000070aa00000, 0x000000070aa00000, 0x000000070ac00000|  0%| F|  |TAMS 0x000000070aa00000| PB 0x000000070aa00000| Untracked |  0
|  80|0x000000070ac00000, 0x000000070ac00000, 0x000000070ae00000|  0%| F|  |TAMS 0x000000070ac00000| PB 0x000000070ac00000| Untracked |  0
|  81|0x000000070ae00000, 0x000000070ae00000, 0x000000070b000000|  0%| F|  |TAMS 0x000000070ae00000| PB 0x000000070ae00000| Untracked |  0
|  82|0x000000070b000000, 0x000000070b000000, 0x000000070b200000|  0%| F|  |TAMS 0x000000070b000000| PB 0x000000070b000000| Untracked |  0
|  83|0x000000070b200000, 0x000000070b200000, 0x000000070b400000|  0%| F|  |TAMS 0x000000070b200000| PB 0x000000070b200000| Untracked |  0
|  84|0x000000070b400000, 0x000000070b400000, 0x000000070b600000|  0%| F|  |TAMS 0x000000070b400000| PB 0x000000070b400000| Untracked |  0
|  85|0x000000070b600000, 0x000000070b600000, 0x000000070b800000|  0%| F|  |TAMS 0x000000070b600000| PB 0x000000070b600000| Untracked |  0
|  86|0x000000070b800000, 0x000000070b800000, 0x000000070ba00000|  0%| F|  |TAMS 0x000000070b800000| PB 0x000000070b800000| Untracked |  0
|  87|0x000000070ba00000, 0x000000070ba00000, 0x000000070bc00000|  0%| F|  |TAMS 0x000000070ba00000| PB 0x000000070ba00000| Untracked |  0
|  88|0x000000070bc00000, 0x000000070bc00000, 0x000000070be00000|  0%| F|  |TAMS 0x000000070bc00000| PB 0x000000070bc00000| Untracked |  0
|  89|0x000000070be00000, 0x000000070be00000, 0x000000070c000000|  0%| F|  |TAMS 0x000000070be00000| PB 0x000000070be00000| Untracked |  0
|  90|0x000000070c000000, 0x000000070c000000, 0x000000070c200000|  0%| F|  |TAMS 0x000000070c000000| PB 0x000000070c000000| Untracked |  0
|  91|0x000000070c200000, 0x000000070c200000, 0x000000070c400000|  0%| F|  |TAMS 0x000000070c200000| PB 0x000000070c200000| Untracked |  0
|  92|0x000000070c400000, 0x000000070c400000, 0x000000070c600000|  0%| F|  |TAMS 0x000000070c400000| PB 0x000000070c400000| Untracked |  0
|  93|0x000000070c600000, 0x000000070c600000, 0x000000070c800000|  0%| F|  |TAMS 0x000000070c600000| PB 0x000000070c600000| Untracked |  0
|  94|0x000000070c800000, 0x000000070c800000, 0x000000070ca00000|  0%| F|  |TAMS 0x000000070c800000| PB 0x000000070c800000| Untracked |  0
|  95|0x000000070ca00000, 0x000000070ca00000, 0x000000070cc00000|  0%| F|  |TAMS 0x000000070ca00000| PB 0x000000070ca00000| Untracked |  0
|  96|0x000000070cc00000, 0x000000070cc00000, 0x000000070ce00000|  0%| F|  |TAMS 0x000000070cc00000| PB 0x000000070cc00000| Untracked |  0
|  97|0x000000070ce00000, 0x000000070ce00000, 0x000000070d000000|  0%| F|  |TAMS 0x000000070ce00000| PB 0x000000070ce00000| Untracked |  0
|  98|0x000000070d000000, 0x000000070d000000, 0x000000070d200000|  0%| F|  |TAMS 0x000000070d000000| PB 0x000000070d000000| Untracked |  0
|  99|0x000000070d200000, 0x000000070d200000, 0x000000070d400000|  0%| F|  |TAMS 0x000000070d200000| PB 0x000000070d200000| Untracked |  0
| 100|0x000000070d400000, 0x000000070d400000, 0x000000070d600000|  0%| F|  |TAMS 0x000000070d400000| PB 0x000000070d400000| Untracked |  0
| 101|0x000000070d600000, 0x000000070d600000, 0x000000070d800000|  0%| F|  |TAMS 0x000000070d600000| PB 0x000000070d600000| Untracked |  0
| 102|0x000000070d800000, 0x000000070d800000, 0x000000070da00000|  0%| F|  |TAMS 0x000000070d800000| PB 0x000000070d800000| Untracked |  0
| 103|0x000000070da00000, 0x000000070db44ac0, 0x000000070dc00000| 63%| E|  |TAMS 0x000000070da00000| PB 0x000000070da00000| Complete |  0
| 104|0x000000070dc00000, 0x000000070de00000, 0x000000070de00000|100%| E|CS|TAMS 0x000000070dc00000| PB 0x000000070dc00000| Complete |  0
| 105|0x000000070de00000, 0x000000070e000000, 0x000000070e000000|100%| E|CS|TAMS 0x000000070de00000| PB 0x000000070de00000| Complete |  0
| 106|0x000000070e000000, 0x000000070e200000, 0x000000070e200000|100%| E|CS|TAMS 0x000000070e000000| PB 0x000000070e000000| Complete |  0
| 107|0x000000070e200000, 0x000000070e400000, 0x000000070e400000|100%| E|CS|TAMS 0x000000070e200000| PB 0x000000070e200000| Complete |  0
| 108|0x000000070e400000, 0x000000070e600000, 0x000000070e600000|100%| E|CS|TAMS 0x000000070e400000| PB 0x000000070e400000| Complete |  0
| 109|0x000000070e600000, 0x000000070e800000, 0x000000070e800000|100%| E|CS|TAMS 0x000000070e600000| PB 0x000000070e600000| Complete |  0
| 110|0x000000070e800000, 0x000000070ea00000, 0x000000070ea00000|100%| E|CS|TAMS 0x000000070e800000| PB 0x000000070e800000| Complete |  0
| 111|0x000000070ea00000, 0x000000070ec00000, 0x000000070ec00000|100%| E|CS|TAMS 0x000000070ea00000| PB 0x000000070ea00000| Complete |  0
| 112|0x000000070ec00000, 0x000000070ee00000, 0x000000070ee00000|100%| E|CS|TAMS 0x000000070ec00000| PB 0x000000070ec00000| Complete |  0
| 113|0x000000070ee00000, 0x000000070f000000, 0x000000070f000000|100%| E|CS|TAMS 0x000000070ee00000| PB 0x000000070ee00000| Complete |  0
| 114|0x000000070f000000, 0x000000070f200000, 0x000000070f200000|100%| E|CS|TAMS 0x000000070f000000| PB 0x000000070f000000| Complete |  0
| 115|0x000000070f200000, 0x000000070f400000, 0x000000070f400000|100%| E|CS|TAMS 0x000000070f200000| PB 0x000000070f200000| Complete |  0
| 116|0x000000070f400000, 0x000000070f600000, 0x000000070f600000|100%| E|CS|TAMS 0x000000070f400000| PB 0x000000070f400000| Complete |  0
| 117|0x000000070f600000, 0x000000070f78bd30, 0x000000070f800000| 77%| S|CS|TAMS 0x000000070f600000| PB 0x000000070f600000| Complete |  0
| 118|0x000000070f800000, 0x000000070fa00000, 0x000000070fa00000|100%| E|CS|TAMS 0x000000070f800000| PB 0x000000070f800000| Complete |  0
| 119|0x000000070fa00000, 0x000000070fc00000, 0x000000070fc00000|100%| E|CS|TAMS 0x000000070fa00000| PB 0x000000070fa00000| Complete |  0
| 120|0x000000070fc00000, 0x000000070fe00000, 0x000000070fe00000|100%| E|CS|TAMS 0x000000070fc00000| PB 0x000000070fc00000| Complete |  0
| 121|0x000000070fe00000, 0x0000000710000000, 0x0000000710000000|100%| E|CS|TAMS 0x000000070fe00000| PB 0x000000070fe00000| Complete |  0
| 122|0x0000000710000000, 0x0000000710200000, 0x0000000710200000|100%| E|CS|TAMS 0x0000000710000000| PB 0x0000000710000000| Complete |  0
| 123|0x0000000710200000, 0x0000000710400000, 0x0000000710400000|100%| E|CS|TAMS 0x0000000710200000| PB 0x0000000710200000| Complete |  0
| 124|0x0000000710400000, 0x0000000710600000, 0x0000000710600000|100%| E|  |TAMS 0x0000000710400000| PB 0x0000000710400000| Complete |  0
| 125|0x0000000710600000, 0x0000000710800000, 0x0000000710800000|100%| E|CS|TAMS 0x0000000710600000| PB 0x0000000710600000| Complete |  0
| 126|0x0000000710800000, 0x0000000710a00000, 0x0000000710a00000|100%| E|CS|TAMS 0x0000000710800000| PB 0x0000000710800000| Complete |  0
| 127|0x0000000710a00000, 0x0000000710c00000, 0x0000000710c00000|100%| E|CS|TAMS 0x0000000710a00000| PB 0x0000000710a00000| Complete |  0

Card table byte_map: [0x0000020eade40000,0x0000020eae640000] _byte_map_base: 0x0000020eaa63a000

Marking Bits: (CMBitMap*) 0x0000020e9f9d58c0
 Bits: [0x0000020eae640000, 0x0000020eb2610000)

Polling page: 0x0000020e9fa10000

Metaspace:

Usage:
  Non-class:     17.69 MB used.
      Class:      2.74 MB used.
       Both:     20.42 MB used.

Virtual space:
  Non-class space:       64.00 MB reserved,      17.81 MB ( 28%) committed,  1 nodes.
      Class space:        1.00 GB reserved,       2.88 MB ( <1%) committed,  1 nodes.
             Both:        1.06 GB reserved,      20.69 MB (  2%) committed. 

Chunk freelists:
   Non-Class:  13.44 MB
       Class:  12.97 MB
        Both:  26.41 MB

MaxMetaspaceSize: unlimited
CompressedClassSpaceSize: 1.00 GB
Initial GC threshold: 21.00 MB
Current GC threshold: 21.00 MB
CDS: on
 - commit_granule_bytes: 65536.
 - commit_granule_words: 8192.
 - virtual_space_node_default_size: 8388608.
 - enlarge_chunks_in_place: 1.
 - use_allocation_guard: 0.


Internal statistics:

num_allocs_failed_limit: 0.
num_arena_births: 300.
num_arena_deaths: 0.
num_vsnodes_births: 2.
num_vsnodes_deaths: 0.
num_space_committed: 331.
num_space_uncommitted: 0.
num_chunks_returned_to_freelist: 0.
num_chunks_taken_from_freelist: 839.
num_chunk_merges: 0.
num_chunk_splits: 606.
num_chunks_enlarged: 482.
num_inconsistent_stats: 0.

CodeCache: size=49152Kb used=6676Kb max_used=6676Kb free=42476Kb
 bounds [0x0000020ea9b40000, 0x0000020eaa1d0000, 0x0000020eacb40000]
 total_blobs=3648, nmethods=3105, adapters=465, full_count=0
Compilation: enabled, stopped_count=0, restarted_count=0

Compilation events (20 events):
Event: 0.957 Thread 0x0000020eb285e8c0 nmethod 2939 0x0000020eaa18bc88 code [0x0000020eaa18bda0, 0x0000020eaa18be48]
Event: 0.957 Thread 0x0000020efb898ba0 nmethod 2938 0x0000020eaa18bf88 code [0x0000020eaa18c0a0, 0x0000020eaa18c168]
Event: 0.957 Thread 0x0000020efb898ba0 2940       1       sun.security.util.SecurityProviderConstants::getAliases (63 bytes)
Event: 0.957 Thread 0x0000020eb5496cd0 2941   !   1       java.util.concurrent.ConcurrentHashMap::initTable (112 bytes)
Event: 0.957 Thread 0x0000020efb898ba0 nmethod 2940 0x0000020eaa18c288 code [0x0000020eaa18c420, 0x0000020eaa18c8f0]
Event: 0.957 Thread 0x0000020eb5496cd0 nmethod 2941 0x0000020eaa18c988 code [0x0000020eaa18cac0, 0x0000020eaa18ce68]
Event: 0.958 Thread 0x0000020eb5496cd0 2942       1       java.security.Provider$UString::hashCode (8 bytes)
Event: 0.958 Thread 0x0000020eb549a5f0 2943       1       java.util.Arrays$ArrayList::toArray (15 bytes)
Event: 0.959 Thread 0x0000020eb5496cd0 nmethod 2942 0x0000020eaa18cf08 code [0x0000020eaa18d020, 0x0000020eaa18d110]
Event: 0.959 Thread 0x0000020eb549a5f0 nmethod 2943 0x0000020eaa18d208 code [0x0000020eaa18d320, 0x0000020eaa18d420]
Event: 0.960 Thread 0x0000020eb549a5f0 2944       1       java.util.Collections$3::hasMoreElements (10 bytes)
Event: 0.960 Thread 0x0000020eb5496cd0 2945       1       java.util.Collections$3::nextElement (10 bytes)
Event: 0.960 Thread 0x0000020eb549a5f0 nmethod 2944 0x0000020eaa18d508 code [0x0000020eaa18d620, 0x0000020eaa18d718]
Event: 0.960 Thread 0x0000020eb5496cd0 nmethod 2945 0x0000020eaa18d808 code [0x0000020eaa18d920, 0x0000020eaa18da18]
Event: 0.960 Thread 0x0000020eb5496cd0 2946       1       java.util.Arrays$ArrayList::iterator (12 bytes)
Event: 0.960 Thread 0x0000020efb898ba0 2947       1       java.util.Arrays$ArrayItr::<init> (10 bytes)
Event: 0.960 Thread 0x0000020eb5496cd0 nmethod 2946 0x0000020eaa18db08 code [0x0000020eaa18dc20, 0x0000020eaa18dda0]
Event: 0.960 Thread 0x0000020efb898ba0 nmethod 2947 0x0000020eaa18de08 code [0x0000020eaa18df20, 0x0000020eaa18e038]
Event: 0.960 Thread 0x0000020eb285e8c0 2949       1       java.lang.StringConcatHelper::newArrayWithSuffix (40 bytes)
Event: 0.960 Thread 0x0000020eb5496cd0 2948       1       java.lang.invoke.LambdaForm$MH/0x0000020eb7004c00::invoke (27 bytes)

GC Heap History (4 events):
Event: 0.469 GC heap before
{Heap before GC invocations=0 (full 0):
 garbage-first heap   total reserved 4182016K, committed 262144K, used 22528K [0x0000000700c00000, 0x0000000800000000)
  region size 2048K, 12 young (24576K), 0 survivors (0K)
 Metaspace       used 7314K, committed 7552K, reserved 1114112K
  class space    used 943K, committed 1088K, reserved 1048576K
}
Event: 0.474 GC heap after
{Heap after GC invocations=1 (full 0):
 garbage-first heap   total reserved 4182016K, committed 262144K, used 7667K [0x0000000700c00000, 0x0000000800000000)
  region size 2048K, 2 young (4096K), 2 survivors (4096K)
 Metaspace       used 7314K, committed 7552K, reserved 1114112K
  class space    used 943K, committed 1088K, reserved 1048576K
}
Event: 0.723 GC heap before
{Heap before GC invocations=1 (full 0):
 garbage-first heap   total reserved 4182016K, committed 262144K, used 28147K [0x0000000700c00000, 0x0000000800000000)
  region size 2048K, 12 young (24576K), 2 survivors (4096K)
 Metaspace       used 11040K, committed 11328K, reserved 1114112K
  class space    used 1538K, committed 1664K, reserved 1048576K
}
Event: 0.726 GC heap after
{Heap after GC invocations=2 (full 0):
 garbage-first heap   total reserved 4182016K, committed 262144K, used 9246K [0x0000000700c00000, 0x0000000800000000)
  region size 2048K, 1 young (2048K), 1 survivors (2048K)
 Metaspace       used 11040K, committed 11328K, reserved 1114112K
  class space    used 1538K, committed 1664K, reserved 1048576K
}

Dll operation events (12 events):
Event: 0.009 Loaded shared library C:\Users\Elisa\.jdks\openjdk-23.0.1\bin\java.dll
Event: 0.090 Loaded shared library C:\Users\Elisa\.jdks\openjdk-23.0.1\bin\zip.dll
Event: 0.092 Loaded shared library C:\Users\Elisa\.jdks\openjdk-23.0.1\bin\instrument.dll
Event: 0.095 Loaded shared library C:\Users\Elisa\.jdks\openjdk-23.0.1\bin\net.dll
Event: 0.096 Loaded shared library C:\Users\Elisa\.jdks\openjdk-23.0.1\bin\nio.dll
Event: 0.098 Loaded shared library C:\Users\Elisa\.jdks\openjdk-23.0.1\bin\zip.dll
Event: 0.151 Loaded shared library C:\Program Files\JetBrains\IntelliJ IDEA 2024.2.3\bin\breakgen64.dll
Event: 0.155 Loaded shared library C:\Users\Elisa\.jdks\openjdk-23.0.1\bin\jimage.dll
Event: 0.158 Loaded shared library C:\Users\Elisa\.jdks\openjdk-23.0.1\bin\extnet.dll
Event: 0.167 Loaded shared library C:\Users\Elisa\.jdks\openjdk-23.0.1\bin\management.dll
Event: 0.174 Loaded shared library C:\Users\Elisa\.jdks\openjdk-23.0.1\bin\management_ext.dll
Event: 0.954 Loaded shared library C:\Users\Elisa\.jdks\openjdk-23.0.1\bin\sunmscapi.dll

Deoptimization events (0 events):
No events

Classes loaded (20 events):
Event: 0.955 Loading class java/security/AuthProvider
Event: 0.955 Loading class java/security/AuthProvider done
Event: 0.956 Loading class java/security/PrivilegedActionException
Event: 0.956 Loading class java/security/PrivilegedActionException done
Event: 0.956 Loading class javax/security/auth/login/FailedLoginException
Event: 0.956 Loading class javax/security/auth/login/FailedLoginException done
Event: 0.956 Loading class javax/security/auth/Subject
Event: 0.956 Loading class javax/security/auth/Subject done
Event: 0.956 Loading class javax/security/auth/callback/CallbackHandler
Event: 0.956 Loading class javax/security/auth/callback/CallbackHandler done
Event: 0.959 Loading class sun/security/provider/certpath/ldap/JdkLDAP
Event: 0.959 Loading class sun/security/provider/certpath/ldap/JdkLDAP done
Event: 0.959 Loading class sun/security/provider/certpath/ldap/JdkLDAP$ProviderService
Event: 0.959 Loading class sun/security/provider/certpath/ldap/JdkLDAP$ProviderService done
Event: 0.959 Loading class com/sun/security/sasl/Provider
Event: 0.959 Loading class com/sun/security/sasl/Provider done
Event: 0.959 Loading class com/sun/security/sasl/Provider$1
Event: 0.959 Loading class com/sun/security/sasl/Provider$1 done
Event: 0.959 Loading class com/sun/security/sasl/Provider$ProviderService
Event: 0.959 Loading class com/sun/security/sasl/Provider$ProviderService done

Classes unloaded (0 events):
No events

Classes redefined (0 events):
No events

Internal exceptions (20 events):
Event: 0.661 Thread 0x0000020eb285b100 Exception <a 'java/lang/NoSuchMethodError'{0x000000070fdab268}: 'java.lang.Object java.lang.invoke.Invokers$Holder.linkToTargetMethod(java.lang.Object, java.lang.Object, int, java.lang.Object, java.lang.Object)'> (0x000000070fdab268) 
thrown [s\open\src\hotspot\share\interpreter\linkResolver.cpp, line 796]
Event: 0.662 Thread 0x0000020eb285b100 Exception <a 'java/lang/NoSuchMethodError'{0x000000070fdb2a40}: 'int java.lang.invoke.DirectMethodHandle$Holder.invokeStatic(java.lang.Object, int, java.lang.Object, java.lang.Object)'> (0x000000070fdb2a40) 
thrown [s\open\src\hotspot\share\interpreter\linkResolver.cpp, line 796]
Event: 0.662 Thread 0x0000020eb285b100 Exception <a 'java/lang/NoSuchMethodError'{0x000000070fdb9c08}: 'java.lang.Object java.lang.invoke.DirectMethodHandle$Holder.newInvokeSpecial(java.lang.Object, int, java.lang.Object)'> (0x000000070fdb9c08) 
thrown [s\open\src\hotspot\share\interpreter\linkResolver.cpp, line 796]
Event: 0.663 Thread 0x0000020eb285b100 Exception <a 'java/lang/NoSuchMethodError'{0x000000070fdbe5c0}: 'int java.lang.invoke.DirectMethodHandle$Holder.invokeSpecialIFC(java.lang.Object, java.lang.Object, java.lang.Object, java.lang.Object)'> (0x000000070fdbe5c0) 
thrown [s\open\src\hotspot\share\interpreter\linkResolver.cpp, line 796]
Event: 0.672 Thread 0x0000020eb285b100 Exception <a 'java/lang/NoSuchMethodError'{0x000000070fa8cb10}: 'void java.lang.invoke.DirectMethodHandle$Holder.invokeInterface(java.lang.Object, java.lang.Object, java.lang.Object)'> (0x000000070fa8cb10) 
thrown [s\open\src\hotspot\share\interpreter\linkResolver.cpp, line 796]
Event: 0.682 Thread 0x0000020eb285b100 Exception <a 'java/lang/NoSuchMethodError'{0x000000070fb323e0}: 'java.lang.Object java.lang.invoke.DirectMethodHandle$Holder.invokeVirtual(java.lang.Object, java.lang.Object, java.lang.Object)'> (0x000000070fb323e0) 
thrown [s\open\src\hotspot\share\interpreter\linkResolver.cpp, line 796]
Event: 0.694 Thread 0x0000020eb285b100 Exception <a 'java/lang/NoSuchMethodError'{0x000000070f8046d8}: 'void java.lang.invoke.DirectMethodHandle$Holder.invokeStatic(java.lang.Object, java.lang.Object, int)'> (0x000000070f8046d8) 
thrown [s\open\src\hotspot\share\interpreter\linkResolver.cpp, line 796]
Event: 0.696 Thread 0x0000020eb285b100 Exception <a 'java/lang/NoSuchMethodError'{0x000000070f81a130}: 'void java.lang.invoke.DirectMethodHandle$Holder.invokeStaticInit(java.lang.Object, java.lang.Object, java.lang.Object)'> (0x000000070f81a130) 
thrown [s\open\src\hotspot\share\interpreter\linkResolver.cpp, line 796]
Event: 0.699 Thread 0x0000020eb285b100 Exception <a 'java/lang/NoSuchMethodError'{0x000000070f86b950}: 'java.lang.Object java.lang.invoke.DirectMethodHandle$Holder.invokeStatic(java.lang.Object, long, java.lang.Object)'> (0x000000070f86b950) 
thrown [s\open\src\hotspot\share\interpreter\linkResolver.cpp, line 796]
Event: 0.699 Thread 0x0000020eb285b100 Exception <a 'java/lang/NoSuchMethodError'{0x000000070f86eff0}: 'java.lang.Object java.lang.invoke.DirectMethodHandle$Holder.invokeStaticInit(java.lang.Object, long, java.lang.Object)'> (0x000000070f86eff0) 
thrown [s\open\src\hotspot\share\interpreter\linkResolver.cpp, line 796]
Event: 0.700 Thread 0x0000020eb285b100 Exception <a 'java/lang/NoSuchMethodError'{0x000000070f874c18}: 'java.lang.Object java.lang.invoke.DirectMethodHandle$Holder.newInvokeSpecial(java.lang.Object, long)'> (0x000000070f874c18) 
thrown [s\open\src\hotspot\share\interpreter\linkResolver.cpp, line 796]
Event: 0.706 Thread 0x0000020eb285b100 Exception <a 'java/lang/NoSuchMethodError'{0x000000070f8d84e8}: 'void java.lang.invoke.DirectMethodHandle$Holder.invokeVirtual(java.lang.Object, java.lang.Object, java.lang.Object, java.lang.Object)'> (0x000000070f8d84e8) 
thrown [s\open\src\hotspot\share\interpreter\linkResolver.cpp, line 796]
Event: 0.732 Thread 0x0000020eb285b100 Exception <a 'java/lang/IncompatibleClassChangeError'{0x0000000710aac740}: Found class java.lang.Object, but interface was expected> (0x0000000710aac740) 
thrown [s\open\src\hotspot\share\interpreter\linkResolver.cpp, line 863]
Event: 0.865 Thread 0x0000020eb285b100 Exception <a 'java/lang/NoSuchMethodError'{0x000000070f273e78}: 'int java.lang.invoke.DirectMethodHandle$Holder.invokeSpecial(java.lang.Object, java.lang.Object, java.lang.Object, java.lang.Object, java.lang.Object)'> (0x000000070f273e78) 
thrown [s\open\src\hotspot\share\interpreter\linkResolver.cpp, line 796]
Event: 0.865 Thread 0x0000020eb285b100 Exception <a 'java/lang/NoSuchMethodError'{0x000000070f27bee8}: 'void java.lang.invoke.DirectMethodHandle$Holder.invokeVirtual(java.lang.Object, java.lang.Object)'> (0x000000070f27bee8) 
thrown [s\open\src\hotspot\share\interpreter\linkResolver.cpp, line 796]
Event: 0.919 Thread 0x0000020eb285b790 Exception <a 'java/lang/NoSuchMethodError'{0x000000070e864810}: 'long java.lang.invoke.DirectMethodHandle$Holder.invokeStatic(java.lang.Object, java.lang.Object)'> (0x000000070e864810) 
thrown [s\open\src\hotspot\share\interpreter\linkResolver.cpp, line 796]
Event: 0.919 Thread 0x0000020eb285b790 Exception <a 'java/lang/NoSuchMethodError'{0x000000070e867910}: 'long java.lang.invoke.DirectMethodHandle$Holder.invokeStaticInit(java.lang.Object, java.lang.Object)'> (0x000000070e867910) 
thrown [s\open\src\hotspot\share\interpreter\linkResolver.cpp, line 796]
Event: 0.920 Thread 0x0000020eb285b790 Exception <a 'java/lang/NoSuchMethodError'{0x000000070e8dfb40}: 'long java.lang.invoke.DirectMethodHandle$Holder.invokeInterface(java.lang.Object, java.lang.Object)'> (0x000000070e8dfb40) 
thrown [s\open\src\hotspot\share\interpreter\linkResolver.cpp, line 796]
Event: 0.920 Thread 0x0000020eb285b790 Exception <a 'java/lang/IncompatibleClassChangeError'{0x000000070e8e2b68}: Found class java.lang.Object, but interface was expected> (0x000000070e8e2b68) 
thrown [s\open\src\hotspot\share\interpreter\linkResolver.cpp, line 863]
Event: 0.922 Thread 0x0000020eb285b790 Exception <a 'java/lang/NoSuchMethodError'{0x000000070e8fb398}: 'java.lang.Object java.lang.invoke.DirectMethodHandle$Holder.invokeVirtual(java.lang.Object, java.lang.Object, java.lang.Object, java.lang.Object)'> (0x000000070e8fb398) 
thrown [s\open\src\hotspot\share\interpreter\linkResolver.cpp, line 796]

VM Operations (20 events):
Event: 0.469 Executing VM operation: G1CollectForAllocation (G1 Evacuation Pause)
Event: 0.474 Executing VM operation: G1CollectForAllocation (G1 Evacuation Pause) done
Event: 0.547 Executing VM operation: HandshakeAllThreads (Deoptimize)
Event: 0.547 Executing VM operation: HandshakeAllThreads (Deoptimize) done
Event: 0.648 Executing VM operation: HandshakeAllThreads (Deoptimize)
Event: 0.648 Executing VM operation: HandshakeAllThreads (Deoptimize) done
Event: 0.722 Executing VM operation: HandshakeAllThreads (Deoptimize)
Event: 0.722 Executing VM operation: HandshakeAllThreads (Deoptimize) done
Event: 0.723 Executing VM operation: G1CollectForAllocation (G1 Evacuation Pause)
Event: 0.726 Executing VM operation: G1CollectForAllocation (G1 Evacuation Pause) done
Event: 0.728 Executing VM operation: HandshakeAllThreads (Deoptimize)
Event: 0.728 Executing VM operation: HandshakeAllThreads (Deoptimize) done
Event: 0.812 Executing VM operation: HandshakeAllThreads (Deoptimize)
Event: 0.812 Executing VM operation: HandshakeAllThreads (Deoptimize) done
Event: 0.832 Executing VM operation: HandshakeAllThreads (Deoptimize)
Event: 0.832 Executing VM operation: HandshakeAllThreads (Deoptimize) done
Event: 0.855 Executing VM operation: HandshakeAllThreads (Deoptimize)
Event: 0.855 Executing VM operation: HandshakeAllThreads (Deoptimize) done
Event: 0.944 Executing VM operation: HandshakeAllThreads (Deoptimize)
Event: 0.944 Executing VM operation: HandshakeAllThreads (Deoptimize) done

Memory protections (0 events):
No events

Nmethod flushes (0 events):
No events

Events (19 events):
Event: 0.019 Thread 0x0000020e9f96c6e0 Thread added: 0x0000020e9f96c6e0
Event: 0.030 Thread 0x0000020e9f96c6e0 Thread added: 0x0000020eb284d040
Event: 0.030 Thread 0x0000020e9f96c6e0 Thread added: 0x0000020eb284daa0
Event: 0.030 Thread 0x0000020e9f96c6e0 Thread added: 0x0000020eb2853920
Event: 0.030 Thread 0x0000020e9f96c6e0 Thread added: 0x0000020eb28546d0
Event: 0.030 Thread 0x0000020e9f96c6e0 Thread added: 0x0000020eb2857140
Event: 0.030 Thread 0x0000020e9f96c6e0 Thread added: 0x0000020eb285a3e0
Event: 0.030 Thread 0x0000020e9f96c6e0 Thread added: 0x0000020eb285e8c0
Event: 0.077 Thread 0x0000020e9f96c6e0 Thread added: 0x0000020eb285cb40
Event: 0.081 Thread 0x0000020eb285e8c0 Thread added: 0x0000020eb5496cd0
Event: 0.082 Thread 0x0000020eb5496cd0 Thread added: 0x0000020eb549a5f0
Event: 0.152 Thread 0x0000020e9f96c6e0 Thread added: 0x0000020eb285d1d0
Event: 0.152 Thread 0x0000020e9f96c6e0 Thread added: 0x0000020eb285d860
Event: 0.339 Thread 0x0000020e9f96c6e0 Thread added: 0x0000020eb285aa70
Event: 0.512 Thread 0x0000020e9f96c6e0 Thread added: 0x0000020eb285c4b0
Event: 0.513 Thread 0x0000020eb285c4b0 Thread added: 0x0000020eb285b100
Event: 0.731 Thread 0x0000020eb285b100 Thread added: 0x0000020eb285b790
Event: 0.819 Thread 0x0000020eb285e8c0 Thread added: 0x0000020efb898ba0
Event: 0.945 Thread 0x0000020eb285b100 Thread added: 0x0000020efbb69640


Dynamic libraries:
0x00007ff6bc7b0000 - 0x00007ff6bc7be000 	C:\Users\Elisa\.jdks\openjdk-23.0.1\bin\java.exe
0x00007ffd89400000 - 0x00007ffd89663000 	C:\WINDOWS\SYSTEM32\ntdll.dll
0x00007ffd87c90000 - 0x00007ffd87d57000 	C:\WINDOWS\System32\KERNEL32.DLL
0x00007ffd86800000 - 0x00007ffd86bb0000 	C:\WINDOWS\System32\KERNELBASE.dll
0x00007ffd82fd0000 - 0x00007ffd8306c000 	C:\WINDOWS\SYSTEM32\apphelp.dll
0x00007ffd86c70000 - 0x00007ffd86dbb000 	C:\WINDOWS\System32\ucrtbase.dll
0x00007ffd82730000 - 0x00007ffd82747000 	C:\Users\Elisa\.jdks\openjdk-23.0.1\bin\jli.dll
0x00007ffd82710000 - 0x00007ffd8272b000 	C:\Users\Elisa\.jdks\openjdk-23.0.1\bin\VCRUNTIME140.dll
0x00007ffd88bf0000 - 0x00007ffd88db3000 	C:\WINDOWS\System32\USER32.dll
0x00007ffd87030000 - 0x00007ffd87057000 	C:\WINDOWS\System32\win32u.dll
0x00007ffd6e110000 - 0x00007ffd6e3a0000 	C:\WINDOWS\WinSxS\amd64_microsoft.windows.common-controls_6595b64144ccf1df_6.0.26100.1882_none_3e0e949ae32eca40\COMCTL32.dll
0x00007ffd87eb0000 - 0x00007ffd87eda000 	C:\WINDOWS\System32\GDI32.dll
0x00007ffd891e0000 - 0x00007ffd89289000 	C:\WINDOWS\System32\msvcrt.dll
0x00007ffd86f00000 - 0x00007ffd87023000 	C:\WINDOWS\System32\gdi32full.dll
0x00007ffd86bc0000 - 0x00007ffd86c63000 	C:\WINDOWS\System32\msvcp_win.dll
0x00007ffd89290000 - 0x00007ffd892bf000 	C:\WINDOWS\System32\IMM32.DLL
0x00007ffd82700000 - 0x00007ffd8270c000 	C:\Users\Elisa\.jdks\openjdk-23.0.1\bin\vcruntime140_1.dll
0x00007ffd82670000 - 0x00007ffd826fe000 	C:\Users\Elisa\.jdks\openjdk-23.0.1\bin\msvcp140.dll
0x00007ffd53850000 - 0x00007ffd5459f000 	C:\Users\Elisa\.jdks\openjdk-23.0.1\bin\server\jvm.dll
0x00007ffd887b0000 - 0x00007ffd88864000 	C:\WINDOWS\System32\ADVAPI32.dll
0x00007ffd88dc0000 - 0x00007ffd88e66000 	C:\WINDOWS\System32\sechost.dll
0x00007ffd88680000 - 0x00007ffd88796000 	C:\WINDOWS\System32\RPCRT4.dll
0x00007ffd88600000 - 0x00007ffd88674000 	C:\WINDOWS\System32\WS2_32.dll
0x00007ffd85d20000 - 0x00007ffd85d6e000 	C:\WINDOWS\SYSTEM32\POWRPROF.dll
0x00007ffd81200000 - 0x00007ffd8120b000 	C:\WINDOWS\SYSTEM32\VERSION.dll
0x00007ffd7c720000 - 0x00007ffd7c756000 	C:\WINDOWS\SYSTEM32\WINMM.dll
0x00007ffd85d00000 - 0x00007ffd85d14000 	C:\WINDOWS\SYSTEM32\UMPDC.dll
0x00007ffd85660000 - 0x00007ffd8567a000 	C:\WINDOWS\SYSTEM32\kernel.appcore.dll
0x00007ffd7dd70000 - 0x00007ffd7dd7a000 	C:\Users\Elisa\.jdks\openjdk-23.0.1\bin\jimage.dll
0x00007ffd788a0000 - 0x00007ffd78ae1000 	C:\WINDOWS\SYSTEM32\DBGHELP.DLL
0x00007ffd88870000 - 0x00007ffd88bec000 	C:\WINDOWS\System32\combase.dll
0x00007ffd89100000 - 0x00007ffd891d6000 	C:\WINDOWS\System32\OLEAUT32.dll
0x00007ffd25710000 - 0x00007ffd25749000 	C:\WINDOWS\SYSTEM32\dbgcore.DLL
0x00007ffd87060000 - 0x00007ffd870f9000 	C:\WINDOWS\System32\bcryptPrimitives.dll
0x00007ffd7dd60000 - 0x00007ffd7dd6f000 	C:\Users\Elisa\.jdks\openjdk-23.0.1\bin\instrument.dll
0x00007ffd7c5c0000 - 0x00007ffd7c5de000 	C:\Users\Elisa\.jdks\openjdk-23.0.1\bin\java.dll
0x00007ffd883f0000 - 0x00007ffd88589000 	C:\WINDOWS\System32\ole32.dll
0x00007ffd873c0000 - 0x00007ffd87ab8000 	C:\WINDOWS\System32\SHELL32.dll
0x00007ffd845e0000 - 0x00007ffd84e0a000 	C:\WINDOWS\SYSTEM32\windows.storage.dll
0x00007ffd872e0000 - 0x00007ffd873b3000 	C:\WINDOWS\System32\SHCORE.dll
0x00007ffd87280000 - 0x00007ffd872dd000 	C:\WINDOWS\System32\shlwapi.dll
0x00007ffd86720000 - 0x00007ffd86749000 	C:\WINDOWS\SYSTEM32\profapi.dll
0x00007ffd7c550000 - 0x00007ffd7c567000 	C:\Users\Elisa\.jdks\openjdk-23.0.1\bin\zip.dll
0x00007ffd7c5b0000 - 0x00007ffd7c5c0000 	C:\Users\Elisa\.jdks\openjdk-23.0.1\bin\net.dll
0x00007ffd85bd0000 - 0x00007ffd85c38000 	C:\WINDOWS\system32\mswsock.dll
0x00007ffd7c590000 - 0x00007ffd7c5a6000 	C:\Users\Elisa\.jdks\openjdk-23.0.1\bin\nio.dll
0x00007ffd797d0000 - 0x00007ffd797ea000 	C:\Program Files\JetBrains\IntelliJ IDEA 2024.2.3\bin\breakgen64.dll
0x00007ffd7c580000 - 0x00007ffd7c589000 	C:\Users\Elisa\.jdks\openjdk-23.0.1\bin\extnet.dll
0x00007ffd85190000 - 0x00007ffd852af000 	C:\WINDOWS\SYSTEM32\DNSAPI.dll
0x00007ffd85150000 - 0x00007ffd85181000 	C:\WINDOWS\SYSTEM32\IPHLPAPI.DLL
0x00007ffd88590000 - 0x00007ffd8859a000 	C:\WINDOWS\System32\NSI.dll
0x00007ffd7fca0000 - 0x00007ffd7fcab000 	C:\Windows\System32\rasadhlp.dll
0x00007ffd812d0000 - 0x00007ffd81356000 	C:\WINDOWS\System32\fwpuclnt.dll
0x00007ffd7c540000 - 0x00007ffd7c54a000 	C:\Users\Elisa\.jdks\openjdk-23.0.1\bin\management.dll
0x00007ffd797a0000 - 0x00007ffd797ab000 	C:\Users\Elisa\.jdks\openjdk-23.0.1\bin\management_ext.dll
0x00007ffd887a0000 - 0x00007ffd887a8000 	C:\WINDOWS\System32\PSAPI.DLL
0x00007ffd85f10000 - 0x00007ffd85f2c000 	C:\WINDOWS\SYSTEM32\CRYPTSP.dll
0x00007ffd855c0000 - 0x00007ffd855f8000 	C:\WINDOWS\system32\rsaenh.dll
0x00007ffd85c70000 - 0x00007ffd85c9b000 	C:\WINDOWS\SYSTEM32\USERENV.dll
0x00007ffd86150000 - 0x00007ffd86176000 	C:\WINDOWS\SYSTEM32\bcrypt.dll
0x00007ffd85f30000 - 0x00007ffd85f3c000 	C:\WINDOWS\SYSTEM32\CRYPTBASE.dll
0x00007ffd24470000 - 0x00007ffd24488000 	C:\WINDOWS\system32\napinsp.dll
0x00007ffd24450000 - 0x00007ffd24462000 	C:\WINDOWS\System32\winrnr.dll
0x00007ffd473c0000 - 0x00007ffd473e2000 	C:\WINDOWS\system32\nlansp_c.dll
0x00007ffd68b50000 - 0x00007ffd68b66000 	C:\WINDOWS\system32\wshbth.dll
0x00007ffd79790000 - 0x00007ffd7979e000 	C:\Users\Elisa\.jdks\openjdk-23.0.1\bin\sunmscapi.dll
0x00007ffd87100000 - 0x00007ffd87276000 	C:\WINDOWS\System32\CRYPT32.dll
0x00007ffd86110000 - 0x00007ffd86140000 	C:\WINDOWS\SYSTEM32\ncrypt.dll
0x00007ffd860c0000 - 0x00007ffd860ff000 	C:\WINDOWS\SYSTEM32\NTASN1.dll

dbghelp: loaded successfully - version: 4.0.5 - missing functions: none
symbol engine: initialized successfully - sym options: 0x614 - pdb path: .;C:\Users\Elisa\.jdks\openjdk-23.0.1\bin;C:\WINDOWS\SYSTEM32;C:\WINDOWS\WinSxS\amd64_microsoft.windows.common-controls_6595b64144ccf1df_6.0.26100.1882_none_3e0e949ae32eca40;C:\Users\Elisa\.jdks\openjdk-23.0.1\bin\server;C:\Program Files\JetBrains\IntelliJ IDEA 2024.2.3\bin

VM Arguments:
jvm_args: -XX:TieredStopAtLevel=1 -Dspring.output.ansi.enabled=always -Dcom.sun.management.jmxremote -Dspring.jmx.enabled=true -Dspring.liveBeansView.mbeanDomain -Dspring.application.admin.enabled=true -Dmanagement.endpoints.jmx.exposure.include=* -javaagent:C:\Program Files\JetBrains\IntelliJ IDEA 2024.2.3\lib\idea_rt.jar=53983:C:\Program Files\JetBrains\IntelliJ IDEA 2024.2.3\bin -Dfile.encoding=UTF-8 -Dsun.stdout.encoding=UTF-8 -Dsun.stderr.encoding=UTF-8 
java_command: com.example.skills_project.SkillsProjectApplication
java_class_path (initial): C:\Users\Elisa\Desktop\skills-back-neki-main\target\classes;C:\Users\Elisa\.m2\repository\org\springframework\boot\spring-boot-starter-web\3.3.2\spring-boot-starter-web-3.3.2.jar;C:\Users\Elisa\.m2\repository\org\springframework\boot\spring-boot-starter\3.3.2\spring-boot-starter-3.3.2.jar;C:\Users\Elisa\.m2\repository\org\springframework\boot\spring-boot-starter-logging\3.3.2\spring-boot-starter-logging-3.3.2.jar;C:\Users\Elisa\.m2\repository\ch\qos\logback\logback-classic\1.5.6\logback-classic-1.5.6.jar;C:\Users\Elisa\.m2\repository\ch\qos\logback\logback-core\1.5.6\logback-core-1.5.6.jar;C:\Users\Elisa\.m2\repository\org\apache\logging\log4j\log4j-to-slf4j\2.23.1\log4j-to-slf4j-2.23.1.jar;C:\Users\Elisa\.m2\repository\org\apache\logging\log4j\log4j-api\2.23.1\log4j-api-2.23.1.jar;C:\Users\Elisa\.m2\repository\org\slf4j\jul-to-slf4j\2.0.13\jul-to-slf4j-2.0.13.jar;C:\Users\Elisa\.m2\repository\jakarta\annotation\jakarta.annotation-api\2.1.1\jakarta.annotation-api-2.1.1.jar;C:\Users\Elisa\.m2\repository\org\yaml\snakeyaml\2.2\snakeyaml-2.2.jar;C:\Users\Elisa\.m2\repository\org\springframework\boot\spring-boot-starter-json\3.3.2\spring-boot-starter-json-3.3.2.jar;C:\Users\Elisa\.m2\repository\com\fasterxml\jackson\datatype\jackson-datatype-jdk8\2.17.2\jackson-datatype-jdk8-2.17.2.jar;C:\Users\Elisa\.m2\repository\com\fasterxml\jackson\datatype\jackson-datatype-jsr310\2.17.2\jackson-datatype-jsr310-2.17.2.jar;C:\Users\Elisa\.m2\repository\com\fasterxml\jackson\module\jackson-module-parameter-names\2.17.2\jackson-module-parameter-names-2.17.2.jar;C:\Users\Elisa\.m2\repository\org\springframework\boot\spring-boot-starter-tomcat\3.3.2\spring-boot-starter-tomcat-3.3.2.jar;C:\Users\Elisa\.m2\repository\org\apache\tomcat\embed\tomcat-embed-core\10.1.26\tomcat-embed-core-10.1.26.jar;C:\Users\Elisa\.m2\repository\org\apache\tomcat\embed\tomcat-embed-el\10.1.26\tomcat-embed-el-10.1.26.jar;C:\Users\Elisa\.m2\repository\org\apache\tomcat\embed\tomcat-embed-websocket\10.1.26\tomcat-embed-websocket-10.1.26.jar;C:\Users\Elisa\.m2\repository\org\springframework\spring-web\6.1.11\spring-web-6.1.11.jar;C:\Users\Elisa\.m2\repository\org\springframework\spring-beans\6.1.11\spring-beans-6.1.11.jar;C:\Users\Elisa\.m2\repository\io\micrometer\micrometer-observation\1.13.2\micrometer-observation-1.13.2.jar;C:\Users\Elisa\.m2\repository\io\micrometer\micrometer-commons\1.13.2\micrometer-commons-1.13.2.jar;C:\Users\Elisa\.m2\repository\org\springframework\spring-webmvc\6.1.11\spring-webmvc-6.1.11.jar;C:\Users\Elisa\.m2\repository\org\springframework\spring-context\6.1.11\spring-context-6.1.11.jar;C:\Users\Elisa\.m2\repository\org\springframework\spring-expression\6.1.11\spring-expression-6.1.11.jar;C:\Users\Elisa\.m2\repository\org\springframework\boot\spring-boot-devtools\3.3.2\spring-boot-devtools-3.3.2.jar;C:\Users\Elisa\.m2\repository\org\springframework\boot\spring-boot\3.3.2\spring-boot-3.3.2.jar;C:\Users\Elisa\.m2\repository\org\springframework\boot\spring-boot-autoconfigure\3.3.2\spring-boot-autoconfigure-3.3.2.jar;C:\Users\Elisa\.m2\repository\org\projectlombok\lombok\1.18.34\lombok-1.18.34.jar;C:\Users\Elisa\.m2\repository\org\slf4j\slf4j-api\2.0.13\slf4j-api-2.0.13.jar;C:\Users\Elisa\.m2\repository\jakarta\xml\bind\jakarta.xml.bind-api\4.0.2\jakarta.xml.bind-api-4.0.2.jar;C:\Users\Elisa\.m2\repository\jakarta\activation\jakarta.activation-api\2.1.3\jakarta.activation-api-2.1.3.jar;C:\Users\Elisa\.m2\repository\net\bytebuddy\byte-buddy\1.14.18\byte-buddy-1.14.18.jar;C:\Users\Elisa\.m2\repository\org\springframework\spring-core\6.1.11\spring-core-6.1.11.jar;C:\Users\Elisa\.m2\repository\org\springframework\spring-jcl\6.1.11\spring-jcl-6.1.11.jar;C:\Users\Elisa\.m2\repository\org\springframework\boot\spring-boot-starter-data-jpa\3.3.2\spring-boot-starter-data-jpa-3.3.2.jar;C:\Users\Elisa\.m2\repository\org\springframework\boot\spring-boot-starter-aop\3.3.2\spring-boot-starter-aop-3.3.2.jar;C:\Users\Elisa\.m2\repository\org\aspectj\aspectjweaver\1.9.22.1\aspectjweaver-1.9.22.1.jar;C:\Users\Elisa\.m2\repository\org\springframework\boot\spring-boot-starter-jdbc\3.3.2\spring-boot-starter-jdbc-3.3.2.jar;C:\Users\Elisa\.m2\repository\com\zaxxer\HikariCP\5.1.0\HikariCP-5.1.0.jar;C:\Users\Elisa\.m2\repository\org\springframework\spring-jdbc\6.1.11\spring-jdbc-6.1.11.jar;C:\Users\Elisa\.m2\repository\org\hibernate\orm\hibernate-core\6.5.2.Final\hibernate-core-6.5.2.Final.jar;C:\Users\Elisa\.m2\repository\jakarta\persistence\jakarta.persistence-api\3.1.0\jakarta.persistence-api-3.1.0.jar;C:\Users\Elisa\.m2\repository\jakarta\transaction\jakarta.transaction-api\2.0.1\jakarta.transaction-api-2.0.1.jar;C:\Users\Elisa\.m2\repository\org\jboss\logging\jboss-logging\3.5.3.Final\jboss-logging-3.5.3.Final.jar;C:\Users\Elisa\.m2\repository\org\hibernate\common\hibernate-commons-annotations\6.0.6.Final\hibernate-commons-annotations-6.0.6.Final.jar;C:\Users\Elisa\.m2\repository\io\smallrye\jandex\3.1.2\jandex-3.1.2.jar;C:\Users\Elisa\.m2\repository\com\fasterxml\classmate\1.7.0\classmate-1.7.0.jar;C:\Users\Elisa\.m2\repository\org\glassfish\jaxb\jaxb-runtime\4.0.5\jaxb-runtime-4.0.5.jar;C:\Users\Elisa\.m2\repository\org\glassfish\jaxb\jaxb-core\4.0.5\jaxb-core-4.0.5.jar;C:\Users\Elisa\.m2\repository\org\eclipse\angus\angus-activation\2.0.2\angus-activation-2.0.2.jar;C:\Users\Elisa\.m2\repository\org\glassfish\jaxb\txw2\4.0.5\txw2-4.0.5.jar;C:\Users\Elisa\.m2\repository\com\sun\istack\istack-commons-runtime\4.1.2\istack-commons-runtime-4.1.2.jar;C:\Users\Elisa\.m2\repository\jakarta\inject\jakarta.inject-api\2.0.1\jakarta.inject-api-2.0.1.jar;C:\Users\Elisa\.m2\repository\org\antlr\antlr4-runtime\4.13.0\antlr4-runtime-4.13.0.jar;C:\Users\Elisa\.m2\repository\org\springframework\data\spring-data-jpa\3.3.2\spring-data-jpa-3.3.2.jar;C:\Users\Elisa\.m2\repository\org\springframework\data\spring-data-commons\3.3.2\spring-data-commons-3.3.2.jar;C:\Users\Elisa\.m2\repository\org\springframework\spring-orm\6.1.11\spring-orm-6.1.11.jar;C:\Users\Elisa\.m2\repository\org\springframework\spring-tx\6.1.11\spring-tx-6.1.11.jar;C:\Users\Elisa\.m2\repository\org\springframework\spring-aspects\6.1.11\spring-aspects-6.1.11.jar;C:\Users\Elisa\.m2\repository\org\postgresql\postgresql\42.7.3\postgresql-42.7.3.jar;C:\Users\Elisa\.m2\repository\org\checkerframework\checker-qual\3.42.0\checker-qual-3.42.0.jar;C:\Users\Elisa\.m2\repository\org\springframework\boot\spring-boot-starter-security\3.3.2\spring-boot-starter-security-3.3.2.jar;C:\Users\Elisa\.m2\repository\org\springframework\spring-aop\6.1.11\spring-aop-6.1.11.jar;C:\Users\Elisa\.m2\repository\org\springframework\security\spring-security-config\6.3.1\spring-security-config-6.3.1.jar;C:\Users\Elisa\.m2\repository\org\springframework\security\spring-security-web\6.3.1\spring-security-web-6.3.1.jar;C:\Users\Elisa\.m2\repository\org\springframework\security\spring-security-core\6.3.1\spring-security-core-6.3.1.jar;C:\Users\Elisa\.m2\repository\org\springframework\security\spring-security-crypto\6.3.1\spring-security-crypto-6.3.1.jar;C:\Users\Elisa\.m2\repository\org\flywaydb\flyway-core\10.10.0\flyway-core-10.10.0.jar;C:\Users\Elisa\.m2\repository\com\fasterxml\jackson\dataformat\jackson-dataformat-toml\2.17.2\jackson-dataformat-toml-2.17.2.jar;C:\Users\Elisa\.m2\repository\com\fasterxml\jackson\core\jackson-core\2.17.2\jackson-core-2.17.2.jar;C:\Users\Elisa\.m2\repository\com\google\code\gson\gson\2.10.1\gson-2.10.1.jar;C:\Users\Elisa\.m2\repository\org\flywaydb\flyway-database-postgresql\10.10.0\flyway-database-postgresql-10.10.0.jar;C:\Users\Elisa\.m2\repository\jakarta\validation\jakarta.validation-api\3.0.2\jakarta.validation-api-3.0.2.jar;C:\Users\Elisa\.m2\repository\com\auth0\java-jwt\4.4.0\java-jwt-4.4.0.jar;C:\Users\Elisa\.m2\repository\com\fasterxml\jackson\core\jackson-databind\2.17.2\jackson-databind-2.17.2.jar;C:\Users\Elisa\.m2\repository\com\fasterxml\jackson\core\jackson-annotations\2.17.2\jackson-annotations-2.17.2.jar;C:\Users\Elisa\.m2\repository\org\springdoc\springdoc-openapi-starter-webmvc-ui\2.6.0\springdoc-openapi-starter-webmvc-ui-2.6.0.jar;C:\Users\Elisa\.m2\repository\org\springdoc\springdoc-openapi-starter-webmvc-api\2.6.0\springdoc-openapi-starter-webmvc-api-2.6.0.jar;C:\Users\Elisa\.m2\repository\org\springdoc\springdoc-openapi-starter-common\2.6.0\springdoc-openapi-starter-common-2.6.0.jar;C:\Users\Elisa\.m2\repository\io\swagger\core\v3\swagger-core-jakarta\2.2.22\swagger-core-jakarta-2.2.22.jar;C:\Users\Elisa\.m2\repository\org\apache\commons\commons-lang3\3.14.0\commons-lang3-3.14.0.jar;C:\Users\Elisa\.m2\repository\io\swagger\core\v3\swagger-annotations-jakarta\2.2.22\swagger-annotations-jakarta-2.2.22.jar;C:\Users\Elisa\.m2\repository\io\swagger\core\v3\swagger-models-jakarta\2.2.22\swagger-models-jakarta-2.2.22.jar;C:\Users\Elisa\.m2\repository\com\fasterxml\jackson\dataformat\jackson-dataformat-yaml\2.17.2\jackson-dataformat-yaml-2.17.2.jar;C:\Users\Elisa\.m2\repository\org\webjars\swagger-ui\5.17.14\swagger-ui-5.17.14.jar
Launcher Type: SUN_STANDARD

[Global flags]
     intx CICompilerCount                          = 4                                         {product} {ergonomic}
     uint ConcGCThreads                            = 3                                         {product} {ergonomic}
     uint G1ConcRefinementThreads                  = 10                                        {product} {ergonomic}
   size_t G1HeapRegionSize                         = 2097152                                   {product} {ergonomic}
   size_t InitialHeapSize                          = 268435456                                 {product} {ergonomic}
     bool ManagementServer                         = true                                      {product} {command line}
   size_t MarkStackSize                            = 4194304                                   {product} {ergonomic}
   size_t MarkStackSizeMax                         = 536870912                                 {product} {ergonomic}
   size_t MaxHeapSize                              = 4282384384                                {product} {ergonomic}
   size_t MaxNewSize                               = 2569011200                                {product} {ergonomic}
   size_t MinHeapDeltaBytes                        = 2097152                                   {product} {ergonomic}
   size_t MinHeapSize                              = 8388608                                   {product} {ergonomic}
    uintx NonNMethodCodeHeapSize                   = 4096                                   {pd product} {ergonomic}
    uintx NonProfiledCodeHeapSize                  = 0                                      {pd product} {ergonomic}
     bool ProfileInterpreter                       = false                                  {pd product} {command line}
    uintx ProfiledCodeHeapSize                     = 0                                      {pd product} {ergonomic}
   size_t SoftMaxHeapSize                          = 4282384384                             {manageable} {ergonomic}
     intx TieredStopAtLevel                        = 1                                         {product} {command line}
     bool UseCompressedOops                        = true                           {product lp64_product} {ergonomic}
     bool UseG1GC                                  = true                                      {product} {ergonomic}
     bool UseLargePagesIndividualAllocation        = false                                  {pd product} {ergonomic}

Logging:
Log output configuration:
 #0: stdout all=warning uptime,level,tags foldmultilines=false
 #1: stderr all=off uptime,level,tags foldmultilines=false

Environment Variables:
PATH=C:\WINDOWS\system32;C:\WINDOWS;C:\WINDOWS\System32\Wbem;C:\WINDOWS\System32\WindowsPowerShell\v1.0\;C:\WINDOWS\System32\OpenSSH\;C:\Program Files\Microsoft VS Code\bin;C:\ProgramData\chocolatey\bin;C:\Program Files\nodejs\;C:\Program Files\Git\cmd;C:\Users\Elisa\AppData\Local\Microsoft\WindowsApps;C:\Users\Elisa\AppData\Roaming\npm
USERNAME=Elisa
OS=Windows_NT
PROCESSOR_IDENTIFIER=AMD64 Family 23 Model 113 Stepping 0, AuthenticAMD
TMP=C:\Users\Elisa\AppData\Local\Temp
TEMP=C:\Users\Elisa\AppData\Local\Temp




Periodic native trim disabled

---------------  S Y S T E M  ---------------

OS:
 Windows 11 , 64 bit Build 26100 (10.0.26100.1882)
OS uptime: 1 days 10:45 hours

CPU: total 12 (initial active 12) (12 cores per cpu, 2 threads per core) family 23 model 113 stepping 0 microcode 0x8701013, cx8, cmov, fxsr, ht, mmx, 3dnowpref, sse, sse2, sse3, ssse3, sse4a, sse4.1, sse4.2, popcnt, lzcnt, tsc, tscinvbit, avx, avx2, aes, clmul, bmi1, bmi2, adx, sha, fma, vzeroupper, clflush, clflushopt, rdtscp, rdpid, f16c
Processor Information for the first 12 processors :
  Max Mhz: 3793, Current Mhz: 3793, Mhz Limit: 3793

Memory: 4k page, system-wide physical 16332M (4995M free)
TotalPageFile size 22441M (AvailPageFile size 3353M)
current process WorkingSet (physical memory assigned to process): 142M, peak: 142M
current process commit charge ("private bytes"): 386M, peak: 386M

vm_info: OpenJDK 64-Bit Server VM (23.0.1+11-39) for windows-amd64 JRE (23.0.1+11-39), built on 2024-09-30T07:20:43Z with MS VC++ 17.6 (VS2022)

END.
