#
# A fatal error has been detected by the Java Runtime Environment:
#
#  EXCEPTION_ACCESS_VIOLATION (0xc0000005) at pc=0x00007ffd539b9868, pid=7428, tid=8832
#
# JRE version: OpenJDK Runtime Environment (23.0.1+11) (build 23.0.1+11-39)
# Java VM: OpenJDK 64-Bit Server VM (23.0.1+11-39, mixed mode, emulated-client, sharing, tiered, compressed oops, compressed class ptrs, g1 gc, windows-amd64)
# Problematic frame:
# V  [jvm.dll+0x199868]
#
# No core dump will be written. Minidumps are not enabled by default on client versions of Windows
#
# If you would like to submit a bug report, please visit:
#   https://bugreport.java.com/bugreport/crash.jsp
#

---------------  S U M M A R Y ------------

Command Line: -XX:TieredStopAtLevel=1 -Dspring.output.ansi.enabled=always -Dcom.sun.management.jmxremote -Dspring.jmx.enabled=true -Dspring.liveBeansView.mbeanDomain -Dspring.application.admin.enabled=true -Dmanagement.endpoints.jmx.exposure.include=* -javaagent:C:\Program Files\JetBrains\IntelliJ IDEA 2024.2.3\lib\idea_rt.jar=51959:C:\Program Files\JetBrains\IntelliJ IDEA 2024.2.3\bin -Dfile.encoding=UTF-8 -Dsun.stdout.encoding=UTF-8 -Dsun.stderr.encoding=UTF-8 com.example.skills_project.SkillsProjectApplication

Host: AMD Ryzen 5 3600X 6-Core Processor             , 12 cores, 15G,  Windows 11 , 64 bit Build 26100 (10.0.26100.1882)
Time: Tue Oct 29 18:15:41 2024 Hora oficial do Brasil elapsed time: 4.120801 seconds (0d 0h 0m 4s)

---------------  T H R E A D  ---------------

Current thread (0x000001620a0fc4a0):  JavaThread "C1 CompilerThread1" daemon [_thread_in_native, id=8832, stack(0x0000002721500000,0x0000002721600000) (1024K)]


Current CompileTask:
C1:4120 6295       1       org.springframework.beans.BeanWrapperImpl::setIntrospectionClass (24 bytes)

Stack: [0x0000002721500000,0x0000002721600000],  sp=0x00000027215fe5b0,  free space=1017k
Native frames: (J=compiled Java code, j=interpreted, Vv=VM code, C=native code)
V  [jvm.dll+0x199868]  (no source info available)
V  [jvm.dll+0x19995c]  (no source info available)
V  [jvm.dll+0x194542]  (no source info available)
V  [jvm.dll+0x1934f5]  (no source info available)
V  [jvm.dll+0x19394a]  (no source info available)
V  [jvm.dll+0x19566e]  (no source info available)
V  [jvm.dll+0x150a72]  (no source info available)
V  [jvm.dll+0x15022f]  (no source info available)
V  [jvm.dll+0x1504db]  (no source info available)
V  [jvm.dll+0x14f8a8]  (no source info available)
V  [jvm.dll+0x1516ed]  (no source info available)
V  [jvm.dll+0x253cf1]  (no source info available)
V  [jvm.dll+0x251faa]  (no source info available)
V  [jvm.dll+0x3ee036]  (no source info available)
V  [jvm.dll+0x824f8b]  (no source info available)
V  [jvm.dll+0x6df065]  (no source info available)
C  [ucrtbase.dll+0x14ea0]  (no source info available)
C  [KERNEL32.DLL+0x2dbe7]  (no source info available)
C  [ntdll.dll+0x85a4c]  (no source info available)


siginfo: EXCEPTION_ACCESS_VIOLATION (0xc0000005), reading address 0xffffffffffffffff


Registers:
RAX=0x0000000000000010, RBX=0x532f646e69626174, RCX=0x532f646e69626174, RDX=0x0000000000000010
RSP=0x00000027215fe5b0, RBP=0x532f646e69626174, RSI=0x00000027215fe690, RDI=0x000001620af7a678
R8 =0x0000000000000000, R9 =0x0000000000000000, R10=0x532f646e69626174, R11=0x0000000000000010
R12=0x000001620af7a678, R13=0x0000000000000000, R14=0x00000027215fe6b8, R15=0x0000000000000010
RIP=0x00007ffd539b9868, EFLAGS=0x0000000000010206


Register to memory mapping:

RAX=0x0000000000000010 is an unknown value
RBX=0x532f646e69626174 is an unknown value
RCX=0x532f646e69626174 is an unknown value
RDX=0x0000000000000010 is an unknown value
RSP=0x00000027215fe5b0 is pointing into the stack for thread: 0x000001620a0fc4a0
RBP=0x532f646e69626174 is an unknown value
RSI=0x00000027215fe690 is pointing into the stack for thread: 0x000001620a0fc4a0
RDI=0x000001620af7a678 points into unknown readable memory: 0x00000027215fedf0 | f0 ed 5f 21 27 00 00 00
R8 =0x0 is null
R9 =0x0 is null
R10=0x532f646e69626174 is an unknown value
R11=0x0000000000000010 is an unknown value
R12=0x000001620af7a678 points into unknown readable memory: 0x00000027215fedf0 | f0 ed 5f 21 27 00 00 00
R13=0x0 is null
R14=0x00000027215fe6b8 is pointing into the stack for thread: 0x000001620a0fc4a0
R15=0x0000000000000010 is an unknown value

Top of Stack: (sp=0x00000027215fe5b0)
0x00000027215fe5b0:   000001620af79528 00007ffd539b995c
0x00000027215fe5c0:   00000027215fe690 000001620af7a678
0x00000027215fe5d0:   0000000000000000 00007ffd5398bdd3
0x00000027215fe5e0:   0000000000000010 00007ffd539b4542
0x00000027215fe5f0:   0000000000000000 000000000090901b
0x00000027215fe600:   00000027215fe8b0 0000000000000000
0x00000027215fe610:   0000000000000001 00007ffd539b34f5
0x00000027215fe620:   00000027215fe6b8 00000027215fe6a8
0x00000027215fe630:   0000000000000000 0000000000000000
0x00000027215fe640:   0000000000000000 0000000000000000
0x00000027215fe650:   0000000000000000 0000000000000005
0x00000027215fe660:   000001620af79478 0000000000000010
0x00000027215fe670:   000001620af79558 000001620af7f0e8
0x00000027215fe680:   0000000000000001 0000000000000008
0x00000027215fe690:   000000000001801b 0000000000000000
0x00000027215fe6a0:   000001620af79558 0000000000000001
0x00000027215fe6b0:   0000000000000001 000001620af79588
0x00000027215fe6c0:   0000000000000000 0000000000000000
0x00000027215fe6d0:   0000000000000000 0000000000000000
0x00000027215fe6e0:   0000000000000000 0000000000000000
0x00000027215fe6f0:   0000000000000000 0000000000000000
0x00000027215fe700:   0000000000000000 0000000000000000
0x00000027215fe710:   0000000000000000 0000000000000000
0x00000027215fe720:   0000000000000000 0000000000000000
0x00000027215fe730:   0000000000000000 0000000000000000
0x00000027215fe740:   0000000000000000 0000000000000000
0x00000027215fe750:   0000000000000000 0000000000000000
0x00000027215fe760:   0000000000000000 0000000000000000
0x00000027215fe770:   0000000000000000 0000000000000000
0x00000027215fe780:   0000000000000000 0000000000000000
0x00000027215fe790:   0000000000000000 0000000000000000
0x00000027215fe7a0:   0000000000000000 0000000000000000 

Instructions: (pc=0x00007ffd539b9868)
0x00007ffd539b9768:   8b 4f 10 48 8b d0 48 8b f0 e8 fa 92 ff ff 49 8b
0x00007ffd539b9778:   5f 10 41 b8 02 00 00 00 8b 17 48 8b 4b 10 e8 05
0x00007ffd539b9788:   ba fe ff 84 c0 74 11 8b 16 41 b8 02 00 00 00 48
0x00007ffd539b9798:   8b 4b 10 e8 50 ee fe ff 8b 17 41 b8 01 00 00 00
0x00007ffd539b97a8:   48 8b 4b 10 e8 df b9 fe ff 84 c0 74 11 8b 16 41
0x00007ffd539b97b8:   b8 01 00 00 00 48 8b 4b 10 e8 2a ee fe ff 48 8b
0x00007ffd539b97c8:   46 08 45 33 f6 40 88 6e 74 49 8b 5f 20 8b 28 48
0x00007ffd539b97d8:   8b 43 08 39 28 7c 3e 75 4e 8b 4b 10 83 e9 02 78
0x00007ffd539b97e8:   21 4c 8b 43 18 48 63 c1 48 8d 50 01 49 8d 14 90
0x00007ffd539b97f8:   83 3a 00 7d 29 83 e9 02 48 83 ea 08 48 83 e8 02
0x00007ffd539b9808:   79 ee bf ff ff ff 7f 33 d2 48 8b ce e8 17 c7 ff
0x00007ffd539b9818:   ff 3b f8 7d 12 4c 8b f3 48 8b 5b 30 eb b1 48 63
0x00007ffd539b9828:   c1 41 8b 3c 80 eb e0 48 8b 6c 24 50 4d 85 f6 75
0x00007ffd539b9838:   06 49 89 77 20 eb 04 49 89 76 30 4c 8b 74 24 60
0x00007ffd539b9848:   48 89 5e 30 48 8b 74 24 58 48 83 c4 30 41 5f 5f
0x00007ffd539b9858:   5b c3 cc cc cc cc cc cc 40 53 44 8b da 48 8b d9
0x00007ffd539b9868:   48 8b 51 60 48 85 d2 0f 84 bf 00 00 00 48 63 02
0x00007ffd539b9878:   85 c0 0f 84 b4 00 00 00 48 89 74 24 10 33 f6 41
0x00007ffd539b9888:   83 f8 02 48 89 7c 24 18 48 8b f8 40 0f 95 c6 45
0x00007ffd539b9898:   33 d2 85 c0 7e 5b 45 33 c0 48 8b 42 08 4e 8b 0c
0x00007ffd539b98a8:   c0 49 8b 49 08 44 39 19 7f 3c 41 8b 41 44 83 f8
0x00007ffd539b98b8:   ff 75 2c 48 8b 41 08 48 8b 15 0a 2e aa 00 48 3b
0x00007ffd539b98c8:   c2 74 11 0f 1f 44 00 00 48 8b c8 48 8b 40 08 48
0x00007ffd539b98d8:   3b c2 75 f4 8b 41 04 41 89 41 44 48 8b 53 60 03
0x00007ffd539b98e8:   c6 44 3b d8 7c 19 41 ff c2 49 ff c0 4c 3b c7 7c
0x00007ffd539b98f8:   a8 48 8b 74 24 10 33 c0 48 8b 7c 24 18 5b c3 45
0x00007ffd539b9908:   85 d2 7e 19 48 8b 52 08 49 63 ca 48 8b 02 48 89
0x00007ffd539b9918:   04 ca 48 8b 43 60 48 8b 48 08 4c 89 09 48 8b 74
0x00007ffd539b9928:   24 10 49 8b c1 48 8b 7c 24 18 5b c3 48 8b c3 5b
0x00007ffd539b9938:   c3 cc cc cc cc cc cc cc 40 57 48 83 ec 20 41 8b
0x00007ffd539b9948:   c0 4c 8b d2 48 8b f9 8b d0 49 8b ca 45 8b c1 e8
0x00007ffd539b9958:   04 ff ff ff 48 85 c0 75 51 b9 88 00 00 00 48 89 


Stack slot to memory mapping:

stack at sp + 0 slots: 0x000001620af79528 points into unknown readable memory: 0x00007ffd541dd220 | 20 d2 1d 54 fd 7f 00 00
stack at sp + 1 slots: 0x00007ffd539b995c jvm.dll
stack at sp + 2 slots: 0x00000027215fe690 is pointing into the stack for thread: 0x000001620a0fc4a0
stack at sp + 3 slots: 0x000001620af7a678 points into unknown readable memory: 0x00000027215fedf0 | f0 ed 5f 21 27 00 00 00
stack at sp + 4 slots: 0x0 is null
stack at sp + 5 slots: 0x00007ffd5398bdd3 jvm.dll
stack at sp + 6 slots: 0x0000000000000010 is an unknown value
stack at sp + 7 slots: 0x00007ffd539b4542 jvm.dll

Lock stack of current Java thread (top to bottom):


---------------  P R O C E S S  ---------------

Threads class SMR info:
_java_thread_list=0x000001620d11b890, length=25, elements={
0x00000161af22b0b0, 0x00000161c4bc1100, 0x00000161c4bc3890, 0x00000161c4bc88a0,
0x00000161c4bc9300, 0x00000161c4bcc440, 0x00000161c4bcd990, 0x000001620a008240,
0x000001620a0f7100, 0x000001620a0fc4a0, 0x000001620a0fcb70, 0x000001620a54c540,
0x000001620a54ebc0, 0x000001620a0ff450, 0x000001620a757e10, 0x000001620b0788f0,
0x000001620b0700a0, 0x000001620b8cb960, 0x000001620b8c2210, 0x000001620bc29d10,
0x000001620bc28ff0, 0x000001620bc29680, 0x000001620cbde0e0, 0x000001620cbdc010,
0x000001620cbdee00
}

Java Threads: ( => current thread )
  0x00000161af22b0b0 JavaThread "main"                              [_thread_blocked, id=8332, stack(0x0000002720500000,0x0000002720600000) (1024K)]
  0x00000161c4bc1100 JavaThread "Reference Handler"          daemon [_thread_blocked, id=11444, stack(0x0000002720d00000,0x0000002720e00000) (1024K)]
  0x00000161c4bc3890 JavaThread "Finalizer"                  daemon [_thread_blocked, id=9008, stack(0x0000002720e00000,0x0000002720f00000) (1024K)]
  0x00000161c4bc88a0 JavaThread "Signal Dispatcher"          daemon [_thread_blocked, id=7324, stack(0x0000002720f00000,0x0000002721000000) (1024K)]
  0x00000161c4bc9300 JavaThread "Attach Listener"            daemon [_thread_blocked, id=17228, stack(0x0000002721000000,0x0000002721100000) (1024K)]
  0x00000161c4bcc440 JavaThread "Service Thread"             daemon [_thread_blocked, id=16152, stack(0x0000002721100000,0x0000002721200000) (1024K)]
  0x00000161c4bcd990 JavaThread "Monitor Deflation Thread"   daemon [_thread_blocked, id=22192, stack(0x0000002721200000,0x0000002721300000) (1024K)]
  0x000001620a008240 JavaThread "C1 CompilerThread0"         daemon [_thread_in_native, id=6980, stack(0x0000002721300000,0x0000002721400000) (1024K)]
  0x000001620a0f7100 JavaThread "Common-Cleaner"             daemon [_thread_blocked, id=12896, stack(0x0000002721400000,0x0000002721500000) (1024K)]
=>0x000001620a0fc4a0 JavaThread "C1 CompilerThread1"         daemon [_thread_in_native, id=8832, stack(0x0000002721500000,0x0000002721600000) (1024K)]
  0x000001620a0fcb70 JavaThread "C1 CompilerThread2"         daemon [_thread_blocked, id=14964, stack(0x0000002721600000,0x0000002721700000) (1024K)]
  0x000001620a54c540 JavaThread "Monitor Ctrl-Break"         daemon [_thread_in_native, id=5468, stack(0x0000002721700000,0x0000002721800000) (1024K)]
  0x000001620a54ebc0 JavaThread "Notification Thread"        daemon [_thread_blocked, id=15548, stack(0x0000002721800000,0x0000002721900000) (1024K)]
  0x000001620a0ff450 JavaThread "C1 CompilerThread3"         daemon [_thread_blocked, id=20488, stack(0x0000002721900000,0x0000002721a00000) (1024K)]
  0x000001620a757e10 JavaThread "RMI TCP Accept-0"           daemon [_thread_in_native, id=12324, stack(0x0000002721a00000,0x0000002721b00000) (1024K)]
  0x000001620b0788f0 JavaThread "Thread-0"                          [_thread_blocked, id=3872, stack(0x0000002722200000,0x0000002722300000) (1024K)]
  0x000001620b0700a0 JavaThread "restartedMain"                     [_thread_in_vm, id=21532, stack(0x0000002722300000,0x0000002722400000) (1024K)]
  0x000001620b8cb960 JavaThread "RMI TCP Connection(1)-192.168.0.121" daemon [_thread_in_native, id=3060, stack(0x0000002722600000,0x0000002722700000) (1024K)]
  0x000001620b8c2210 JavaThread "RMI Scheduler(0)"           daemon [_thread_blocked, id=17580, stack(0x0000002722900000,0x0000002722a00000) (1024K)]
  0x000001620bc29d10 JavaThread "PostgreSQL-JDBC-Cleaner"    daemon [_thread_blocked, id=20352, stack(0x0000002722b00000,0x0000002722c00000) (1024K)]
  0x000001620bc28ff0 JavaThread "HikariPool-1 housekeeper"   daemon [_thread_blocked, id=17376, stack(0x0000002722c00000,0x0000002722d00000) (1024K)]
  0x000001620bc29680 JavaThread "HikariPool-1 connection adder" daemon [_thread_blocked, id=22244, stack(0x0000002722d00000,0x0000002722e00000) (1024K)]
  0x000001620cbde0e0 JavaThread "Catalina-utility-1"                [_thread_blocked, id=22024, stack(0x0000002722e00000,0x0000002722f00000) (1024K)]
  0x000001620cbdc010 JavaThread "Catalina-utility-2"                [_thread_blocked, id=10800, stack(0x0000002722f00000,0x0000002723000000) (1024K)]
  0x000001620cbdee00 JavaThread "container-0"                       [_thread_blocked, id=22432, stack(0x0000002723000000,0x0000002723100000) (1024K)]
Total: 25

Other Threads:
  0x00000161c4ba1b10 VMThread "VM Thread"                           [id=9536, stack(0x0000002720c00000,0x0000002720d00000) (1024K)]
  0x00000161c4b8f780 WatcherThread "VM Periodic Task Thread"        [id=15268, stack(0x0000002720b00000,0x0000002720c00000) (1024K)]
  0x00000161b0ccfe80 WorkerThread "GC Thread#0"                     [id=17988, stack(0x0000002720600000,0x0000002720700000) (1024K)]
  0x000001620afa5830 WorkerThread "GC Thread#1"                     [id=8728, stack(0x0000002721b00000,0x0000002721c00000) (1024K)]
  0x000001620afa5be0 WorkerThread "GC Thread#2"                     [id=21528, stack(0x0000002721c00000,0x0000002721d00000) (1024K)]
  0x000001620afaa810 WorkerThread "GC Thread#3"                     [id=21904, stack(0x0000002721d00000,0x0000002721e00000) (1024K)]
  0x000001620afaafd0 WorkerThread "GC Thread#4"                     [id=21316, stack(0x0000002721e00000,0x0000002721f00000) (1024K)]
  0x000001620afab380 WorkerThread "GC Thread#5"                     [id=6008, stack(0x0000002721f00000,0x0000002722000000) (1024K)]
  0x000001620b010130 WorkerThread "GC Thread#6"                     [id=17136, stack(0x0000002722000000,0x0000002722100000) (1024K)]
  0x000001620b011900 WorkerThread "GC Thread#7"                     [id=6692, stack(0x0000002722100000,0x0000002722200000) (1024K)]
  0x000001620b262770 WorkerThread "GC Thread#8"                     [id=11572, stack(0x0000002722400000,0x0000002722500000) (1024K)]
  0x000001620b262f30 WorkerThread "GC Thread#9"                     [id=20980, stack(0x0000002722500000,0x0000002722600000) (1024K)]
  0x00000161b0ce5c10 ConcurrentGCThread "G1 Main Marker"            [id=20604, stack(0x0000002720700000,0x0000002720800000) (1024K)]
  0x00000161b0ce75e0 WorkerThread "G1 Conc#0"                       [id=12248, stack(0x0000002720800000,0x0000002720900000) (1024K)]
  0x000001620b705590 WorkerThread "G1 Conc#1"                       [id=12536, stack(0x0000002722700000,0x0000002722800000) (1024K)]
  0x000001620b704a80 WorkerThread "G1 Conc#2"                       [id=14812, stack(0x0000002722800000,0x0000002722900000) (1024K)]
  0x00000161c4a4f490 ConcurrentGCThread "G1 Refine#0"               [id=12516, stack(0x0000002720900000,0x0000002720a00000) (1024K)]
  0x00000161c4a4ff20 ConcurrentGCThread "G1 Service"                [id=16516, stack(0x0000002720a00000,0x0000002720b00000) (1024K)]
Total: 18

Threads with active compile tasks:
C1 CompilerThread1  4196 6295       1       org.springframework.beans.BeanWrapperImpl::setIntrospectionClass (24 bytes)
Total: 1

VM state: not at safepoint (normal execution)

VM Mutex/Monitor currently owned by a thread: None

Heap address: 0x0000000700c00000, size: 4084 MB, Compressed Oops mode: Zero based, Oop shift amount: 3

CDS archive(s) mapped at: [0x00000161c5000000-0x00000161c5d70000-0x00000161c5d70000), size 14090240, SharedBaseAddress: 0x00000161c5000000, ArchiveRelocationMode: 1.
Compressed class space mapped at: 0x00000161c6000000-0x0000016206000000, reserved size: 1073741824
Narrow klass base: 0x00000161c5000000, Narrow klass shift: 0, Narrow klass range: 0x41000000

GC Precious Log:
 CardTable entry size: 512
 Card Set container configuration: InlinePtr #cards 4 size 8 Array Of Cards #cards 16 size 48 Howl #buckets 8 coarsen threshold 3686 Howl Bitmap #cards 512 size 80 coarsen threshold 460 Card regions per heap region 1 cards per card region 4096
 CPUs: 12 total, 12 available
 Memory: 16332M
 Large Page Support: Disabled
 NUMA Support: Disabled
 Compressed Oops: Enabled (Zero based)
 Heap Region Size: 2M
 Heap Min Capacity: 8M
 Heap Initial Capacity: 256M
 Heap Max Capacity: 4084M
 Pre-touch: Disabled
 Parallel Workers: 10
 Concurrent Workers: 3
 Concurrent Refinement Workers: 10
 Periodic GC: Disabled

Heap:
 garbage-first heap   total reserved 4182016K, committed 81920K, used 52743K [0x0000000700c00000, 0x0000000800000000)
  region size 2048K, 15 young (30720K), 3 survivors (6144K)
 Metaspace       used 67956K, committed 68800K, reserved 1114112K
  class space    used 10011K, committed 10368K, reserved 1048576K

Heap Regions: E=young(eden), S=young(survivor), O=old, HS=humongous(starts), HC=humongous(continues), CS=collection set, F=free, TAMS=top-at-mark-start, PB=parsable bottom
|   0|0x0000000700c00000, 0x0000000700e00000, 0x0000000700e00000|100%| O|  |TAMS 0x0000000700c00000| PB 0x0000000700c00000| Untracked |  0
|   1|0x0000000700e00000, 0x0000000701000000, 0x0000000701000000|100%| O|  |TAMS 0x0000000700e00000| PB 0x0000000700e00000| Untracked |  0
|   2|0x0000000701000000, 0x0000000701200000, 0x0000000701200000|100%| O|  |TAMS 0x0000000701000000| PB 0x0000000701000000| Untracked |  0
|   3|0x0000000701200000, 0x0000000701400000, 0x0000000701400000|100%| O|  |TAMS 0x0000000701200000| PB 0x0000000701200000| Untracked |  0
|   4|0x0000000701400000, 0x0000000701600000, 0x0000000701600000|100%| O|  |TAMS 0x0000000701400000| PB 0x0000000701400000| Untracked |  0
|   5|0x0000000701600000, 0x0000000701800000, 0x0000000701800000|100%| O|  |TAMS 0x0000000701600000| PB 0x0000000701600000| Untracked |  0
|   6|0x0000000701800000, 0x0000000701a00000, 0x0000000701a00000|100%| O|  |TAMS 0x0000000701800000| PB 0x0000000701800000| Untracked |  0
|   7|0x0000000701a00000, 0x0000000701c00000, 0x0000000701c00000|100%| O|  |TAMS 0x0000000701a00000| PB 0x0000000701a00000| Untracked |  0
|   8|0x0000000701c00000, 0x0000000701e00000, 0x0000000701e00000|100%| O|  |TAMS 0x0000000701c00000| PB 0x0000000701c00000| Untracked |  0
|   9|0x0000000701e00000, 0x0000000701f16390, 0x0000000702000000| 54%| O|Cm|TAMS 0x0000000701e00000| PB 0x0000000701e00000| Complete |  0
|  10|0x0000000702000000, 0x0000000702200000, 0x0000000702200000|100%| O|  |TAMS 0x0000000702000000| PB 0x0000000702000000| Untracked |  0
|  11|0x0000000702200000, 0x0000000702400000, 0x0000000702400000|100%| O|  |TAMS 0x0000000702200000| PB 0x0000000702200000| Untracked |  0
|  12|0x0000000702400000, 0x000000070246ba00, 0x0000000702600000| 21%| O|  |TAMS 0x0000000702400000| PB 0x0000000702400000| Untracked |  0
|  13|0x0000000702600000, 0x0000000702600000, 0x0000000702800000|  0%| F|  |TAMS 0x0000000702600000| PB 0x0000000702600000| Untracked |  0
|  14|0x0000000702800000, 0x0000000702800000, 0x0000000702a00000|  0%| F|  |TAMS 0x0000000702800000| PB 0x0000000702800000| Untracked |  0
|  15|0x0000000702a00000, 0x0000000702c00000, 0x0000000702c00000|100%| S|CS|TAMS 0x0000000702a00000| PB 0x0000000702a00000| Complete |  0
|  16|0x0000000702c00000, 0x0000000702e00000, 0x0000000702e00000|100%| S|CS|TAMS 0x0000000702c00000| PB 0x0000000702c00000| Complete |  0
|  17|0x0000000702e00000, 0x0000000703000000, 0x0000000703000000|100%| S|CS|TAMS 0x0000000702e00000| PB 0x0000000702e00000| Complete |  0
|  18|0x0000000703000000, 0x0000000703000000, 0x0000000703200000|  0%| F|  |TAMS 0x0000000703000000| PB 0x0000000703000000| Untracked |  0
|  19|0x0000000703200000, 0x0000000703200000, 0x0000000703400000|  0%| F|  |TAMS 0x0000000703200000| PB 0x0000000703200000| Untracked |  0
|  20|0x0000000703400000, 0x0000000703400000, 0x0000000703600000|  0%| F|  |TAMS 0x0000000703400000| PB 0x0000000703400000| Untracked |  0
|  21|0x0000000703600000, 0x0000000703600000, 0x0000000703800000|  0%| F|  |TAMS 0x0000000703600000| PB 0x0000000703600000| Untracked |  0
|  22|0x0000000703800000, 0x0000000703800000, 0x0000000703a00000|  0%| F|  |TAMS 0x0000000703800000| PB 0x0000000703800000| Untracked |  0
|  23|0x0000000703a00000, 0x0000000703a00000, 0x0000000703c00000|  0%| F|  |TAMS 0x0000000703a00000| PB 0x0000000703a00000| Untracked |  0
|  24|0x0000000703c00000, 0x0000000703c00000, 0x0000000703e00000|  0%| F|  |TAMS 0x0000000703c00000| PB 0x0000000703c00000| Untracked |  0
|  25|0x0000000703e00000, 0x0000000703e00000, 0x0000000704000000|  0%| F|  |TAMS 0x0000000703e00000| PB 0x0000000703e00000| Untracked |  0
|  26|0x0000000704000000, 0x0000000704000000, 0x0000000704200000|  0%| F|  |TAMS 0x0000000704000000| PB 0x0000000704000000| Untracked |  0
|  27|0x0000000704200000, 0x0000000704200000, 0x0000000704400000|  0%| F|  |TAMS 0x0000000704200000| PB 0x0000000704200000| Untracked |  0
|  28|0x0000000704400000, 0x0000000704600000, 0x0000000704600000|100%| E|  |TAMS 0x0000000704400000| PB 0x0000000704400000| Complete |  0
|  29|0x0000000704600000, 0x0000000704800000, 0x0000000704800000|100%| E|CS|TAMS 0x0000000704600000| PB 0x0000000704600000| Complete |  0
|  30|0x0000000704800000, 0x0000000704a00000, 0x0000000704a00000|100%| E|CS|TAMS 0x0000000704800000| PB 0x0000000704800000| Complete |  0
|  31|0x0000000704a00000, 0x0000000704c00000, 0x0000000704c00000|100%| E|CS|TAMS 0x0000000704a00000| PB 0x0000000704a00000| Complete |  0
|  32|0x0000000704c00000, 0x0000000704e00000, 0x0000000704e00000|100%| E|CS|TAMS 0x0000000704c00000| PB 0x0000000704c00000| Complete |  0
|  33|0x0000000704e00000, 0x0000000705000000, 0x0000000705000000|100%| E|CS|TAMS 0x0000000704e00000| PB 0x0000000704e00000| Complete |  0
|  34|0x0000000705000000, 0x0000000705200000, 0x0000000705200000|100%| E|CS|TAMS 0x0000000705000000| PB 0x0000000705000000| Complete |  0
|  35|0x0000000705200000, 0x0000000705400000, 0x0000000705400000|100%| E|CS|TAMS 0x0000000705200000| PB 0x0000000705200000| Complete |  0
|  36|0x0000000705400000, 0x0000000705600000, 0x0000000705600000|100%| E|CS|TAMS 0x0000000705400000| PB 0x0000000705400000| Complete |  0
|  37|0x0000000705600000, 0x0000000705800000, 0x0000000705800000|100%| E|CS|TAMS 0x0000000705600000| PB 0x0000000705600000| Complete |  0
|  38|0x0000000705800000, 0x0000000705a00000, 0x0000000705a00000|100%| E|CS|TAMS 0x0000000705800000| PB 0x0000000705800000| Complete |  0
| 127|0x0000000710a00000, 0x0000000710c00000, 0x0000000710c00000|100%| E|CS|TAMS 0x0000000710a00000| PB 0x0000000710a00000| Complete |  0

Card table byte_map: [0x00000161bd8f0000,0x00000161be0f0000] _byte_map_base: 0x00000161ba0ea000

Marking Bits: (CMBitMap*) 0x00000161b0cd04a0
 Bits: [0x00000161be0f0000, 0x00000161c20c0000)

Polling page: 0x00000161af370000

Metaspace:

Usage:
  Non-class:     56.59 MB used.
      Class:      9.78 MB used.
       Both:     66.37 MB used.

Virtual space:
  Non-class space:       64.00 MB reserved,      57.06 MB ( 89%) committed,  1 nodes.
      Class space:        1.00 GB reserved,      10.12 MB ( <1%) committed,  1 nodes.
             Both:        1.06 GB reserved,      67.19 MB (  6%) committed. 

Chunk freelists:
   Non-Class:  6.98 MB
       Class:  5.70 MB
        Both:  12.69 MB

MaxMetaspaceSize: unlimited
CompressedClassSpaceSize: 1.00 GB
Initial GC threshold: 21.00 MB
Current GC threshold: 99.31 MB
CDS: on
 - commit_granule_bytes: 65536.
 - commit_granule_words: 8192.
 - virtual_space_node_default_size: 8388608.
 - enlarge_chunks_in_place: 1.
 - use_allocation_guard: 0.


Internal statistics:

num_allocs_failed_limit: 9.
num_arena_births: 1090.
num_arena_deaths: 0.
num_vsnodes_births: 2.
num_vsnodes_deaths: 0.
num_space_committed: 1075.
num_space_uncommitted: 0.
num_chunks_returned_to_freelist: 9.
num_chunks_taken_from_freelist: 3540.
num_chunk_merges: 6.
num_chunk_splits: 2548.
num_chunks_enlarged: 1946.
num_inconsistent_stats: 0.

CodeCache: size=49152Kb used=10828Kb max_used=10828Kb free=38323Kb
 bounds [0x00000161b9650000, 0x00000161ba0f0000, 0x00000161bc650000]
 total_blobs=7026, nmethods=6300, adapters=648, full_count=0
Compilation: enabled, stopped_count=0, restarted_count=0

Compilation events (20 events):
Event: 4.110 Thread 0x000001620a0fcb70 nmethod 6286 0x00000161ba0bf808 code [0x00000161ba0bf9e0, 0x00000161ba0c0018]
Event: 4.110 Thread 0x000001620a0fcb70 6287       1       org.springframework.util.ClassUtils::getAllInterfacesForClassAsSet (106 bytes)
Event: 4.111 Thread 0x000001620a0fcb70 nmethod 6287 0x00000161ba0c0108 code [0x00000161ba0c0300, 0x00000161ba0c0ae8]
Event: 4.113 Thread 0x000001620a0fcb70 6288       1       org.springframework.core.MethodParameter::getParameterAnnotations (97 bytes)
Event: 4.113 Thread 0x000001620a0fc4a0 6289       1       org.springframework.beans.MutablePropertyValues::isEmpty (10 bytes)
Event: 4.113 Thread 0x000001620a0fc4a0 nmethod 6289 0x00000161ba0c0c08 code [0x00000161ba0c0d20, 0x00000161ba0c0e18]
Event: 4.113 Thread 0x000001620a0fcb70 nmethod 6288 0x00000161ba0c0f08 code [0x00000161ba0c1080, 0x00000161ba0c1490]
Event: 4.113 Thread 0x000001620a0fcb70 6290       1       org.springframework.core.annotation.AnnotationAwareOrderComparator::findOrder (18 bytes)
Event: 4.114 Thread 0x000001620a0fcb70 nmethod 6290 0x00000161ba0c1508 code [0x00000161ba0c1660, 0x00000161ba0c18b0]
Event: 4.116 Thread 0x000001620a0fcb70 6291       1       org.springframework.context.support.PostProcessorRegistrationDelegate$BeanPostProcessorChecker::postProcessAfterInitialization (219 bytes)
Event: 4.116 Thread 0x000001620a008240 6292       1       org.springframework.beans.factory.support.AbstractAutowireCapableBeanFactory::getLogger (5 bytes)
Event: 4.116 Thread 0x000001620a0ff450 6293       1       org.springframework.beans.AbstractPropertyAccessor::<init> (20 bytes)
Event: 4.116 Thread 0x000001620a0fc4a0 6294       1       org.springframework.beans.factory.support.AbstractBeanFactory::initBeanWrapper (16 bytes)
Event: 4.116 Thread 0x000001620a008240 nmethod 6292 0x00000161ba0c1908 code [0x00000161ba0c1a20, 0x00000161ba0c1af0]
Event: 4.116 Thread 0x000001620a0ff450 nmethod 6293 0x00000161ba0c1c08 code [0x00000161ba0c1d20, 0x00000161ba0c1df8]
Event: 4.117 Thread 0x000001620a0fc4a0 nmethod 6294 0x00000161ba0c1f08 code [0x00000161ba0c2020, 0x00000161ba0c21a8]
Event: 4.117 Thread 0x000001620a0fcb70 nmethod 6291 0x00000161ba0c2208 code [0x00000161ba0c24e0, 0x00000161ba0c3088]
Event: 4.117 Thread 0x000001620a0fc4a0 6295       1       org.springframework.beans.BeanWrapperImpl::setIntrospectionClass (24 bytes)
Event: 4.117 Thread 0x000001620a008240 6296   !   1       org.springframework.beans.factory.support.AbstractAutowireCapableBeanFactory::initializeBean (93 bytes)
Event: 4.117 Thread 0x000001620a0ff450 6297       1       org.springframework.beans.factory.support.AbstractAutowireCapableBeanFactory::invokeAwareMethods (77 bytes)

GC Heap History (20 events):
Event: 1.051 GC heap before
{Heap before GC invocations=2 (full 0):
 garbage-first heap   total reserved 4182016K, committed 262144K, used 56235K [0x0000000700c00000, 0x0000000800000000)
  region size 2048K, 26 young (53248K), 1 survivors (2048K)
 Metaspace       used 21150K, committed 21504K, reserved 1114112K
  class space    used 2841K, committed 3008K, reserved 1048576K
}
Event: 1.055 GC heap after
{Heap after GC invocations=3 (full 0):
 garbage-first heap   total reserved 4182016K, committed 262144K, used 13796K [0x0000000700c00000, 0x0000000800000000)
  region size 2048K, 4 young (8192K), 4 survivors (8192K)
 Metaspace       used 21150K, committed 21504K, reserved 1114112K
  class space    used 2841K, committed 3008K, reserved 1048576K
}
Event: 1.247 GC heap before
{Heap before GC invocations=4 (full 0):
 garbage-first heap   total reserved 4182016K, committed 55296K, used 38372K [0x0000000700c00000, 0x0000000800000000)
  region size 2048K, 16 young (32768K), 4 survivors (8192K)
 Metaspace       used 22934K, committed 23296K, reserved 1114112K
  class space    used 3124K, committed 3264K, reserved 1048576K
}
Event: 1.251 GC heap after
{Heap after GC invocations=5 (full 0):
 garbage-first heap   total reserved 4182016K, committed 55296K, used 15069K [0x0000000700c00000, 0x0000000800000000)
  region size 2048K, 1 young (2048K), 1 survivors (2048K)
 Metaspace       used 22934K, committed 23296K, reserved 1114112K
  class space    used 3124K, committed 3264K, reserved 1048576K
}
Event: 1.490 GC heap before
{Heap before GC invocations=5 (full 0):
 garbage-first heap   total reserved 4182016K, committed 55296K, used 39645K [0x0000000700c00000, 0x0000000800000000)
  region size 2048K, 13 young (26624K), 1 survivors (2048K)
 Metaspace       used 26004K, committed 26496K, reserved 1114112K
  class space    used 3553K, committed 3776K, reserved 1048576K
}
Event: 1.492 GC heap after
{Heap after GC invocations=6 (full 0):
 garbage-first heap   total reserved 4182016K, committed 55296K, used 16653K [0x0000000700c00000, 0x0000000800000000)
  region size 2048K, 2 young (4096K), 2 survivors (4096K)
 Metaspace       used 26004K, committed 26496K, reserved 1114112K
  class space    used 3553K, committed 3776K, reserved 1048576K
}
Event: 1.750 GC heap before
{Heap before GC invocations=6 (full 0):
 garbage-first heap   total reserved 4182016K, committed 55296K, used 39181K [0x0000000700c00000, 0x0000000800000000)
  region size 2048K, 14 young (28672K), 2 survivors (4096K)
 Metaspace       used 29412K, committed 29888K, reserved 1114112K
  class space    used 4125K, committed 4352K, reserved 1048576K
}
Event: 1.753 GC heap after
{Heap after GC invocations=7 (full 0):
 garbage-first heap   total reserved 4182016K, committed 55296K, used 18961K [0x0000000700c00000, 0x0000000800000000)
  region size 2048K, 2 young (4096K), 2 survivors (4096K)
 Metaspace       used 29412K, committed 29888K, reserved 1114112K
  class space    used 4125K, committed 4352K, reserved 1048576K
}
Event: 1.941 GC heap before
{Heap before GC invocations=7 (full 0):
 garbage-first heap   total reserved 4182016K, committed 55296K, used 41489K [0x0000000700c00000, 0x0000000800000000)
  region size 2048K, 13 young (26624K), 2 survivors (4096K)
 Metaspace       used 31887K, committed 32384K, reserved 1114112K
  class space    used 4433K, committed 4608K, reserved 1048576K
}
Event: 1.944 GC heap after
{Heap after GC invocations=8 (full 0):
 garbage-first heap   total reserved 4182016K, committed 55296K, used 20832K [0x0000000700c00000, 0x0000000800000000)
  region size 2048K, 1 young (2048K), 1 survivors (2048K)
 Metaspace       used 31887K, committed 32384K, reserved 1114112K
  class space    used 4433K, committed 4608K, reserved 1048576K
}
Event: 2.161 GC heap before
{Heap before GC invocations=8 (full 0):
 garbage-first heap   total reserved 4182016K, committed 55296K, used 35168K [0x0000000700c00000, 0x0000000800000000)
  region size 2048K, 9 young (18432K), 1 survivors (2048K)
 Metaspace       used 35652K, committed 36160K, reserved 1114112K
  class space    used 4954K, committed 5184K, reserved 1048576K
}
Event: 2.163 GC heap after
{Heap after GC invocations=9 (full 0):
 garbage-first heap   total reserved 4182016K, committed 159744K, used 21415K [0x0000000700c00000, 0x0000000800000000)
  region size 2048K, 2 young (4096K), 2 survivors (4096K)
 Metaspace       used 35652K, committed 36160K, reserved 1114112K
  class space    used 4954K, committed 5184K, reserved 1048576K
}
Event: 2.722 GC heap before
{Heap before GC invocations=10 (full 0):
 garbage-first heap   total reserved 4182016K, committed 81920K, used 66471K [0x0000000700c00000, 0x0000000800000000)
  region size 2048K, 24 young (49152K), 2 survivors (4096K)
 Metaspace       used 45314K, committed 45952K, reserved 1114112K
  class space    used 6461K, committed 6720K, reserved 1048576K
}
Event: 2.725 GC heap after
{Heap after GC invocations=11 (full 0):
 garbage-first heap   total reserved 4182016K, committed 81920K, used 24303K [0x0000000700c00000, 0x0000000800000000)
  region size 2048K, 3 young (6144K), 3 survivors (6144K)
 Metaspace       used 45314K, committed 45952K, reserved 1114112K
  class space    used 6461K, committed 6720K, reserved 1048576K
}
Event: 3.187 GC heap before
{Heap before GC invocations=11 (full 0):
 garbage-first heap   total reserved 4182016K, committed 81920K, used 63215K [0x0000000700c00000, 0x0000000800000000)
  region size 2048K, 23 young (47104K), 3 survivors (6144K)
 Metaspace       used 55332K, committed 56000K, reserved 1114112K
  class space    used 8009K, committed 8256K, reserved 1048576K
}
Event: 3.191 GC heap after
{Heap after GC invocations=12 (full 0):
 garbage-first heap   total reserved 4182016K, committed 81920K, used 25978K [0x0000000700c00000, 0x0000000800000000)
  region size 2048K, 3 young (6144K), 3 survivors (6144K)
 Metaspace       used 55332K, committed 56000K, reserved 1114112K
  class space    used 8009K, committed 8256K, reserved 1048576K
}
Event: 3.507 GC heap before
{Heap before GC invocations=12 (full 0):
 garbage-first heap   total reserved 4182016K, committed 81920K, used 50554K [0x0000000700c00000, 0x0000000800000000)
  region size 2048K, 16 young (32768K), 3 survivors (6144K)
 Metaspace       used 60121K, committed 60800K, reserved 1114112K
  class space    used 8752K, committed 9024K, reserved 1048576K
}
Event: 3.510 GC heap after
{Heap after GC invocations=13 (full 0):
 garbage-first heap   total reserved 4182016K, committed 81920K, used 27135K [0x0000000700c00000, 0x0000000800000000)
  region size 2048K, 2 young (4096K), 2 survivors (4096K)
 Metaspace       used 60121K, committed 60800K, reserved 1114112K
  class space    used 8752K, committed 9024K, reserved 1048576K
}
Event: 3.905 GC heap before
{Heap before GC invocations=14 (full 0):
 garbage-first heap   total reserved 4182016K, committed 81920K, used 68095K [0x0000000700c00000, 0x0000000800000000)
  region size 2048K, 22 young (45056K), 2 survivors (4096K)
 Metaspace       used 65187K, committed 65984K, reserved 1114112K
  class space    used 9555K, committed 9920K, reserved 1048576K
}
Event: 3.908 GC heap after
{Heap after GC invocations=15 (full 0):
 garbage-first heap   total reserved 4182016K, committed 81920K, used 30215K [0x0000000700c00000, 0x0000000800000000)
  region size 2048K, 3 young (6144K), 3 survivors (6144K)
 Metaspace       used 65187K, committed 65984K, reserved 1114112K
  class space    used 9555K, committed 9920K, reserved 1048576K
}

Dll operation events (13 events):
Event: 0.008 Loaded shared library C:\Users\Elisa\.jdks\openjdk-23.0.1\bin\java.dll
Event: 0.093 Loaded shared library C:\Users\Elisa\.jdks\openjdk-23.0.1\bin\zip.dll
Event: 0.095 Loaded shared library C:\Users\Elisa\.jdks\openjdk-23.0.1\bin\instrument.dll
Event: 0.097 Loaded shared library C:\Users\Elisa\.jdks\openjdk-23.0.1\bin\net.dll
Event: 0.099 Loaded shared library C:\Users\Elisa\.jdks\openjdk-23.0.1\bin\nio.dll
Event: 0.101 Loaded shared library C:\Users\Elisa\.jdks\openjdk-23.0.1\bin\zip.dll
Event: 0.152 Loaded shared library C:\Program Files\JetBrains\IntelliJ IDEA 2024.2.3\bin\breakgen64.dll
Event: 0.155 Loaded shared library C:\Users\Elisa\.jdks\openjdk-23.0.1\bin\jimage.dll
Event: 0.158 Loaded shared library C:\Users\Elisa\.jdks\openjdk-23.0.1\bin\extnet.dll
Event: 0.168 Loaded shared library C:\Users\Elisa\.jdks\openjdk-23.0.1\bin\management.dll
Event: 0.174 Loaded shared library C:\Users\Elisa\.jdks\openjdk-23.0.1\bin\management_ext.dll
Event: 0.962 Loaded shared library C:\Users\Elisa\.jdks\openjdk-23.0.1\bin\sunmscapi.dll
Event: 2.503 Loaded shared library C:\Users\Elisa\.jdks\openjdk-23.0.1\bin\verify.dll

Deoptimization events (8 events):
Event: 1.644 Thread 0x000001620b0700a0 DEOPT PACKING pc=0x00000161b9db02cc sp=0x00000027223fcff0
Event: 1.644 Thread 0x000001620b0700a0 DEOPT UNPACKING pc=0x00000161b96a4b22 sp=0x00000027223fc4a8 mode 0
Event: 3.514 Thread 0x000001620b0700a0 DEOPT PACKING pc=0x00000161b9c5f409 sp=0x00000027223fb6e0
Event: 3.514 Thread 0x000001620b0700a0 DEOPT UNPACKING pc=0x00000161b96a4b22 sp=0x00000027223fabe8 mode 3
Event: 3.514 Thread 0x000001620b0700a0 DEOPT PACKING pc=0x00000161b9c2a5aa sp=0x00000027223fb6a0
Event: 3.514 Thread 0x000001620b0700a0 DEOPT UNPACKING pc=0x00000161b96a4b22 sp=0x00000027223fabe8 mode 3
Event: 3.594 Thread 0x000001620b0700a0 DEOPT PACKING pc=0x00000161b9c38a3c sp=0x00000027223fbd50
Event: 3.594 Thread 0x000001620b0700a0 DEOPT UNPACKING pc=0x00000161b96a4b22 sp=0x00000027223fb2a8 mode 0

Classes loaded (20 events):
Event: 3.981 Loading class sun/reflect/annotation/TypeAnnotationParser
Event: 3.981 Loading class sun/reflect/annotation/TypeAnnotationParser done
Event: 3.981 Loading class sun/reflect/annotation/TypeAnnotation
Event: 3.981 Loading class sun/reflect/annotation/TypeAnnotation done
Event: 3.981 Loading class sun/reflect/annotation/AnnotatedTypeFactory
Event: 3.982 Loading class sun/reflect/annotation/AnnotatedTypeFactory done
Event: 3.982 Loading class sun/reflect/annotation/AnnotatedTypeFactory$AnnotatedTypeBaseImpl
Event: 3.982 Loading class sun/reflect/annotation/AnnotatedTypeFactory$AnnotatedTypeBaseImpl done
Event: 3.982 Loading class sun/reflect/annotation/TypeAnnotation$LocationInfo
Event: 3.982 Loading class sun/reflect/annotation/TypeAnnotation$LocationInfo done
Event: 3.982 Loading class sun/reflect/annotation/TypeAnnotation$LocationInfo$Location
Event: 3.982 Loading class sun/reflect/annotation/TypeAnnotation$LocationInfo$Location done
Event: 3.982 Loading class sun/reflect/annotation/TypeAnnotation$TypeAnnotationTargetInfo
Event: 3.982 Loading class sun/reflect/annotation/TypeAnnotation$TypeAnnotationTargetInfo done
Event: 4.039 Loading class java/util/EnumMap$EntrySet
Event: 4.039 Loading class java/util/EnumMap$EntrySet done
Event: 4.039 Loading class java/util/EnumMap$EntryIterator
Event: 4.039 Loading class java/util/EnumMap$EnumMapIterator
Event: 4.039 Loading class java/util/EnumMap$EnumMapIterator done
Event: 4.039 Loading class java/util/EnumMap$EntryIterator done

Classes unloaded (0 events):
No events

Classes redefined (0 events):
No events

Internal exceptions (20 events):
Event: 3.338 Thread 0x000001620b0700a0 Exception <a 'java/lang/NoSuchMethodError'{0x0000000704eaebb8}: 'java.lang.Object java.lang.invoke.DirectMethodHandle$Holder.newInvokeSpecial(java.lang.Object, java.lang.Object, java.lang.Object, java.lang.Object, java.lang.Object, java.lang.Object, java.lang.Object, java.lang.Object, java.lang.Object, java.lang.Object, java.lang.Object, java.lang.Object)'> (0x0000000704eaebb8) 
thrown [s\open\src\hotspot\share\interpreter\linkResolver.cpp, line 796]
Event: 3.338 Thread 0x000001620b0700a0 Exception <a 'java/lang/NoSuchMethodError'{0x0000000704eb3e30}: 'java.lang.Object java.lang.invoke.DirectMethodHandle$Holder.invokeSpecial(java.lang.Object, java.lang.Object, java.lang.Object, java.lang.Object, java.lang.Object, java.lang.Object, java.lang.Object, java.lang.Object, java.lang.Object, java.lang.Object, java.lang.Object, java.lang.Object, java.lang.Object)'> (0x0000000704eb3e30) 
thrown [s\open\src\hotspot\share\interpreter\linkResolver.cpp, line 796]
Event: 3.338 Thread 0x000001620b0700a0 Exception <a 'java/lang/NoSuchMethodError'{0x0000000704eb8698}: 'java.lang.Object java.lang.invoke.Invokers$Holder.linkToTargetMethod(java.lang.Object, java.lang.Object, java.lang.Object, java.lang.Object, java.lang.Object, java.lang.Object, java.lang.Object, java.lang.Object, java.lang.Object, java.lang.Object, java.lang.Object, java.lang.Object)'> (0x0000000704eb8698) 
thrown [s\open\src\hotspot\share\interpreter\linkResolver.cpp, line 796]
Event: 3.346 Thread 0x000001620b0700a0 Exception <a 'java/lang/IncompatibleClassChangeError'{0x0000000704f58240}: Found class java.lang.Object, but interface was expected> (0x0000000704f58240) 
thrown [s\open\src\hotspot\share\interpreter\linkResolver.cpp, line 863]
Event: 3.365 Thread 0x000001620b0700a0 Exception <a 'java/lang/NoSuchMethodError'{0x0000000704cf6dd8}: 'java.lang.Object java.lang.invoke.DirectMethodHandle$Holder.newInvokeSpecial(java.lang.Object, java.lang.Object, int, java.lang.Object, int, java.lang.Object, java.lang.Object)'> (0x0000000704cf6dd8) 
thrown [s\open\src\hotspot\share\interpreter\linkResolver.cpp, line 796]
Event: 3.371 Thread 0x000001620b0700a0 Exception <a 'java/lang/NoSuchMethodError'{0x0000000704d7b0c0}: 'java.lang.Object java.lang.invoke.DirectMethodHandle$Holder.newInvokeSpecial(java.lang.Object, java.lang.Object, java.lang.Object, java.lang.Object, java.lang.Object, java.lang.Object, java.lang.Object, int)'> (0x0000000704d7b0c0) 
thrown [s\open\src\hotspot\share\interpreter\linkResolver.cpp, line 796]
Event: 3.371 Thread 0x000001620b0700a0 Exception <a 'java/lang/NoSuchMethodError'{0x0000000704d80018}: 'java.lang.Object java.lang.invoke.DirectMethodHandle$Holder.invokeSpecial(java.lang.Object, java.lang.Object, java.lang.Object, java.lang.Object, java.lang.Object, java.lang.Object, java.lang.Object, java.lang.Object, int)'> (0x0000000704d80018) 
thrown [s\open\src\hotspot\share\interpreter\linkResolver.cpp, line 796]
Event: 3.371 Thread 0x000001620b0700a0 Exception <a 'java/lang/NoSuchMethodError'{0x0000000704d84868}: 'java.lang.Object java.lang.invoke.Invokers$Holder.linkToTargetMethod(java.lang.Object, java.lang.Object, java.lang.Object, java.lang.Object, java.lang.Object, java.lang.Object, int, java.lang.Object)'> (0x0000000704d84868) 
thrown [s\open\src\hotspot\share\interpreter\linkResolver.cpp, line 796]
Event: 3.470 Thread 0x000001620b0700a0 Exception <a 'java/lang/NoSuchMethodError'{0x00000007047d3720}: 'java.lang.Object java.lang.invoke.DirectMethodHandle$Holder.invokeSpecial(java.lang.Object, java.lang.Object, int, java.lang.Object, int)'> (0x00000007047d3720) 
thrown [s\open\src\hotspot\share\interpreter\linkResolver.cpp, line 796]
Event: 3.510 Thread 0x000001620b0700a0 Exception <a 'java/lang/IncompatibleClassChangeError'{0x0000000710a011d8}: Found class java.lang.Object, but interface was expected> (0x0000000710a011d8) 
thrown [s\open\src\hotspot\share\interpreter\linkResolver.cpp, line 863]
Event: 3.519 Thread 0x000001620b0700a0 Exception <a 'java/lang/IncompatibleClassChangeError'{0x0000000710ab3c10}: Found class java.lang.Object, but interface was expected> (0x0000000710ab3c10) 
thrown [s\open\src\hotspot\share\interpreter\linkResolver.cpp, line 863]
Event: 3.539 Thread 0x000001620b0700a0 Exception <a 'java/lang/IncompatibleClassChangeError'{0x0000000705862a28}: Found class java.lang.Object, but interface was expected> (0x0000000705862a28) 
thrown [s\open\src\hotspot\share\interpreter\linkResolver.cpp, line 863]
Event: 3.618 Thread 0x000001620b0700a0 Exception <a 'java/lang/IncompatibleClassChangeError'{0x00000007053c4d30}: Found class java.lang.Object, but interface was expected> (0x00000007053c4d30) 
thrown [s\open\src\hotspot\share\interpreter\linkResolver.cpp, line 863]
Event: 3.664 Thread 0x000001620b0700a0 Exception <a 'java/lang/IncompatibleClassChangeError'{0x0000000704efe5d8}: Found class java.lang.Object, but interface was expected> (0x0000000704efe5d8) 
thrown [s\open\src\hotspot\share\interpreter\linkResolver.cpp, line 863]
Event: 3.690 Thread 0x000001620b0700a0 Exception <a 'java/lang/NoSuchMethodError'{0x0000000704cbfa48}: 'java.lang.Object java.lang.invoke.DirectMethodHandle$Holder.invokeStatic(java.lang.Object, int, java.lang.Object)'> (0x0000000704cbfa48) 
thrown [s\open\src\hotspot\share\interpreter\linkResolver.cpp, line 796]
Event: 3.722 Thread 0x000001620b0700a0 Exception <a 'java/lang/NoSuchMethodError'{0x0000000704b76620}: 'long java.lang.invoke.DirectMethodHandle$Holder.invokeVirtual(java.lang.Object, java.lang.Object)'> (0x0000000704b76620) 
thrown [s\open\src\hotspot\share\interpreter\linkResolver.cpp, line 796]
Event: 3.724 Thread 0x000001620b0700a0 Exception <a 'java/io/FileNotFoundException'{0x0000000704ba1dc8}> (0x0000000704ba1dc8) 
thrown [s\open\src\hotspot\share\prims\jni.cpp, line 520]
Event: 3.814 Thread 0x000001620b0700a0 Exception <a 'java/lang/NoSuchMethodError'{0x0000000703d5f3b8}: 'java.lang.Object java.lang.invoke.DirectMethodHandle$Holder.newInvokeSpecial(java.lang.Object, java.lang.Object, java.lang.Object, java.lang.Object, java.lang.Object, java.lang.Object, java.lang.Object, java.lang.Object)'> (0x0000000703d5f3b8) 
thrown [s\open\src\hotspot\share\interpreter\linkResolver.cpp, line 796]
Event: 3.874 Thread 0x000001620b0700a0 Exception <a 'java/lang/NoSuchMethodError'{0x00000007032621d0}: 'java.lang.Object java.lang.invoke.DirectMethodHandle$Holder.invokeVirtual(java.lang.Object, java.lang.Object, java.lang.Object, java.lang.Object, java.lang.Object, java.lang.Object, java.lang.Object)'> (0x00000007032621d0) 
thrown [s\open\src\hotspot\share\interpreter\linkResolver.cpp, line 796]
Event: 4.054 Thread 0x000001620b0700a0 Exception <a 'java/lang/IncompatibleClassChangeError'{0x0000000704e89950}: Found class java.lang.Object, but interface was expected> (0x0000000704e89950) 
thrown [s\open\src\hotspot\share\interpreter\linkResolver.cpp, line 863]

VM Operations (20 events):
Event: 3.594 Executing VM operation: HandshakeAllThreads (Deoptimize)
Event: 3.594 Executing VM operation: HandshakeAllThreads (Deoptimize) done
Event: 3.625 Executing VM operation: HandshakeAllThreads (Deoptimize)
Event: 3.626 Executing VM operation: HandshakeAllThreads (Deoptimize) done
Event: 3.626 Executing VM operation: HandshakeAllThreads (Deoptimize)
Event: 3.626 Executing VM operation: HandshakeAllThreads (Deoptimize) done
Event: 3.705 Executing VM operation: HandshakeAllThreads (Deoptimize)
Event: 3.705 Executing VM operation: HandshakeAllThreads (Deoptimize) done
Event: 3.705 Executing VM operation: HandshakeAllThreads (Deoptimize)
Event: 3.705 Executing VM operation: HandshakeAllThreads (Deoptimize) done
Event: 3.726 Executing VM operation: HandshakeAllThreads (Deoptimize)
Event: 3.726 Executing VM operation: HandshakeAllThreads (Deoptimize) done
Event: 3.905 Executing VM operation: G1CollectForAllocation (G1 Evacuation Pause)
Event: 3.908 Executing VM operation: G1CollectForAllocation (G1 Evacuation Pause) done
Event: 3.953 Executing VM operation: HandshakeAllThreads (Deoptimize)
Event: 3.953 Executing VM operation: HandshakeAllThreads (Deoptimize) done
Event: 3.977 Executing VM operation: HandshakeAllThreads (Deoptimize)
Event: 3.977 Executing VM operation: HandshakeAllThreads (Deoptimize) done
Event: 3.978 Executing VM operation: HandshakeAllThreads (Deoptimize)
Event: 3.978 Executing VM operation: HandshakeAllThreads (Deoptimize) done

Memory protections (0 events):
No events

Nmethod flushes (20 events):
Event: 3.521 Thread 0x00000161c4ba1b10 flushing  nmethod 0x00000161b9c80908
Event: 3.521 Thread 0x00000161c4ba1b10 flushing  nmethod 0x00000161b9de9388
Event: 3.521 Thread 0x00000161c4ba1b10 flushing  nmethod 0x00000161b9ad3e08
Event: 3.521 Thread 0x00000161c4ba1b10 flushing  nmethod 0x00000161b9d07708
Event: 3.521 Thread 0x00000161c4ba1b10 flushing  nmethod 0x00000161b9d09408
Event: 3.521 Thread 0x00000161c4ba1b10 flushing  nmethod 0x00000161b9d39988
Event: 3.521 Thread 0x00000161c4ba1b10 flushing  nmethod 0x00000161b9d72f88
Event: 3.521 Thread 0x00000161c4ba1b10 flushing  nmethod 0x00000161b9dafa08
Event: 3.521 Thread 0x00000161c4ba1b10 flushing  nmethod 0x00000161b9daff88
Event: 3.521 Thread 0x00000161c4ba1b10 flushing  nmethod 0x00000161b9e93088
Event: 3.521 Thread 0x00000161c4ba1b10 flushing  nmethod 0x00000161b994dd08
Event: 3.521 Thread 0x00000161c4ba1b10 flushing  nmethod 0x00000161b9bad888
Event: 3.521 Thread 0x00000161c4ba1b10 flushing  nmethod 0x00000161b9c8a188
Event: 3.521 Thread 0x00000161c4ba1b10 flushing  nmethod 0x00000161b9e06688
Event: 3.521 Thread 0x00000161c4ba1b10 flushing  nmethod 0x00000161b9d4ac88
Event: 3.521 Thread 0x00000161c4ba1b10 flushing  nmethod 0x00000161b9d8c508
Event: 3.521 Thread 0x00000161c4ba1b10 flushing  nmethod 0x00000161b9c9fb08
Event: 3.521 Thread 0x00000161c4ba1b10 flushing  nmethod 0x00000161b9cc9e08
Event: 3.521 Thread 0x00000161c4ba1b10 flushing  nmethod 0x00000161b9cf8c08
Event: 3.521 Thread 0x00000161c4ba1b10 flushing  nmethod 0x00000161b9d67208

Events (20 events):
Event: 1.047 Thread 0x000001620a757e10 Thread added: 0x000001620b8cb960
Event: 1.063 Thread 0x000001620b8cb960 Thread added: 0x000001620b8c2210
Event: 1.067 Thread 0x000001620b8cb960 Thread added: 0x000001620b8fc240
Event: 1.077 Thread 0x000001620b8fc240 Thread exited: 0x000001620b8fc240
Event: 1.579 Thread 0x000001620b8cb960 Thread added: 0x000001620bc28ff0
Event: 1.582 Thread 0x000001620bc28ff0 Thread exited: 0x000001620bc28ff0
Event: 2.097 Thread 0x000001620b8cb960 Thread added: 0x000001620bc29d10
Event: 2.100 Thread 0x000001620bc29d10 Thread exited: 0x000001620bc29d10
Event: 2.160 Thread 0x000001620b0700a0 Thread added: 0x000001620bc29d10
Event: 2.171 Thread 0x000001620b0700a0 Thread added: 0x000001620bc28ff0
Event: 2.238 Thread 0x000001620b0700a0 Thread added: 0x000001620bc29680
Event: 2.604 Thread 0x000001620b8cb960 Thread added: 0x000001620c6daaf0
Event: 2.607 Thread 0x000001620c6daaf0 Thread exited: 0x000001620c6daaf0
Event: 3.115 Thread 0x000001620b8cb960 Thread added: 0x000001620ced3e60
Event: 3.118 Thread 0x000001620ced3e60 Thread exited: 0x000001620ced3e60
Event: 3.624 Thread 0x000001620b8cb960 Thread added: 0x000001620cbdda50
Event: 3.627 Thread 0x000001620cbdda50 Thread exited: 0x000001620cbdda50
Event: 3.729 Thread 0x000001620b0700a0 Thread added: 0x000001620cbde0e0
Event: 3.729 Thread 0x000001620cbde0e0 Thread added: 0x000001620cbdc010
Event: 3.731 Thread 0x000001620b0700a0 Thread added: 0x000001620cbdee00


Dynamic libraries:
0x00007ff6bc7b0000 - 0x00007ff6bc7be000 	C:\Users\Elisa\.jdks\openjdk-23.0.1\bin\java.exe
0x00007ffd89400000 - 0x00007ffd89663000 	C:\WINDOWS\SYSTEM32\ntdll.dll
0x00007ffd87c90000 - 0x00007ffd87d57000 	C:\WINDOWS\System32\KERNEL32.DLL
0x00007ffd86800000 - 0x00007ffd86bb0000 	C:\WINDOWS\System32\KERNELBASE.dll
0x00007ffd82fd0000 - 0x00007ffd8306c000 	C:\WINDOWS\SYSTEM32\apphelp.dll
0x00007ffd86c70000 - 0x00007ffd86dbb000 	C:\WINDOWS\System32\ucrtbase.dll
0x00007ffd7dd60000 - 0x00007ffd7dd7b000 	C:\Users\Elisa\.jdks\openjdk-23.0.1\bin\VCRUNTIME140.dll
0x00007ffd7c5c0000 - 0x00007ffd7c5d7000 	C:\Users\Elisa\.jdks\openjdk-23.0.1\bin\jli.dll
0x00007ffd88bf0000 - 0x00007ffd88db3000 	C:\WINDOWS\System32\USER32.dll
0x00007ffd6e110000 - 0x00007ffd6e3a0000 	C:\WINDOWS\WinSxS\amd64_microsoft.windows.common-controls_6595b64144ccf1df_6.0.26100.1882_none_3e0e949ae32eca40\COMCTL32.dll
0x00007ffd87030000 - 0x00007ffd87057000 	C:\WINDOWS\System32\win32u.dll
0x00007ffd87eb0000 - 0x00007ffd87eda000 	C:\WINDOWS\System32\GDI32.dll
0x00007ffd891e0000 - 0x00007ffd89289000 	C:\WINDOWS\System32\msvcrt.dll
0x00007ffd86f00000 - 0x00007ffd87023000 	C:\WINDOWS\System32\gdi32full.dll
0x00007ffd86bc0000 - 0x00007ffd86c63000 	C:\WINDOWS\System32\msvcp_win.dll
0x00007ffd89290000 - 0x00007ffd892bf000 	C:\WINDOWS\System32\IMM32.DLL
0x00007ffd7c5b0000 - 0x00007ffd7c5bc000 	C:\Users\Elisa\.jdks\openjdk-23.0.1\bin\vcruntime140_1.dll
0x00007ffd69730000 - 0x00007ffd697be000 	C:\Users\Elisa\.jdks\openjdk-23.0.1\bin\msvcp140.dll
0x00007ffd53820000 - 0x00007ffd5456f000 	C:\Users\Elisa\.jdks\openjdk-23.0.1\bin\server\jvm.dll
0x00007ffd887b0000 - 0x00007ffd88864000 	C:\WINDOWS\System32\ADVAPI32.dll
0x00007ffd88dc0000 - 0x00007ffd88e66000 	C:\WINDOWS\System32\sechost.dll
0x00007ffd88680000 - 0x00007ffd88796000 	C:\WINDOWS\System32\RPCRT4.dll
0x00007ffd88600000 - 0x00007ffd88674000 	C:\WINDOWS\System32\WS2_32.dll
0x00007ffd85d20000 - 0x00007ffd85d6e000 	C:\WINDOWS\SYSTEM32\POWRPROF.dll
0x00007ffd7c720000 - 0x00007ffd7c756000 	C:\WINDOWS\SYSTEM32\WINMM.dll
0x00007ffd81200000 - 0x00007ffd8120b000 	C:\WINDOWS\SYSTEM32\VERSION.dll
0x00007ffd85d00000 - 0x00007ffd85d14000 	C:\WINDOWS\SYSTEM32\UMPDC.dll
0x00007ffd85660000 - 0x00007ffd8567a000 	C:\WINDOWS\SYSTEM32\kernel.appcore.dll
0x00007ffd7c5a0000 - 0x00007ffd7c5aa000 	C:\Users\Elisa\.jdks\openjdk-23.0.1\bin\jimage.dll
0x00007ffd788a0000 - 0x00007ffd78ae1000 	C:\WINDOWS\SYSTEM32\DBGHELP.DLL
0x00007ffd88870000 - 0x00007ffd88bec000 	C:\WINDOWS\System32\combase.dll
0x00007ffd89100000 - 0x00007ffd891d6000 	C:\WINDOWS\System32\OLEAUT32.dll
0x00007ffd25710000 - 0x00007ffd25749000 	C:\WINDOWS\SYSTEM32\dbgcore.DLL
0x00007ffd87060000 - 0x00007ffd870f9000 	C:\WINDOWS\System32\bcryptPrimitives.dll
0x00007ffd7c570000 - 0x00007ffd7c57f000 	C:\Users\Elisa\.jdks\openjdk-23.0.1\bin\instrument.dll
0x00007ffd7c580000 - 0x00007ffd7c59e000 	C:\Users\Elisa\.jdks\openjdk-23.0.1\bin\java.dll
0x00007ffd883f0000 - 0x00007ffd88589000 	C:\WINDOWS\System32\ole32.dll
0x00007ffd873c0000 - 0x00007ffd87ab8000 	C:\WINDOWS\System32\SHELL32.dll
0x00007ffd845e0000 - 0x00007ffd84e0a000 	C:\WINDOWS\SYSTEM32\windows.storage.dll
0x00007ffd872e0000 - 0x00007ffd873b3000 	C:\WINDOWS\System32\SHCORE.dll
0x00007ffd87280000 - 0x00007ffd872dd000 	C:\WINDOWS\System32\shlwapi.dll
0x00007ffd86720000 - 0x00007ffd86749000 	C:\WINDOWS\SYSTEM32\profapi.dll
0x00007ffd797a0000 - 0x00007ffd797b7000 	C:\Users\Elisa\.jdks\openjdk-23.0.1\bin\zip.dll
0x00007ffd7c560000 - 0x00007ffd7c570000 	C:\Users\Elisa\.jdks\openjdk-23.0.1\bin\net.dll
0x00007ffd85bd0000 - 0x00007ffd85c38000 	C:\WINDOWS\system32\mswsock.dll
0x00007ffd7c540000 - 0x00007ffd7c556000 	C:\Users\Elisa\.jdks\openjdk-23.0.1\bin\nio.dll
0x00007ffd79780000 - 0x00007ffd7979a000 	C:\Program Files\JetBrains\IntelliJ IDEA 2024.2.3\bin\breakgen64.dll
0x00007ffd79770000 - 0x00007ffd79779000 	C:\Users\Elisa\.jdks\openjdk-23.0.1\bin\extnet.dll
0x00007ffd85190000 - 0x00007ffd852af000 	C:\WINDOWS\SYSTEM32\DNSAPI.dll
0x00007ffd85150000 - 0x00007ffd85181000 	C:\WINDOWS\SYSTEM32\IPHLPAPI.DLL
0x00007ffd88590000 - 0x00007ffd8859a000 	C:\WINDOWS\System32\NSI.dll
0x00007ffd7fca0000 - 0x00007ffd7fcab000 	C:\Windows\System32\rasadhlp.dll
0x00007ffd812d0000 - 0x00007ffd81356000 	C:\WINDOWS\System32\fwpuclnt.dll
0x00007ffd79470000 - 0x00007ffd7947a000 	C:\Users\Elisa\.jdks\openjdk-23.0.1\bin\management.dll
0x00007ffd79460000 - 0x00007ffd7946b000 	C:\Users\Elisa\.jdks\openjdk-23.0.1\bin\management_ext.dll
0x00007ffd887a0000 - 0x00007ffd887a8000 	C:\WINDOWS\System32\PSAPI.DLL
0x00007ffd85f10000 - 0x00007ffd85f2c000 	C:\WINDOWS\SYSTEM32\CRYPTSP.dll
0x00007ffd855c0000 - 0x00007ffd855f8000 	C:\WINDOWS\system32\rsaenh.dll
0x00007ffd85c70000 - 0x00007ffd85c9b000 	C:\WINDOWS\SYSTEM32\USERENV.dll
0x00007ffd86150000 - 0x00007ffd86176000 	C:\WINDOWS\SYSTEM32\bcrypt.dll
0x00007ffd85f30000 - 0x00007ffd85f3c000 	C:\WINDOWS\SYSTEM32\CRYPTBASE.dll
0x00007ffd24470000 - 0x00007ffd24488000 	C:\WINDOWS\system32\napinsp.dll
0x00007ffd24450000 - 0x00007ffd24462000 	C:\WINDOWS\System32\winrnr.dll
0x00007ffd473c0000 - 0x00007ffd473e2000 	C:\WINDOWS\system32\nlansp_c.dll
0x00007ffd68b50000 - 0x00007ffd68b66000 	C:\WINDOWS\system32\wshbth.dll
0x00007ffd79450000 - 0x00007ffd7945e000 	C:\Users\Elisa\.jdks\openjdk-23.0.1\bin\sunmscapi.dll
0x00007ffd87100000 - 0x00007ffd87276000 	C:\WINDOWS\System32\CRYPT32.dll
0x00007ffd86110000 - 0x00007ffd86140000 	C:\WINDOWS\SYSTEM32\ncrypt.dll
0x00007ffd860c0000 - 0x00007ffd860ff000 	C:\WINDOWS\SYSTEM32\NTASN1.dll
0x00007ffd70b30000 - 0x00007ffd70b40000 	C:\Users\Elisa\.jdks\openjdk-23.0.1\bin\verify.dll

dbghelp: loaded successfully - version: 4.0.5 - missing functions: none
symbol engine: initialized successfully - sym options: 0x614 - pdb path: .;C:\Users\Elisa\.jdks\openjdk-23.0.1\bin;C:\WINDOWS\SYSTEM32;C:\WINDOWS\WinSxS\amd64_microsoft.windows.common-controls_6595b64144ccf1df_6.0.26100.1882_none_3e0e949ae32eca40;C:\Users\Elisa\.jdks\openjdk-23.0.1\bin\server;C:\Program Files\JetBrains\IntelliJ IDEA 2024.2.3\bin

VM Arguments:
jvm_args: -XX:TieredStopAtLevel=1 -Dspring.output.ansi.enabled=always -Dcom.sun.management.jmxremote -Dspring.jmx.enabled=true -Dspring.liveBeansView.mbeanDomain -Dspring.application.admin.enabled=true -Dmanagement.endpoints.jmx.exposure.include=* -javaagent:C:\Program Files\JetBrains\IntelliJ IDEA 2024.2.3\lib\idea_rt.jar=51959:C:\Program Files\JetBrains\IntelliJ IDEA 2024.2.3\bin -Dfile.encoding=UTF-8 -Dsun.stdout.encoding=UTF-8 -Dsun.stderr.encoding=UTF-8 
java_command: com.example.skills_project.SkillsProjectApplication
java_class_path (initial): C:\Users\Elisa\Desktop\skills-back-neki-main\target\classes;C:\Users\Elisa\.m2\repository\org\springframework\boot\spring-boot-starter-web\3.3.2\spring-boot-starter-web-3.3.2.jar;C:\Users\Elisa\.m2\repository\org\springframework\boot\spring-boot-starter\3.3.2\spring-boot-starter-3.3.2.jar;C:\Users\Elisa\.m2\repository\org\springframework\boot\spring-boot-starter-logging\3.3.2\spring-boot-starter-logging-3.3.2.jar;C:\Users\Elisa\.m2\repository\ch\qos\logback\logback-classic\1.5.6\logback-classic-1.5.6.jar;C:\Users\Elisa\.m2\repository\ch\qos\logback\logback-core\1.5.6\logback-core-1.5.6.jar;C:\Users\Elisa\.m2\repository\org\apache\logging\log4j\log4j-to-slf4j\2.23.1\log4j-to-slf4j-2.23.1.jar;C:\Users\Elisa\.m2\repository\org\apache\logging\log4j\log4j-api\2.23.1\log4j-api-2.23.1.jar;C:\Users\Elisa\.m2\repository\org\slf4j\jul-to-slf4j\2.0.13\jul-to-slf4j-2.0.13.jar;C:\Users\Elisa\.m2\repository\jakarta\annotation\jakarta.annotation-api\2.1.1\jakarta.annotation-api-2.1.1.jar;C:\Users\Elisa\.m2\repository\org\yaml\snakeyaml\2.2\snakeyaml-2.2.jar;C:\Users\Elisa\.m2\repository\org\springframework\boot\spring-boot-starter-json\3.3.2\spring-boot-starter-json-3.3.2.jar;C:\Users\Elisa\.m2\repository\com\fasterxml\jackson\datatype\jackson-datatype-jdk8\2.17.2\jackson-datatype-jdk8-2.17.2.jar;C:\Users\Elisa\.m2\repository\com\fasterxml\jackson\datatype\jackson-datatype-jsr310\2.17.2\jackson-datatype-jsr310-2.17.2.jar;C:\Users\Elisa\.m2\repository\com\fasterxml\jackson\module\jackson-module-parameter-names\2.17.2\jackson-module-parameter-names-2.17.2.jar;C:\Users\Elisa\.m2\repository\org\springframework\boot\spring-boot-starter-tomcat\3.3.2\spring-boot-starter-tomcat-3.3.2.jar;C:\Users\Elisa\.m2\repository\org\apache\tomcat\embed\tomcat-embed-core\10.1.26\tomcat-embed-core-10.1.26.jar;C:\Users\Elisa\.m2\repository\org\apache\tomcat\embed\tomcat-embed-el\10.1.26\tomcat-embed-el-10.1.26.jar;C:\Users\Elisa\.m2\repository\org\apache\tomcat\embed\tomcat-embed-websocket\10.1.26\tomcat-embed-websocket-10.1.26.jar;C:\Users\Elisa\.m2\repository\org\springframework\spring-web\6.1.11\spring-web-6.1.11.jar;C:\Users\Elisa\.m2\repository\org\springframework\spring-beans\6.1.11\spring-beans-6.1.11.jar;C:\Users\Elisa\.m2\repository\io\micrometer\micrometer-observation\1.13.2\micrometer-observation-1.13.2.jar;C:\Users\Elisa\.m2\repository\io\micrometer\micrometer-commons\1.13.2\micrometer-commons-1.13.2.jar;C:\Users\Elisa\.m2\repository\org\springframework\spring-webmvc\6.1.11\spring-webmvc-6.1.11.jar;C:\Users\Elisa\.m2\repository\org\springframework\spring-context\6.1.11\spring-context-6.1.11.jar;C:\Users\Elisa\.m2\repository\org\springframework\spring-expression\6.1.11\spring-expression-6.1.11.jar;C:\Users\Elisa\.m2\repository\org\springframework\boot\spring-boot-devtools\3.3.2\spring-boot-devtools-3.3.2.jar;C:\Users\Elisa\.m2\repository\org\springframework\boot\spring-boot\3.3.2\spring-boot-3.3.2.jar;C:\Users\Elisa\.m2\repository\org\springframework\boot\spring-boot-autoconfigure\3.3.2\spring-boot-autoconfigure-3.3.2.jar;C:\Users\Elisa\.m2\repository\org\projectlombok\lombok\1.18.34\lombok-1.18.34.jar;C:\Users\Elisa\.m2\repository\org\slf4j\slf4j-api\2.0.13\slf4j-api-2.0.13.jar;C:\Users\Elisa\.m2\repository\jakarta\xml\bind\jakarta.xml.bind-api\4.0.2\jakarta.xml.bind-api-4.0.2.jar;C:\Users\Elisa\.m2\repository\jakarta\activation\jakarta.activation-api\2.1.3\jakarta.activation-api-2.1.3.jar;C:\Users\Elisa\.m2\repository\net\bytebuddy\byte-buddy\1.14.18\byte-buddy-1.14.18.jar;C:\Users\Elisa\.m2\repository\org\springframework\spring-core\6.1.11\spring-core-6.1.11.jar;C:\Users\Elisa\.m2\repository\org\springframework\spring-jcl\6.1.11\spring-jcl-6.1.11.jar;C:\Users\Elisa\.m2\repository\org\springframework\boot\spring-boot-starter-data-jpa\3.3.2\spring-boot-starter-data-jpa-3.3.2.jar;C:\Users\Elisa\.m2\repository\org\springframework\boot\spring-boot-starter-aop\3.3.2\spring-boot-starter-aop-3.3.2.jar;C:\Users\Elisa\.m2\repository\org\aspectj\aspectjweaver\1.9.22.1\aspectjweaver-1.9.22.1.jar;C:\Users\Elisa\.m2\repository\org\springframework\boot\spring-boot-starter-jdbc\3.3.2\spring-boot-starter-jdbc-3.3.2.jar;C:\Users\Elisa\.m2\repository\com\zaxxer\HikariCP\5.1.0\HikariCP-5.1.0.jar;C:\Users\Elisa\.m2\repository\org\springframework\spring-jdbc\6.1.11\spring-jdbc-6.1.11.jar;C:\Users\Elisa\.m2\repository\org\hibernate\orm\hibernate-core\6.5.2.Final\hibernate-core-6.5.2.Final.jar;C:\Users\Elisa\.m2\repository\jakarta\persistence\jakarta.persistence-api\3.1.0\jakarta.persistence-api-3.1.0.jar;C:\Users\Elisa\.m2\repository\jakarta\transaction\jakarta.transaction-api\2.0.1\jakarta.transaction-api-2.0.1.jar;C:\Users\Elisa\.m2\repository\org\jboss\logging\jboss-logging\3.5.3.Final\jboss-logging-3.5.3.Final.jar;C:\Users\Elisa\.m2\repository\org\hibernate\common\hibernate-commons-annotations\6.0.6.Final\hibernate-commons-annotations-6.0.6.Final.jar;C:\Users\Elisa\.m2\repository\io\smallrye\jandex\3.1.2\jandex-3.1.2.jar;C:\Users\Elisa\.m2\repository\com\fasterxml\classmate\1.7.0\classmate-1.7.0.jar;C:\Users\Elisa\.m2\repository\org\glassfish\jaxb\jaxb-runtime\4.0.5\jaxb-runtime-4.0.5.jar;C:\Users\Elisa\.m2\repository\org\glassfish\jaxb\jaxb-core\4.0.5\jaxb-core-4.0.5.jar;C:\Users\Elisa\.m2\repository\org\eclipse\angus\angus-activation\2.0.2\angus-activation-2.0.2.jar;C:\Users\Elisa\.m2\repository\org\glassfish\jaxb\txw2\4.0.5\txw2-4.0.5.jar;C:\Users\Elisa\.m2\repository\com\sun\istack\istack-commons-runtime\4.1.2\istack-commons-runtime-4.1.2.jar;C:\Users\Elisa\.m2\repository\jakarta\inject\jakarta.inject-api\2.0.1\jakarta.inject-api-2.0.1.jar;C:\Users\Elisa\.m2\repository\org\antlr\antlr4-runtime\4.13.0\antlr4-runtime-4.13.0.jar;C:\Users\Elisa\.m2\repository\org\springframework\data\spring-data-jpa\3.3.2\spring-data-jpa-3.3.2.jar;C:\Users\Elisa\.m2\repository\org\springframework\data\spring-data-commons\3.3.2\spring-data-commons-3.3.2.jar;C:\Users\Elisa\.m2\repository\org\springframework\spring-orm\6.1.11\spring-orm-6.1.11.jar;C:\Users\Elisa\.m2\repository\org\springframework\spring-tx\6.1.11\spring-tx-6.1.11.jar;C:\Users\Elisa\.m2\repository\org\springframework\spring-aspects\6.1.11\spring-aspects-6.1.11.jar;C:\Users\Elisa\.m2\repository\org\postgresql\postgresql\42.7.3\postgresql-42.7.3.jar;C:\Users\Elisa\.m2\repository\org\checkerframework\checker-qual\3.42.0\checker-qual-3.42.0.jar;C:\Users\Elisa\.m2\repository\org\springframework\boot\spring-boot-starter-security\3.3.2\spring-boot-starter-security-3.3.2.jar;C:\Users\Elisa\.m2\repository\org\springframework\spring-aop\6.1.11\spring-aop-6.1.11.jar;C:\Users\Elisa\.m2\repository\org\springframework\security\spring-security-config\6.3.1\spring-security-config-6.3.1.jar;C:\Users\Elisa\.m2\repository\org\springframework\security\spring-security-web\6.3.1\spring-security-web-6.3.1.jar;C:\Users\Elisa\.m2\repository\org\springframework\security\spring-security-core\6.3.1\spring-security-core-6.3.1.jar;C:\Users\Elisa\.m2\repository\org\springframework\security\spring-security-crypto\6.3.1\spring-security-crypto-6.3.1.jar;C:\Users\Elisa\.m2\repository\org\flywaydb\flyway-core\10.10.0\flyway-core-10.10.0.jar;C:\Users\Elisa\.m2\repository\com\fasterxml\jackson\dataformat\jackson-dataformat-toml\2.17.2\jackson-dataformat-toml-2.17.2.jar;C:\Users\Elisa\.m2\repository\com\fasterxml\jackson\core\jackson-core\2.17.2\jackson-core-2.17.2.jar;C:\Users\Elisa\.m2\repository\com\google\code\gson\gson\2.10.1\gson-2.10.1.jar;C:\Users\Elisa\.m2\repository\org\flywaydb\flyway-database-postgresql\10.10.0\flyway-database-postgresql-10.10.0.jar;C:\Users\Elisa\.m2\repository\jakarta\validation\jakarta.validation-api\3.0.2\jakarta.validation-api-3.0.2.jar;C:\Users\Elisa\.m2\repository\com\auth0\java-jwt\4.4.0\java-jwt-4.4.0.jar;C:\Users\Elisa\.m2\repository\com\fasterxml\jackson\core\jackson-databind\2.17.2\jackson-databind-2.17.2.jar;C:\Users\Elisa\.m2\repository\com\fasterxml\jackson\core\jackson-annotations\2.17.2\jackson-annotations-2.17.2.jar;C:\Users\Elisa\.m2\repository\org\springdoc\springdoc-openapi-starter-webmvc-ui\2.6.0\springdoc-openapi-starter-webmvc-ui-2.6.0.jar;C:\Users\Elisa\.m2\repository\org\springdoc\springdoc-openapi-starter-webmvc-api\2.6.0\springdoc-openapi-starter-webmvc-api-2.6.0.jar;C:\Users\Elisa\.m2\repository\org\springdoc\springdoc-openapi-starter-common\2.6.0\springdoc-openapi-starter-common-2.6.0.jar;C:\Users\Elisa\.m2\repository\io\swagger\core\v3\swagger-core-jakarta\2.2.22\swagger-core-jakarta-2.2.22.jar;C:\Users\Elisa\.m2\repository\org\apache\commons\commons-lang3\3.14.0\commons-lang3-3.14.0.jar;C:\Users\Elisa\.m2\repository\io\swagger\core\v3\swagger-annotations-jakarta\2.2.22\swagger-annotations-jakarta-2.2.22.jar;C:\Users\Elisa\.m2\repository\io\swagger\core\v3\swagger-models-jakarta\2.2.22\swagger-models-jakarta-2.2.22.jar;C:\Users\Elisa\.m2\repository\com\fasterxml\jackson\dataformat\jackson-dataformat-yaml\2.17.2\jackson-dataformat-yaml-2.17.2.jar;C:\Users\Elisa\.m2\repository\org\webjars\swagger-ui\5.17.14\swagger-ui-5.17.14.jar
Launcher Type: SUN_STANDARD

[Global flags]
     intx CICompilerCount                          = 4                                         {product} {ergonomic}
     uint ConcGCThreads                            = 3                                         {product} {ergonomic}
     uint G1ConcRefinementThreads                  = 10                                        {product} {ergonomic}
   size_t G1HeapRegionSize                         = 2097152                                   {product} {ergonomic}
   size_t InitialHeapSize                          = 268435456                                 {product} {ergonomic}
     bool ManagementServer                         = true                                      {product} {command line}
   size_t MarkStackSize                            = 4194304                                   {product} {ergonomic}
   size_t MarkStackSizeMax                         = 536870912                                 {product} {ergonomic}
   size_t MaxHeapSize                              = 4282384384                                {product} {ergonomic}
   size_t MaxNewSize                               = 2569011200                                {product} {ergonomic}
   size_t MinHeapDeltaBytes                        = 2097152                                   {product} {ergonomic}
   size_t MinHeapSize                              = 8388608                                   {product} {ergonomic}
    uintx NonNMethodCodeHeapSize                   = 4096                                   {pd product} {ergonomic}
    uintx NonProfiledCodeHeapSize                  = 0                                      {pd product} {ergonomic}
     bool ProfileInterpreter                       = false                                  {pd product} {command line}
    uintx ProfiledCodeHeapSize                     = 0                                      {pd product} {ergonomic}
   size_t SoftMaxHeapSize                          = 4282384384                             {manageable} {ergonomic}
     intx TieredStopAtLevel                        = 1                                         {product} {command line}
     bool UseCompressedOops                        = true                           {product lp64_product} {ergonomic}
     bool UseG1GC                                  = true                                      {product} {ergonomic}
     bool UseLargePagesIndividualAllocation        = false                                  {pd product} {ergonomic}

Logging:
Log output configuration:
 #0: stdout all=warning uptime,level,tags foldmultilines=false
 #1: stderr all=off uptime,level,tags foldmultilines=false

Environment Variables:
PATH=C:\WINDOWS\system32;C:\WINDOWS;C:\WINDOWS\System32\Wbem;C:\WINDOWS\System32\WindowsPowerShell\v1.0\;C:\WINDOWS\System32\OpenSSH\;C:\Program Files\Microsoft VS Code\bin;C:\ProgramData\chocolatey\bin;C:\Program Files\nodejs\;C:\Program Files\Git\cmd;C:\Users\Elisa\AppData\Local\Microsoft\WindowsApps;C:\Users\Elisa\AppData\Roaming\npm
USERNAME=Elisa
OS=Windows_NT
PROCESSOR_IDENTIFIER=AMD64 Family 23 Model 113 Stepping 0, AuthenticAMD
TMP=C:\Users\Elisa\AppData\Local\Temp
TEMP=C:\Users\Elisa\AppData\Local\Temp




Periodic native trim disabled

---------------  S Y S T E M  ---------------

OS:
 Windows 11 , 64 bit Build 26100 (10.0.26100.1882)
OS uptime: 1 days 9:32 hours

CPU: total 12 (initial active 12) (12 cores per cpu, 2 threads per core) family 23 model 113 stepping 0 microcode 0x8701013, cx8, cmov, fxsr, ht, mmx, 3dnowpref, sse, sse2, sse3, ssse3, sse4a, sse4.1, sse4.2, popcnt, lzcnt, tsc, tscinvbit, avx, avx2, aes, clmul, bmi1, bmi2, adx, sha, fma, vzeroupper, clflush, clflushopt, rdtscp, rdpid, f16c
Processor Information for the first 12 processors :
  Max Mhz: 3793, Current Mhz: 3793, Mhz Limit: 3793

Memory: 4k page, system-wide physical 16332M (4674M free)
TotalPageFile size 23555M (AvailPageFile size 3702M)
current process WorkingSet (physical memory assigned to process): 246M, peak: 246M
current process commit charge ("private bytes"): 288M, peak: 386M

vm_info: OpenJDK 64-Bit Server VM (23.0.1+11-39) for windows-amd64 JRE (23.0.1+11-39), built on 2024-09-30T07:20:43Z with MS VC++ 17.6 (VS2022)

END.
