#
# A fatal error has been detected by the Java Runtime Environment:
#
#  EXCEPTION_ACCESS_VIOLATION (0xc0000005) at pc=0x00007ffbd6d893f8, pid=25776, tid=7484
#
# JRE version: OpenJDK Runtime Environment (22.0.2+9) (build 22.0.2+9-70)
# Java VM: OpenJDK 64-Bit Server VM (22.0.2+9-70, mixed mode, emulated-client, sharing, tiered, compressed oops, compressed class ptrs, g1 gc, windows-amd64)
# Problematic frame:
# V  [jvm.dll+0x1993f8]
#
# No core dump will be written. Minidumps are not enabled by default on client versions of Windows
#
# If you would like to submit a bug report, please visit:
#   https://bugreport.java.com/bugreport/crash.jsp
#

---------------  S U M M A R Y ------------

Command Line: -XX:TieredStopAtLevel=1 -Dspring.output.ansi.enabled=always -Dcom.sun.management.jmxremote -Dspring.jmx.enabled=true -Dspring.liveBeansView.mbeanDomain -Dspring.application.admin.enabled=true -Dmanagement.endpoints.jmx.exposure.include=* -javaagent:C:\Program Files\JetBrains\IntelliJ IDEA 2024.1.4\lib\idea_rt.jar=61984:C:\Program Files\JetBrains\IntelliJ IDEA 2024.1.4\bin -Dfile.encoding=UTF-8 -Dsun.stdout.encoding=UTF-8 -Dsun.stderr.encoding=UTF-8 com.example.skills_project.SkillsProjectApplication

Host: AMD Ryzen 5 3600X 6-Core Processor             , 12 cores, 15G,  Windows 10 , 64 bit Build 19041 (10.0.19041.4597)
Time: Thu Aug 22 19:23:43 2024 Hora oficial do Brasil elapsed time: 1.898130 seconds (0d 0h 0m 1s)

---------------  T H R E A D  ---------------

Current thread (0x000001d0ce948220):  JavaThread "C1 CompilerThread3" daemon [_thread_in_native, id=7484, stack(0x000000a0d7200000,0x000000a0d7300000) (1024K)]


Current CompileTask:
C1:1898 3527       1       org.springframework.beans.factory.support.AbstractBeanFactory::isTypeMatch (745 bytes)

Stack: [0x000000a0d7200000,0x000000a0d7300000],  sp=0x000000a0d72fe128,  free space=1016k
Native frames: (J=compiled Java code, j=interpreted, Vv=VM code, C=native code)
V  [jvm.dll+0x1993f8]  (no source info available)


siginfo: EXCEPTION_ACCESS_VIOLATION (0xc0000005), reading address 0xffffffff00000000


Registers:
RAX=0x000001d0c56583e8, RBX=0x000001d0c56565a0, RCX=0xffffffff00000000, RDX=0x000001d0c5656588
RSP=0x000000a0d72fe128, RBP=0x000001d0c5656588, RSI=0x000001d0c56565d8, RDI=0x000001d0c56565a0
R8 =0x000001d0c5657e90, R9 =0xfffffffffffffff0, R10=0x0000000000000013, R11=0xffffffffffffffff
R12=0x00007ffbd6d893e0, R13=0x000001d0c5656580, R14=0x000001d0c56565a8, R15=0x0000000000000008
RIP=0x00007ffbd6d893f8, EFLAGS=0x0000000000010202


Register to memory mapping:

RAX=0x000001d0c56583e8 points into unknown readable memory: 0x0000079f00000795 | 95 07 00 00 9f 07 00 00
RBX=0x000001d0c56565a0 points into unknown readable memory: 0x000001d0c5657e90 | 90 7e 65 c5 d0 01 00 00
RCX=0xffffffff00000000 is an unknown value
RDX=0x000001d0c5656588 points into unknown readable memory: 0x000001d0c56582b0 | b0 82 65 c5 d0 01 00 00
RSP=0x000000a0d72fe128 is pointing into the stack for thread: 0x000001d0ce948220
RBP=0x000001d0c5656588 points into unknown readable memory: 0x000001d0c56582b0 | b0 82 65 c5 d0 01 00 00
RSI=0x000001d0c56565d8 points into unknown readable memory: 0x000001d0c5657d50 | 50 7d 65 c5 d0 01 00 00
RDI=0x000001d0c56565a0 points into unknown readable memory: 0x000001d0c5657e90 | 90 7e 65 c5 d0 01 00 00
R8 =0x000001d0c5657e90 points into unknown readable memory: 0x00000001ffffffff | ff ff ff ff 01 00 00 00
R9 =0xfffffffffffffff0 is an unknown value
R10=0x0000000000000013 is an unknown value
R11=0xffffffffffffffff is an unknown value
R12=0x00007ffbd6d893e0 jvm.dll
R13=0x000001d0c5656580 points into unknown readable memory: 0x000001d0c5877178 | 78 71 87 c5 d0 01 00 00
R14=0x000001d0c56565a8 points into unknown readable memory: 0x000001d0c5658160 | 60 81 65 c5 d0 01 00 00
R15=0x0000000000000008 is an unknown value

Top of Stack: (sp=0x000000a0d72fe128)
0x000000a0d72fe128:   00007ffc236b4b67 0000000000000008
0x000000a0d72fe138:   000001d0c5656328 000001d0c5656380
0x000000a0d72fe148:   000000a0d72fe210 000000a0d72fe390
0x000000a0d72fe158:   00007ffbd6d4296f 0000000000000001
0x000000a0d72fe168:   000001d0c58aca70 000001d0c5656440
0x000000a0d72fe178:   000001d0c5656348 000001d0c56561e0
0x000000a0d72fe188:   000001d0c5656190 000001d0c5167640
0x000000a0d72fe198:   000001d0c58ac9e0 0000000000000006
0x000000a0d72fe1a8:   0000000000000002 000001d0ced84188
0x000000a0d72fe1b8:   0000000000000013 000001d0ced845f0
0x000000a0d72fe1c8:   00007ffbd6d8b79a 000000a0d72feab0
0x000000a0d72fe1d8:   0000000000000000 000000a0d72fe2d0
0x000000a0d72fe1e8:   000001d0c51e1da8 00000000000000aa
0x000000a0d72fe1f8:   000001d0ced83fa0 00000000000000aa
0x000000a0d72fe208:   000001d0c55fbde8 000001d0ced845f0
0x000000a0d72fe218:   0000000000000000 00000000ffffffff
0x000000a0d72fe228:   0000000000000000 0000000800000002
0x000000a0d72fe238:   000001d0c565a9d8 0000000000000000
0x000000a0d72fe248:   0000000800000001 000001d0c565a9f8
0x000000a0d72fe258:   0000000000000000 0000000800000000
0x000000a0d72fe268:   000001d0c565aa38 0000000000000000
0x000000a0d72fe278:   0000000800000000 000001d0c565aa78
0x000000a0d72fe288:   0000000000000000 0000000800000000
0x000000a0d72fe298:   000001d0c565aab8 0000000000000000
0x000000a0d72fe2a8:   00000000c5167800 0000000000000000
0x000000a0d72fe2b8:   0000000000000000 0000000000000000
0x000000a0d72fe2c8:   0000000000000000 0000000000000000
0x000000a0d72fe2d8:   0000000000000000 0000000000000000
0x000000a0d72fe2e8:   0000000000000000 0000000000000000
0x000000a0d72fe2f8:   0000000000000000 0000000000000000
0x000000a0d72fe308:   0000000000000000 0000000000000000
0x000000a0d72fe318:   0000000000000000 0000000000000000 

Instructions: (pc=0x00007ffbd6d893f8)
0x00007ffbd6d892f8:   c0 c7 43 10 ff ff ff ff 89 43 20 89 43 38 48 89
0x00007ffbd6d89308:   73 18 4d 8b c6 48 89 73 08 49 8b d7 89 6b 10 48
0x00007ffbd6d89318:   8b cb 48 8b 5c 24 48 48 8b 6c 24 50 48 83 c4 20
0x00007ffbd6d89328:   41 5f 41 5e 5e e9 be b5 ff ff cc cc cc cc cc cc
0x00007ffbd6d89338:   cc cc cc cc cc cc cc cc 48 8b 41 08 4c 63 c2 4a
0x00007ffbd6d89348:   8b 14 c0 48 8b 41 20 4a 63 0c 80 3b 0a 7d 09 48
0x00007ffbd6d89358:   8b 42 08 48 8b 04 c8 c3 33 c0 c3 cc cc cc cc cc
0x00007ffbd6d89368:   cc cc cc cc cc cc cc cc 4c 8b 0d f9 c5 a9 00 66
0x00007ffbd6d89378:   0f 1f 84 00 00 00 00 00 8b 01 44 8b 02 41 3b c0
0x00007ffbd6d89388:   7d 15 44 39 41 04 7f 42 48 8b 49 08 49 3b c9 75
0x00007ffbd6d89398:   e7 b8 ff ff ff ff c3 7e 10 39 42 04 7f f8 48 8b
0x00007ffbd6d893a8:   52 08 49 3b d1 74 ea eb cf 3b 41 04 75 0b 48 8b
0x00007ffbd6d893b8:   49 08 49 3b c9 74 da eb bf 44 3b 42 04 75 d7 48
0x00007ffbd6d893c8:   8b 52 08 49 3b d1 74 c9 eb ae 41 8b c0 c3 cc cc
0x00007ffbd6d893d8:   cc cc cc cc cc cc cc cc 4c 8b 01 48 8b 0a 4d 85
0x00007ffbd6d893e8:   c0 74 1a 48 85 c9 74 0f 48 8b 41 08 49 8b 48 08
0x00007ffbd6d893f8:   8b 11 2b 10 8b c2 c3 b8 ff ff ff ff c3 33 c0 48
0x00007ffbd6d89408:   85 c9 0f 95 c0 c3 cc cc 66 83 7a 10 1b 75 63 48
0x00007ffbd6d89418:   8b 4a 30 48 8b 42 08 48 8b d1 81 e2 07 10 00 00
0x00007ffbd6d89428:   48 81 fa 03 10 00 00 74 12 48 8b d1 81 e2 07 10
0x00007ffbd6d89438:   00 00 48 81 fa 05 10 00 00 75 37 48 8b d0 81 e2
0x00007ffbd6d89448:   07 10 00 00 48 81 fa 03 10 00 00 74 12 48 8b d0
0x00007ffbd6d89458:   81 e2 07 10 00 00 48 81 fa 05 10 00 00 75 13 c1
0x00007ffbd6d89468:   e9 0e 41 3b 08 75 0b c1 e8 0e 41 3b 01 75 03 b0
0x00007ffbd6d89478:   01 c3 32 c0 c3 cc cc cc 48 89 5c 24 08 48 89 6c
0x00007ffbd6d89488:   24 10 48 89 74 24 18 57 41 56 41 57 48 83 ec 20
0x00007ffbd6d89498:   4c 8b f9 49 8b d9 b9 40 00 00 00 49 8b f8 44 8b
0x00007ffbd6d894a8:   f2 e8 12 a9 f9 ff 33 ed 48 8b f0 48 85 c0 74 67
0x00007ffbd6d894b8:   44 0f b6 c3 41 f6 d0 41 f6 c0 01 74 0b 48 8b 13
0x00007ffbd6d894c8:   48 8b cb ff 52 10 eb 14 8b c3 8b cb 83 e1 78 83
0x00007ffbd6d894d8:   e0 07 3c 07 0f 44 cd e8 4c cf ff ff 0f b6 c8 48
0x00007ffbd6d894e8:   89 5e 08 48 8b 44 24 60 48 89 46 18 48 8d 05 fd 


Stack slot to memory mapping:

stack at sp + 0 slots: 0x00007ffc236b4b67 ucrtbase.dll
stack at sp + 1 slots: 0x0000000000000008 is an unknown value
stack at sp + 2 slots: 0x000001d0c5656328 points into unknown readable memory: 0x000001d0c58716d0 | d0 16 87 c5 d0 01 00 00
stack at sp + 3 slots: 0x000001d0c5656380 points into unknown readable memory: 0x000001d0c5878580 | 80 85 87 c5 d0 01 00 00
stack at sp + 4 slots: 0x000000a0d72fe210 is pointing into the stack for thread: 0x000001d0ce948220
stack at sp + 5 slots: 0x000000a0d72fe390 is pointing into the stack for thread: 0x000001d0ce948220
stack at sp + 6 slots: 0x00007ffbd6d4296f jvm.dll
stack at sp + 7 slots: 0x0000000000000001 is an unknown value


---------------  P R O C E S S  ---------------

Threads class SMR info:
_java_thread_list=0x000001d0cee91320, length=19, elements={
0x000001d0d37aae70, 0x000001d0e8ce5260, 0x000001d0e8ce6180, 0x000001d0e8ce92b0,
0x000001d0e8cebfa0, 0x000001d0e8ceddc0, 0x000001d0e8cf0110, 0x000001d0e8cf6210,
0x000001d0c520c990, 0x000001d0c5215b90, 0x000001d0c520af50, 0x000001d0c520a230,
0x000001d0c574acb0, 0x000001d0c520a8c0, 0x000001d0c520d020, 0x000001d0c520bc70,
0x000001d0ce948220, 0x000001d0c520b5e0, 0x000001d0c5209ba0
}

Java Threads: ( => current thread )
  0x000001d0d37aae70 JavaThread "main"                              [_thread_blocked, id=28760, stack(0x000000a0d5000000,0x000000a0d5100000) (1024K)]
  0x000001d0e8ce5260 JavaThread "Reference Handler"          daemon [_thread_blocked, id=22064, stack(0x000000a0d5800000,0x000000a0d5900000) (1024K)]
  0x000001d0e8ce6180 JavaThread "Finalizer"                  daemon [_thread_blocked, id=29808, stack(0x000000a0d5900000,0x000000a0d5a00000) (1024K)]
  0x000001d0e8ce92b0 JavaThread "Signal Dispatcher"          daemon [_thread_blocked, id=21268, stack(0x000000a0d5a00000,0x000000a0d5b00000) (1024K)]
  0x000001d0e8cebfa0 JavaThread "Attach Listener"            daemon [_thread_blocked, id=19152, stack(0x000000a0d5b00000,0x000000a0d5c00000) (1024K)]
  0x000001d0e8ceddc0 JavaThread "Service Thread"             daemon [_thread_blocked, id=1316, stack(0x000000a0d5c00000,0x000000a0d5d00000) (1024K)]
  0x000001d0e8cf0110 JavaThread "Monitor Deflation Thread"   daemon [_thread_blocked, id=4580, stack(0x000000a0d5d00000,0x000000a0d5e00000) (1024K)]
  0x000001d0e8cf6210 JavaThread "C1 CompilerThread0"         daemon [_thread_blocked, id=4924, stack(0x000000a0d5e00000,0x000000a0d5f00000) (1024K)]
  0x000001d0c520c990 JavaThread "Common-Cleaner"             daemon [_thread_blocked, id=10832, stack(0x000000a0d5f00000,0x000000a0d6000000) (1024K)]
  0x000001d0c5215b90 JavaThread "C1 CompilerThread1"         daemon [_thread_blocked, id=13792, stack(0x000000a0d6000000,0x000000a0d6100000) (1024K)]
  0x000001d0c520af50 JavaThread "Monitor Ctrl-Break"         daemon [_thread_in_native, id=27024, stack(0x000000a0d6100000,0x000000a0d6200000) (1024K)]
  0x000001d0c520a230 JavaThread "Notification Thread"        daemon [_thread_blocked, id=10484, stack(0x000000a0d6200000,0x000000a0d6300000) (1024K)]
  0x000001d0c574acb0 JavaThread "C1 CompilerThread2"         daemon [_thread_blocked, id=28840, stack(0x000000a0d6300000,0x000000a0d6400000) (1024K)]
  0x000001d0c520a8c0 JavaThread "RMI TCP Accept-0"           daemon [_thread_in_native, id=1216, stack(0x000000a0d6400000,0x000000a0d6500000) (1024K)]
  0x000001d0c520d020 JavaThread "Thread-0"                          [_thread_blocked, id=13512, stack(0x000000a0d6b00000,0x000000a0d6c00000) (1024K)]
  0x000001d0c520bc70 JavaThread "restartedMain"                     [_thread_in_Java, id=26392, stack(0x000000a0d6c00000,0x000000a0d6d00000) (1024K)]
=>0x000001d0ce948220 JavaThread "C1 CompilerThread3"         daemon [_thread_in_native, id=7484, stack(0x000000a0d7200000,0x000000a0d7300000) (1024K)]
  0x000001d0c520b5e0 JavaThread "RMI TCP Connection(1)-192.168.0.121" daemon [_thread_in_native, id=11148, stack(0x000000a0d7100000,0x000000a0d7200000) (1024K)]
  0x000001d0c5209ba0 JavaThread "RMI Scheduler(0)"           daemon [_thread_blocked, id=20228, stack(0x000000a0d7300000,0x000000a0d7400000) (1024K)]
Total: 19

Other Threads:
  0x000001d0e8cc3a90 VMThread "VM Thread"                           [id=24376, stack(0x000000a0d5700000,0x000000a0d5800000) (1024K)]
  0x000001d0e8cad760 WatcherThread "VM Periodic Task Thread"        [id=9760, stack(0x000000a0d5600000,0x000000a0d5700000) (1024K)]
  0x000001d0d5a97ce0 WorkerThread "GC Thread#0"                     [id=17508, stack(0x000000a0d5100000,0x000000a0d5200000) (1024K)]
  0x000001d0c5c6b700 WorkerThread "GC Thread#1"                     [id=10564, stack(0x000000a0d6500000,0x000000a0d6600000) (1024K)]
  0x000001d0c5c6bab0 WorkerThread "GC Thread#2"                     [id=30088, stack(0x000000a0d6600000,0x000000a0d6700000) (1024K)]
  0x000001d0c5c83100 WorkerThread "GC Thread#3"                     [id=19760, stack(0x000000a0d6700000,0x000000a0d6800000) (1024K)]
  0x000001d0c5c838c0 WorkerThread "GC Thread#4"                     [id=5372, stack(0x000000a0d6800000,0x000000a0d6900000) (1024K)]
  0x000001d0c5c83c70 WorkerThread "GC Thread#5"                     [id=10500, stack(0x000000a0d6900000,0x000000a0d6a00000) (1024K)]
  0x000001d0c5cb1970 WorkerThread "GC Thread#6"                     [id=28480, stack(0x000000a0d6a00000,0x000000a0d6b00000) (1024K)]
  0x000001d0ce859af0 WorkerThread "GC Thread#7"                     [id=3244, stack(0x000000a0d6e00000,0x000000a0d6f00000) (1024K)]
  0x000001d0ce8969b0 WorkerThread "GC Thread#8"                     [id=26008, stack(0x000000a0d6f00000,0x000000a0d7000000) (1024K)]
  0x000001d0ce8ac0a0 WorkerThread "GC Thread#9"                     [id=9096, stack(0x000000a0d7000000,0x000000a0d7100000) (1024K)]
  0x000001d0d5aa8cd0 ConcurrentGCThread "G1 Main Marker"            [id=12792, stack(0x000000a0d5200000,0x000000a0d5300000) (1024K)]
  0x000001d0d5aaaea0 WorkerThread "G1 Conc#0"                       [id=14252, stack(0x000000a0d5300000,0x000000a0d5400000) (1024K)]
  0x000001d0ceba3860 WorkerThread "G1 Conc#1"                       [id=8240, stack(0x000000a0d6d00000,0x000000a0d6e00000) (1024K)]
  0x000001d0ceba3100 WorkerThread "G1 Conc#2"                       [id=13728, stack(0x000000a0d7400000,0x000000a0d7500000) (1024K)]
  0x000001d0e8b705f0 ConcurrentGCThread "G1 Refine#0"               [id=27616, stack(0x000000a0d5400000,0x000000a0d5500000) (1024K)]
  0x000001d0e8b71080 ConcurrentGCThread "G1 Service"                [id=28916, stack(0x000000a0d5500000,0x000000a0d5600000) (1024K)]
Total: 18

Threads with active compile tasks:
C1 CompilerThread3  1969 3527       1       org.springframework.beans.factory.support.AbstractBeanFactory::isTypeMatch (745 bytes)
Total: 1

VM state: not at safepoint (normal execution)

VM Mutex/Monitor currently owned by a thread: None

Heap address: 0x0000000700c00000, size: 4084 MB, Compressed Oops mode: Zero based, Oop shift amount: 3

CDS archive(s) mapped at: [0x000001d080000000-0x000001d080c60000-0x000001d080c60000), size 12976128, SharedBaseAddress: 0x000001d080000000, ArchiveRelocationMode: 1.
Compressed class space mapped at: 0x000001d081000000-0x000001d0c1000000, reserved size: 1073741824
Narrow klass base: 0x000001d080000000, Narrow klass shift: 0, Narrow klass range: 0x41000000

GC Precious Log:
 CardTable entry size: 512
 Card Set container configuration: InlinePtr #cards 4 size 8 Array Of Cards #cards 16 size 48 Howl #buckets 8 coarsen threshold 3686 Howl Bitmap #cards 512 size 80 coarsen threshold 460 Card regions per heap region 1 cards per card region 4096
 CPUs: 12 total, 12 available
 Memory: 16332M
 Large Page Support: Disabled
 NUMA Support: Disabled
 Compressed Oops: Enabled (Zero based)
 Heap Region Size: 2M
 Heap Min Capacity: 8M
 Heap Initial Capacity: 256M
 Heap Max Capacity: 4084M
 Pre-touch: Disabled
 Parallel Workers: 10
 Concurrent Workers: 3
 Concurrent Refinement Workers: 10
 Periodic GC: Disabled

Heap:
 garbage-first heap   total reserved 4182016K, committed 49152K, used 33440K [0x0000000700c00000, 0x0000000800000000)
  region size 2048K, 11 young (22528K), 1 survivors (2048K)
 Metaspace       used 24656K, committed 25152K, reserved 1114112K
  class space    used 3364K, committed 3584K, reserved 1048576K

Heap Regions: E=young(eden), S=young(survivor), O=old, HS=humongous(starts), HC=humongous(continues), CS=collection set, F=free, TAMS=top-at-mark-start, PB=parsable bottom
|   0|0x0000000700c00000, 0x0000000700e00000, 0x0000000700e00000|100%| O|  |TAMS 0x0000000700c00000| PB 0x0000000700c00000| Untracked |  0
|   1|0x0000000700e00000, 0x0000000701000000, 0x0000000701000000|100%| O|  |TAMS 0x0000000700e00000| PB 0x0000000700e00000| Untracked |  0
|   2|0x0000000701000000, 0x0000000701200000, 0x0000000701200000|100%| O|  |TAMS 0x0000000701000000| PB 0x0000000701000000| Untracked |  0
|   3|0x0000000701200000, 0x0000000701375da0, 0x0000000701400000| 73%| O|Cm|TAMS 0x0000000701200000| PB 0x0000000701200000| Complete |  0
|   4|0x0000000701400000, 0x0000000701600000, 0x0000000701600000|100%| O|  |TAMS 0x0000000701400000| PB 0x0000000701400000| Untracked |  0
|   5|0x0000000701600000, 0x0000000701800000, 0x0000000701800000|100%| O|  |TAMS 0x0000000701600000| PB 0x0000000701600000| Untracked |  0
|   6|0x0000000701800000, 0x0000000701964970, 0x0000000701a00000| 69%| O|  |TAMS 0x0000000701800000| PB 0x0000000701800000| Untracked |  0
|   7|0x0000000701a00000, 0x0000000701a00000, 0x0000000701c00000|  0%| F|  |TAMS 0x0000000701a00000| PB 0x0000000701a00000| Untracked |  0
|   8|0x0000000701c00000, 0x0000000701c00000, 0x0000000701e00000|  0%| F|  |TAMS 0x0000000701c00000| PB 0x0000000701c00000| Untracked |  0
|   9|0x0000000701e00000, 0x0000000701fcdb20, 0x0000000702000000| 90%| S|CS|TAMS 0x0000000701e00000| PB 0x0000000701e00000| Complete |  0
|  10|0x0000000702000000, 0x0000000702000000, 0x0000000702200000|  0%| F|  |TAMS 0x0000000702000000| PB 0x0000000702000000| Untracked |  0
|  11|0x0000000702200000, 0x0000000702200000, 0x0000000702400000|  0%| F|  |TAMS 0x0000000702200000| PB 0x0000000702200000| Untracked |  0
|  12|0x0000000702400000, 0x0000000702400000, 0x0000000702600000|  0%| F|  |TAMS 0x0000000702400000| PB 0x0000000702400000| Untracked |  0
|  13|0x0000000702600000, 0x0000000702600000, 0x0000000702800000|  0%| F|  |TAMS 0x0000000702600000| PB 0x0000000702600000| Untracked |  0
|  14|0x0000000702800000, 0x0000000702935360, 0x0000000702a00000| 60%| E|  |TAMS 0x0000000702800000| PB 0x0000000702800000| Complete |  0
|  15|0x0000000702a00000, 0x0000000702c00000, 0x0000000702c00000|100%| E|CS|TAMS 0x0000000702a00000| PB 0x0000000702a00000| Complete |  0
|  16|0x0000000702c00000, 0x0000000702e00000, 0x0000000702e00000|100%| E|CS|TAMS 0x0000000702c00000| PB 0x0000000702c00000| Complete |  0
|  17|0x0000000702e00000, 0x0000000703000000, 0x0000000703000000|100%| E|CS|TAMS 0x0000000702e00000| PB 0x0000000702e00000| Complete |  0
|  18|0x0000000703000000, 0x0000000703200000, 0x0000000703200000|100%| E|CS|TAMS 0x0000000703000000| PB 0x0000000703000000| Complete |  0
|  19|0x0000000703200000, 0x0000000703400000, 0x0000000703400000|100%| E|CS|TAMS 0x0000000703200000| PB 0x0000000703200000| Complete |  0
| 103|0x000000070da00000, 0x000000070dc00000, 0x000000070dc00000|100%| E|CS|TAMS 0x000000070da00000| PB 0x000000070da00000| Complete |  0
| 104|0x000000070dc00000, 0x000000070de00000, 0x000000070de00000|100%| E|CS|TAMS 0x000000070dc00000| PB 0x000000070dc00000| Complete |  0
| 105|0x000000070de00000, 0x000000070e000000, 0x000000070e000000|100%| E|CS|TAMS 0x000000070de00000| PB 0x000000070de00000| Complete |  0
| 127|0x0000000710a00000, 0x0000000710c00000, 0x0000000710c00000|100%| E|CS|TAMS 0x0000000710a00000| PB 0x0000000710a00000| Complete |  0

Card table byte_map: [0x000001d0e18a0000,0x000001d0e20a0000] _byte_map_base: 0x000001d0de09a000

Marking Bits: (CMBitMap*) 0x000001d0d5a98300
 Bits: [0x000001d0e20a0000, 0x000001d0e6070000)

Polling page: 0x000001d0d3750000

Metaspace:

Usage:
  Non-class:     20.79 MB used.
      Class:      3.29 MB used.
       Both:     24.08 MB used.

Virtual space:
  Non-class space:       64.00 MB reserved,      21.06 MB ( 33%) committed,  1 nodes.
      Class space:        1.00 GB reserved,       3.50 MB ( <1%) committed,  1 nodes.
             Both:        1.06 GB reserved,      24.56 MB (  2%) committed. 

Chunk freelists:
   Non-Class:  10.22 MB
       Class:  12.55 MB
        Both:  22.76 MB

MaxMetaspaceSize: unlimited
CompressedClassSpaceSize: 1.00 GB
Initial GC threshold: 21.00 MB
Current GC threshold: 35.12 MB
CDS: on
 - commit_granule_bytes: 65536.
 - commit_granule_words: 8192.
 - virtual_space_node_default_size: 8388608.
 - enlarge_chunks_in_place: 1.
 - use_allocation_guard: 0.


Internal statistics:

num_allocs_failed_limit: 3.
num_arena_births: 456.
num_arena_deaths: 0.
num_vsnodes_births: 2.
num_vsnodes_deaths: 0.
num_space_committed: 393.
num_space_uncommitted: 0.
num_chunks_returned_to_freelist: 3.
num_chunks_taken_from_freelist: 1188.
num_chunk_merges: 3.
num_chunk_splits: 827.
num_chunks_enlarged: 616.
num_inconsistent_stats: 0.

CodeCache: size=49152Kb used=8644Kb max_used=8644Kb free=40507Kb
 bounds [0x000001d0ddd70000, 0x000001d0de5f0000, 0x000001d0e0d70000]
 total_blobs=4175 nmethods=3626 adapters=470
 compilation: enabled
              stopped_count=0, restarted_count=0
 full_count=0

Compilation events (20 events):
Event: 1.880 Thread 0x000001d0ce948220 nmethod 3522 0x000001d0de5a9590 code [0x000001d0de5a9720, 0x000001d0de5a97e8]
Event: 1.882 Thread 0x000001d0ce948220 3523       1       sun.reflect.generics.repository.GenericDeclRepository::getTypeParameters (27 bytes)
Event: 1.882 Thread 0x000001d0ce948220 nmethod 3523 0x000001d0de5a9890 code [0x000001d0de5a9a40, 0x000001d0de5a9c30]
Event: 1.882 Thread 0x000001d0ce948220 3524       1       java.lang.Class::getTypeParameters (19 bytes)
Event: 1.883 Thread 0x000001d0ce948220 nmethod 3524 0x000001d0de5a9d10 code [0x000001d0de5a9ee0, 0x000001d0de5aa1c0]
Event: 1.884 Thread 0x000001d0ce948220 3525       1       org.springframework.beans.PropertyValue::getName (5 bytes)
Event: 1.885 Thread 0x000001d0ce948220 nmethod 3525 0x000001d0de5aa310 code [0x000001d0de5aa4a0, 0x000001d0de5aa570]
Event: 1.885 Thread 0x000001d0ce948220 3526       1       org.springframework.core.annotation.TypeMappedAnnotations$Aggregate::size (10 bytes)
Event: 1.885 Thread 0x000001d0ce948220 nmethod 3526 0x000001d0de5aa610 code [0x000001d0de5aa7a0, 0x000001d0de5aa898]
Event: 1.887 Thread 0x000001d0ce948220 3527       1       org.springframework.beans.factory.support.AbstractBeanFactory::isTypeMatch (745 bytes)
Event: 1.887 Thread 0x000001d0e8cf6210 3528       1       org.springframework.beans.factory.support.AbstractAutowireCapableBeanFactory$FactoryBeanMethodTypeFinder::doWith (84 bytes)
Event: 1.887 Thread 0x000001d0c574acb0 3529       1       org.springframework.beans.factory.support.AbstractAutowireCapableBeanFactory$FactoryBeanMethodTypeFinder::isFactoryBeanMethod (32 bytes)
Event: 1.887 Thread 0x000001d0c574acb0 nmethod 3529 0x000001d0de5aa910 code [0x000001d0de5aaac0, 0x000001d0de5aac28]
Event: 1.887 Thread 0x000001d0e8cf6210 nmethod 3528 0x000001d0de5aad10 code [0x000001d0de5aaf60, 0x000001d0de5ab5b8]
Event: 1.888 Thread 0x000001d0e8cf6210 3530       1       sun.reflect.generics.parser.SignatureParser::parseTypeArgument (135 bytes)
Event: 1.888 Thread 0x000001d0e8cf6210 nmethod 3530 0x000001d0de5ab990 code [0x000001d0de5abc20, 0x000001d0de5acb78]
Event: 1.889 Thread 0x000001d0e8cf6210 3531       1       java.util.ArrayList$ArrayListSpliterator::characteristics (4 bytes)
Event: 1.889 Thread 0x000001d0e8cf6210 nmethod 3531 0x000001d0de5acf90 code [0x000001d0de5ad120, 0x000001d0de5ad1e8]
Event: 1.890 Thread 0x000001d0e8cf6210 3532       1       org.springframework.beans.factory.support.AbstractBeanDefinition::getBeanClass (51 bytes)
Event: 1.890 Thread 0x000001d0e8cf6210 nmethod 3532 0x000001d0de5ad290 code [0x000001d0de5ad460, 0x000001d0de5ad738]

GC Heap History (8 events):
Event: 0.931 GC heap before
{Heap before GC invocations=0 (full 0):
 garbage-first heap   total reserved 4182016K, committed 262144K, used 22528K [0x0000000700c00000, 0x0000000800000000)
  region size 2048K, 12 young (24576K), 0 survivors (0K)
 Metaspace       used 6817K, committed 7104K, reserved 1114112K
  class space    used 853K, committed 960K, reserved 1048576K
}
Event: 0.935 GC heap after
{Heap after GC invocations=1 (full 0):
 garbage-first heap   total reserved 4182016K, committed 262144K, used 7197K [0x0000000700c00000, 0x0000000800000000)
  region size 2048K, 2 young (4096K), 2 survivors (4096K)
 Metaspace       used 6817K, committed 7104K, reserved 1114112K
  class space    used 853K, committed 960K, reserved 1048576K
}
Event: 1.278 GC heap before
{Heap before GC invocations=1 (full 0):
 garbage-first heap   total reserved 4182016K, committed 262144K, used 37917K [0x0000000700c00000, 0x0000000800000000)
  region size 2048K, 17 young (34816K), 2 survivors (4096K)
 Metaspace       used 14195K, committed 14528K, reserved 1114112K
  class space    used 1891K, committed 2048K, reserved 1048576K
}
Event: 1.281 GC heap after
{Heap after GC invocations=2 (full 0):
 garbage-first heap   total reserved 4182016K, committed 262144K, used 11667K [0x0000000700c00000, 0x0000000800000000)
  region size 2048K, 2 young (4096K), 2 survivors (4096K)
 Metaspace       used 14195K, committed 14528K, reserved 1114112K
  class space    used 1891K, committed 2048K, reserved 1048576K
}
Event: 1.515 GC heap before
{Heap before GC invocations=2 (full 0):
 garbage-first heap   total reserved 4182016K, committed 262144K, used 46483K [0x0000000700c00000, 0x0000000800000000)
  region size 2048K, 21 young (43008K), 2 survivors (4096K)
 Metaspace       used 21083K, committed 21504K, reserved 1114112K
  class space    used 2803K, committed 3008K, reserved 1048576K
}
Event: 1.518 GC heap after
{Heap after GC invocations=3 (full 0):
 garbage-first heap   total reserved 4182016K, committed 262144K, used 13746K [0x0000000700c00000, 0x0000000800000000)
  region size 2048K, 3 young (6144K), 3 survivors (6144K)
 Metaspace       used 21083K, committed 21504K, reserved 1114112K
  class space    used 2803K, committed 3008K, reserved 1048576K
}
Event: 1.732 GC heap before
{Heap before GC invocations=4 (full 0):
 garbage-first heap   total reserved 4182016K, committed 49152K, used 36274K [0x0000000700c00000, 0x0000000800000000)
  region size 2048K, 14 young (28672K), 3 survivors (6144K)
 Metaspace       used 22149K, committed 22656K, reserved 1114112K
  class space    used 2982K, committed 3200K, reserved 1048576K
}
Event: 1.736 GC heap after
{Heap after GC invocations=5 (full 0):
 garbage-first heap   total reserved 4182016K, committed 49152K, used 15008K [0x0000000700c00000, 0x0000000800000000)
  region size 2048K, 1 young (2048K), 1 survivors (2048K)
 Metaspace       used 22149K, committed 22656K, reserved 1114112K
  class space    used 2982K, committed 3200K, reserved 1048576K
}

Dll operation events (12 events):
Event: 0.006 Loaded shared library C:\Users\Usuário\.jdks\openjdk-22.0.2\bin\java.dll
Event: 0.087 Loaded shared library C:\Users\Usuário\.jdks\openjdk-22.0.2\bin\zip.dll
Event: 0.088 Loaded shared library C:\Users\Usuário\.jdks\openjdk-22.0.2\bin\instrument.dll
Event: 0.092 Loaded shared library C:\Users\Usuário\.jdks\openjdk-22.0.2\bin\net.dll
Event: 0.093 Loaded shared library C:\Users\Usuário\.jdks\openjdk-22.0.2\bin\nio.dll
Event: 0.095 Loaded shared library C:\Users\Usuário\.jdks\openjdk-22.0.2\bin\zip.dll
Event: 0.592 Loaded shared library C:\Program Files\JetBrains\IntelliJ IDEA 2024.1.4\bin\breakgen64.dll
Event: 0.598 Loaded shared library C:\Users\Usuário\.jdks\openjdk-22.0.2\bin\extnet.dll
Event: 0.602 Loaded shared library C:\Users\Usuário\.jdks\openjdk-22.0.2\bin\jimage.dll
Event: 0.626 Loaded shared library C:\Users\Usuário\.jdks\openjdk-22.0.2\bin\management.dll
Event: 0.634 Loaded shared library C:\Users\Usuário\.jdks\openjdk-22.0.2\bin\management_ext.dll
Event: 1.472 Loaded shared library C:\Users\Usuário\.jdks\openjdk-22.0.2\bin\sunmscapi.dll

Deoptimization events (0 events):
No events

Classes loaded (20 events):
Event: 1.600 Loading class java/beans/PropertyVetoException
Event: 1.600 Loading class java/beans/PropertyVetoException done
Event: 1.812 Loading class java/lang/UnsupportedClassVersionError
Event: 1.812 Loading class java/lang/ClassFormatError
Event: 1.812 Loading class java/lang/ClassFormatError done
Event: 1.812 Loading class java/lang/UnsupportedClassVersionError done
Event: 1.854 Loading class java/util/Collections$UnmodifiableMap$UnmodifiableEntrySet$1
Event: 1.854 Loading class java/util/Collections$UnmodifiableMap$UnmodifiableEntrySet$1 done
Event: 1.872 Loading class java/util/stream/Streams$ConcatSpliterator$OfRef
Event: 1.872 Loading class java/util/stream/Streams$ConcatSpliterator
Event: 1.872 Loading class java/util/stream/Streams$ConcatSpliterator done
Event: 1.872 Loading class java/util/stream/Streams$ConcatSpliterator$OfRef done
Event: 1.872 Loading class java/util/stream/Streams$2
Event: 1.872 Loading class java/util/stream/Streams$2 done
Event: 1.882 Loading class java/util/stream/ReferencePipeline$15
Event: 1.882 Loading class java/util/stream/ReferencePipeline$15 done
Event: 1.882 Loading class java/util/stream/ReferencePipeline$15$1
Event: 1.882 Loading class java/util/stream/ReferencePipeline$15$1 done
Event: 1.888 Loading class sun/reflect/generics/tree/BooleanSignature
Event: 1.888 Loading class sun/reflect/generics/tree/BooleanSignature done

Classes unloaded (0 events):
No events

Classes redefined (0 events):
No events

Internal exceptions (20 events):
Event: 1.169 Thread 0x000001d0c520bc70 Exception <a 'java/lang/NoSuchMethodError'{0x000000070f8c4780}: 'void java.lang.invoke.DirectMethodHandle$Holder.invokeStatic(java.lang.Object, java.lang.Object, int)'> (0x000000070f8c4780) 
thrown [s\open\src\hotspot\share\interpreter\linkResolver.cpp, line 774]
Event: 1.171 Thread 0x000001d0c520bc70 Exception <a 'java/lang/NoSuchMethodError'{0x000000070f8d9e08}: 'void java.lang.invoke.DirectMethodHandle$Holder.invokeStaticInit(java.lang.Object, java.lang.Object, java.lang.Object)'> (0x000000070f8d9e08) 
thrown [s\open\src\hotspot\share\interpreter\linkResolver.cpp, line 774]
Event: 1.175 Thread 0x000001d0c520bc70 Exception <a 'java/lang/NoSuchMethodError'{0x000000070f92b910}: 'java.lang.Object java.lang.invoke.DirectMethodHandle$Holder.invokeStatic(java.lang.Object, long, java.lang.Object)'> (0x000000070f92b910) 
thrown [s\open\src\hotspot\share\interpreter\linkResolver.cpp, line 774]
Event: 1.175 Thread 0x000001d0c520bc70 Exception <a 'java/lang/NoSuchMethodError'{0x000000070f92efe0}: 'java.lang.Object java.lang.invoke.DirectMethodHandle$Holder.invokeStaticInit(java.lang.Object, long, java.lang.Object)'> (0x000000070f92efe0) 
thrown [s\open\src\hotspot\share\interpreter\linkResolver.cpp, line 774]
Event: 1.176 Thread 0x000001d0c520bc70 Exception <a 'java/lang/NoSuchMethodError'{0x000000070f934868}: 'java.lang.Object java.lang.invoke.DirectMethodHandle$Holder.newInvokeSpecial(java.lang.Object, long)'> (0x000000070f934868) 
thrown [s\open\src\hotspot\share\interpreter\linkResolver.cpp, line 774]
Event: 1.183 Thread 0x000001d0c520bc70 Exception <a 'java/lang/NoSuchMethodError'{0x000000070f996f58}: 'void java.lang.invoke.DirectMethodHandle$Holder.invokeVirtual(java.lang.Object, java.lang.Object, java.lang.Object, java.lang.Object)'> (0x000000070f996f58) 
thrown [s\open\src\hotspot\share\interpreter\linkResolver.cpp, line 774]
Event: 1.207 Thread 0x000001d0c520bc70 Exception <a 'java/lang/IncompatibleClassChangeError'{0x000000070f71c910}: Found class java.lang.Object, but interface was expected> (0x000000070f71c910) 
thrown [s\open\src\hotspot\share\interpreter\linkResolver.cpp, line 841]
Event: 1.357 Thread 0x000001d0c520bc70 Exception <a 'java/lang/NoSuchMethodError'{0x000000070feae7c0}: 'int java.lang.invoke.DirectMethodHandle$Holder.invokeSpecial(java.lang.Object, java.lang.Object, java.lang.Object, java.lang.Object, java.lang.Object)'> (0x000000070feae7c0) 
thrown [s\open\src\hotspot\share\interpreter\linkResolver.cpp, line 774]
Event: 1.381 Thread 0x000001d0c520b5e0 Exception <a 'java/lang/NoSuchMethodError'{0x000000070ffc3e38}: static [B.<clinit>()V> (0x000000070ffc3e38) 
thrown [s\open\src\hotspot\share\prims\jni.cpp, line 1111]
Event: 1.390 Thread 0x000001d0ceafd430 Exception <a 'java/lang/NoSuchMethodError'{0x000000070f9a0c08}: 'java.lang.Object java.lang.invoke.Invokers$Holder.linkToTargetMethod(java.lang.Object, long, java.lang.Object)'> (0x000000070f9a0c08) 
thrown [s\open\src\hotspot\share\interpreter\linkResolver.cpp, line 774]
Event: 1.391 Thread 0x000001d0c520b5e0 Exception <a 'java/lang/ClassNotFoundException'{0x000000070ffdd9b0}: javax/management/remote/rmi/RMIConnectionImpl_Skel> (0x000000070ffdd9b0) 
thrown [s\open\src\hotspot\share\classfile\systemDictionary.cpp, line 313]
Event: 1.405 Thread 0x000001d0c520b5e0 Exception <a 'java/lang/NoSuchMethodError'{0x000000070f642dc8}: 'java.lang.Object java.lang.invoke.DirectMethodHandle$Holder.invokeInterface(java.lang.Object, java.lang.Object, java.lang.Object, java.lang.Object, java.lang.Object)'> (0x000000070f642dc8) 
thrown [s\open\src\hotspot\share\interpreter\linkResolver.cpp, line 774]
Event: 1.408 Thread 0x000001d0c520b5e0 Exception <a 'java/lang/NoSuchMethodError'{0x000000070f675668}: static [Ljava/lang/StackTraceElement;.<clinit>()V> (0x000000070f675668) 
thrown [s\open\src\hotspot\share\prims\jni.cpp, line 1111]
Event: 1.414 Thread 0x000001d0c520b5e0 Exception <a 'java/lang/NoSuchMethodError'{0x000000070f6843d8}: 'void java.lang.invoke.DirectMethodHandle$Holder.invokeInterface(java.lang.Object, java.lang.Object)'> (0x000000070f6843d8) 
thrown [s\open\src\hotspot\share\interpreter\linkResolver.cpp, line 774]
Event: 1.439 Thread 0x000001d0c520c300 Exception <a 'java/lang/NoSuchMethodError'{0x000000070f189bb0}: 'long java.lang.invoke.DirectMethodHandle$Holder.invokeStatic(java.lang.Object, java.lang.Object)'> (0x000000070f189bb0) 
thrown [s\open\src\hotspot\share\interpreter\linkResolver.cpp, line 774]
Event: 1.439 Thread 0x000001d0c520c300 Exception <a 'java/lang/NoSuchMethodError'{0x000000070f18cc98}: 'long java.lang.invoke.DirectMethodHandle$Holder.invokeStaticInit(java.lang.Object, java.lang.Object)'> (0x000000070f18cc98) 
thrown [s\open\src\hotspot\share\interpreter\linkResolver.cpp, line 774]
Event: 1.440 Thread 0x000001d0c520c300 Exception <a 'java/lang/NoSuchMethodError'{0x000000070f198e90}: 'long java.lang.invoke.DirectMethodHandle$Holder.invokeInterface(java.lang.Object, java.lang.Object)'> (0x000000070f198e90) 
thrown [s\open\src\hotspot\share\interpreter\linkResolver.cpp, line 774]
Event: 1.440 Thread 0x000001d0c520c300 Exception <a 'java/lang/IncompatibleClassChangeError'{0x000000070f19bea0}: Found class java.lang.Object, but interface was expected> (0x000000070f19bea0) 
thrown [s\open\src\hotspot\share\interpreter\linkResolver.cpp, line 841]
Event: 1.442 Thread 0x000001d0c520c300 Exception <a 'java/lang/NoSuchMethodError'{0x000000070f1f9df0}: 'java.lang.Object java.lang.invoke.DirectMethodHandle$Holder.invokeVirtual(java.lang.Object, java.lang.Object, java.lang.Object, java.lang.Object)'> (0x000000070f1f9df0) 
thrown [s\open\src\hotspot\share\interpreter\linkResolver.cpp, line 774]
Event: 1.502 Thread 0x000001d0c520bc70 Exception <a 'java/lang/IncompatibleClassChangeError'{0x000000070e2eb908}: Found class java.lang.Object, but interface was expected> (0x000000070e2eb908) 
thrown [s\open\src\hotspot\share\interpreter\linkResolver.cpp, line 841]

ZGC Phase Switch (0 events):
No events

VM Operations (20 events):
Event: 1.390 Executing VM operation: HandshakeAllThreads (Deoptimize)
Event: 1.390 Executing VM operation: HandshakeAllThreads (Deoptimize) done
Event: 1.461 Executing VM operation: HandshakeAllThreads (Deoptimize)
Event: 1.461 Executing VM operation: HandshakeAllThreads (Deoptimize) done
Event: 1.515 Executing VM operation: CollectForMetadataAllocation (Metadata GC Threshold)
Event: 1.518 Executing VM operation: CollectForMetadataAllocation (Metadata GC Threshold) done
Event: 1.522 Executing VM operation: G1PauseRemark
Event: 1.523 Executing VM operation: G1PauseRemark done
Event: 1.525 Executing VM operation: G1PauseCleanup
Event: 1.525 Executing VM operation: G1PauseCleanup done
Event: 1.732 Executing VM operation: G1CollectForAllocation (G1 Evacuation Pause)
Event: 1.736 Executing VM operation: G1CollectForAllocation (G1 Evacuation Pause) done
Event: 1.851 Executing VM operation: HandshakeAllThreads (Deoptimize)
Event: 1.851 Executing VM operation: HandshakeAllThreads (Deoptimize) done
Event: 1.851 Executing VM operation: HandshakeAllThreads (Deoptimize)
Event: 1.851 Executing VM operation: HandshakeAllThreads (Deoptimize) done
Event: 1.855 Executing VM operation: HandshakeAllThreads (Deoptimize)
Event: 1.855 Executing VM operation: HandshakeAllThreads (Deoptimize) done
Event: 1.884 Executing VM operation: HandshakeAllThreads (Deoptimize)
Event: 1.884 Executing VM operation: HandshakeAllThreads (Deoptimize) done

Memory protections (0 events):
No events

Nmethod flushes (0 events):
No events

Events (20 events):
Event: 0.028 Thread 0x000001d0d37aae70 Thread added: 0x000001d0e8ceddc0
Event: 0.028 Thread 0x000001d0d37aae70 Thread added: 0x000001d0e8cf0110
Event: 0.028 Thread 0x000001d0d37aae70 Thread added: 0x000001d0e8cf6210
Event: 0.073 Thread 0x000001d0d37aae70 Thread added: 0x000001d0c520c990
Event: 0.079 Thread 0x000001d0e8cf6210 Thread added: 0x000001d0c5215b90
Event: 0.593 Thread 0x000001d0d37aae70 Thread added: 0x000001d0c520af50
Event: 0.593 Thread 0x000001d0d37aae70 Thread added: 0x000001d0c520a230
Event: 0.722 Thread 0x000001d0c5215b90 Thread added: 0x000001d0c574acb0
Event: 0.798 Thread 0x000001d0d37aae70 Thread added: 0x000001d0c520a8c0
Event: 0.991 Thread 0x000001d0d37aae70 Thread added: 0x000001d0c520d020
Event: 0.992 Thread 0x000001d0c520d020 Thread added: 0x000001d0c520bc70
Event: 1.206 Thread 0x000001d0c520bc70 Thread added: 0x000001d0c520c300
Event: 1.319 Thread 0x000001d0c574acb0 Thread added: 0x000001d0ce948220
Event: 1.359 Thread 0x000001d0c520a8c0 Thread added: 0x000001d0c520b5e0
Event: 1.380 Thread 0x000001d0c520b5e0 Thread added: 0x000001d0c5209ba0
Event: 1.389 Thread 0x000001d0c520b5e0 Thread added: 0x000001d0ceafd430
Event: 1.414 Thread 0x000001d0ceafd430 Thread exited: 0x000001d0ceafd430
Event: 1.447 Thread 0x000001d0c520bc70 Thread added: 0x000001d0cebe2ca0
Event: 1.479 Thread 0x000001d0c520c300 Thread exited: 0x000001d0c520c300
Event: 1.494 Thread 0x000001d0cebe2ca0 Thread exited: 0x000001d0cebe2ca0


Dynamic libraries:
0x00007ff7e2b70000 - 0x00007ff7e2b7e000 	C:\Users\Usuário\.jdks\openjdk-22.0.2\bin\java.exe
0x00007ffc25ed0000 - 0x00007ffc260c8000 	C:\WINDOWS\SYSTEM32\ntdll.dll
0x00007ffc25220000 - 0x00007ffc252e1000 	C:\WINDOWS\System32\KERNEL32.DLL
0x00007ffc23c00000 - 0x00007ffc23ef6000 	C:\WINDOWS\System32\KERNELBASE.dll
0x00007ffc236a0000 - 0x00007ffc237a0000 	C:\WINDOWS\System32\ucrtbase.dll
0x00007ffc09400000 - 0x00007ffc0941b000 	C:\Users\Usuário\.jdks\openjdk-22.0.2\bin\VCRUNTIME140.dll
0x00007ffc11f10000 - 0x00007ffc11f27000 	C:\Users\Usuário\.jdks\openjdk-22.0.2\bin\jli.dll
0x00007ffc24e60000 - 0x00007ffc24fff000 	C:\WINDOWS\System32\USER32.dll
0x00007ffc237a0000 - 0x00007ffc237c2000 	C:\WINDOWS\System32\win32u.dll
0x00007ffc18e00000 - 0x00007ffc1909a000 	C:\WINDOWS\WinSxS\amd64_microsoft.windows.common-controls_6595b64144ccf1df_6.0.19041.4355_none_60b8b9eb71f62e16\COMCTL32.dll
0x00007ffc251f0000 - 0x00007ffc2521b000 	C:\WINDOWS\System32\GDI32.dll
0x00007ffc24650000 - 0x00007ffc246ee000 	C:\WINDOWS\System32\msvcrt.dll
0x00007ffc23580000 - 0x00007ffc23697000 	C:\WINDOWS\System32\gdi32full.dll
0x00007ffc23b10000 - 0x00007ffc23bad000 	C:\WINDOWS\System32\msvcp_win.dll
0x00007ffc24e30000 - 0x00007ffc24e5f000 	C:\WINDOWS\System32\IMM32.DLL
0x00007ffc12ef0000 - 0x00007ffc12efc000 	C:\Users\Usuário\.jdks\openjdk-22.0.2\bin\vcruntime140_1.dll
0x00007ffbf6c00000 - 0x00007ffbf6c8e000 	C:\Users\Usuário\.jdks\openjdk-22.0.2\bin\msvcp140.dll
0x00007ffbd6bf0000 - 0x00007ffbd7939000 	C:\Users\Usuário\.jdks\openjdk-22.0.2\bin\server\jvm.dll
0x00007ffc24130000 - 0x00007ffc241e0000 	C:\WINDOWS\System32\ADVAPI32.dll
0x00007ffc250c0000 - 0x00007ffc25160000 	C:\WINDOWS\System32\sechost.dll
0x00007ffc241e0000 - 0x00007ffc24303000 	C:\WINDOWS\System32\RPCRT4.dll
0x00007ffc23980000 - 0x00007ffc239a7000 	C:\WINDOWS\System32\bcrypt.dll
0x00007ffc252f0000 - 0x00007ffc2535b000 	C:\WINDOWS\System32\WS2_32.dll
0x00007ffc1c640000 - 0x00007ffc1c667000 	C:\WINDOWS\SYSTEM32\WINMM.dll
0x00007ffc1e150000 - 0x00007ffc1e15a000 	C:\WINDOWS\SYSTEM32\VERSION.dll
0x00007ffc22b00000 - 0x00007ffc22b4b000 	C:\WINDOWS\SYSTEM32\POWRPROF.dll
0x00007ffc22970000 - 0x00007ffc22982000 	C:\WINDOWS\SYSTEM32\UMPDC.dll
0x00007ffc21420000 - 0x00007ffc21432000 	C:\WINDOWS\SYSTEM32\kernel.appcore.dll
0x00007ffc093f0000 - 0x00007ffc093fa000 	C:\Users\Usuário\.jdks\openjdk-22.0.2\bin\jimage.dll
0x00007ffc1cfb0000 - 0x00007ffc1d194000 	C:\WINDOWS\SYSTEM32\DBGHELP.DLL
0x00007ffc1cd20000 - 0x00007ffc1cd54000 	C:\WINDOWS\SYSTEM32\dbgcore.DLL
0x00007ffc238f0000 - 0x00007ffc23972000 	C:\WINDOWS\System32\bcryptPrimitives.dll
0x00007ffc073f0000 - 0x00007ffc073ff000 	C:\Users\Usuário\.jdks\openjdk-22.0.2\bin\instrument.dll
0x00007ffc093d0000 - 0x00007ffc093ee000 	C:\Users\Usuário\.jdks\openjdk-22.0.2\bin\java.dll
0x00007ffc256c0000 - 0x00007ffc25e2c000 	C:\WINDOWS\System32\SHELL32.dll
0x00007ffc24000000 - 0x00007ffc2412b000 	C:\WINDOWS\System32\ole32.dll
0x00007ffc25360000 - 0x00007ffc256b3000 	C:\WINDOWS\System32\combase.dll
0x00007ffc21620000 - 0x00007ffc21dbd000 	C:\WINDOWS\SYSTEM32\windows.storage.dll
0x00007ffc22fa0000 - 0x00007ffc22fce000 	C:\WINDOWS\SYSTEM32\Wldp.dll
0x00007ffc23f00000 - 0x00007ffc23fcd000 	C:\WINDOWS\System32\OLEAUT32.dll
0x00007ffc25010000 - 0x00007ffc250bd000 	C:\WINDOWS\System32\SHCORE.dll
0x00007ffc246f0000 - 0x00007ffc24745000 	C:\WINDOWS\System32\shlwapi.dll
0x00007ffc234b0000 - 0x00007ffc234d4000 	C:\WINDOWS\SYSTEM32\profapi.dll
0x00007ffc09200000 - 0x00007ffc09217000 	C:\Users\Usuário\.jdks\openjdk-22.0.2\bin\zip.dll
0x00007ffc09380000 - 0x00007ffc09390000 	C:\Users\Usuário\.jdks\openjdk-22.0.2\bin\net.dll
0x00007ffc22d00000 - 0x00007ffc22d6a000 	C:\WINDOWS\system32\mswsock.dll
0x00007ffc09360000 - 0x00007ffc09376000 	C:\Users\Usuário\.jdks\openjdk-22.0.2\bin\nio.dll
0x00007ffc05450000 - 0x00007ffc0546a000 	C:\Program Files\JetBrains\IntelliJ IDEA 2024.1.4\bin\breakgen64.dll
0x00007ffc05850000 - 0x00007ffc05859000 	C:\Users\Usuário\.jdks\openjdk-22.0.2\bin\extnet.dll
0x00007ffc229e0000 - 0x00007ffc22aaa000 	C:\WINDOWS\SYSTEM32\DNSAPI.dll
0x00007ffc22990000 - 0x00007ffc229cb000 	C:\WINDOWS\SYSTEM32\IPHLPAPI.DLL
0x00007ffc25000000 - 0x00007ffc25008000 	C:\WINDOWS\System32\NSI.dll
0x00007ffc1e040000 - 0x00007ffc1e04a000 	C:\Windows\System32\rasadhlp.dll
0x00007ffc1c730000 - 0x00007ffc1c7b0000 	C:\WINDOWS\System32\fwpuclnt.dll
0x00007ffc05cb0000 - 0x00007ffc05cba000 	C:\Users\Usuário\.jdks\openjdk-22.0.2\bin\management.dll
0x00007ffc05ad0000 - 0x00007ffc05adb000 	C:\Users\Usuário\.jdks\openjdk-22.0.2\bin\management_ext.dll
0x00007ffc23fd0000 - 0x00007ffc23fd8000 	C:\WINDOWS\System32\PSAPI.DLL
0x00007ffc22f00000 - 0x00007ffc22f18000 	C:\WINDOWS\SYSTEM32\CRYPTSP.dll
0x00007ffc225b0000 - 0x00007ffc225e4000 	C:\WINDOWS\system32\rsaenh.dll
0x00007ffc23460000 - 0x00007ffc2348e000 	C:\WINDOWS\SYSTEM32\USERENV.dll
0x00007ffc22ef0000 - 0x00007ffc22efc000 	C:\WINDOWS\SYSTEM32\CRYPTBASE.dll
0x00007ffc06fa0000 - 0x00007ffc06fb7000 	C:\WINDOWS\system32\napinsp.dll
0x00007ffc06f80000 - 0x00007ffc06f9b000 	C:\WINDOWS\system32\pnrpnsp.dll
0x00007ffc06f60000 - 0x00007ffc06f75000 	C:\WINDOWS\system32\wshbth.dll
0x00007ffc1eb40000 - 0x00007ffc1eb5d000 	C:\WINDOWS\system32\NLAapi.dll
0x00007ffc06f40000 - 0x00007ffc06f52000 	C:\WINDOWS\System32\winrnr.dll
0x00007ffc05ac0000 - 0x00007ffc05ace000 	C:\Users\Usuário\.jdks\openjdk-22.0.2\bin\sunmscapi.dll
0x00007ffc239b0000 - 0x00007ffc23b0e000 	C:\WINDOWS\System32\CRYPT32.dll
0x00007ffc23010000 - 0x00007ffc23039000 	C:\WINDOWS\SYSTEM32\ncrypt.dll
0x00007ffc22fd0000 - 0x00007ffc2300b000 	C:\WINDOWS\SYSTEM32\NTASN1.dll

dbghelp: loaded successfully - version: 4.0.5 - missing functions: none
symbol engine: initialized successfully - sym options: 0x614 - pdb path: .;C:\Users\Usuário\.jdks\openjdk-22.0.2\bin;C:\WINDOWS\SYSTEM32;C:\WINDOWS\WinSxS\amd64_microsoft.windows.common-controls_6595b64144ccf1df_6.0.19041.4355_none_60b8b9eb71f62e16;C:\Users\Usuário\.jdks\openjdk-22.0.2\bin\server;C:\Program Files\JetBrains\IntelliJ IDEA 2024.1.4\bin

VM Arguments:
jvm_args: -XX:TieredStopAtLevel=1 -Dspring.output.ansi.enabled=always -Dcom.sun.management.jmxremote -Dspring.jmx.enabled=true -Dspring.liveBeansView.mbeanDomain -Dspring.application.admin.enabled=true -Dmanagement.endpoints.jmx.exposure.include=* -javaagent:C:\Program Files\JetBrains\IntelliJ IDEA 2024.1.4\lib\idea_rt.jar=61984:C:\Program Files\JetBrains\IntelliJ IDEA 2024.1.4\bin -Dfile.encoding=UTF-8 -Dsun.stdout.encoding=UTF-8 -Dsun.stderr.encoding=UTF-8 
java_command: com.example.skills_project.SkillsProjectApplication
java_class_path (initial): C:\Users\Usuário\Desktop\skills-project\target\classes;C:\Users\Usuário\.m2\repository\org\springframework\boot\spring-boot-starter-web\3.3.2\spring-boot-starter-web-3.3.2.jar;C:\Users\Usuário\.m2\repository\org\springframework\boot\spring-boot-starter\3.3.2\spring-boot-starter-3.3.2.jar;C:\Users\Usuário\.m2\repository\org\springframework\boot\spring-boot-starter-logging\3.3.2\spring-boot-starter-logging-3.3.2.jar;C:\Users\Usuário\.m2\repository\ch\qos\logback\logback-classic\1.5.6\logback-classic-1.5.6.jar;C:\Users\Usuário\.m2\repository\ch\qos\logback\logback-core\1.5.6\logback-core-1.5.6.jar;C:\Users\Usuário\.m2\repository\org\apache\logging\log4j\log4j-to-slf4j\2.23.1\log4j-to-slf4j-2.23.1.jar;C:\Users\Usuário\.m2\repository\org\apache\logging\log4j\log4j-api\2.23.1\log4j-api-2.23.1.jar;C:\Users\Usuário\.m2\repository\org\slf4j\jul-to-slf4j\2.0.13\jul-to-slf4j-2.0.13.jar;C:\Users\Usuário\.m2\repository\jakarta\annotation\jakarta.annotation-api\2.1.1\jakarta.annotation-api-2.1.1.jar;C:\Users\Usuário\.m2\repository\org\yaml\snakeyaml\2.2\snakeyaml-2.2.jar;C:\Users\Usuário\.m2\repository\org\springframework\boot\spring-boot-starter-json\3.3.2\spring-boot-starter-json-3.3.2.jar;C:\Users\Usuário\.m2\repository\com\fasterxml\jackson\datatype\jackson-datatype-jdk8\2.17.2\jackson-datatype-jdk8-2.17.2.jar;C:\Users\Usuário\.m2\repository\com\fasterxml\jackson\datatype\jackson-datatype-jsr310\2.17.2\jackson-datatype-jsr310-2.17.2.jar;C:\Users\Usuário\.m2\repository\com\fasterxml\jackson\module\jackson-module-parameter-names\2.17.2\jackson-module-parameter-names-2.17.2.jar;C:\Users\Usuário\.m2\repository\org\springframework\boot\spring-boot-starter-tomcat\3.3.2\spring-boot-starter-tomcat-3.3.2.jar;C:\Users\Usuário\.m2\repository\org\apache\tomcat\embed\tomcat-embed-core\10.1.26\tomcat-embed-core-10.1.26.jar;C:\Users\Usuário\.m2\repository\org\apache\tomcat\embed\tomcat-embed-el\10.1.26\tomcat-embed-el-10.1.26.jar;C:\Users\Usuário\.m2\repository\org\apache\tomcat\embed\tomcat-embed-websocket\10.1.26\tomcat-embed-websocket-10.1.26.jar;C:\Users\Usuário\.m2\repository\org\springframework\spring-web\6.1.11\spring-web-6.1.11.jar;C:\Users\Usuário\.m2\repository\org\springframework\spring-beans\6.1.11\spring-beans-6.1.11.jar;C:\Users\Usuário\.m2\repository\io\micrometer\micrometer-observation\1.13.2\micrometer-observation-1.13.2.jar;C:\Users\Usuário\.m2\repository\io\micrometer\micrometer-commons\1.13.2\micrometer-commons-1.13.2.jar;C:\Users\Usuário\.m2\repository\org\springframework\spring-webmvc\6.1.11\spring-webmvc-6.1.11.jar;C:\Users\Usuário\.m2\repository\org\springframework\spring-context\6.1.11\spring-context-6.1.11.jar;C:\Users\Usuário\.m2\repository\org\springframework\spring-expression\6.1.11\spring-expression-6.1.11.jar;C:\Users\Usuário\.m2\repository\org\springframework\boot\spring-boot-devtools\3.3.2\spring-boot-devtools-3.3.2.jar;C:\Users\Usuário\.m2\repository\org\springframework\boot\spring-boot\3.3.2\spring-boot-3.3.2.jar;C:\Users\Usuário\.m2\repository\org\springframework\boot\spring-boot-autoconfigure\3.3.2\spring-boot-autoconfigure-3.3.2.jar;C:\Users\Usuário\.m2\repository\org\projectlombok\lombok\1.18.34\lombok-1.18.34.jar;C:\Users\Usuário\.m2\repository\org\slf4j\slf4j-api\2.0.13\slf4j-api-2.0.13.jar;C:\Users\Usuário\.m2\repository\jakarta\xml\bind\jakarta.xml.bind-api\4.0.2\jakarta.xml.bind-api-4.0.2.jar;C:\Users\Usuário\.m2\repository\jakarta\activation\jakarta.activation-api\2.1.3\jakarta.activation-api-2.1.3.jar;C:\Users\Usuário\.m2\repository\net\bytebuddy\byte-buddy\1.14.18\byte-buddy-1.14.18.jar;C:\Users\Usuário\.m2\repository\org\springframework\spring-core\6.1.11\spring-core-6.1.11.jar;C:\Users\Usuário\.m2\repository\org\springframework\spring-jcl\6.1.11\spring-jcl-6.1.11.jar;C:\Users\Usuário\.m2\repository\org\springframework\boot\spring-boot-starter-data-jpa\3.3.2\spring-boot-starter-data-jpa-3.3.2.jar;C:\Users\Usuário\.m2\repository\org\springframework\boot\spring-boot-starter-aop\3.3.2\spring-boot-starter-aop-3.3.2.jar;C:\Users\Usuário\.m2\repository\org\aspectj\aspectjweaver\1.9.22.1\aspectjweaver-1.9.22.1.jar;C:\Users\Usuário\.m2\repository\org\springframework\boot\spring-boot-starter-jdbc\3.3.2\spring-boot-starter-jdbc-3.3.2.jar;C:\Users\Usuário\.m2\repository\com\zaxxer\HikariCP\5.1.0\HikariCP-5.1.0.jar;C:\Users\Usuário\.m2\repository\org\springframework\spring-jdbc\6.1.11\spring-jdbc-6.1.11.jar;C:\Users\Usuário\.m2\repository\org\hibernate\orm\hibernate-core\6.5.2.Final\hibernate-core-6.5.2.Final.jar;C:\Users\Usuário\.m2\repository\jakarta\persistence\jakarta.persistence-api\3.1.0\jakarta.persistence-api-3.1.0.jar;C:\Users\Usuário\.m2\repository\jakarta\transaction\jakarta.transaction-api\2.0.1\jakarta.transaction-api-2.0.1.jar;C:\Users\Usuário\.m2\repository\org\jboss\logging\jboss-logging\3.5.3.Final\jboss-logging-3.5.3.Final.jar;C:\Users\Usuário\.m2\repository\org\hibernate\common\hibernate-commons-annotations\6.0.6.Final\hibernate-commons-annotations-6.0.6.Final.jar;C:\Users\Usuário\.m2\repository\io\smallrye\jandex\3.1.2\jandex-3.1.2.jar;C:\Users\Usuário\.m2\repository\com\fasterxml\classmate\1.7.0\classmate-1.7.0.jar;C:\Users\Usuário\.m2\repository\org\glassfish\jaxb\jaxb-runtime\4.0.5\jaxb-runtime-4.0.5.jar;C:\Users\Usuário\.m2\repository\org\glassfish\jaxb\jaxb-core\4.0.5\jaxb-core-4.0.5.jar;C:\Users\Usuário\.m2\repository\org\eclipse\angus\angus-activation\2.0.2\angus-activation-2.0.2.jar;C:\Users\Usuário\.m2\repository\org\glassfish\jaxb\txw2\4.0.5\txw2-4.0.5.jar;C:\Users\Usuário\.m2\repository\com\sun\istack\istack-commons-runtime\4.1.2\istack-commons-runtime-4.1.2.jar;C:\Users\Usuário\.m2\repository\jakarta\inject\jakarta.inject-api\2.0.1\jakarta.inject-api-2.0.1.jar;C:\Users\Usuário\.m2\repository\org\antlr\antlr4-runtime\4.13.0\antlr4-runtime-4.13.0.jar;C:\Users\Usuário\.m2\repository\org\springframework\data\spring-data-jpa\3.3.2\spring-data-jpa-3.3.2.jar;C:\Users\Usuário\.m2\repository\org\springframework\data\spring-data-commons\3.3.2\spring-data-commons-3.3.2.jar;C:\Users\Usuário\.m2\repository\org\springframework\spring-orm\6.1.11\spring-orm-6.1.11.jar;C:\Users\Usuário\.m2\repository\org\springframework\spring-tx\6.1.11\spring-tx-6.1.11.jar;C:\Users\Usuário\.m2\repository\org\springframework\spring-aspects\6.1.11\spring-aspects-6.1.11.jar;C:\Users\Usuário\.m2\repository\org\postgresql\postgresql\42.7.3\postgresql-42.7.3.jar;C:\Users\Usuário\.m2\repository\org\checkerframework\checker-qual\3.42.0\checker-qual-3.42.0.jar;C:\Users\Usuário\.m2\repository\org\springframework\boot\spring-boot-starter-security\3.3.2\spring-boot-starter-security-3.3.2.jar;C:\Users\Usuário\.m2\repository\org\springframework\spring-aop\6.1.11\spring-aop-6.1.11.jar;C:\Users\Usuário\.m2\repository\org\springframework\security\spring-security-config\6.3.1\spring-security-config-6.3.1.jar;C:\Users\Usuário\.m2\repository\org\springframework\security\spring-security-web\6.3.1\spring-security-web-6.3.1.jar;C:\Users\Usuário\.m2\repository\org\springframework\security\spring-security-core\6.3.1\spring-security-core-6.3.1.jar;C:\Users\Usuário\.m2\repository\org\springframework\security\spring-security-crypto\6.3.1\spring-security-crypto-6.3.1.jar;C:\Users\Usuário\.m2\repository\org\flywaydb\flyway-core\10.10.0\flyway-core-10.10.0.jar;C:\Users\Usuário\.m2\repository\com\fasterxml\jackson\dataformat\jackson-dataformat-toml\2.17.2\jackson-dataformat-toml-2.17.2.jar;C:\Users\Usuário\.m2\repository\com\fasterxml\jackson\core\jackson-core\2.17.2\jackson-core-2.17.2.jar;C:\Users\Usuário\.m2\repository\com\google\code\gson\gson\2.10.1\gson-2.10.1.jar;C:\Users\Usuário\.m2\repository\org\flywaydb\flyway-database-postgresql\10.10.0\flyway-database-postgresql-10.10.0.jar;C:\Users\Usuário\.m2\repository\jakarta\validation\jakarta.validation-api\3.0.2\jakarta.validation-api-3.0.2.jar;C:\Users\Usuário\.m2\repository\com\auth0\java-jwt\4.4.0\java-jwt-4.4.0.jar;C:\Users\Usuário\.m2\repository\com\fasterxml\jackson\core\jackson-databind\2.17.2\jackson-databind-2.17.2.jar;C:\Users\Usuário\.m2\repository\com\fasterxml\jackson\core\jackson-annotations\2.17.2\jackson-annotations-2.17.2.jar
Launcher Type: SUN_STANDARD

[Global flags]
     intx CICompilerCount                          = 4                                         {product} {ergonomic}
     uint ConcGCThreads                            = 3                                         {product} {ergonomic}
     uint G1ConcRefinementThreads                  = 10                                        {product} {ergonomic}
   size_t G1HeapRegionSize                         = 2097152                                   {product} {ergonomic}
   size_t InitialHeapSize                          = 268435456                                 {product} {ergonomic}
     bool ManagementServer                         = true                                      {product} {command line}
   size_t MarkStackSize                            = 4194304                                   {product} {ergonomic}
   size_t MaxHeapSize                              = 4282384384                                {product} {ergonomic}
   size_t MaxNewSize                               = 2569011200                                {product} {ergonomic}
   size_t MinHeapDeltaBytes                        = 2097152                                   {product} {ergonomic}
   size_t MinHeapSize                              = 8388608                                   {product} {ergonomic}
    uintx NonNMethodCodeHeapSize                   = 4096                                   {pd product} {ergonomic}
    uintx NonProfiledCodeHeapSize                  = 0                                      {pd product} {ergonomic}
     bool ProfileInterpreter                       = false                                  {pd product} {command line}
    uintx ProfiledCodeHeapSize                     = 0                                      {pd product} {ergonomic}
   size_t SoftMaxHeapSize                          = 4282384384                             {manageable} {ergonomic}
     intx TieredStopAtLevel                        = 1                                         {product} {command line}
     bool UseCompressedOops                        = true                           {product lp64_product} {ergonomic}
     bool UseG1GC                                  = true                                      {product} {ergonomic}
     bool UseLargePagesIndividualAllocation        = false                                  {pd product} {ergonomic}

Logging:
Log output configuration:
 #0: stdout all=warning uptime,level,tags foldmultilines=false
 #1: stderr all=off uptime,level,tags foldmultilines=false

Environment Variables:
PATH=C:\Program Files (x86)\Common Files\Intel\Shared Libraries\redist\intel64\compiler;c:\program files (x86)\common files\oracle\java\javapath;c:\windows\system32;c:\windows;c:\windows\system32\wbem;c:\windows\system32\windowspowershell\v1.0\;c:\windows\system32\openssh\;c:\program files\nvidia corporation\nvidia nvdlisr;C:\Program Files (x86)\NVIDIA Corporation\PhysX\Common;C:\Program Files (x86)\Tailscale IPN;C:\Program Files\dotnet\;C:\WINDOWS\system32;C:\WINDOWS;C:\WINDOWS\System32\Wbem;C:\WINDOWS\System32\WindowsPowerShell\v1.0\;C:\WINDOWS\System32\OpenSSH\;C:\Program Files\nodejs\;C:\Program Files\Git\cmd;C:\flutter\bin;C:\Program Files\MySQL\MySQL Shell 8.0\bin\;C:\Users\Usuário\AppData\Local\Microsoft\WindowsApps;C:\Users\Usuário\AppData\Local\Programs\Microsoft VS Code\bin;C:\Users\Usuário\AppData\Roaming\npm;C:\flutter\bin;
USERNAME=Elisa
OS=Windows_NT
PROCESSOR_IDENTIFIER=AMD64 Family 23 Model 113 Stepping 0, AuthenticAMD
TMP=C:\Users\USURIO~2\AppData\Local\Temp
TEMP=C:\Users\USURIO~2\AppData\Local\Temp




Periodic native trim disabled

---------------  S Y S T E M  ---------------

OS:
 Windows 10 , 64 bit Build 19041 (10.0.19041.4597)
OS uptime: 26 days 20:53 hours

CPU: total 12 (initial active 12) (12 cores per cpu, 2 threads per core) family 23 model 113 stepping 0 microcode 0x0, cx8, cmov, fxsr, ht, mmx, 3dnowpref, sse, sse2, sse3, ssse3, sse4a, sse4.1, sse4.2, popcnt, lzcnt, tsc, tscinvbit, avx, avx2, aes, clmul, bmi1, bmi2, adx, sha, fma, vzeroupper, clflush, clflushopt, rdtscp, rdpid, f16c
Processor Information for all 12 processors :
  Max Mhz: 3793, Current Mhz: 3793, Mhz Limit: 3793

Memory: 4k page, system-wide physical 16332M (5073M free)
TotalPageFile size 25036M (AvailPageFile size 4282M)
current process WorkingSet (physical memory assigned to process): 131M, peak: 134M
current process commit charge ("private bytes"): 180M, peak: 384M

vm_info: OpenJDK 64-Bit Server VM (22.0.2+9-70) for windows-amd64 JRE (22.0.2+9-70), built on 2024-06-04T16:52:23Z by "mach5one" with MS VC++ 17.6 (VS2022)

END.
