#
# A fatal error has been detected by the Java Runtime Environment:
#
#  EXCEPTION_ACCESS_VIOLATION (0xc0000005) at pc=0x00007ff84bec7421, pid=6552, tid=28320
#
# JRE version: OpenJDK Runtime Environment (23.0.1+11) (build 23.0.1+11-39)
# Java VM: OpenJDK 64-Bit Server VM (23.0.1+11-39, mixed mode, emulated-client, sharing, tiered, compressed oops, compressed class ptrs, g1 gc, windows-amd64)
# Problematic frame:
# V  [jvm.dll+0x1f7421]
#
# No core dump will be written. Minidumps are not enabled by default on client versions of Windows
#
# If you would like to submit a bug report, please visit:
#   https://bugreport.java.com/bugreport/crash.jsp
#

---------------  S U M M A R Y ------------

Command Line: -XX:TieredStopAtLevel=1 -Dspring.output.ansi.enabled=always -Dcom.sun.management.jmxremote -Dspring.jmx.enabled=true -Dspring.liveBeansView.mbeanDomain -Dspring.application.admin.enabled=true -Dmanagement.endpoints.jmx.exposure.include=* -javaagent:C:\Program Files\JetBrains\IntelliJ IDEA 2024.2.3\lib\idea_rt.jar=51993:C:\Program Files\JetBrains\IntelliJ IDEA 2024.2.3\bin -Dfile.encoding=UTF-8 -Dsun.stdout.encoding=UTF-8 -Dsun.stderr.encoding=UTF-8 com.example.skills_project.SkillsProjectApplication

Host: AMD Ryzen 5 3600X 6-Core Processor             , 12 cores, 15G,  Windows 11 , 64 bit Build 26100 (10.0.26100.1882)
Time: Tue Nov  5 19:06:13 2024 Hora oficial do Brasil elapsed time: 27.251958 seconds (0d 0h 0m 27s)

---------------  T H R E A D  ---------------

Current thread (0x000001cd594abe40):  JavaThread "C1 CompilerThread0" daemon [_thread_in_vm, id=28320, stack(0x000000b57bf00000,0x000000b57c000000) (1024K)]


Current CompileTask:
C1:27252 7184       1       java.util.concurrent.locks.AbstractQueuedSynchronizer::releaseShared (19 bytes)

Stack: [0x000000b57bf00000,0x000000b57c000000],  sp=0x000000b57bffdc80,  free space=1015k
Native frames: (J=compiled Java code, j=interpreted, Vv=VM code, C=native code)
V  [jvm.dll+0x1f7421]  (no source info available)
V  [jvm.dll+0x1e8c1b]  (no source info available)
V  [jvm.dll+0x1e7fcb]  (no source info available)
V  [jvm.dll+0x155aa5]  (no source info available)
V  [jvm.dll+0x15cabb]  (no source info available)
V  [jvm.dll+0x15affc]  (no source info available)
V  [jvm.dll+0x163af1]  (no source info available)
V  [jvm.dll+0x162fc1]  (no source info available)
V  [jvm.dll+0x15a852]  (no source info available)
V  [jvm.dll+0x15caca]  (no source info available)
V  [jvm.dll+0x15b0f5]  (no source info available)
V  [jvm.dll+0x163af1]  (no source info available)
V  [jvm.dll+0x162fc1]  (no source info available)
V  [jvm.dll+0x15a852]  (no source info available)
V  [jvm.dll+0x15caca]  (no source info available)
V  [jvm.dll+0x15b0f5]  (no source info available)
V  [jvm.dll+0x15463f]  (no source info available)
V  [jvm.dll+0x164c46]  (no source info available)
V  [jvm.dll+0x14fd7b]  (no source info available)
V  [jvm.dll+0x150173]  (no source info available)
V  [jvm.dll+0x1504db]  (no source info available)
V  [jvm.dll+0x14f8a8]  (no source info available)
V  [jvm.dll+0x1516ed]  (no source info available)
V  [jvm.dll+0x253cf1]  (no source info available)
V  [jvm.dll+0x251faa]  (no source info available)
V  [jvm.dll+0x3ee036]  (no source info available)
V  [jvm.dll+0x824f8b]  (no source info available)
V  [jvm.dll+0x6df065]  (no source info available)
C  [ucrtbase.dll+0x14ea0]  (no source info available)
C  [KERNEL32.DLL+0x2dbe7]  (no source info available)
C  [ntdll.dll+0x85a4c]  (no source info available)


siginfo: EXCEPTION_ACCESS_VIOLATION (0xc0000005), reading address 0x0000000000000018


Registers:
RAX=0x0000000000009974, RBX=0x000000b57bffddd0, RCX=0x0000000000000018, RDX=0x0000000000000284
RSP=0x000000b57bffdc80, RBP=0x000000b57bffdd49, RSI=0x000000070102be38, RDI=0x0000000000000018
R8 =0x0000000701001f28, R9 =0x000001cd410d1810, R10=0x000001cd594abe40, R11=0x000001cd002b0028
R12=0x000001cd410d6e98, R13=0x0000000000000000, R14=0x000001cd5febcda0, R15=0x000000070102be38
RIP=0x00007ff84bec7421, EFLAGS=0x0000000000010206


Register to memory mapping:

RAX=0x0000000000009974 is an unknown value
RBX=0x000000b57bffddd0 is pointing into the stack for thread: 0x000001cd594abe40
RCX=0x0000000000000018 is an unknown value
RDX=0x0000000000000284 is an unknown value
RSP=0x000000b57bffdc80 is pointing into the stack for thread: 0x000001cd594abe40
RBP=0x000000b57bffdd49 is pointing into the stack for thread: 0x000001cd594abe40
RSI=0x000000070102be38 is an oop: jdk.internal.misc.Unsafe 
{0x000000070102be38} - klass: 'jdk/internal/misc/Unsafe'
 - ---- fields (total size 2 words):
RDI=0x0000000000000018 is an unknown value
R8 =0x0000000701001f28 is an oop: java.lang.Class 
{0x0000000701001f28} - klass: 'java/lang/Class'
 - ---- fields (total size 21 words):
 - private volatile transient 'classRedefinedCount' 'I' @12  0 (0x00000000)
 - injected 'klass' 'J' @16  1979982683776 (0x000001cd002a1e80)
 - injected 'array_klass' 'J' @24  0 (0x0000000000000000)
 - injected 'oop_size' 'I' @32  21 (0x00000015)
 - injected 'static_oop_field_count' 'I' @36  1 (0x00000001)
 - private volatile transient 'cachedConstructor' 'Ljava/lang/reflect/Constructor;' @40  null (0x00000000)
 - private transient 'name' 'Ljava/lang/String;' @44  null (0x00000000)
 - private transient 'module' 'Ljava/lang/Module;' @48  a 'java/lang/Module'{0x0000000701070638} (0xe020e0c7)
 - private final 'classLoader' 'Ljava/lang/ClassLoader;' @52  null (0x00000000)
 - private transient 'classData' 'Ljava/lang/Object;' @56  null (0x00000000)
 - private transient 'packageName' 'Ljava/lang/String;' @60  null (0x00000000)
 - private final 'componentType' 'Ljava/lang/Class;' @64  null (0x00000000)
 - private volatile transient 'reflectionData' 'Ljava/lang/ref/SoftReference;' @68  null (0x00000000)
 - private volatile transient 'genericInfo' 'Lsun/reflect/generics/repository/ClassRepository;' @72  null (0x00000000)
 - private volatile transient 'enumConstants' '[Ljava/lang/Object;' @76  null (0x00000000)
 - private volatile transient 'enumConstantDirectory' 'Ljava/util/Map;' @80  null (0x00000000)
 - private volatile transient 'annotationData' 'Ljava/lang/Class$AnnotationData;' @84  null (0x00000000)
 - private volatile transient 'annotationType' 'Lsun/reflect/annotation/AnnotationType;' @88  null (0x00000000)
 - transient 'classValueMap' 'Ljava/lang/ClassValue$ClassValueMap;' @92  null (0x00000000)
 - injected 'protection_domain' 'Ljava/lang/Object;' @96  null (0x00000000)
 - injected 'signers_name' 'Ljava/lang/Object;' @100  null (0x00000000)
 - injected 'source_file' 'Ljava/lang/Object;' @104  null (0x00000000)
 - signature: Ljava/util/concurrent/locks/AbstractQueuedSynchronizer;
 - ---- static fields (1):
 - private static final 'serialVersionUID' 'J' @120  7373984972572414691 (0x6655a843753f52e3)
 - static final 'WAITING' 'I' @152  1 (0x00000001)
 - static final 'CANCELLED' 'I' @156  -2147483648 (0x80000000)
 - static final 'COND' 'I' @160  2 (0x00000002)
 - private static final 'U' 'Ljdk/internal/misc/Unsafe;' @112  a 'jdk/internal/misc/Unsafe'{0x000000070102be38} (0xe02057c7)
 - private static final 'STATE' 'J' @128  16 (0x0000000000000010)
 - private static final 'HEAD' 'J' @136  20 (0x0000000000000014)
 - private static final 'TAIL' 'J' @144  24 (0x0000000000000018)
R9 =0x000001cd410d1810 points into unknown readable memory: 0x000001cd41019df8 | f8 9d 01 41 cd 01 00 00
R10=0x000001cd594abe40 is a thread
R11={method} {0x000001cd002b0030} 'getAndUnsetStatus' '(I)I' in 'java/util/concurrent/locks/AbstractQueuedSynchronizer$Node'
R12=0x000001cd410d6e98 points into unknown readable memory: 0x00007ff84c6a73e8 | e8 73 6a 4c f8 7f 00 00
R13=0x0 is null
R14=0x000001cd5febcda0 points into unknown readable memory: 0x000000b57bfff1e8 | e8 f1 ff 7b b5 00 00 00
R15=0x000000070102be38 is an oop: jdk.internal.misc.Unsafe 
{0x000000070102be38} - klass: 'jdk/internal/misc/Unsafe'
 - ---- fields (total size 2 words):

Top of Stack: (sp=0x000000b57bffdc80)
0x000000b57bffdc80:   000000b57bffddd0 000000070102be38
0x000000b57bffdc90:   000000000000001a 000001cd410d6da8
0x000000b57bffdca0:   000000000000000c 00007ff84beb8c1b
0x000000b57bffdcb0:   000000b57bffddd0 0000000000000070
0x000000b57bffdcc0:   000001cd594abe40 000000b57bffde00
0x000000b57bffdcd0:   0000000000000000 0000000000000000
0x000000b57bffdce0:   000001cd417a5ca8 000001cd5febcda0
0x000000b57bffdcf0:   000001cd417a5d08 0000000000000000
0x000000b57bffdd00:   0000000000000000 00007ff84bec62c6
0x000000b57bffdd10:   000001cd410d6e98 000001cd594a5930
0x000000b57bffdd20:   000001cd410d6e98 00007ff84beb877b
0x000000b57bffdd30:   000001cd5947e2c8 00007ff84bec71e4
0x000000b57bffdd40:   000001cd417a5ca8 000001cd5febcda0
0x000000b57bffdd50:   000001cd417a5d08 000001cd594abe40
0x000000b57bffdd60:   000001cd5febcda0 00007ff84bec74f8
0x000000b57bffdd70:   000001cd5febcf98 000001cd594a58c0
0x000000b57bffdd80:   0000000701001f28 000001cd002afcb0
0x000000b57bffdd90:   000001cd410d6da8 000001cd410d6e98
0x000000b57bffdda0:   0000000000000000 00007ff84beb7fcb
0x000000b57bffddb0:   000001cd410d6da8 000001cd4101cd88
0x000000b57bffddc0:   000001cd410d21a0 000000b57bffde50
0x000000b57bffddd0:   0000000000000063 ffffffffffffffff
0x000000b57bffdde0:   000000b57bffe660 0000000000000000
0x000000b57bffddf0:   000001cd410d21a0 00007ff84be25aa5
0x000000b57bffde00:   0000000000000000 0000000000000000
0x000000b57bffde10:   0000000000000000 000001cd417a5ca8
0x000000b57bffde20:   000001cd417a50d8 0000000000000000
0x000000b57bffde30:   0000000000000002 00007ff84be78b15
0x000000b57bffde40:   00000000fffffffb 000001cd417a54b0
0x000000b57bffde50:   0000000000000007 00007ff84be78c41
0x000000b57bffde60:   000001cd417a5b00 0000000000000000
0x000000b57bffde70:   0000000000000000 0000000000000000 

Instructions: (pc=0x00007ff84bec7421)
0x00007ff84bec7321:   59 18 48 8b 41 20 48 2b c3 48 83 f8 08 72 0a 48
0x00007ff84bec7331:   8d 43 08 48 89 41 18 eb 0f 45 33 c0 41 8d 50 08
0x00007ff84bec7341:   e8 8a 4e ec ff 48 8b d8 48 89 33 49 8b 16 b9 30
0x00007ff84bec7351:   00 00 00 e8 e7 f4 eb ff 48 8b f0 48 85 c0 0f 84
0x00007ff84bec7361:   7c fd ff ff 48 8b d3 48 8b c8 e8 10 ef ff ff 48
0x00007ff84bec7371:   8d 05 f1 03 7e 00 48 89 06 48 85 db 74 03 48 8b
0x00007ff84bec7381:   3b 80 3d a1 d8 9e 00 00 b8 10 00 00 00 b9 0c 00
0x00007ff84bec7391:   00 00 0f 45 c1 8b 04 07 89 46 28 48 8d 05 fd 04
0x00007ff84bec73a1:   7e 00 48 89 06 e9 39 fd ff ff ba 73 01 00 00 48
0x00007ff84bec73b1:   8d 0d 81 05 7e 00 e8 14 3a 08 00 cc cc cc cc 48
0x00007ff84bec73c1:   89 5c 24 08 48 89 74 24 10 48 89 7c 24 18 41 56
0x00007ff84bec73d1:   48 83 ec 20 80 3d 4e d8 9e 00 00 48 8b f2 4c 8b
0x00007ff84bec73e1:   f1 74 15 8b 52 08 8b 0d 63 97 a4 00 48 d3 e2 48
0x00007ff84bec73f1:   03 15 51 97 a4 00 eb 04 48 8b 52 08 49 8b ce e8
0x00007ff84bec7401:   8b 01 00 00 48 8b c8 e8 53 b1 e1 ff 6b c8 1f b8
0x00007ff84bec7411:   3f c5 25 43 f7 e1 c1 ea 04 6b c2 3d 2b c8 8b f9
0x00007ff84bec7421:   48 83 c7 14 49 8b 1c fe 49 8d 3c fe 48 85 db 74
0x00007ff84bec7431:   1a 48 8b 0b e8 76 f1 ff ff 48 3b c6 74 0d 48 8d
0x00007ff84bec7441:   7b 08 48 8b 5b 08 48 85 db 75 e6 48 8b 07 48 85
0x00007ff84bec7451:   c0 74 08 48 8b 00 e9 b8 00 00 00 65 48 8b 04 25
0x00007ff84bec7461:   58 00 00 00 8b 0d 09 bc aa 00 48 8b 1c c8 b8 70
0x00007ff84bec7471:   00 00 00 80 3c 18 00 75 05 e8 79 59 72 00 48 85
0x00007ff84bec7481:   f6 74 40 b8 20 00 00 00 48 8b 04 18 4c 8b 88 28
0x00007ff84bec7491:   03 00 00 49 8b 49 18 49 8b 41 20 48 2b c1 48 83
0x00007ff84bec74a1:   f8 08 72 0a 48 8d 41 08 49 89 41 18 eb 12 45 33
0x00007ff84bec74b1:   c0 49 8b c9 41 8d 50 08 e8 12 4d ec ff 48 8b c8
0x00007ff84bec74c1:   48 89 31 48 8b d6 49 8b ce e8 b1 fa ff ff 41 8b
0x00007ff84bec74d1:   96 98 00 00 00 48 8b d8 8d 4a 01 41 89 8e 98 00
0x00007ff84bec74e1:   00 00 48 8b c8 e8 45 ff e6 ff 49 8b 16 b9 10 00
0x00007ff84bec74f1:   00 00 e8 48 f3 eb ff 48 85 c0 74 0d 48 89 18 48
0x00007ff84bec7501:   8b 0f 48 89 48 08 48 89 07 41 ff 86 88 02 00 00
0x00007ff84bec7511:   48 8b c3 48 8b 5c 24 30 48 8b 74 24 38 48 8b 7c 


Stack slot to memory mapping:

stack at sp + 0 slots: 0x000000b57bffddd0 is pointing into the stack for thread: 0x000001cd594abe40
stack at sp + 1 slots: 0x000000070102be38 is an oop: jdk.internal.misc.Unsafe 
{0x000000070102be38} - klass: 'jdk/internal/misc/Unsafe'
 - ---- fields (total size 2 words):
stack at sp + 2 slots: 0x000000000000001a is an unknown value
stack at sp + 3 slots: 0x000001cd410d6da8 points into unknown readable memory: 0x000000000000001a | 1a 00 00 00 00 00 00 00
stack at sp + 4 slots: 0x000000000000000c is an unknown value
stack at sp + 5 slots: 0x00007ff84beb8c1b jvm.dll
stack at sp + 6 slots: 0x000000b57bffddd0 is pointing into the stack for thread: 0x000001cd594abe40
stack at sp + 7 slots: 0x0000000000000070 is an unknown value

Lock stack of current Java thread (top to bottom):


---------------  P R O C E S S  ---------------

Threads class SMR info:
_java_thread_list=0x000001cd5fef2ab0, length=35, elements={
0x000001cd5948ec10, 0x000001cd59491680, 0x000001cd594954a0, 0x000001cd59496850,
0x000001cd59495b30, 0x000001cd59496ee0, 0x000001cd594abe40, 0x000001cd59494e10,
0x000001cd594961c0, 0x000001cd59497570, 0x000001cd59497c00, 0x000001cd59498290,
0x000001cd419a4a60, 0x000001cd419a50f0, 0x000001cd419a3020, 0x000001cd419a36b0,
0x000001cd5ef71950, 0x000001cd5ef705a0, 0x000001cd5ef70c30, 0x000001cd5ef712c0,
0x000001cd5ef6e4d0, 0x000001cd5ef6ff10, 0x000001cd5ef71fe0, 0x000001cd5ef72670,
0x000001cd5ef6f1f0, 0x000001cd5ef6f880, 0x000001cd5ef72d00, 0x000001cd5ef74dd0,
0x000001cd5ef740b0, 0x000001cd5ef75460, 0x000001cd5ef74740, 0x000001cd5ef73390,
0x000001cd5ef73a20, 0x000001cd5ef75af0, 0x000001cd419a2300
}

Java Threads: ( => current thread )
  0x000001cd5948ec10 JavaThread "Reference Handler"          daemon [_thread_blocked, id=14740, stack(0x000000b57b900000,0x000000b57ba00000) (1024K)]
  0x000001cd59491680 JavaThread "Finalizer"                  daemon [_thread_blocked, id=9120, stack(0x000000b57ba00000,0x000000b57bb00000) (1024K)]
  0x000001cd594954a0 JavaThread "Signal Dispatcher"          daemon [_thread_blocked, id=8752, stack(0x000000b57bb00000,0x000000b57bc00000) (1024K)]
  0x000001cd59496850 JavaThread "Attach Listener"            daemon [_thread_blocked, id=10068, stack(0x000000b57bc00000,0x000000b57bd00000) (1024K)]
  0x000001cd59495b30 JavaThread "Service Thread"             daemon [_thread_blocked, id=18160, stack(0x000000b57bd00000,0x000000b57be00000) (1024K)]
  0x000001cd59496ee0 JavaThread "Monitor Deflation Thread"   daemon [_thread_blocked, id=3132, stack(0x000000b57be00000,0x000000b57bf00000) (1024K)]
=>0x000001cd594abe40 JavaThread "C1 CompilerThread0"         daemon [_thread_in_vm, id=28320, stack(0x000000b57bf00000,0x000000b57c000000) (1024K)]
  0x000001cd59494e10 JavaThread "Common-Cleaner"             daemon [_thread_blocked, id=27888, stack(0x000000b57c000000,0x000000b57c100000) (1024K)]
  0x000001cd594961c0 JavaThread "Monitor Ctrl-Break"         daemon [_thread_in_native, id=4716, stack(0x000000b57c400000,0x000000b57c500000) (1024K)]
  0x000001cd59497570 JavaThread "Notification Thread"        daemon [_thread_blocked, id=25208, stack(0x000000b57c500000,0x000000b57c600000) (1024K)]
  0x000001cd59497c00 JavaThread "RMI TCP Accept-0"           daemon [_thread_in_native, id=21676, stack(0x000000b57c600000,0x000000b57c700000) (1024K)]
  0x000001cd59498290 JavaThread "RMI TCP Connection(1)-192.168.0.120" daemon [_thread_in_native, id=4704, stack(0x000000b57c700000,0x000000b57c800000) (1024K)]
  0x000001cd419a4a60 JavaThread "RMI Scheduler(0)"           daemon [_thread_blocked, id=16444, stack(0x000000b57c800000,0x000000b57c900000) (1024K)]
  0x000001cd419a50f0 JavaThread "JMX server connection timeout 26" daemon [_thread_blocked, id=12356, stack(0x000000b57c900000,0x000000b57ca00000) (1024K)]
  0x000001cd419a3020 JavaThread "PostgreSQL-JDBC-Cleaner"    daemon [_thread_blocked, id=15332, stack(0x000000b57d800000,0x000000b57d900000) (1024K)]
  0x000001cd419a36b0 JavaThread "HikariPool-1 housekeeper"   daemon [_thread_blocked, id=24368, stack(0x000000b57d900000,0x000000b57da00000) (1024K)]
  0x000001cd5ef71950 JavaThread "RMI TCP Connection(2)-192.168.0.120" daemon [_thread_in_native, id=6996, stack(0x000000b57db00000,0x000000b57dc00000) (1024K)]
  0x000001cd5ef705a0 JavaThread "Catalina-utility-1"                [_thread_blocked, id=14804, stack(0x000000b57dc00000,0x000000b57dd00000) (1024K)]
  0x000001cd5ef70c30 JavaThread "Catalina-utility-2"                [_thread_blocked, id=19488, stack(0x000000b57dd00000,0x000000b57de00000) (1024K)]
  0x000001cd5ef712c0 JavaThread "container-0"                       [_thread_blocked, id=28016, stack(0x000000b57de00000,0x000000b57df00000) (1024K)]
  0x000001cd5ef6e4d0 JavaThread "File Watcher"               daemon [_thread_blocked, id=25548, stack(0x000000b57df00000,0x000000b57e000000) (1024K)]
  0x000001cd5ef6ff10 JavaThread "Live Reload Server"         daemon [_thread_in_native, id=14516, stack(0x000000b57e100000,0x000000b57e200000) (1024K)]
  0x000001cd5ef71fe0 JavaThread "http-nio-8080-exec-1"       daemon [_thread_blocked, id=22736, stack(0x000000b57e000000,0x000000b57e100000) (1024K)]
  0x000001cd5ef72670 JavaThread "http-nio-8080-exec-2"       daemon [_thread_blocked, id=3636, stack(0x000000b57e200000,0x000000b57e300000) (1024K)]
  0x000001cd5ef6f1f0 JavaThread "http-nio-8080-exec-3"       daemon [_thread_blocked, id=15172, stack(0x000000b57e300000,0x000000b57e400000) (1024K)]
  0x000001cd5ef6f880 JavaThread "http-nio-8080-exec-4"       daemon [_thread_blocked, id=20484, stack(0x000000b57e400000,0x000000b57e500000) (1024K)]
  0x000001cd5ef72d00 JavaThread "http-nio-8080-exec-5"       daemon [_thread_blocked, id=28532, stack(0x000000b57e500000,0x000000b57e600000) (1024K)]
  0x000001cd5ef74dd0 JavaThread "http-nio-8080-exec-6"       daemon [_thread_blocked, id=3884, stack(0x000000b57e600000,0x000000b57e700000) (1024K)]
  0x000001cd5ef740b0 JavaThread "http-nio-8080-exec-7"       daemon [_thread_blocked, id=18768, stack(0x000000b57e700000,0x000000b57e800000) (1024K)]
  0x000001cd5ef75460 JavaThread "http-nio-8080-exec-8"       daemon [_thread_blocked, id=10380, stack(0x000000b57e800000,0x000000b57e900000) (1024K)]
  0x000001cd5ef74740 JavaThread "http-nio-8080-exec-9"       daemon [_thread_blocked, id=27632, stack(0x000000b57e900000,0x000000b57ea00000) (1024K)]
  0x000001cd5ef73390 JavaThread "http-nio-8080-exec-10"      daemon [_thread_blocked, id=2720, stack(0x000000b57ea00000,0x000000b57eb00000) (1024K)]
  0x000001cd5ef73a20 JavaThread "http-nio-8080-Poller"       daemon [_thread_in_native, id=13464, stack(0x000000b57eb00000,0x000000b57ec00000) (1024K)]
  0x000001cd5ef75af0 JavaThread "http-nio-8080-Acceptor"     daemon [_thread_in_native, id=21760, stack(0x000000b57ec00000,0x000000b57ed00000) (1024K)]
  0x000001cd419a2300 JavaThread "DestroyJavaVM"                     [_thread_blocked, id=22020, stack(0x000000b57b100000,0x000000b57b200000) (1024K)]
Total: 35

Other Threads:
  0x000001cd594783c0 VMThread "VM Thread"                           [id=7700, stack(0x000000b57b800000,0x000000b57b900000) (1024K)]
  0x000001cd59461150 WatcherThread "VM Periodic Task Thread"        [id=10176, stack(0x000000b57b700000,0x000000b57b800000) (1024K)]
  0x000001cd45c327b0 WorkerThread "GC Thread#0"                     [id=2452, stack(0x000000b57b200000,0x000000b57b300000) (1024K)]
  0x000001cd41a31d50 WorkerThread "GC Thread#1"                     [id=10308, stack(0x000000b57ca00000,0x000000b57cb00000) (1024K)]
  0x000001cd41a33110 WorkerThread "GC Thread#2"                     [id=4652, stack(0x000000b57cb00000,0x000000b57cc00000) (1024K)]
  0x000001cd41a0af00 WorkerThread "GC Thread#3"                     [id=6908, stack(0x000000b57cc00000,0x000000b57cd00000) (1024K)]
  0x000001cd41a3a780 WorkerThread "GC Thread#4"                     [id=26448, stack(0x000000b57cd00000,0x000000b57ce00000) (1024K)]
  0x000001cd41a39f60 WorkerThread "GC Thread#5"                     [id=26400, stack(0x000000b57ce00000,0x000000b57cf00000) (1024K)]
  0x000001cd41a96360 WorkerThread "GC Thread#6"                     [id=22932, stack(0x000000b57cf00000,0x000000b57d000000) (1024K)]
  0x000001cd41aa0460 WorkerThread "GC Thread#7"                     [id=28380, stack(0x000000b57d000000,0x000000b57d100000) (1024K)]
  0x000001cd41a97580 WorkerThread "GC Thread#8"                     [id=27804, stack(0x000000b57d100000,0x000000b57d200000) (1024K)]
  0x000001cd41ac0ef0 WorkerThread "GC Thread#9"                     [id=8868, stack(0x000000b57d200000,0x000000b57d300000) (1024K)]
  0x000001cd45c47620 ConcurrentGCThread "G1 Main Marker"            [id=22524, stack(0x000000b57b300000,0x000000b57b400000) (1024K)]
  0x000001cd45c48f60 WorkerThread "G1 Conc#0"                       [id=19008, stack(0x000000b57b400000,0x000000b57b500000) (1024K)]
  0x000001cd423f50b0 WorkerThread "G1 Conc#1"                       [id=19316, stack(0x000000b57d500000,0x000000b57d600000) (1024K)]
  0x000001cd42ff3170 WorkerThread "G1 Conc#2"                       [id=28508, stack(0x000000b57d700000,0x000000b57d800000) (1024K)]
  0x000001cd59327600 ConcurrentGCThread "G1 Refine#0"               [id=18268, stack(0x000000b57b500000,0x000000b57b600000) (1024K)]
  0x000001cd59327e30 ConcurrentGCThread "G1 Service"                [id=10948, stack(0x000000b57b600000,0x000000b57b700000) (1024K)]
Total: 18

Threads with active compile tasks:
C1 CompilerThread0  27330 7184       1       java.util.concurrent.locks.AbstractQueuedSynchronizer::releaseShared (19 bytes)
Total: 1

VM state: not at safepoint (normal execution)

VM Mutex/Monitor currently owned by a thread: None

Heap address: 0x0000000700c00000, size: 4084 MB, Compressed Oops mode: Zero based, Oop shift amount: 3

CDS archive(s) mapped at: [0x000001cd00000000-0x000001cd00d70000-0x000001cd00d70000), size 14090240, SharedBaseAddress: 0x000001cd00000000, ArchiveRelocationMode: 1.
Compressed class space mapped at: 0x000001cd01000000-0x000001cd41000000, reserved size: 1073741824
Narrow klass base: 0x000001cd00000000, Narrow klass shift: 0, Narrow klass range: 0x41000000

GC Precious Log:
 CardTable entry size: 512
 Card Set container configuration: InlinePtr #cards 4 size 8 Array Of Cards #cards 16 size 48 Howl #buckets 8 coarsen threshold 3686 Howl Bitmap #cards 512 size 80 coarsen threshold 460 Card regions per heap region 1 cards per card region 4096
 CPUs: 12 total, 12 available
 Memory: 16332M
 Large Page Support: Disabled
 NUMA Support: Disabled
 Compressed Oops: Enabled (Zero based)
 Heap Region Size: 2M
 Heap Min Capacity: 8M
 Heap Initial Capacity: 256M
 Heap Max Capacity: 4084M
 Pre-touch: Disabled
 Parallel Workers: 10
 Concurrent Workers: 3
 Concurrent Refinement Workers: 10
 Periodic GC: Disabled

Heap:
 garbage-first heap   total reserved 4182016K, committed 92160K, used 69182K [0x0000000700c00000, 0x0000000800000000)
  region size 2048K, 15 young (30720K), 2 survivors (4096K)
 Metaspace       used 74708K, committed 75648K, reserved 1114112K
  class space    used 11209K, committed 11648K, reserved 1048576K

Heap Regions: E=young(eden), S=young(survivor), O=old, HS=humongous(starts), HC=humongous(continues), CS=collection set, F=free, TAMS=top-at-mark-start, PB=parsable bottom
|   0|0x0000000700c00000, 0x0000000700e00000, 0x0000000700e00000|100%| O|  |TAMS 0x0000000700c00000| PB 0x0000000700c00000| Untracked |  0
|   1|0x0000000700e00000, 0x0000000701000000, 0x0000000701000000|100%| O|  |TAMS 0x0000000700e00000| PB 0x0000000700e00000| Untracked |  0
|   2|0x0000000701000000, 0x0000000701200000, 0x0000000701200000|100%| O|  |TAMS 0x0000000701000000| PB 0x0000000701000000| Untracked |  0
|   3|0x0000000701200000, 0x0000000701400000, 0x0000000701400000|100%| O|  |TAMS 0x0000000701200000| PB 0x0000000701200000| Untracked |  0
|   4|0x0000000701400000, 0x0000000701600000, 0x0000000701600000|100%| O|  |TAMS 0x0000000701400000| PB 0x0000000701400000| Untracked |  0
|   5|0x0000000701600000, 0x0000000701800000, 0x0000000701800000|100%| O|  |TAMS 0x0000000701600000| PB 0x0000000701600000| Untracked |  0
|   6|0x0000000701800000, 0x0000000701a00000, 0x0000000701a00000|100%| O|  |TAMS 0x0000000701800000| PB 0x0000000701800000| Untracked |  0
|   7|0x0000000701a00000, 0x0000000701c00000, 0x0000000701c00000|100%| O|Cm|TAMS 0x0000000701a00000| PB 0x0000000701a00000| Complete |  0
|   8|0x0000000701c00000, 0x0000000701e00000, 0x0000000701e00000|100%| O|  |TAMS 0x0000000701c00000| PB 0x0000000701c00000| Untracked |  0
|   9|0x0000000701e00000, 0x0000000702000000, 0x0000000702000000|100%| O|  |TAMS 0x0000000701e00000| PB 0x0000000701e00000| Untracked |  0
|  10|0x0000000702000000, 0x0000000702200000, 0x0000000702200000|100%| O|  |TAMS 0x0000000702000000| PB 0x0000000702000000| Untracked |  0
|  11|0x0000000702200000, 0x0000000702200000, 0x0000000702400000|  0%| F|  |TAMS 0x0000000702200000| PB 0x0000000702200000| Untracked |  0
|  12|0x0000000702400000, 0x0000000702600000, 0x0000000702600000|100%| O|  |TAMS 0x0000000702400000| PB 0x0000000702400000| Untracked |  0
|  13|0x0000000702600000, 0x0000000702800000, 0x0000000702800000|100%| O|  |TAMS 0x0000000702600000| PB 0x0000000702600000| Untracked |  0
|  14|0x0000000702800000, 0x0000000702a00000, 0x0000000702a00000|100%| O|  |TAMS 0x0000000702800000| PB 0x0000000702800000| Untracked |  0
|  15|0x0000000702a00000, 0x0000000702c00000, 0x0000000702c00000|100%| O|  |TAMS 0x0000000702a00000| PB 0x0000000702a00000| Untracked |  0
|  16|0x0000000702c00000, 0x0000000702e00000, 0x0000000702e00000|100%| O|  |TAMS 0x0000000702c00000| PB 0x0000000702c00000| Untracked |  0
|  17|0x0000000702e00000, 0x0000000703000000, 0x0000000703000000|100%| O|  |TAMS 0x0000000702e00000| PB 0x0000000702e00000| Untracked |  0
|  18|0x0000000703000000, 0x0000000703200000, 0x0000000703200000|100%| O|Cm|TAMS 0x0000000703000000| PB 0x0000000703000000| Complete |  0
|  19|0x0000000703200000, 0x0000000703400000, 0x0000000703400000|100%| O|  |TAMS 0x0000000703200000| PB 0x0000000703200000| Untracked |  0
|  20|0x0000000703400000, 0x0000000703600000, 0x0000000703600000|100%| O|Cm|TAMS 0x0000000703400000| PB 0x0000000703400000| Complete |  0
|  21|0x0000000703600000, 0x0000000703600000, 0x0000000703800000|  0%| F|  |TAMS 0x0000000703600000| PB 0x0000000703600000| Untracked |  0
|  22|0x0000000703800000, 0x0000000703800000, 0x0000000703a00000|  0%| F|  |TAMS 0x0000000703800000| PB 0x0000000703800000| Untracked |  0
|  23|0x0000000703a00000, 0x0000000703b8fa20, 0x0000000703c00000| 78%| S|CS|TAMS 0x0000000703a00000| PB 0x0000000703a00000| Complete |  0
|  24|0x0000000703c00000, 0x0000000703c00000, 0x0000000703e00000|  0%| F|  |TAMS 0x0000000703c00000| PB 0x0000000703c00000| Untracked |  0
|  25|0x0000000703e00000, 0x0000000704000000, 0x0000000704000000|100%| S|CS|TAMS 0x0000000703e00000| PB 0x0000000703e00000| Complete |  0
|  26|0x0000000704000000, 0x0000000704000000, 0x0000000704200000|  0%| F|  |TAMS 0x0000000704000000| PB 0x0000000704000000| Untracked |  0
|  27|0x0000000704200000, 0x0000000704200000, 0x0000000704400000|  0%| F|  |TAMS 0x0000000704200000| PB 0x0000000704200000| Untracked |  0
|  28|0x0000000704400000, 0x0000000704400000, 0x0000000704600000|  0%| F|  |TAMS 0x0000000704400000| PB 0x0000000704400000| Untracked |  0
|  29|0x0000000704600000, 0x0000000704600000, 0x0000000704800000|  0%| F|  |TAMS 0x0000000704600000| PB 0x0000000704600000| Untracked |  0
|  30|0x0000000704800000, 0x0000000704800000, 0x0000000704a00000|  0%| F|  |TAMS 0x0000000704800000| PB 0x0000000704800000| Untracked |  0
|  31|0x0000000704a00000, 0x0000000704a00000, 0x0000000704c00000|  0%| F|  |TAMS 0x0000000704a00000| PB 0x0000000704a00000| Untracked |  0
|  32|0x0000000704c00000, 0x0000000704d11070, 0x0000000704e00000| 53%| E|  |TAMS 0x0000000704c00000| PB 0x0000000704c00000| Complete |  0
|  33|0x0000000704e00000, 0x0000000705000000, 0x0000000705000000|100%| E|CS|TAMS 0x0000000704e00000| PB 0x0000000704e00000| Complete |  0
|  34|0x0000000705000000, 0x0000000705200000, 0x0000000705200000|100%| E|CS|TAMS 0x0000000705000000| PB 0x0000000705000000| Complete |  0
|  35|0x0000000705200000, 0x0000000705400000, 0x0000000705400000|100%| E|CS|TAMS 0x0000000705200000| PB 0x0000000705200000| Complete |  0
|  36|0x0000000705400000, 0x0000000705600000, 0x0000000705600000|100%| E|CS|TAMS 0x0000000705400000| PB 0x0000000705400000| Complete |  0
|  37|0x0000000705600000, 0x0000000705800000, 0x0000000705800000|100%| E|CS|TAMS 0x0000000705600000| PB 0x0000000705600000| Complete |  0
|  38|0x0000000705800000, 0x0000000705a00000, 0x0000000705a00000|100%| E|CS|TAMS 0x0000000705800000| PB 0x0000000705800000| Complete |  0
|  39|0x0000000705a00000, 0x0000000705c00000, 0x0000000705c00000|100%| E|CS|TAMS 0x0000000705a00000| PB 0x0000000705a00000| Complete |  0
|  40|0x0000000705c00000, 0x0000000705e00000, 0x0000000705e00000|100%| E|CS|TAMS 0x0000000705c00000| PB 0x0000000705c00000| Complete |  0
| 100|0x000000070d400000, 0x000000070d600000, 0x000000070d600000|100%| E|CS|TAMS 0x000000070d400000| PB 0x000000070d400000| Complete |  0
| 101|0x000000070d600000, 0x000000070d800000, 0x000000070d800000|100%| E|CS|TAMS 0x000000070d600000| PB 0x000000070d600000| Complete |  0
| 102|0x000000070d800000, 0x000000070da00000, 0x000000070da00000|100%| E|CS|TAMS 0x000000070d800000| PB 0x000000070d800000| Complete |  0
| 127|0x0000000710a00000, 0x0000000710c00000, 0x0000000710c00000|100%| E|CS|TAMS 0x0000000710a00000| PB 0x0000000710a00000| Complete |  0

Card table byte_map: [0x000001cd52040000,0x000001cd52840000] _byte_map_base: 0x000001cd4e83a000

Marking Bits: (CMBitMap*) 0x000001cd45c32dd0
 Bits: [0x000001cd52840000, 0x000001cd56810000)

Polling page: 0x000001cd43a30000

Metaspace:

Usage:
  Non-class:     62.01 MB used.
      Class:     10.95 MB used.
       Both:     72.96 MB used.

Virtual space:
  Non-class space:       64.00 MB reserved,      62.50 MB ( 98%) committed,  1 nodes.
      Class space:        1.00 GB reserved,      11.38 MB (  1%) committed,  1 nodes.
             Both:        1.06 GB reserved,      73.88 MB (  7%) committed. 

Chunk freelists:
   Non-Class:  1.26 MB
       Class:  4.54 MB
        Both:  5.80 MB

MaxMetaspaceSize: unlimited
CompressedClassSpaceSize: 1.00 GB
Initial GC threshold: 21.00 MB
Current GC threshold: 111.25 MB
CDS: on
 - commit_granule_bytes: 65536.
 - commit_granule_words: 8192.
 - virtual_space_node_default_size: 8388608.
 - enlarge_chunks_in_place: 1.
 - use_allocation_guard: 0.


Internal statistics:

num_allocs_failed_limit: 9.
num_arena_births: 1264.
num_arena_deaths: 0.
num_vsnodes_births: 2.
num_vsnodes_deaths: 0.
num_space_committed: 1182.
num_space_uncommitted: 0.
num_chunks_returned_to_freelist: 9.
num_chunks_taken_from_freelist: 3956.
num_chunk_merges: 9.
num_chunk_splits: 2875.
num_chunks_enlarged: 2190.
num_inconsistent_stats: 0.

CodeCache: size=49152Kb used=10124Kb max_used=11735Kb free=39027Kb
 bounds [0x000001cd4e2f0000, 0x000001cd4ee70000, 0x000001cd512f0000]
 total_blobs=7819, nmethods=7085, adapters=658, full_count=0
Compilation: enabled, stopped_count=0, restarted_count=0

Compilation events (20 events):
Event: 23.724 Thread 0x000001cd594abe40 nmethod 7174 0x000001cd4e56c208 code [0x000001cd4e56c320, 0x000001cd4e56c548]
Event: 23.724 Thread 0x000001cd594abe40 7175       1       java.lang.invoke.DirectMethodHandle$Holder::invokeStatic (18 bytes)
Event: 23.724 Thread 0x000001cd594abe40 nmethod 7175 0x000001cd4e56bf08 code [0x000001cd4e56c020, 0x000001cd4e56c150]
Event: 23.725 Thread 0x000001cd594abe40 7176   !   1       sun.reflect.misc.MethodUtil::invoke (127 bytes)
Event: 23.727 Thread 0x000001cd594abe40 nmethod 7176 0x000001cd4e56a108 code [0x000001cd4e56a540, 0x000001cd4e56bd60]
Event: 23.727 Thread 0x000001cd594abe40 7177       1       sun.reflect.misc.Trampoline::invoke (11 bytes)
Event: 23.727 Thread 0x000001cd594abe40 nmethod 7177 0x000001cd4e569c08 code [0x000001cd4e569d80, 0x000001cd4e56a098]
Event: 23.727 Thread 0x000001cd594abe40 7178       1       sun.reflect.misc.Trampoline::ensureInvocableMethod (53 bytes)
Event: 23.728 Thread 0x000001cd594abe40 nmethod 7178 0x000001cd4e569788 code [0x000001cd4e5698e0, 0x000001cd4e569ba0]
Event: 23.728 Thread 0x000001cd594abe40 7179       1       com.sun.jmx.mbeanserver.DefaultMXBeanMappingFactory$NonNullMXBeanMapping::toOpenValue (12 bytes)
Event: 23.728 Thread 0x000001cd594abe40 nmethod 7179 0x000001cd4e569488 code [0x000001cd4e5695a0, 0x000001cd4e5696d0]
Event: 24.510 Thread 0x000001cd594abe40 7180       1       org.springframework.boot.devtools.filewatch.DirectorySnapshot::collectFiles (99 bytes)
Event: 24.510 Thread 0x000001cd594abe40 nmethod 7180 0x000001cd4e568e08 code [0x000001cd4e568fa0, 0x000001cd4e5693a8]
Event: 24.747 Thread 0x000001cd594abe40 7181       1       java.io.SerialCallbackContext::getObj (9 bytes)
Event: 24.747 Thread 0x000001cd594abe40 nmethod 7181 0x000001cd4e568b08 code [0x000001cd4e568c20, 0x000001cd4e568da8]
Event: 24.747 Thread 0x000001cd594abe40 7182       1       java.io.SerialCallbackContext::checkAndSetUsed (26 bytes)
Event: 24.747 Thread 0x000001cd594abe40 nmethod 7182 0x000001cd4e568808 code [0x000001cd4e568920, 0x000001cd4e568aa0]
Event: 24.748 Thread 0x000001cd594abe40 7183       1       javax.management.ObjectName::getDomain (13 bytes)
Event: 24.748 Thread 0x000001cd594abe40 nmethod 7183 0x000001cd4e568508 code [0x000001cd4e568620, 0x000001cd4e568728]
Event: 27.246 Thread 0x000001cd594abe40 7184       1       java.util.concurrent.locks.AbstractQueuedSynchronizer::releaseShared (19 bytes)

GC Heap History (20 events):
Event: 7.015 GC heap before
{Heap before GC invocations=18 (full 0):
 garbage-first heap   total reserved 4182016K, committed 55296K, used 42205K [0x0000000700c00000, 0x0000000800000000)
  region size 2048K, 10 young (20480K), 2 survivors (4096K)
 Metaspace       used 61651K, committed 62400K, reserved 1114112K
  class space    used 9024K, committed 9344K, reserved 1048576K
}
Event: 7.018 GC heap after
{Heap after GC invocations=19 (full 0):
 garbage-first heap   total reserved 4182016K, committed 55296K, used 29070K [0x0000000700c00000, 0x0000000800000000)
  region size 2048K, 2 young (4096K), 2 survivors (4096K)
 Metaspace       used 61651K, committed 62400K, reserved 1114112K
  class space    used 9024K, committed 9344K, reserved 1048576K
}
Event: 7.377 GC heap before
{Heap before GC invocations=19 (full 0):
 garbage-first heap   total reserved 4182016K, committed 55296K, used 45454K [0x0000000700c00000, 0x0000000800000000)
  region size 2048K, 10 young (20480K), 2 survivors (4096K)
 Metaspace       used 63857K, committed 64640K, reserved 1114112K
  class space    used 9369K, committed 9728K, reserved 1048576K
}
Event: 7.380 GC heap after
{Heap after GC invocations=20 (full 0):
 garbage-first heap   total reserved 4182016K, committed 55296K, used 30120K [0x0000000700c00000, 0x0000000800000000)
  region size 2048K, 2 young (4096K), 2 survivors (4096K)
 Metaspace       used 63857K, committed 64640K, reserved 1114112K
  class space    used 9369K, committed 9728K, reserved 1048576K
}
Event: 7.636 GC heap before
{Heap before GC invocations=20 (full 0):
 garbage-first heap   total reserved 4182016K, committed 55296K, used 46504K [0x0000000700c00000, 0x0000000800000000)
  region size 2048K, 10 young (20480K), 2 survivors (4096K)
 Metaspace       used 65534K, committed 66368K, reserved 1114112K
  class space    used 9704K, committed 10048K, reserved 1048576K
}
Event: 7.639 GC heap after
{Heap after GC invocations=21 (full 0):
 garbage-first heap   total reserved 4182016K, committed 55296K, used 32482K [0x0000000700c00000, 0x0000000800000000)
  region size 2048K, 2 young (4096K), 2 survivors (4096K)
 Metaspace       used 65534K, committed 66368K, reserved 1114112K
  class space    used 9704K, committed 10048K, reserved 1048576K
}
Event: 7.738 GC heap before
{Heap before GC invocations=22 (full 0):
 garbage-first heap   total reserved 4182016K, committed 55296K, used 44770K [0x0000000700c00000, 0x0000000800000000)
  region size 2048K, 9 young (18432K), 2 survivors (4096K)
 Metaspace       used 65984K, committed 66816K, reserved 1114112K
  class space    used 9741K, committed 10112K, reserved 1048576K
}
Event: 7.741 GC heap after
{Heap after GC invocations=23 (full 0):
 garbage-first heap   total reserved 4182016K, committed 55296K, used 32472K [0x0000000700c00000, 0x0000000800000000)
  region size 2048K, 1 young (2048K), 1 survivors (2048K)
 Metaspace       used 65984K, committed 66816K, reserved 1114112K
  class space    used 9741K, committed 10112K, reserved 1048576K
}
Event: 7.985 GC heap before
{Heap before GC invocations=23 (full 0):
 garbage-first heap   total reserved 4182016K, committed 55296K, used 44760K [0x0000000700c00000, 0x0000000800000000)
  region size 2048K, 8 young (16384K), 1 survivors (2048K)
 Metaspace       used 67060K, committed 67904K, reserved 1114112K
  class space    used 10057K, committed 10432K, reserved 1048576K
}
Event: 7.988 GC heap after
{Heap after GC invocations=24 (full 0):
 garbage-first heap   total reserved 4182016K, committed 55296K, used 35344K [0x0000000700c00000, 0x0000000800000000)
  region size 2048K, 1 young (2048K), 1 survivors (2048K)
 Metaspace       used 67060K, committed 67904K, reserved 1114112K
  class space    used 10057K, committed 10432K, reserved 1048576K
}
Event: 8.027 GC heap before
{Heap before GC invocations=24 (full 0):
 garbage-first heap   total reserved 4182016K, committed 55296K, used 47632K [0x0000000700c00000, 0x0000000800000000)
  region size 2048K, 7 young (14336K), 1 survivors (2048K)
 Metaspace       used 67068K, committed 67904K, reserved 1114112K
  class space    used 10057K, committed 10432K, reserved 1048576K
}
Event: 8.030 GC heap after
{Heap after GC invocations=25 (full 0):
 garbage-first heap   total reserved 4182016K, committed 55296K, used 38810K [0x0000000700c00000, 0x0000000800000000)
  region size 2048K, 1 young (2048K), 1 survivors (2048K)
 Metaspace       used 67068K, committed 67904K, reserved 1114112K
  class space    used 10057K, committed 10432K, reserved 1048576K
}
Event: 8.086 GC heap before
{Heap before GC invocations=26 (full 0):
 garbage-first heap   total reserved 4182016K, committed 65536K, used 49050K [0x0000000700c00000, 0x0000000800000000)
  region size 2048K, 6 young (12288K), 1 survivors (2048K)
 Metaspace       used 67070K, committed 67968K, reserved 1114112K
  class space    used 10057K, committed 10432K, reserved 1048576K
}
Event: 8.088 GC heap after
{Heap after GC invocations=27 (full 0):
 garbage-first heap   total reserved 4182016K, committed 65536K, used 41045K [0x0000000700c00000, 0x0000000800000000)
  region size 2048K, 1 young (2048K), 1 survivors (2048K)
 Metaspace       used 67070K, committed 67968K, reserved 1114112K
  class space    used 10057K, committed 10432K, reserved 1048576K
}
Event: 8.161 GC heap before
{Heap before GC invocations=27 (full 0):
 garbage-first heap   total reserved 4182016K, committed 65536K, used 55381K [0x0000000700c00000, 0x0000000800000000)
  region size 2048K, 8 young (16384K), 1 survivors (2048K)
 Metaspace       used 67070K, committed 67968K, reserved 1114112K
  class space    used 10057K, committed 10432K, reserved 1048576K
}
Event: 8.163 GC heap after
{Heap after GC invocations=28 (full 0):
 garbage-first heap   total reserved 4182016K, committed 65536K, used 41480K [0x0000000700c00000, 0x0000000800000000)
  region size 2048K, 1 young (2048K), 1 survivors (2048K)
 Metaspace       used 67070K, committed 67968K, reserved 1114112K
  class space    used 10057K, committed 10432K, reserved 1048576K
}
Event: 8.238 GC heap before
{Heap before GC invocations=28 (full 0):
 garbage-first heap   total reserved 4182016K, committed 65536K, used 55816K [0x0000000700c00000, 0x0000000800000000)
  region size 2048K, 8 young (16384K), 1 survivors (2048K)
 Metaspace       used 67276K, committed 68160K, reserved 1114112K
  class space    used 10057K, committed 10432K, reserved 1048576K
}
Event: 8.241 GC heap after
{Heap after GC invocations=29 (full 0):
 garbage-first heap   total reserved 4182016K, committed 92160K, used 41681K [0x0000000700c00000, 0x0000000800000000)
  region size 2048K, 1 young (2048K), 1 survivors (2048K)
 Metaspace       used 67276K, committed 68160K, reserved 1114112K
  class space    used 10057K, committed 10432K, reserved 1048576K
}
Event: 9.118 GC heap before
{Heap before GC invocations=30 (full 0):
 garbage-first heap   total reserved 4182016K, committed 92160K, used 80593K [0x0000000700c00000, 0x0000000800000000)
  region size 2048K, 20 young (40960K), 1 survivors (2048K)
 Metaspace       used 72126K, committed 73024K, reserved 1114112K
  class space    used 10815K, committed 11200K, reserved 1048576K
}
Event: 9.121 GC heap after
{Heap after GC invocations=31 (full 0):
 garbage-first heap   total reserved 4182016K, committed 92160K, used 44606K [0x0000000700c00000, 0x0000000800000000)
  region size 2048K, 2 young (4096K), 2 survivors (4096K)
 Metaspace       used 72126K, committed 73024K, reserved 1114112K
  class space    used 10815K, committed 11200K, reserved 1048576K
}

Dll operation events (13 events):
Event: 0.012 Loaded shared library C:\Users\Elisa\.jdks\openjdk-23.0.1\bin\java.dll
Event: 0.112 Loaded shared library C:\Users\Elisa\.jdks\openjdk-23.0.1\bin\zip.dll
Event: 0.115 Loaded shared library C:\Users\Elisa\.jdks\openjdk-23.0.1\bin\instrument.dll
Event: 0.120 Loaded shared library C:\Users\Elisa\.jdks\openjdk-23.0.1\bin\net.dll
Event: 0.122 Loaded shared library C:\Users\Elisa\.jdks\openjdk-23.0.1\bin\nio.dll
Event: 0.124 Loaded shared library C:\Users\Elisa\.jdks\openjdk-23.0.1\bin\zip.dll
Event: 0.166 Loaded shared library C:\Users\Elisa\.jdks\openjdk-23.0.1\bin\jimage.dll
Event: 0.227 Loaded shared library C:\Program Files\JetBrains\IntelliJ IDEA 2024.2.3\bin\breakgen64.dll
Event: 0.236 Loaded shared library C:\Users\Elisa\.jdks\openjdk-23.0.1\bin\extnet.dll
Event: 0.256 Loaded shared library C:\Users\Elisa\.jdks\openjdk-23.0.1\bin\management.dll
Event: 0.271 Loaded shared library C:\Users\Elisa\.jdks\openjdk-23.0.1\bin\management_ext.dll
Event: 1.557 Loaded shared library C:\Users\Elisa\.jdks\openjdk-23.0.1\bin\sunmscapi.dll
Event: 4.574 Loaded shared library C:\Users\Elisa\.jdks\openjdk-23.0.1\bin\verify.dll

Deoptimization events (6 events):
Event: 2.913 Thread 0x000001cd419a2300 DEOPT PACKING pc=0x000001cd4ea67d4c sp=0x000000b57d4fd1e0
Event: 2.913 Thread 0x000001cd419a2300 DEOPT UNPACKING pc=0x000001cd4e344b22 sp=0x000000b57d4fc698 mode 0
Event: 6.829 Thread 0x000001cd419a2300 DEOPT PACKING pc=0x000001cd4e8ec209 sp=0x000000b57d4fb8d0
Event: 6.829 Thread 0x000001cd419a2300 DEOPT UNPACKING pc=0x000001cd4e344b22 sp=0x000000b57d4fadd8 mode 3
Event: 6.985 Thread 0x000001cd419a2300 DEOPT PACKING pc=0x000001cd4e8d1c3c sp=0x000000b57d4fbf40
Event: 6.986 Thread 0x000001cd419a2300 DEOPT UNPACKING pc=0x000001cd4e344b22 sp=0x000000b57d4fb498 mode 0

Classes loaded (20 events):
Event: 9.718 Loading class com/sun/beans/util/Cache$Kind
Event: 9.718 Loading class com/sun/beans/util/Cache$Kind done
Event: 9.718 Loading class com/sun/beans/util/Cache$Kind$1
Event: 9.719 Loading class com/sun/beans/util/Cache$Kind$1 done
Event: 9.719 Loading class com/sun/beans/util/Cache$Kind$2
Event: 9.719 Loading class com/sun/beans/util/Cache$Kind$2 done
Event: 9.719 Loading class com/sun/beans/util/Cache$Kind$3
Event: 9.719 Loading class com/sun/beans/util/Cache$Kind$3 done
Event: 9.719 Loading class com/sun/beans/util/Cache$CacheEntry
Event: 9.719 Loading class com/sun/beans/util/Cache$CacheEntry done
Event: 9.814 Loading class javax/management/remote/rmi/RMIConnectionImpl$6
Event: 9.815 Loading class javax/management/remote/rmi/RMIConnectionImpl$6 done
Event: 9.815 Loading class javax/management/remote/rmi/RMIConnectionImpl$7
Event: 9.815 Loading class javax/management/remote/rmi/RMIConnectionImpl$7 done
Event: 9.815 Loading class com/sun/jmx/remote/util/OrderClassLoaders
Event: 9.815 Loading class com/sun/jmx/remote/util/OrderClassLoaders done
Event: 9.815 Loading class javax/management/remote/rmi/RMIConnectionImpl$SetCcl
Event: 9.815 Loading class javax/management/remote/rmi/RMIConnectionImpl$SetCcl done
Event: 9.815 Loading class java/rmi/MarshalledObject$MarshalledObjectInputStream
Event: 9.816 Loading class java/rmi/MarshalledObject$MarshalledObjectInputStream done

Classes unloaded (0 events):
No events

Classes redefined (0 events):
No events

Internal exceptions (20 events):
Event: 6.371 Thread 0x000001cd419a2300 Exception <a 'java/lang/NoSuchMethodError'{0x0000000703965528}: 'java.lang.Object java.lang.invoke.DirectMethodHandle$Holder.newInvokeSpecial(java.lang.Object, java.lang.Object, int, java.lang.Object, int, java.lang.Object, java.lang.Object)'> (0x0000000703965528) 
thrown [s\open\src\hotspot\share\interpreter\linkResolver.cpp, line 796]
Event: 6.383 Thread 0x000001cd419a2300 Exception <a 'java/lang/NoSuchMethodError'{0x00000007039e9b58}: 'java.lang.Object java.lang.invoke.DirectMethodHandle$Holder.newInvokeSpecial(java.lang.Object, java.lang.Object, java.lang.Object, java.lang.Object, java.lang.Object, java.lang.Object, java.lang.Object, int)'> (0x00000007039e9b58) 
thrown [s\open\src\hotspot\share\interpreter\linkResolver.cpp, line 796]
Event: 6.383 Thread 0x000001cd419a2300 Exception <a 'java/lang/NoSuchMethodError'{0x00000007039ee9c0}: 'java.lang.Object java.lang.invoke.DirectMethodHandle$Holder.invokeSpecial(java.lang.Object, java.lang.Object, java.lang.Object, java.lang.Object, java.lang.Object, java.lang.Object, java.lang.Object, java.lang.Object, int)'> (0x00000007039ee9c0) 
thrown [s\open\src\hotspot\share\interpreter\linkResolver.cpp, line 796]
Event: 6.383 Thread 0x000001cd419a2300 Exception <a 'java/lang/NoSuchMethodError'{0x00000007039f3210}: 'java.lang.Object java.lang.invoke.Invokers$Holder.linkToTargetMethod(java.lang.Object, java.lang.Object, java.lang.Object, java.lang.Object, java.lang.Object, java.lang.Object, int, java.lang.Object)'> (0x00000007039f3210) 
thrown [s\open\src\hotspot\share\interpreter\linkResolver.cpp, line 796]
Event: 6.709 Thread 0x000001cd419a2300 Exception <a 'java/lang/NoSuchMethodError'{0x000000070d93c588}: 'java.lang.Object java.lang.invoke.DirectMethodHandle$Holder.invokeSpecial(java.lang.Object, java.lang.Object, int, java.lang.Object, int)'> (0x000000070d93c588) 
thrown [s\open\src\hotspot\share\interpreter\linkResolver.cpp, line 796]
Event: 6.826 Thread 0x000001cd419a2300 Exception <a 'java/lang/IncompatibleClassChangeError'{0x000000070d58bcc0}: Found class java.lang.Object, but interface was expected> (0x000000070d58bcc0) 
thrown [s\open\src\hotspot\share\interpreter\linkResolver.cpp, line 863]
Event: 6.837 Thread 0x000001cd419a2300 Exception <a 'java/lang/IncompatibleClassChangeError'{0x0000000703825ee8}: Found class java.lang.Object, but interface was expected> (0x0000000703825ee8) 
thrown [s\open\src\hotspot\share\interpreter\linkResolver.cpp, line 863]
Event: 6.877 Thread 0x000001cd419a2300 Exception <a 'java/lang/IncompatibleClassChangeError'{0x00000007039b0818}: Found class java.lang.Object, but interface was expected> (0x00000007039b0818) 
thrown [s\open\src\hotspot\share\interpreter\linkResolver.cpp, line 863]
Event: 7.046 Thread 0x000001cd419a2300 Exception <a 'java/lang/IncompatibleClassChangeError'{0x0000000710b533a0}: Found class java.lang.Object, but interface was expected> (0x0000000710b533a0) 
thrown [s\open\src\hotspot\share\interpreter\linkResolver.cpp, line 863]
Event: 7.121 Thread 0x000001cd419a2300 Exception <a 'java/lang/IncompatibleClassChangeError'{0x000000070d6472b0}: Found class java.lang.Object, but interface was expected> (0x000000070d6472b0) 
thrown [s\open\src\hotspot\share\interpreter\linkResolver.cpp, line 863]
Event: 7.170 Thread 0x000001cd419a2300 Exception <a 'java/lang/NoSuchMethodError'{0x000000070d40b268}: 'java.lang.Object java.lang.invoke.DirectMethodHandle$Holder.invokeStatic(java.lang.Object, int, java.lang.Object)'> (0x000000070d40b268) 
thrown [s\open\src\hotspot\share\interpreter\linkResolver.cpp, line 796]
Event: 7.235 Thread 0x000001cd419a2300 Exception <a 'java/io/FileNotFoundException'{0x00000007038e85c0}> (0x00000007038e85c0) 
thrown [s\open\src\hotspot\share\prims\jni.cpp, line 520]
Event: 8.393 Thread 0x000001cd419a2300 Exception <a 'java/lang/NoSuchMethodError'{0x000000070d7a6068}: 'java.lang.Object java.lang.invoke.DirectMethodHandle$Holder.newInvokeSpecial(java.lang.Object, java.lang.Object, java.lang.Object, java.lang.Object, java.lang.Object, java.lang.Object, java.lang.Object, java.lang.Object)'> (0x000000070d7a6068) 
thrown [s\open\src\hotspot\share\interpreter\linkResolver.cpp, line 796]
Event: 8.542 Thread 0x000001cd419a2300 Exception <a 'java/lang/NoSuchMethodError'{0x000000070569d6f8}: 'java.lang.Object java.lang.invoke.DirectMethodHandle$Holder.invokeVirtual(java.lang.Object, java.lang.Object, java.lang.Object, java.lang.Object, java.lang.Object, java.lang.Object, java.lang.Object)'> (0x000000070569d6f8) 
thrown [s\open\src\hotspot\share\interpreter\linkResolver.cpp, line 796]
Event: 8.936 Thread 0x000001cd419a2300 Exception <a 'java/lang/IncompatibleClassChangeError'{0x000000070477dda8}: Found class java.lang.Object, but interface was expected> (0x000000070477dda8) 
thrown [s\open\src\hotspot\share\interpreter\linkResolver.cpp, line 863]
Event: 9.123 Thread 0x000001cd419a2300 Exception <a 'java/lang/NoSuchMethodError'{0x0000000710a0df90}: 'void java.lang.invoke.DirectMethodHandle$Holder.invokeVirtual(java.lang.Object, java.lang.Object, long)'> (0x0000000710a0df90) 
thrown [s\open\src\hotspot\share\interpreter\linkResolver.cpp, line 796]
Event: 9.273 Thread 0x000001cd419a2300 Exception <a 'java/lang/NoSuchMethodError'{0x000000070d6cf4c0}: 'java.lang.Object java.lang.invoke.DirectMethodHandle$Holder.invokeVirtual(java.lang.Object, java.lang.Object, java.lang.Object, java.lang.Object, java.lang.Object, java.lang.Object, java.lang.Object, java.lang.Object, java.lang.Object)'> (0x000000070d6cf4c0) 
thrown [s\open\src\hotspot\share\interpreter\linkResolver.cpp, line 796]
Event: 9.438 Thread 0x000001cd419a2300 Exception <a 'java/lang/IncompatibleClassChangeError'{0x0000000705dff738}: Found class java.lang.Object, but interface was expected> (0x0000000705dff738) 
thrown [s\open\src\hotspot\share\interpreter\linkResolver.cpp, line 863]
Event: 9.666 Thread 0x000001cd419a2300 Exception <a 'java/lang/NoSuchMethodError'{0x00000007052c9b90}: 'java.lang.Object java.lang.invoke.DirectMethodHandle$Holder.newInvokeSpecial(java.lang.Object, java.lang.Object, int, java.lang.Object, java.lang.Object)'> (0x00000007052c9b90) 
thrown [s\open\src\hotspot\share\interpreter\linkResolver.cpp, line 796]
Event: 9.813 Thread 0x000001cd59498290 Exception <a 'java/lang/NoSuchMethodError'{0x0000000704f223f0}: 'java.lang.Object java.lang.invoke.DirectMethodHandle$Holder.invokeInterface(java.lang.Object, java.lang.Object, java.lang.Object, java.lang.Object, java.lang.Object, java.lang.Object, java.lang.Object)'> (0x0000000704f223f0) 
thrown [s\open\src\hotspot\share\interpreter\linkResolver.cpp, line 796]

VM Operations (20 events):
Event: 8.238 Executing VM operation: G1CollectForAllocation (G1 Evacuation Pause)
Event: 8.241 Executing VM operation: G1CollectForAllocation (G1 Evacuation Pause) done
Event: 8.263 Executing VM operation: G1PauseRemark
Event: 8.266 Executing VM operation: G1PauseRemark done
Event: 8.273 Executing VM operation: G1PauseCleanup
Event: 8.273 Executing VM operation: G1PauseCleanup done
Event: 8.297 Executing VM operation: HandshakeAllThreads (Deoptimize)
Event: 8.297 Executing VM operation: HandshakeAllThreads (Deoptimize) done
Event: 8.742 Executing VM operation: HandshakeAllThreads (Deoptimize)
Event: 8.742 Executing VM operation: HandshakeAllThreads (Deoptimize) done
Event: 8.778 Executing VM operation: HandshakeAllThreads (Deoptimize)
Event: 8.791 Executing VM operation: HandshakeAllThreads (Deoptimize) done
Event: 8.792 Executing VM operation: HandshakeAllThreads (Deoptimize)
Event: 8.792 Executing VM operation: HandshakeAllThreads (Deoptimize) done
Event: 9.118 Executing VM operation: G1CollectForAllocation (G1 Evacuation Pause)
Event: 9.121 Executing VM operation: G1CollectForAllocation (G1 Evacuation Pause) done
Event: 9.154 Executing VM operation: HandshakeAllThreads (Deoptimize)
Event: 9.154 Executing VM operation: HandshakeAllThreads (Deoptimize) done
Event: 9.664 Executing VM operation: HandshakeAllThreads (Deoptimize)
Event: 9.664 Executing VM operation: HandshakeAllThreads (Deoptimize) done

Memory protections (0 events):
No events

Nmethod flushes (20 events):
Event: 7.657 Thread 0x000001cd594783c0 flushing  nmethod 0x000001cd4eb4fc88
Event: 7.657 Thread 0x000001cd594783c0 flushing  nmethod 0x000001cd4ebf4a88
Event: 8.056 Thread 0x000001cd594783c0 flushing  nmethod 0x000001cd4eab1288
Event: 8.056 Thread 0x000001cd594783c0 flushing  nmethod 0x000001cd4eb42488
Event: 8.056 Thread 0x000001cd594783c0 flushing  nmethod 0x000001cd4ed75788
Event: 8.056 Thread 0x000001cd594783c0 flushing  nmethod 0x000001cd4e7f6f88
Event: 8.056 Thread 0x000001cd594783c0 flushing  nmethod 0x000001cd4ea86208
Event: 8.056 Thread 0x000001cd594783c0 flushing  nmethod 0x000001cd4ed6e208
Event: 8.056 Thread 0x000001cd594783c0 flushing  nmethod 0x000001cd4ed91208
Event: 8.056 Thread 0x000001cd594783c0 flushing  nmethod 0x000001cd4e7fa908
Event: 8.056 Thread 0x000001cd594783c0 flushing  nmethod 0x000001cd4e8d1608
Event: 8.056 Thread 0x000001cd594783c0 flushing  nmethod 0x000001cd4ea65688
Event: 8.056 Thread 0x000001cd594783c0 flushing  nmethod 0x000001cd4ed65108
Event: 8.056 Thread 0x000001cd594783c0 flushing  nmethod 0x000001cd4e800088
Event: 8.056 Thread 0x000001cd594783c0 flushing  nmethod 0x000001cd4e800888
Event: 8.056 Thread 0x000001cd594783c0 flushing  nmethod 0x000001cd4e8ea888
Event: 8.056 Thread 0x000001cd594783c0 flushing  nmethod 0x000001cd4ed84008
Event: 8.056 Thread 0x000001cd594783c0 flushing  nmethod 0x000001cd4ed84308
Event: 8.056 Thread 0x000001cd594783c0 flushing  nmethod 0x000001cd4e9cec88
Event: 8.265 Thread 0x000001cd594783c0 flushing  nmethod 0x000001cd4eda2308

Events (20 events):
Event: 9.676 Thread 0x000001cd419a2300 Thread added: 0x000001cd5ef740b0
Event: 9.676 Thread 0x000001cd419a2300 Thread added: 0x000001cd5ef75460
Event: 9.676 Thread 0x000001cd419a2300 Thread added: 0x000001cd5ef74740
Event: 9.677 Thread 0x000001cd419a2300 Thread added: 0x000001cd5ef73390
Event: 9.690 Thread 0x000001cd419a2300 Thread added: 0x000001cd5ef73a20
Event: 9.691 Thread 0x000001cd419a2300 Thread added: 0x000001cd5ef75af0
Event: 9.714 Thread 0x000001cd419a2300 Thread exited: 0x000001cd419a2300
Event: 9.719 Thread 0x000001cd419a43d0 Thread exited: 0x000001cd419a43d0
Event: 9.720 Thread 0x000001cd4373ff00 Thread exited: 0x000001cd4373ff00
Event: 9.720 Thread 0x000001cd419a2300 Thread added: 0x000001cd419a2300
Event: 9.799 Thread 0x000001cd5ef71950 Thread added: 0x000001cd419a43d0
Event: 9.808 Thread 0x000001cd419a43d0 Thread exited: 0x000001cd419a43d0
Event: 9.808 Thread 0x000001cd59498290 Thread added: 0x000001cd419a43d0
Event: 9.817 Thread 0x000001cd419a43d0 Thread exited: 0x000001cd419a43d0
Event: 9.819 Thread 0x000001cd59498290 Thread added: 0x000001cd419a43d0
Event: 9.828 Thread 0x000001cd419a43d0 Thread exited: 0x000001cd419a43d0
Event: 10.167 Thread 0x000001cd419a3d40 Thread exited: 0x000001cd419a3d40
Event: 10.368 Thread 0x000001cd41356f10 Thread exited: 0x000001cd41356f10
Event: 10.368 Thread 0x000001cd4134c010 Thread exited: 0x000001cd4134c010
Event: 11.253 Thread 0x000001cd410fe120 Thread exited: 0x000001cd410fe120


Dynamic libraries:
0x00007ff6029b0000 - 0x00007ff6029be000 	C:\Users\Elisa\.jdks\openjdk-23.0.1\bin\java.exe
0x00007ff8d4de0000 - 0x00007ff8d5043000 	C:\WINDOWS\SYSTEM32\ntdll.dll
0x00007ff8d2e90000 - 0x00007ff8d2f57000 	C:\WINDOWS\System32\KERNEL32.DLL
0x00007ff8d21e0000 - 0x00007ff8d2590000 	C:\WINDOWS\System32\KERNELBASE.dll
0x00007ff8d2700000 - 0x00007ff8d284b000 	C:\WINDOWS\System32\ucrtbase.dll
0x00007ff8b9f20000 - 0x00007ff8b9f3b000 	C:\Users\Elisa\.jdks\openjdk-23.0.1\bin\VCRUNTIME140.dll
0x00007ff8b9f40000 - 0x00007ff8b9f57000 	C:\Users\Elisa\.jdks\openjdk-23.0.1\bin\jli.dll
0x00007ff8d4410000 - 0x00007ff8d45d3000 	C:\WINDOWS\System32\USER32.dll
0x00007ff8b8d00000 - 0x00007ff8b8f90000 	C:\WINDOWS\WinSxS\amd64_microsoft.windows.common-controls_6595b64144ccf1df_6.0.26100.1882_none_3e0e949ae32eca40\COMCTL32.dll
0x00007ff8d26d0000 - 0x00007ff8d26f7000 	C:\WINDOWS\System32\win32u.dll
0x00007ff8d33a0000 - 0x00007ff8d3449000 	C:\WINDOWS\System32\msvcrt.dll
0x00007ff8d4cf0000 - 0x00007ff8d4d1a000 	C:\WINDOWS\System32\GDI32.dll
0x00007ff8d25a0000 - 0x00007ff8d26c3000 	C:\WINDOWS\System32\gdi32full.dll
0x00007ff8d2910000 - 0x00007ff8d29b3000 	C:\WINDOWS\System32\msvcp_win.dll
0x00007ff8d3200000 - 0x00007ff8d322f000 	C:\WINDOWS\System32\IMM32.DLL
0x00007ff8b9f10000 - 0x00007ff8b9f1c000 	C:\Users\Elisa\.jdks\openjdk-23.0.1\bin\vcruntime140_1.dll
0x00007ff8b0f20000 - 0x00007ff8b0fae000 	C:\Users\Elisa\.jdks\openjdk-23.0.1\bin\msvcp140.dll
0x00007ff84bcd0000 - 0x00007ff84ca1f000 	C:\Users\Elisa\.jdks\openjdk-23.0.1\bin\server\jvm.dll
0x00007ff8d3ad0000 - 0x00007ff8d3b84000 	C:\WINDOWS\System32\ADVAPI32.dll
0x00007ff8d41a0000 - 0x00007ff8d4246000 	C:\WINDOWS\System32\sechost.dll
0x00007ff8d30e0000 - 0x00007ff8d31f6000 	C:\WINDOWS\System32\RPCRT4.dll
0x00007ff8d4d20000 - 0x00007ff8d4d94000 	C:\WINDOWS\System32\WS2_32.dll
0x00007ff8d1950000 - 0x00007ff8d199e000 	C:\WINDOWS\SYSTEM32\POWRPROF.dll
0x00007ff8ce380000 - 0x00007ff8ce38b000 	C:\WINDOWS\SYSTEM32\VERSION.dll
0x00007ff8c88a0000 - 0x00007ff8c88d6000 	C:\WINDOWS\SYSTEM32\WINMM.dll
0x00007ff8d18e0000 - 0x00007ff8d18f4000 	C:\WINDOWS\SYSTEM32\UMPDC.dll
0x00007ff8d1040000 - 0x00007ff8d105a000 	C:\WINDOWS\SYSTEM32\kernel.appcore.dll
0x00007ff8b9f00000 - 0x00007ff8b9f0a000 	C:\Users\Elisa\.jdks\openjdk-23.0.1\bin\jimage.dll
0x00007ff8c76e0000 - 0x00007ff8c7921000 	C:\WINDOWS\SYSTEM32\DBGHELP.DLL
0x00007ff8d3e20000 - 0x00007ff8d419c000 	C:\WINDOWS\System32\combase.dll
0x00007ff8d42d0000 - 0x00007ff8d43a6000 	C:\WINDOWS\System32\OLEAUT32.dll
0x00007ff8700a0000 - 0x00007ff8700d9000 	C:\WINDOWS\SYSTEM32\dbgcore.DLL
0x00007ff8d2b40000 - 0x00007ff8d2bd9000 	C:\WINDOWS\System32\bcryptPrimitives.dll
0x00007ff8b7780000 - 0x00007ff8b778f000 	C:\Users\Elisa\.jdks\openjdk-23.0.1\bin\instrument.dll
0x00007ff8b76d0000 - 0x00007ff8b76ee000 	C:\Users\Elisa\.jdks\openjdk-23.0.1\bin\java.dll
0x00007ff8d3b90000 - 0x00007ff8d3d29000 	C:\WINDOWS\System32\ole32.dll
0x00007ff8d45f0000 - 0x00007ff8d4ce8000 	C:\WINDOWS\System32\SHELL32.dll
0x00007ff8cffc0000 - 0x00007ff8d07ea000 	C:\WINDOWS\SYSTEM32\windows.storage.dll
0x00007ff8d2f70000 - 0x00007ff8d3043000 	C:\WINDOWS\System32\SHCORE.dll
0x00007ff8d43b0000 - 0x00007ff8d440d000 	C:\WINDOWS\System32\shlwapi.dll
0x00007ff8d2100000 - 0x00007ff8d2129000 	C:\WINDOWS\SYSTEM32\profapi.dll
0x00007ff8b58d0000 - 0x00007ff8b58e7000 	C:\Users\Elisa\.jdks\openjdk-23.0.1\bin\zip.dll
0x00007ff8b8520000 - 0x00007ff8b8530000 	C:\Users\Elisa\.jdks\openjdk-23.0.1\bin\net.dll
0x00007ff8d1540000 - 0x00007ff8d15a8000 	C:\WINDOWS\system32\mswsock.dll
0x00007ff8b76b0000 - 0x00007ff8b76c6000 	C:\Users\Elisa\.jdks\openjdk-23.0.1\bin\nio.dll
0x00007ff8b25b0000 - 0x00007ff8b25ca000 	C:\Program Files\JetBrains\IntelliJ IDEA 2024.2.3\bin\breakgen64.dll
0x00007ff8b31f0000 - 0x00007ff8b31f9000 	C:\Users\Elisa\.jdks\openjdk-23.0.1\bin\extnet.dll
0x00007ff8d0b70000 - 0x00007ff8d0c8f000 	C:\WINDOWS\SYSTEM32\DNSAPI.dll
0x00007ff8d0a80000 - 0x00007ff8d0ab1000 	C:\WINDOWS\SYSTEM32\IPHLPAPI.DLL
0x00007ff8d2f60000 - 0x00007ff8d2f6a000 	C:\WINDOWS\System32\NSI.dll
0x00007ff8c9b40000 - 0x00007ff8c9b4b000 	C:\Windows\System32\rasadhlp.dll
0x00007ff8cd9c0000 - 0x00007ff8cda46000 	C:\WINDOWS\System32\fwpuclnt.dll
0x00007ff8b3220000 - 0x00007ff8b322a000 	C:\Users\Elisa\.jdks\openjdk-23.0.1\bin\management.dll
0x00007ff8b3210000 - 0x00007ff8b321b000 	C:\Users\Elisa\.jdks\openjdk-23.0.1\bin\management_ext.dll
0x00007ff8d2e80000 - 0x00007ff8d2e88000 	C:\WINDOWS\System32\PSAPI.DLL
0x00007ff8d1870000 - 0x00007ff8d188c000 	C:\WINDOWS\SYSTEM32\CRYPTSP.dll
0x00007ff8d0fa0000 - 0x00007ff8d0fd8000 	C:\WINDOWS\system32\rsaenh.dll
0x00007ff8d1650000 - 0x00007ff8d167b000 	C:\WINDOWS\SYSTEM32\USERENV.dll
0x00007ff8d1b30000 - 0x00007ff8d1b56000 	C:\WINDOWS\SYSTEM32\bcrypt.dll
0x00007ff8d1890000 - 0x00007ff8d189c000 	C:\WINDOWS\SYSTEM32\CRYPTBASE.dll
0x00007ff8a8be0000 - 0x00007ff8a8bf8000 	C:\WINDOWS\system32\napinsp.dll
0x00007ff892d30000 - 0x00007ff892d42000 	C:\WINDOWS\System32\winrnr.dll
0x00007ff8ce910000 - 0x00007ff8ce932000 	C:\WINDOWS\system32\nlansp_c.dll
0x00007ff8b1430000 - 0x00007ff8b1446000 	C:\WINDOWS\system32\wshbth.dll
0x00007ff8bb060000 - 0x00007ff8bb0b6000 	C:\WINDOWS\SYSTEM32\pdh.dll
0x00007ff8c7620000 - 0x00007ff8c7632000 	C:\WINDOWS\System32\perfproc.dll
0x00007ff8b9260000 - 0x00007ff8b9271000 	C:\WINDOWS\System32\perfos.dll
0x00007ff8cf130000 - 0x00007ff8cf142000 	C:\WINDOWS\SYSTEM32\pfclient.dll
0x00007ff8b3200000 - 0x00007ff8b320e000 	C:\Users\Elisa\.jdks\openjdk-23.0.1\bin\sunmscapi.dll
0x00007ff8d29c0000 - 0x00007ff8d2b36000 	C:\WINDOWS\System32\CRYPT32.dll
0x00007ff8d1af0000 - 0x00007ff8d1b20000 	C:\WINDOWS\SYSTEM32\ncrypt.dll
0x00007ff8d1aa0000 - 0x00007ff8d1adf000 	C:\WINDOWS\SYSTEM32\NTASN1.dll
0x00007ff8b25a0000 - 0x00007ff8b25b0000 	C:\Users\Elisa\.jdks\openjdk-23.0.1\bin\verify.dll
0x00007ff8b3a40000 - 0x00007ff8b3a48000 	C:\WINDOWS\system32\wshunix.dll

dbghelp: loaded successfully - version: 4.0.5 - missing functions: none
symbol engine: initialized successfully - sym options: 0x614 - pdb path: .;C:\Users\Elisa\.jdks\openjdk-23.0.1\bin;C:\WINDOWS\SYSTEM32;C:\WINDOWS\WinSxS\amd64_microsoft.windows.common-controls_6595b64144ccf1df_6.0.26100.1882_none_3e0e949ae32eca40;C:\Users\Elisa\.jdks\openjdk-23.0.1\bin\server;C:\Program Files\JetBrains\IntelliJ IDEA 2024.2.3\bin

VM Arguments:
jvm_args: -XX:TieredStopAtLevel=1 -Dspring.output.ansi.enabled=always -Dcom.sun.management.jmxremote -Dspring.jmx.enabled=true -Dspring.liveBeansView.mbeanDomain -Dspring.application.admin.enabled=true -Dmanagement.endpoints.jmx.exposure.include=* -javaagent:C:\Program Files\JetBrains\IntelliJ IDEA 2024.2.3\lib\idea_rt.jar=51993:C:\Program Files\JetBrains\IntelliJ IDEA 2024.2.3\bin -Dfile.encoding=UTF-8 -Dsun.stdout.encoding=UTF-8 -Dsun.stderr.encoding=UTF-8 
java_command: com.example.skills_project.SkillsProjectApplication
java_class_path (initial): C:\Users\Elisa\Desktop\skills-back-neki-main\target\classes;C:\Users\Elisa\.m2\repository\org\springframework\boot\spring-boot-starter-web\3.3.2\spring-boot-starter-web-3.3.2.jar;C:\Users\Elisa\.m2\repository\org\springframework\boot\spring-boot-starter\3.3.2\spring-boot-starter-3.3.2.jar;C:\Users\Elisa\.m2\repository\org\springframework\boot\spring-boot-starter-logging\3.3.2\spring-boot-starter-logging-3.3.2.jar;C:\Users\Elisa\.m2\repository\ch\qos\logback\logback-classic\1.5.6\logback-classic-1.5.6.jar;C:\Users\Elisa\.m2\repository\ch\qos\logback\logback-core\1.5.6\logback-core-1.5.6.jar;C:\Users\Elisa\.m2\repository\org\apache\logging\log4j\log4j-to-slf4j\2.23.1\log4j-to-slf4j-2.23.1.jar;C:\Users\Elisa\.m2\repository\org\apache\logging\log4j\log4j-api\2.23.1\log4j-api-2.23.1.jar;C:\Users\Elisa\.m2\repository\org\slf4j\jul-to-slf4j\2.0.13\jul-to-slf4j-2.0.13.jar;C:\Users\Elisa\.m2\repository\jakarta\annotation\jakarta.annotation-api\2.1.1\jakarta.annotation-api-2.1.1.jar;C:\Users\Elisa\.m2\repository\org\yaml\snakeyaml\2.2\snakeyaml-2.2.jar;C:\Users\Elisa\.m2\repository\org\springframework\boot\spring-boot-starter-json\3.3.2\spring-boot-starter-json-3.3.2.jar;C:\Users\Elisa\.m2\repository\com\fasterxml\jackson\datatype\jackson-datatype-jdk8\2.17.2\jackson-datatype-jdk8-2.17.2.jar;C:\Users\Elisa\.m2\repository\com\fasterxml\jackson\datatype\jackson-datatype-jsr310\2.17.2\jackson-datatype-jsr310-2.17.2.jar;C:\Users\Elisa\.m2\repository\com\fasterxml\jackson\module\jackson-module-parameter-names\2.17.2\jackson-module-parameter-names-2.17.2.jar;C:\Users\Elisa\.m2\repository\org\springframework\boot\spring-boot-starter-tomcat\3.3.2\spring-boot-starter-tomcat-3.3.2.jar;C:\Users\Elisa\.m2\repository\org\apache\tomcat\embed\tomcat-embed-core\10.1.26\tomcat-embed-core-10.1.26.jar;C:\Users\Elisa\.m2\repository\org\apache\tomcat\embed\tomcat-embed-el\10.1.26\tomcat-embed-el-10.1.26.jar;C:\Users\Elisa\.m2\repository\org\apache\tomcat\embed\tomcat-embed-websocket\10.1.26\tomcat-embed-websocket-10.1.26.jar;C:\Users\Elisa\.m2\repository\org\springframework\spring-web\6.1.11\spring-web-6.1.11.jar;C:\Users\Elisa\.m2\repository\org\springframework\spring-beans\6.1.11\spring-beans-6.1.11.jar;C:\Users\Elisa\.m2\repository\io\micrometer\micrometer-observation\1.13.2\micrometer-observation-1.13.2.jar;C:\Users\Elisa\.m2\repository\io\micrometer\micrometer-commons\1.13.2\micrometer-commons-1.13.2.jar;C:\Users\Elisa\.m2\repository\org\springframework\spring-webmvc\6.1.11\spring-webmvc-6.1.11.jar;C:\Users\Elisa\.m2\repository\org\springframework\spring-context\6.1.11\spring-context-6.1.11.jar;C:\Users\Elisa\.m2\repository\org\springframework\spring-expression\6.1.11\spring-expression-6.1.11.jar;C:\Users\Elisa\.m2\repository\org\springframework\boot\spring-boot-devtools\3.3.2\spring-boot-devtools-3.3.2.jar;C:\Users\Elisa\.m2\repository\org\springframework\boot\spring-boot\3.3.2\spring-boot-3.3.2.jar;C:\Users\Elisa\.m2\repository\org\springframework\boot\spring-boot-autoconfigure\3.3.2\spring-boot-autoconfigure-3.3.2.jar;C:\Users\Elisa\.m2\repository\org\projectlombok\lombok\1.18.34\lombok-1.18.34.jar;C:\Users\Elisa\.m2\repository\org\slf4j\slf4j-api\2.0.13\slf4j-api-2.0.13.jar;C:\Users\Elisa\.m2\repository\jakarta\xml\bind\jakarta.xml.bind-api\4.0.2\jakarta.xml.bind-api-4.0.2.jar;C:\Users\Elisa\.m2\repository\jakarta\activation\jakarta.activation-api\2.1.3\jakarta.activation-api-2.1.3.jar;C:\Users\Elisa\.m2\repository\net\bytebuddy\byte-buddy\1.14.18\byte-buddy-1.14.18.jar;C:\Users\Elisa\.m2\repository\org\springframework\spring-core\6.1.11\spring-core-6.1.11.jar;C:\Users\Elisa\.m2\repository\org\springframework\spring-jcl\6.1.11\spring-jcl-6.1.11.jar;C:\Users\Elisa\.m2\repository\org\springframework\boot\spring-boot-starter-data-jpa\3.3.2\spring-boot-starter-data-jpa-3.3.2.jar;C:\Users\Elisa\.m2\repository\org\springframework\boot\spring-boot-starter-aop\3.3.2\spring-boot-starter-aop-3.3.2.jar;C:\Users\Elisa\.m2\repository\org\aspectj\aspectjweaver\1.9.22.1\aspectjweaver-1.9.22.1.jar;C:\Users\Elisa\.m2\repository\org\springframework\boot\spring-boot-starter-jdbc\3.3.2\spring-boot-starter-jdbc-3.3.2.jar;C:\Users\Elisa\.m2\repository\com\zaxxer\HikariCP\5.1.0\HikariCP-5.1.0.jar;C:\Users\Elisa\.m2\repository\org\springframework\spring-jdbc\6.1.11\spring-jdbc-6.1.11.jar;C:\Users\Elisa\.m2\repository\org\hibernate\orm\hibernate-core\6.5.2.Final\hibernate-core-6.5.2.Final.jar;C:\Users\Elisa\.m2\repository\jakarta\persistence\jakarta.persistence-api\3.1.0\jakarta.persistence-api-3.1.0.jar;C:\Users\Elisa\.m2\repository\jakarta\transaction\jakarta.transaction-api\2.0.1\jakarta.transaction-api-2.0.1.jar;C:\Users\Elisa\.m2\repository\org\jboss\logging\jboss-logging\3.5.3.Final\jboss-logging-3.5.3.Final.jar;C:\Users\Elisa\.m2\repository\org\hibernate\common\hibernate-commons-annotations\6.0.6.Final\hibernate-commons-annotations-6.0.6.Final.jar;C:\Users\Elisa\.m2\repository\io\smallrye\jandex\3.1.2\jandex-3.1.2.jar;C:\Users\Elisa\.m2\repository\com\fasterxml\classmate\1.7.0\classmate-1.7.0.jar;C:\Users\Elisa\.m2\repository\org\glassfish\jaxb\jaxb-runtime\4.0.5\jaxb-runtime-4.0.5.jar;C:\Users\Elisa\.m2\repository\org\glassfish\jaxb\jaxb-core\4.0.5\jaxb-core-4.0.5.jar;C:\Users\Elisa\.m2\repository\org\eclipse\angus\angus-activation\2.0.2\angus-activation-2.0.2.jar;C:\Users\Elisa\.m2\repository\org\glassfish\jaxb\txw2\4.0.5\txw2-4.0.5.jar;C:\Users\Elisa\.m2\repository\com\sun\istack\istack-commons-runtime\4.1.2\istack-commons-runtime-4.1.2.jar;C:\Users\Elisa\.m2\repository\jakarta\inject\jakarta.inject-api\2.0.1\jakarta.inject-api-2.0.1.jar;C:\Users\Elisa\.m2\repository\org\antlr\antlr4-runtime\4.13.0\antlr4-runtime-4.13.0.jar;C:\Users\Elisa\.m2\repository\org\springframework\data\spring-data-jpa\3.3.2\spring-data-jpa-3.3.2.jar;C:\Users\Elisa\.m2\repository\org\springframework\data\spring-data-commons\3.3.2\spring-data-commons-3.3.2.jar;C:\Users\Elisa\.m2\repository\org\springframework\spring-orm\6.1.11\spring-orm-6.1.11.jar;C:\Users\Elisa\.m2\repository\org\springframework\spring-tx\6.1.11\spring-tx-6.1.11.jar;C:\Users\Elisa\.m2\repository\org\springframework\spring-aspects\6.1.11\spring-aspects-6.1.11.jar;C:\Users\Elisa\.m2\repository\org\postgresql\postgresql\42.7.3\postgresql-42.7.3.jar;C:\Users\Elisa\.m2\repository\org\checkerframework\checker-qual\3.42.0\checker-qual-3.42.0.jar;C:\Users\Elisa\.m2\repository\org\springframework\boot\spring-boot-starter-security\3.3.2\spring-boot-starter-security-3.3.2.jar;C:\Users\Elisa\.m2\repository\org\springframework\spring-aop\6.1.11\spring-aop-6.1.11.jar;C:\Users\Elisa\.m2\repository\org\springframework\security\spring-security-config\6.3.1\spring-security-config-6.3.1.jar;C:\Users\Elisa\.m2\repository\org\springframework\security\spring-security-web\6.3.1\spring-security-web-6.3.1.jar;C:\Users\Elisa\.m2\repository\org\springframework\security\spring-security-core\6.3.1\spring-security-core-6.3.1.jar;C:\Users\Elisa\.m2\repository\org\springframework\security\spring-security-crypto\6.3.1\spring-security-crypto-6.3.1.jar;C:\Users\Elisa\.m2\repository\org\flywaydb\flyway-core\10.10.0\flyway-core-10.10.0.jar;C:\Users\Elisa\.m2\repository\com\fasterxml\jackson\dataformat\jackson-dataformat-toml\2.17.2\jackson-dataformat-toml-2.17.2.jar;C:\Users\Elisa\.m2\repository\com\fasterxml\jackson\core\jackson-core\2.17.2\jackson-core-2.17.2.jar;C:\Users\Elisa\.m2\repository\com\google\code\gson\gson\2.10.1\gson-2.10.1.jar;C:\Users\Elisa\.m2\repository\org\flywaydb\flyway-database-postgresql\10.10.0\flyway-database-postgresql-10.10.0.jar;C:\Users\Elisa\.m2\repository\jakarta\validation\jakarta.validation-api\3.0.2\jakarta.validation-api-3.0.2.jar;C:\Users\Elisa\.m2\repository\com\auth0\java-jwt\4.4.0\java-jwt-4.4.0.jar;C:\Users\Elisa\.m2\repository\com\fasterxml\jackson\core\jackson-databind\2.17.2\jackson-databind-2.17.2.jar;C:\Users\Elisa\.m2\repository\com\fasterxml\jackson\core\jackson-annotations\2.17.2\jackson-annotations-2.17.2.jar;C:\Users\Elisa\.m2\repository\org\springdoc\springdoc-openapi-starter-webmvc-ui\2.6.0\springdoc-openapi-starter-webmvc-ui-2.6.0.jar;C:\Users\Elisa\.m2\repository\org\springdoc\springdoc-openapi-starter-webmvc-api\2.6.0\springdoc-openapi-starter-webmvc-api-2.6.0.jar;C:\Users\Elisa\.m2\repository\org\springdoc\springdoc-openapi-starter-common\2.6.0\springdoc-openapi-starter-common-2.6.0.jar;C:\Users\Elisa\.m2\repository\io\swagger\core\v3\swagger-core-jakarta\2.2.22\swagger-core-jakarta-2.2.22.jar;C:\Users\Elisa\.m2\repository\org\apache\commons\commons-lang3\3.14.0\commons-lang3-3.14.0.jar;C:\Users\Elisa\.m2\repository\io\swagger\core\v3\swagger-annotations-jakarta\2.2.22\swagger-annotations-jakarta-2.2.22.jar;C:\Users\Elisa\.m2\repository\io\swagger\core\v3\swagger-models-jakarta\2.2.22\swagger-models-jakarta-2.2.22.jar;C:\Users\Elisa\.m2\repository\com\fasterxml\jackson\dataformat\jackson-dataformat-yaml\2.17.2\jackson-dataformat-yaml-2.17.2.jar;C:\Users\Elisa\.m2\repository\org\webjars\swagger-ui\5.17.14\swagger-ui-5.17.14.jar
Launcher Type: SUN_STANDARD

[Global flags]
     intx CICompilerCount                          = 4                                         {product} {ergonomic}
     uint ConcGCThreads                            = 3                                         {product} {ergonomic}
     uint G1ConcRefinementThreads                  = 10                                        {product} {ergonomic}
   size_t G1HeapRegionSize                         = 2097152                                   {product} {ergonomic}
   size_t InitialHeapSize                          = 268435456                                 {product} {ergonomic}
     bool ManagementServer                         = true                                      {product} {command line}
   size_t MarkStackSize                            = 4194304                                   {product} {ergonomic}
   size_t MarkStackSizeMax                         = 536870912                                 {product} {ergonomic}
   size_t MaxHeapSize                              = 4282384384                                {product} {ergonomic}
   size_t MaxNewSize                               = 2569011200                                {product} {ergonomic}
   size_t MinHeapDeltaBytes                        = 2097152                                   {product} {ergonomic}
   size_t MinHeapSize                              = 8388608                                   {product} {ergonomic}
    uintx NonNMethodCodeHeapSize                   = 4096                                   {pd product} {ergonomic}
    uintx NonProfiledCodeHeapSize                  = 0                                      {pd product} {ergonomic}
     bool ProfileInterpreter                       = false                                  {pd product} {command line}
    uintx ProfiledCodeHeapSize                     = 0                                      {pd product} {ergonomic}
   size_t SoftMaxHeapSize                          = 4282384384                             {manageable} {ergonomic}
     intx TieredStopAtLevel                        = 1                                         {product} {command line}
     bool UseCompressedOops                        = true                           {product lp64_product} {ergonomic}
     bool UseG1GC                                  = true                                      {product} {ergonomic}
     bool UseLargePagesIndividualAllocation        = false                                  {pd product} {ergonomic}

Logging:
Log output configuration:
 #0: stdout all=warning uptime,level,tags foldmultilines=false
 #1: stderr all=off uptime,level,tags foldmultilines=false

Environment Variables:
PATH=C:\WINDOWS\system32;C:\WINDOWS;C:\WINDOWS\System32\Wbem;C:\WINDOWS\System32\WindowsPowerShell\v1.0\;C:\WINDOWS\System32\OpenSSH\;C:\Program Files\Microsoft VS Code\bin;C:\ProgramData\chocolatey\bin;C:\Program Files\nodejs\;C:\Program Files\Git\cmd;C:\Users\Elisa\AppData\Local\Microsoft\WindowsApps;C:\Users\Elisa\AppData\Roaming\npm
USERNAME=Elisa
OS=Windows_NT
PROCESSOR_IDENTIFIER=AMD64 Family 23 Model 113 Stepping 0, AuthenticAMD
TMP=C:\Users\Elisa\AppData\Local\Temp
TEMP=C:\Users\Elisa\AppData\Local\Temp




Periodic native trim disabled

---------------  S Y S T E M  ---------------

OS:
 Windows 11 , 64 bit Build 26100 (10.0.26100.1882)
OS uptime: 5 days 10:03 hours

CPU: total 12 (initial active 12) (12 cores per cpu, 2 threads per core) family 23 model 113 stepping 0 microcode 0x8701013, cx8, cmov, fxsr, ht, mmx, 3dnowpref, sse, sse2, sse3, ssse3, sse4a, sse4.1, sse4.2, popcnt, lzcnt, tsc, tscinvbit, avx, avx2, aes, clmul, bmi1, bmi2, adx, sha, fma, vzeroupper, clflush, clflushopt, rdtscp, rdpid, f16c
Processor Information for the first 12 processors :
  Max Mhz: 3793, Current Mhz: 3793, Mhz Limit: 3793

Memory: 4k page, system-wide physical 16332M (5359M free)
TotalPageFile size 17932M (AvailPageFile size 4792M)
current process WorkingSet (physical memory assigned to process): 271M, peak: 272M
current process commit charge ("private bytes"): 316M, peak: 393M

vm_info: OpenJDK 64-Bit Server VM (23.0.1+11-39) for windows-amd64 JRE (23.0.1+11-39), built on 2024-09-30T07:20:43Z with MS VC++ 17.6 (VS2022)

END.
